"5/04/2021 7:28:20 AM","10/03/2021 10:22:04 AM","5/04/2021 7:28:20 PM","12/03/2021 1:10:33 AM","Microsoft-Windows-PersistentMemory-PmemDisk%4Operational.evtx","9/03/2021 9:22:04 PM","1","12/03/2021 2:10:33 PM","C:\WINDOWS\System32\Winevt\Logs\Microsoft-Windows-PersistentMemory-PmemDisk%4Operational.evtx","   0.07"
"5/04/2021 7:28:20 AM","10/03/2021 10:22:04 AM","5/04/2021 7:28:20 PM","12/03/2021 1:10:33 AM","Microsoft-Windows-PersistentMemory-ScmBus%4Certification.evtx","9/03/2021 9:22:04 PM","1","12/03/2021 2:10:33 PM","C:\WINDOWS\System32\Winevt\Logs\Microsoft-Windows-PersistentMemory-ScmBus%4Certification.evtx","   0.07"
"5/04/2021 7:28:20 AM","10/03/2021 10:22:04 AM","5/04/2021 7:28:20 PM","12/03/2021 1:10:33 AM","Microsoft-Windows-PersistentMemory-ScmBus%4Operational.evtx","9/03/2021 9:22:04 PM","1","12/03/2021 2:10:33 PM","C:\WINDOWS\System32\Winevt\Logs\Microsoft-Windows-PersistentMemory-ScmBus%4Operational.evtx","   0.07"
"5/04/2021 7:28:20 AM","10/03/2021 10:22:04 AM","5/04/2021 7:28:20 PM","12/03/2021 1:10:33 AM","Microsoft-Windows-Policy%4Operational.evtx","9/03/2021 9:22:04 PM","1","12/03/2021 2:10:33 PM","C:\WINDOWS\System32\Winevt\Logs\Microsoft-Windows-Policy%4Operational.evtx","   0.07"
"5/04/2021 7:28:20 AM","24/06/2020 4:17:25 PM","5/04/2021 7:28:20 PM","24/06/2020 4:17:44 AM","Microsoft-Windows-PowerShell%4Admin.evtx","24/06/2020 4:17:25 AM","1","24/06/2020 4:17:44 PM","C:\WINDOWS\System32\Winevt\Logs\Microsoft-Windows-PowerShell%4Admin.evtx","   0.07"
"5/04/2021 7:28:20 AM","24/06/2020 4:17:25 PM","5/04/2021 7:28:20 PM","5/04/2021 6:00:10 AM","Microsoft-Windows-PowerShell%4Operational.evtx","24/06/2020 4:17:25 AM","3","5/04/2021 6:00:10 PM","C:\WINDOWS\System32\Winevt\Logs\Microsoft-Windows-PowerShell%4Operational.evtx","  15.00"
"5/04/2021 7:28:20 AM","10/03/2021 10:22:04 AM","5/04/2021 7:28:20 PM","12/03/2021 1:10:33 AM","Microsoft-Windows-PowerShell-DesiredStateConfiguration-FileDownloadManager%4Operational.evtx","9/03/2021 9:22:04 PM","1","12/03/2021 2:10:33 PM","C:\WINDOWS\System32\Winevt\Logs\Microsoft-Windows-PowerShell-DesiredStateConfiguration-FileDownloadManager%4Operational.evtx","   0.07"
"5/04/2021 7:28:20 AM","24/06/2020 4:00:55 PM","5/04/2021 7:28:20 PM","24/06/2020 4:17:44 AM","Microsoft-Windows-PrintService%4Admin.evtx","24/06/2020 4:00:55 AM","10","24/06/2020 4:17:44 PM","C:\WINDOWS\System32\Winevt\Logs\Microsoft-Windows-PrintService%4Admin.evtx","   0.07"
"5/04/2021 7:28:20 AM","10/03/2021 10:22:04 AM","5/04/2021 7:28:20 PM","12/03/2021 1:10:33 AM","Microsoft-Windows-PriResources-Deployment%4Operational.evtx","9/03/2021 9:22:04 PM","1","12/03/2021 2:10:33 PM","C:\WINDOWS\System32\Winevt\Logs\Microsoft-Windows-PriResources-Deployment%4Operational.evtx","   0.07"
"5/04/2021 7:28:20 AM","24/06/2020 4:03:25 PM","5/04/2021 7:28:20 PM","11/02/2021 8:57:14 AM","Microsoft-Windows-Privacy-Auditing%4Operational.evtx","24/06/2020 4:03:25 AM","10","11/02/2021 9:57:14 PM","C:\WINDOWS\System32\Winevt\Logs\Microsoft-Windows-Privacy-Auditing%4Operational.evtx","   0.07"
"5/04/2021 7:28:20 AM","24/06/2020 3:58:54 PM","5/04/2021 7:28:20 PM","24/06/2020 4:17:44 AM","Microsoft-Windows-Program-Compatibility-Assistant%4CompatAfterUpgrade.evtx","24/06/2020 3:58:54 AM","1","24/06/2020 4:17:44 PM","C:\WINDOWS\System32\Winevt\Logs\Microsoft-Windows-Program-Compatibility-Assistant%4CompatAfterUpgrade.evtx","   0.07"
"5/04/2021 7:28:20 AM","24/06/2020 4:02:23 PM","5/04/2021 7:28:20 PM","4/04/2021 7:49:52 PM","Microsoft-Windows-Provisioning-Diagnostics-Provider%4Admin.evtx","24/06/2020 4:02:23 AM","9","5/04/2021 7:49:52 AM","C:\WINDOWS\System32\Winevt\Logs\Microsoft-Windows-Provisioning-Diagnostics-Provider%4Admin.evtx","   1.00"
"5/04/2021 7:28:20 AM","24/06/2020 4:02:23 PM","5/04/2021 7:28:20 PM","24/06/2020 4:17:44 AM","Microsoft-Windows-Provisioning-Diagnostics-Provider%4AutoPilot.evtx","24/06/2020 4:02:23 AM","1","24/06/2020 4:17:44 PM","C:\WINDOWS\System32\Winevt\Logs\Microsoft-Windows-Provisioning-Diagnostics-Provider%4AutoPilot.evtx","   0.07"
"5/04/2021 7:28:20 AM","24/06/2020 4:02:23 PM","5/04/2021 7:28:20 PM","24/06/2020 4:17:44 AM","Microsoft-Windows-Provisioning-Diagnostics-Provider%4ManagementService.evtx","24/06/2020 4:02:23 AM","1","24/06/2020 4:17:44 PM","C:\WINDOWS\System32\Winevt\Logs\Microsoft-Windows-Provisioning-Diagnostics-Provider%4ManagementService.evtx","   0.07"
"5/04/2021 7:28:20 AM","24/06/2020 4:03:11 PM","5/04/2021 7:28:20 PM","24/06/2020 4:17:44 AM","Microsoft-Windows-PushNotification-Platform%4Admin.evtx","24/06/2020 4:03:11 AM","1","24/06/2020 4:17:44 PM","C:\WINDOWS\System32\Winevt\Logs\Microsoft-Windows-PushNotification-Platform%4Admin.evtx","   0.07"
"5/04/2021 7:25:27 AM","24/06/2020 4:03:11 PM","5/04/2021 7:25:27 PM","5/04/2021 7:25:27 AM","Microsoft-Windows-PushNotification-Platform%4Operational.evtx","24/06/2020 4:03:11 AM","2","5/04/2021 7:25:27 PM","C:\WINDOWS\System32\Winevt\Logs\Microsoft-Windows-PushNotification-Platform%4Operational.evtx","   1.00"
"5/04/2021 7:28:20 AM","24/06/2020 3:59:33 PM","5/04/2021 7:28:20 PM","3/04/2021 6:25:20 AM","Microsoft-Windows-ReadyBoost%4Operational.evtx","24/06/2020 3:59:33 AM","10","3/04/2021 7:25:20 PM","C:\WINDOWS\System32\Winevt\Logs\Microsoft-Windows-ReadyBoost%4Operational.evtx","   1.00"
"5/04/2021 7:28:20 AM","10/03/2021 10:22:04 AM","5/04/2021 7:28:20 PM","12/03/2021 1:10:33 AM","Microsoft-Windows-ReadyBoostDriver%4Operational.evtx","9/03/2021 9:22:04 PM","1","12/03/2021 2:10:33 PM","C:\WINDOWS\System32\Winevt\Logs\Microsoft-Windows-ReadyBoostDriver%4Operational.evtx","   0.07"
"5/04/2021 7:28:20 AM","10/03/2021 10:22:04 AM","5/04/2021 7:28:20 PM","12/03/2021 1:10:33 AM","Microsoft-Windows-ReFS%4Operational.evtx","9/03/2021 9:22:04 PM","1","12/03/2021 2:10:33 PM","C:\WINDOWS\System32\Winevt\Logs\Microsoft-Windows-ReFS%4Operational.evtx","   0.07"
"5/04/2021 7:28:20 AM","24/06/2020 4:00:30 PM","5/04/2021 7:28:20 PM","24/06/2020 4:17:44 AM","Microsoft-Windows-Regsvr32%4Operational.evtx","24/06/2020 4:00:30 AM","1","24/06/2020 4:17:44 PM","C:\WINDOWS\System32\Winevt\Logs\Microsoft-Windows-Regsvr32%4Operational.evtx","   0.07"
"5/04/2021 7:28:20 AM","10/03/2021 10:22:04 AM","5/04/2021 7:28:20 PM","12/03/2021 1:10:33 AM","Microsoft-Windows-RemoteApp and Desktop Connections%4Admin.evtx","9/03/2021 9:22:04 PM","1","12/03/2021 2:10:33 PM","C:\WINDOWS\System32\Winevt\Logs\Microsoft-Windows-RemoteApp and Desktop Connections%4Admin.evtx","   0.07"
"5/04/2021 7:28:20 AM","10/03/2021 10:22:04 AM","5/04/2021 7:28:20 PM","12/03/2021 1:10:33 AM","Microsoft-Windows-RemoteApp and Desktop Connections%4Operational.evtx","9/03/2021 9:22:04 PM","1","12/03/2021 2:10:33 PM","C:\WINDOWS\System32\Winevt\Logs\Microsoft-Windows-RemoteApp and Desktop Connections%4Operational.evtx","   0.07"
"5/04/2021 7:28:20 AM","10/03/2021 10:22:04 AM","5/04/2021 7:28:20 PM","12/03/2021 1:10:33 AM","Microsoft-Windows-RemoteAssistance%4Admin.evtx","9/03/2021 9:22:04 PM","1","12/03/2021 2:10:33 PM","C:\WINDOWS\System32\Winevt\Logs\Microsoft-Windows-RemoteAssistance%4Admin.evtx","   0.07"
"5/04/2021 7:28:20 AM","10/03/2021 10:22:04 AM","5/04/2021 7:28:20 PM","12/03/2021 1:10:33 AM","Microsoft-Windows-RemoteAssistance%4Operational.evtx","9/03/2021 9:22:04 PM","1","12/03/2021 2:10:33 PM","C:\WINDOWS\System32\Winevt\Logs\Microsoft-Windows-RemoteAssistance%4Operational.evtx","   0.07"
"5/04/2021 7:28:20 AM","10/03/2021 10:22:04 AM","5/04/2021 7:28:20 PM","12/03/2021 1:10:33 AM","Microsoft-Windows-RemoteDesktopServices-RdpCoreTS%4Admin.evtx","9/03/2021 9:22:04 PM","1","12/03/2021 2:10:33 PM","C:\WINDOWS\System32\Winevt\Logs\Microsoft-Windows-RemoteDesktopServices-RdpCoreTS%4Admin.evtx","   0.07"
"5/04/2021 7:28:20 AM","10/03/2021 10:22:04 AM","5/04/2021 7:28:20 PM","12/03/2021 1:10:33 AM","Microsoft-Windows-RemoteDesktopServices-RdpCoreTS%4Operational.evtx","9/03/2021 9:22:04 PM","1","12/03/2021 2:10:33 PM","C:\WINDOWS\System32\Winevt\Logs\Microsoft-Windows-RemoteDesktopServices-RdpCoreTS%4Operational.evtx","   0.07"
"5/04/2021 7:28:20 AM","10/03/2021 10:22:04 AM","5/04/2021 7:28:20 PM","12/03/2021 1:10:33 AM","Microsoft-Windows-RemoteDesktopServices-RemoteFX-Synth3dvsc%4Admin.evtx","9/03/2021 9:22:04 PM","1","12/03/2021 2:10:33 PM","C:\WINDOWS\System32\Winevt\Logs\Microsoft-Windows-RemoteDesktopServices-RemoteFX-Synth3dvsc%4Admin.evtx","   0.07"
"5/04/2021 7:28:20 AM","10/03/2021 10:22:04 AM","5/04/2021 7:28:20 PM","12/03/2021 1:10:33 AM","Microsoft-Windows-RemoteDesktopServices-SessionServices%4Operational.evtx","9/03/2021 9:22:04 PM","1","12/03/2021 2:10:33 PM","C:\WINDOWS\System32\Winevt\Logs\Microsoft-Windows-RemoteDesktopServices-SessionServices%4Operational.evtx","   0.07"
"5/04/2021 7:28:20 AM","24/06/2020 4:03:12 PM","5/04/2021 7:28:20 PM","3/04/2021 3:18:56 AM","Microsoft-Windows-Resource-Exhaustion-Detector%4Operational.evtx","24/06/2020 4:03:12 AM","10","3/04/2021 4:18:56 PM","C:\WINDOWS\System32\Winevt\Logs\Microsoft-Windows-Resource-Exhaustion-Detector%4Operational.evtx","   1.00"
"5/04/2021 7:28:20 AM","24/06/2020 10:55:30 PM","5/04/2021 7:28:20 PM","3/04/2021 3:11:11 AM","Microsoft-Windows-Resource-Exhaustion-Resolver%4Operational.evtx","24/06/2020 10:55:30 AM","10","3/04/2021 4:11:11 PM","C:\WINDOWS\System32\Winevt\Logs\Microsoft-Windows-Resource-Exhaustion-Resolver%4Operational.evtx","   0.07"
"5/04/2021 7:28:20 AM","25/06/2020 5:18:44 PM","5/04/2021 7:28:20 PM","25/06/2020 7:26:21 AM","Microsoft-Windows-RestartManager%4Operational.evtx","25/06/2020 5:18:44 AM","1","25/06/2020 7:26:21 PM","C:\WINDOWS\System32\Winevt\Logs\Microsoft-Windows-RestartManager%4Operational.evtx","   0.07"
"5/04/2021 7:28:20 AM","10/03/2021 10:22:04 AM","5/04/2021 7:28:20 PM","12/03/2021 1:10:33 AM","Microsoft-Windows-RetailDemo%4Admin.evtx","9/03/2021 9:22:04 PM","1","12/03/2021 2:10:33 PM","C:\WINDOWS\System32\Winevt\Logs\Microsoft-Windows-RetailDemo%4Admin.evtx","   0.07"
"5/04/2021 7:28:20 AM","10/03/2021 10:22:04 AM","5/04/2021 7:28:20 PM","12/03/2021 1:10:33 AM","Microsoft-Windows-RetailDemo%4Operational.evtx","9/03/2021 9:22:04 PM","1","12/03/2021 2:10:33 PM","C:\WINDOWS\System32\Winevt\Logs\Microsoft-Windows-RetailDemo%4Operational.evtx","   0.07"
"5/04/2021 7:28:20 AM","10/03/2021 10:22:04 AM","5/04/2021 7:28:20 PM","12/03/2021 1:10:33 AM","Microsoft-Windows-SearchUI%4Operational.evtx","9/03/2021 9:22:04 PM","1","12/03/2021 2:10:33 PM","C:\WINDOWS\System32\Winevt\Logs\Microsoft-Windows-SearchUI%4Operational.evtx","   0.07"
"5/04/2021 7:28:20 AM","10/03/2021 10:22:04 AM","5/04/2021 7:28:20 PM","12/03/2021 1:10:33 AM","Microsoft-Windows-Security-Adminless%4Operational.evtx","9/03/2021 9:22:04 PM","1","12/03/2021 2:10:33 PM","C:\WINDOWS\System32\Winevt\Logs\Microsoft-Windows-Security-Adminless%4Operational.evtx","   0.07"
"5/04/2021 7:28:20 AM","10/03/2021 10:22:04 AM","5/04/2021 7:28:20 PM","12/03/2021 1:10:33 AM","Microsoft-Windows-Security-Audit-Configuration-Client%4Operational.evtx","9/03/2021 9:22:04 PM","1","12/03/2021 2:10:33 PM","C:\WINDOWS\System32\Winevt\Logs\Microsoft-Windows-Security-Audit-Configuration-Client%4Operational.evtx","   0.07"
"5/04/2021 7:28:20 AM","10/03/2021 10:22:04 AM","5/04/2021 7:28:20 PM","12/03/2021 1:10:33 AM","Microsoft-Windows-Security-EnterpriseData-FileRevocationManager%4Operational.evtx","9/03/2021 9:22:04 PM","1","12/03/2021 2:10:33 PM","C:\WINDOWS\System32\Winevt\Logs\Microsoft-Windows-Security-EnterpriseData-FileRevocationManager%4Operational.evtx","   0.07"
"5/04/2021 7:28:20 AM","8/08/2020 11:56:42 AM","5/04/2021 7:28:20 PM","3/12/2020 7:39:22 AM","Microsoft-Windows-Security-LessPrivilegedAppContainer%4Operational.evtx","7/08/2020 11:56:42 PM","9","3/12/2020 8:39:22 PM","C:\WINDOWS\System32\Winevt\Logs\Microsoft-Windows-Security-LessPrivilegedAppContainer%4Operational.evtx","   1.00"
"5/04/2021 7:28:20 AM","24/06/2020 4:00:54 PM","5/04/2021 7:28:20 PM","4/04/2021 10:38:50 PM","Microsoft-Windows-Security-Mitigations%4KernelMode.evtx","24/06/2020 4:00:54 AM","6","5/04/2021 10:38:50 AM","C:\WINDOWS\System32\Winevt\Logs\Microsoft-Windows-Security-Mitigations%4KernelMode.evtx","   1.00"
"5/04/2021 7:28:20 AM","24/06/2020 4:00:54 PM","5/04/2021 7:28:20 PM","24/06/2020 4:17:44 AM","Microsoft-Windows-Security-Mitigations%4UserMode.evtx","24/06/2020 4:00:54 AM","1","24/06/2020 4:17:44 PM","C:\WINDOWS\System32\Winevt\Logs\Microsoft-Windows-Security-Mitigations%4UserMode.evtx","   0.07"
"5/04/2021 7:28:20 AM","10/03/2021 10:22:04 AM","5/04/2021 7:28:20 PM","12/03/2021 1:10:33 AM","Microsoft-Windows-Security-Netlogon%4Operational.evtx","9/03/2021 9:22:04 PM","1","12/03/2021 2:10:33 PM","C:\WINDOWS\System32\Winevt\Logs\Microsoft-Windows-Security-Netlogon%4Operational.evtx","   0.07"
"5/04/2021 7:28:20 AM","10/03/2021 10:22:04 AM","5/04/2021 7:28:20 PM","12/03/2021 1:10:33 AM","Microsoft-Windows-Security-SPP-UX-GenuineCenter-Logging%4Operational.evtx","9/03/2021 9:22:04 PM","1","12/03/2021 2:10:33 PM","C:\WINDOWS\System32\Winevt\Logs\Microsoft-Windows-Security-SPP-UX-GenuineCenter-Logging%4Operational.evtx","   0.07"
"5/04/2021 7:28:20 AM","24/06/2020 4:03:43 PM","5/04/2021 7:28:20 PM","24/06/2020 4:17:44 AM","Microsoft-Windows-Security-SPP-UX-Notifications%4ActionCenter.evtx","24/06/2020 4:03:43 AM","10","24/06/2020 4:17:44 PM","C:\WINDOWS\System32\Winevt\Logs\Microsoft-Windows-Security-SPP-UX-Notifications%4ActionCenter.evtx","   0.07"
"5/04/2021 7:28:20 AM","10/03/2021 10:22:04 AM","5/04/2021 7:28:20 PM","12/03/2021 1:10:33 AM","Microsoft-Windows-Security-UserConsentVerifier%4Audit.evtx","9/03/2021 9:22:04 PM","1","12/03/2021 2:10:33 PM","C:\WINDOWS\System32\Winevt\Logs\Microsoft-Windows-Security-UserConsentVerifier%4Audit.evtx","   0.07"
"5/04/2021 7:28:20 AM","10/03/2021 10:22:04 AM","5/04/2021 7:28:20 PM","12/03/2021 1:10:33 AM","Microsoft-Windows-SecurityMitigationsBroker%4Operational.evtx","9/03/2021 9:22:04 PM","1","12/03/2021 2:10:33 PM","C:\WINDOWS\System32\Winevt\Logs\Microsoft-Windows-SecurityMitigationsBroker%4Operational.evtx","   0.07"
"5/04/2021 7:28:20 AM","24/06/2020 4:03:11 PM","5/04/2021 7:28:20 PM","5/04/2021 5:50:10 AM","Microsoft-Windows-SettingSync%4Debug.evtx","24/06/2020 4:03:11 AM","1","5/04/2021 5:50:10 PM","C:\WINDOWS\System32\Winevt\Logs\Microsoft-Windows-SettingSync%4Debug.evtx","   1.00"
"5/04/2021 7:28:20 AM","24/06/2020 4:03:11 PM","5/04/2021 7:28:20 PM","4/04/2021 7:39:52 PM","Microsoft-Windows-SettingSync%4Operational.evtx","24/06/2020 4:03:11 AM","9","5/04/2021 7:39:52 AM","C:\WINDOWS\System32\Winevt\Logs\Microsoft-Windows-SettingSync%4Operational.evtx","   1.00"
"5/04/2021 7:28:20 AM","3/07/2020 11:46:31 PM","5/04/2021 7:28:20 PM","5/04/2021 5:42:01 AM","Microsoft-Windows-SettingSync-Azure%4Debug.evtx","3/07/2020 11:46:31 AM","8","5/04/2021 5:42:01 PM","C:\WINDOWS\System32\Winevt\Logs\Microsoft-Windows-SettingSync-Azure%4Debug.evtx","   1.00"
"5/04/2021 7:28:20 AM","3/07/2020 11:46:31 PM","5/04/2021 7:28:20 PM","14/07/2020 8:30:09 AM","Microsoft-Windows-SettingSync-Azure%4Operational.evtx","3/07/2020 11:46:31 AM","1","14/07/2020 8:30:09 PM","C:\WINDOWS\System32\Winevt\Logs\Microsoft-Windows-SettingSync-Azure%4Operational.evtx","   0.07"
"5/04/2021 7:28:20 AM","24/06/2020 4:03:17 PM","5/04/2021 7:28:20 PM","4/04/2021 7:39:52 PM","Microsoft-Windows-SettingSync-OneDrive%4Debug.evtx","24/06/2020 4:03:17 AM","8","5/04/2021 7:39:52 AM","C:\WINDOWS\System32\Winevt\Logs\Microsoft-Windows-SettingSync-OneDrive%4Debug.evtx","   1.00"
"5/04/2021 7:28:20 AM","24/06/2020 4:03:17 PM","5/04/2021 7:28:20 PM","5/03/2021 4:22:04 AM","Microsoft-Windows-SettingSync-OneDrive%4Operational.evtx","24/06/2020 4:03:17 AM","10","5/03/2021 5:22:04 PM","C:\WINDOWS\System32\Winevt\Logs\Microsoft-Windows-SettingSync-OneDrive%4Operational.evtx","   1.00"
"5/04/2021 7:28:20 AM","24/06/2020 4:06:45 PM","5/04/2021 7:28:20 PM","24/06/2020 4:17:44 AM","Microsoft-Windows-Shell-ConnectedAccountState%4ActionCenter.evtx","24/06/2020 4:06:45 AM","1","24/06/2020 4:17:44 PM","C:\WINDOWS\System32\Winevt\Logs\Microsoft-Windows-Shell-ConnectedAccountState%4ActionCenter.evtx","   0.07"
"5/04/2021 7:28:20 AM","24/06/2020 4:01:00 PM","5/04/2021 7:28:20 PM","24/06/2020 4:17:44 AM","Microsoft-Windows-Shell-Core%4ActionCenter.evtx","24/06/2020 4:01:00 AM","1","24/06/2020 4:17:44 PM","C:\WINDOWS\System32\Winevt\Logs\Microsoft-Windows-Shell-Core%4ActionCenter.evtx","   0.07"
"5/04/2021 7:28:20 AM","24/06/2020 4:01:00 PM","5/04/2021 7:28:20 PM","4/04/2021 7:54:52 PM","Microsoft-Windows-Shell-Core%4AppDefaults.evtx","24/06/2020 4:01:00 AM","10","5/04/2021 7:54:52 AM","C:\WINDOWS\System32\Winevt\Logs\Microsoft-Windows-Shell-Core%4AppDefaults.evtx","   1.00"
"5/04/2021 7:28:20 AM","24/06/2020 4:01:00 PM","5/04/2021 7:28:20 PM","24/06/2020 4:17:44 AM","Microsoft-Windows-Shell-Core%4LogonTasksChannel.evtx","24/06/2020 4:01:00 AM","1","24/06/2020 4:17:44 PM","C:\WINDOWS\System32\Winevt\Logs\Microsoft-Windows-Shell-Core%4LogonTasksChannel.evtx","   0.07"
"5/04/2021 7:28:20 AM","24/06/2020 4:01:00 PM","5/04/2021 7:28:20 PM","4/04/2021 7:39:52 PM","Microsoft-Windows-Shell-Core%4Operational.evtx","24/06/2020 4:01:00 AM","5","5/04/2021 7:39:52 AM","C:\WINDOWS\System32\Winevt\Logs\Microsoft-Windows-Shell-Core%4Operational.evtx","   1.00"
"5/04/2021 7:24:47 AM","24/06/2020 4:03:20 PM","5/04/2021 7:24:47 PM","5/04/2021 7:24:47 AM","Microsoft-Windows-ShellCommon-StartLayoutPopulation%4Operational.evtx","24/06/2020 4:03:20 AM","9","5/04/2021 7:24:47 PM","C:\WINDOWS\System32\Winevt\Logs\Microsoft-Windows-ShellCommon-StartLayoutPopulation%4Operational.evtx","   1.00"
"5/04/2021 7:28:20 AM","10/03/2021 10:22:04 AM","5/04/2021 7:28:20 PM","12/03/2021 1:10:33 AM","Microsoft-Windows-SmartCard-Audit%4Authentication.evtx","9/03/2021 9:22:04 PM","1","12/03/2021 2:10:33 PM","C:\WINDOWS\System32\Winevt\Logs\Microsoft-Windows-SmartCard-Audit%4Authentication.evtx","   0.07"
"5/04/2021 7:28:20 AM","10/03/2021 10:22:04 AM","5/04/2021 7:28:20 PM","12/03/2021 1:10:33 AM","Microsoft-Windows-SmartCard-DeviceEnum%4Operational.evtx","9/03/2021 9:22:04 PM","1","12/03/2021 2:10:33 PM","C:\WINDOWS\System32\Winevt\Logs\Microsoft-Windows-SmartCard-DeviceEnum%4Operational.evtx","   0.07"
"5/04/2021 7:28:20 AM","10/03/2021 10:22:04 AM","5/04/2021 7:28:20 PM","12/03/2021 1:10:33 AM","Microsoft-Windows-SmartCard-TPM-VCard-Module%4Admin.evtx","9/03/2021 9:22:04 PM","1","12/03/2021 2:10:33 PM","C:\WINDOWS\System32\Winevt\Logs\Microsoft-Windows-SmartCard-TPM-VCard-Module%4Admin.evtx","   0.07"
"5/04/2021 7:28:20 AM","10/03/2021 10:22:04 AM","5/04/2021 7:28:20 PM","12/03/2021 1:10:33 AM","Microsoft-Windows-SmartCard-TPM-VCard-Module%4Operational.evtx","9/03/2021 9:22:04 PM","1","12/03/2021 2:10:33 PM","C:\WINDOWS\System32\Winevt\Logs\Microsoft-Windows-SmartCard-TPM-VCard-Module%4Operational.evtx","   0.07"
"5/04/2021 7:28:20 AM","24/06/2020 4:03:04 PM","5/04/2021 7:28:20 PM","24/06/2020 4:17:44 AM","Microsoft-Windows-SmbClient%4Audit.evtx","24/06/2020 4:03:04 AM","1","24/06/2020 4:17:44 PM","C:\WINDOWS\System32\Winevt\Logs\Microsoft-Windows-SmbClient%4Audit.evtx","   0.07"
"5/04/2021 7:28:20 AM","24/06/2020 4:03:04 PM","5/04/2021 7:28:20 PM","4/04/2021 10:43:50 PM","Microsoft-Windows-SmbClient%4Connectivity.evtx","24/06/2020 4:03:04 AM","9","5/04/2021 10:43:50 AM","C:\WINDOWS\System32\Winevt\Logs\Microsoft-Windows-SmbClient%4Connectivity.evtx","   8.00"
"5/04/2021 7:28:20 AM","24/06/2020 4:03:04 PM","5/04/2021 7:28:20 PM","24/06/2020 4:17:44 AM","Microsoft-Windows-SMBClient%4Operational.evtx","24/06/2020 4:03:04 AM","1","24/06/2020 4:17:44 PM","C:\WINDOWS\System32\Winevt\Logs\Microsoft-Windows-SMBClient%4Operational.evtx","   0.07"
"5/04/2021 7:28:20 AM","24/06/2020 4:03:04 PM","5/04/2021 7:28:20 PM","24/06/2020 4:17:44 AM","Microsoft-Windows-SmbClient%4Security.evtx","24/06/2020 4:03:04 AM","1","24/06/2020 4:17:44 PM","C:\WINDOWS\System32\Winevt\Logs\Microsoft-Windows-SmbClient%4Security.evtx","   0.07"
"5/04/2021 7:28:20 AM","24/06/2020 3:58:54 PM","5/04/2021 7:28:20 PM","24/06/2020 4:17:44 AM","Microsoft-Windows-SMBServer%4Audit.evtx","24/06/2020 3:58:54 AM","1","24/06/2020 4:17:44 PM","C:\WINDOWS\System32\Winevt\Logs\Microsoft-Windows-SMBServer%4Audit.evtx","   0.07"
"5/04/2021 7:28:20 AM","24/06/2020 3:58:54 PM","5/04/2021 7:28:20 PM","24/06/2020 4:17:44 AM","Microsoft-Windows-SMBServer%4Connectivity.evtx","24/06/2020 3:58:54 AM","1","24/06/2020 4:17:44 PM","C:\WINDOWS\System32\Winevt\Logs\Microsoft-Windows-SMBServer%4Connectivity.evtx","   0.07"
"5/04/2021 7:28:20 AM","24/06/2020 3:58:54 PM","5/04/2021 7:28:20 PM","4/04/2021 10:38:50 PM","Microsoft-Windows-SMBServer%4Operational.evtx","24/06/2020 3:58:54 AM","10","5/04/2021 10:38:50 AM","C:\WINDOWS\System32\Winevt\Logs\Microsoft-Windows-SMBServer%4Operational.evtx","   3.07"
"5/04/2021 7:28:20 AM","24/06/2020 3:58:54 PM","5/04/2021 7:28:20 PM","24/06/2020 4:17:44 AM","Microsoft-Windows-SMBServer%4Security.evtx","24/06/2020 3:58:54 AM","1","24/06/2020 4:17:44 PM","C:\WINDOWS\System32\Winevt\Logs\Microsoft-Windows-SMBServer%4Security.evtx","   0.07"
"5/04/2021 7:28:20 AM","10/03/2021 10:22:03 AM","5/04/2021 7:28:20 PM","12/03/2021 1:10:33 AM","Microsoft-Windows-SMBWitnessClient%4Admin.evtx","9/03/2021 9:22:03 PM","1","12/03/2021 2:10:33 PM","C:\WINDOWS\System32\Winevt\Logs\Microsoft-Windows-SMBWitnessClient%4Admin.evtx","   0.07"
"5/04/2021 7:28:20 AM","10/03/2021 10:22:03 AM","5/04/2021 7:28:20 PM","12/03/2021 1:10:33 AM","Microsoft-Windows-SMBWitnessClient%4Informational.evtx","9/03/2021 9:22:03 PM","1","12/03/2021 2:10:33 PM","C:\WINDOWS\System32\Winevt\Logs\Microsoft-Windows-SMBWitnessClient%4Informational.evtx","   0.07"
"5/04/2021 7:21:07 AM","24/06/2020 3:58:54 PM","5/04/2021 7:21:07 PM","5/04/2021 7:21:07 AM","Microsoft-Windows-StateRepository%4Operational.evtx","24/06/2020 3:58:54 AM","10","5/04/2021 7:21:07 PM","C:\WINDOWS\System32\Winevt\Logs\Microsoft-Windows-StateRepository%4Operational.evtx","   5.00"
"5/04/2021 7:28:21 AM","24/06/2020 3:58:54 PM","5/04/2021 7:28:21 PM","24/06/2020 4:17:44 AM","Microsoft-Windows-StateRepository%4Restricted.evtx","24/06/2020 3:58:54 AM","1","24/06/2020 4:17:44 PM","C:\WINDOWS\System32\Winevt\Logs\Microsoft-Windows-StateRepository%4Restricted.evtx","   0.07"
"5/04/2021 7:28:21 AM","24/06/2020 11:41:12 PM","5/04/2021 7:28:21 PM","5/04/2021 3:36:05 AM","Microsoft-Windows-Storage-ClassPnP%4Operational.evtx","24/06/2020 11:41:12 AM","10","5/04/2021 3:36:05 PM","C:\WINDOWS\System32\Winevt\Logs\Microsoft-Windows-Storage-ClassPnP%4Operational.evtx","   2.07"
"5/04/2021 7:10:10 AM","24/06/2020 3:58:52 PM","5/04/2021 7:10:10 PM","5/04/2021 7:10:10 AM","Microsoft-Windows-Storage-Storport%4Health.evtx","24/06/2020 3:58:52 AM","10","5/04/2021 7:10:10 PM","C:\WINDOWS\System32\Winevt\Logs\Microsoft-Windows-Storage-Storport%4Health.evtx","   1.07"
"5/04/2021 7:10:10 AM","24/06/2020 3:58:52 PM","5/04/2021 7:10:10 PM","5/04/2021 7:10:10 AM","Microsoft-Windows-Storage-Storport%4Operational.evtx","24/06/2020 3:58:52 AM","10","5/04/2021 7:10:10 PM","C:\WINDOWS\System32\Winevt\Logs\Microsoft-Windows-Storage-Storport%4Operational.evtx","   8.07"
"5/04/2021 7:28:21 AM","10/03/2021 10:22:03 AM","5/04/2021 7:28:21 PM","12/03/2021 1:10:33 AM","Microsoft-Windows-Storage-Tiering%4Admin.evtx","9/03/2021 9:22:03 PM","1","12/03/2021 2:10:33 PM","C:\WINDOWS\System32\Winevt\Logs\Microsoft-Windows-Storage-Tiering%4Admin.evtx","   0.07"
"5/04/2021 7:10:10 AM","24/06/2020 4:05:02 PM","5/04/2021 7:10:10 PM","5/04/2021 7:10:10 AM","Microsoft-Windows-StorageManagement%4Operational.evtx","24/06/2020 4:05:02 AM","10","5/04/2021 7:10:10 PM","C:\WINDOWS\System32\Winevt\Logs\Microsoft-Windows-StorageManagement%4Operational.evtx","   1.00"
"5/04/2021 7:28:21 AM","10/03/2021 10:22:03 AM","5/04/2021 7:28:21 PM","12/03/2021 1:10:33 AM","Microsoft-Windows-StorageSettings%4Diagnostic.evtx","9/03/2021 9:22:03 PM","1","12/03/2021 2:10:33 PM","C:\WINDOWS\System32\Winevt\Logs\Microsoft-Windows-StorageSettings%4Diagnostic.evtx","   0.07"
"5/04/2021 7:28:21 AM","24/06/2020 3:58:52 PM","5/04/2021 7:28:21 PM","24/06/2020 4:17:44 AM","Microsoft-Windows-StorageSpaces-Driver%4Diagnostic.evtx","24/06/2020 3:58:52 AM","1","24/06/2020 4:17:44 PM","C:\WINDOWS\System32\Winevt\Logs\Microsoft-Windows-StorageSpaces-Driver%4Diagnostic.evtx","   0.07"
"5/04/2021 7:28:21 AM","24/06/2020 3:58:52 PM","5/04/2021 7:28:21 PM","3/04/2021 3:18:56 AM","Microsoft-Windows-StorageSpaces-Driver%4Operational.evtx","24/06/2020 3:58:52 AM","10","3/04/2021 4:18:56 PM","C:\WINDOWS\System32\Winevt\Logs\Microsoft-Windows-StorageSpaces-Driver%4Operational.evtx","   1.00"
"5/04/2021 7:28:21 AM","24/06/2020 4:06:45 PM","5/04/2021 7:28:21 PM","24/06/2020 4:17:44 AM","Microsoft-Windows-StorageSpaces-ManagementAgent%4WHC.evtx","24/06/2020 4:06:45 AM","1","24/06/2020 4:17:44 PM","C:\WINDOWS\System32\Winevt\Logs\Microsoft-Windows-StorageSpaces-ManagementAgent%4WHC.evtx","   0.07"
"5/04/2021 7:28:21 AM","10/03/2021 10:22:03 AM","5/04/2021 7:28:21 PM","12/03/2021 1:10:33 AM","Microsoft-Windows-StorageSpaces-SpaceManager%4Diagnostic.evtx","9/03/2021 9:22:03 PM","1","12/03/2021 2:10:33 PM","C:\WINDOWS\System32\Winevt\Logs\Microsoft-Windows-StorageSpaces-SpaceManager%4Diagnostic.evtx","   0.07"
"5/04/2021 7:28:21 AM","10/03/2021 10:22:03 AM","5/04/2021 7:28:21 PM","12/03/2021 1:10:33 AM","Microsoft-Windows-StorageSpaces-SpaceManager%4Operational.evtx","9/03/2021 9:22:03 PM","1","12/03/2021 2:10:33 PM","C:\WINDOWS\System32\Winevt\Logs\Microsoft-Windows-StorageSpaces-SpaceManager%4Operational.evtx","   0.07"
"5/04/2021 7:26:27 AM","24/06/2020 3:58:54 PM","5/04/2021 7:26:27 PM","5/04/2021 7:26:27 AM","Microsoft-Windows-Store%4Operational.evtx","24/06/2020 3:58:54 AM","4","5/04/2021 7:26:27 PM","C:\WINDOWS\System32\Winevt\Logs\Microsoft-Windows-Store%4Operational.evtx","  19.13"
"5/04/2021 7:28:21 AM","24/06/2020 4:00:55 PM","5/04/2021 7:28:21 PM","5/04/2021 4:01:05 AM","Microsoft-Windows-Storsvc%4Diagnostic.evtx","24/06/2020 4:00:55 AM","10","5/04/2021 4:01:05 PM","C:\WINDOWS\System32\Winevt\Logs\Microsoft-Windows-Storsvc%4Diagnostic.evtx","   1.07"
"5/04/2021 7:28:21 AM","10/03/2021 10:22:03 AM","5/04/2021 7:28:21 PM","12/03/2021 1:10:33 AM","Microsoft-Windows-SystemSettingsThreshold%4Operational.evtx","9/03/2021 9:22:03 PM","1","12/03/2021 2:10:33 PM","C:\WINDOWS\System32\Winevt\Logs\Microsoft-Windows-SystemSettingsThreshold%4Operational.evtx","   0.07"
"5/04/2021 7:28:21 AM","24/06/2020 4:03:04 PM","5/04/2021 7:28:21 PM","5/04/2021 5:42:01 AM","Microsoft-Windows-TaskScheduler%4Maintenance.evtx","24/06/2020 4:03:04 AM","10","5/04/2021 5:42:01 PM","C:\WINDOWS\System32\Winevt\Logs\Microsoft-Windows-TaskScheduler%4Maintenance.evtx","   1.00"
"5/04/2021 7:28:21 AM","10/03/2021 10:22:03 AM","5/04/2021 7:28:21 PM","12/03/2021 1:10:33 AM","Microsoft-Windows-TCPIP%4Operational.evtx","9/03/2021 9:22:03 PM","1","12/03/2021 2:10:33 PM","C:\WINDOWS\System32\Winevt\Logs\Microsoft-Windows-TCPIP%4Operational.evtx","   0.07"
"5/04/2021 7:28:21 AM","10/03/2021 10:22:03 AM","5/04/2021 7:28:21 PM","12/03/2021 1:10:33 AM","Microsoft-Windows-TerminalServices-ClientUSBDevices%4Admin.evtx","9/03/2021 9:22:03 PM","1","12/03/2021 2:10:33 PM","C:\WINDOWS\System32\Winevt\Logs\Microsoft-Windows-TerminalServices-ClientUSBDevices%4Admin.evtx","   0.07"
"5/04/2021 7:28:21 AM","10/03/2021 10:22:03 AM","5/04/2021 7:28:21 PM","12/03/2021 1:10:33 AM","Microsoft-Windows-TerminalServices-ClientUSBDevices%4Operational.evtx","9/03/2021 9:22:03 PM","1","12/03/2021 2:10:33 PM","C:\WINDOWS\System32\Winevt\Logs\Microsoft-Windows-TerminalServices-ClientUSBDevices%4Operational.evtx","   0.07"
"5/04/2021 7:28:21 AM","24/06/2020 3:58:52 PM","5/04/2021 7:28:21 PM","24/06/2020 4:17:44 AM","Microsoft-Windows-TerminalServices-LocalSessionManager%4Admin.evtx","24/06/2020 3:58:52 AM","1","24/06/2020 4:17:44 PM","C:\WINDOWS\System32\Winevt\Logs\Microsoft-Windows-TerminalServices-LocalSessionManager%4Admin.evtx","   0.07"
"5/04/2021 7:28:21 AM","24/06/2020 3:58:52 PM","5/04/2021 7:28:21 PM","4/04/2021 7:39:52 PM","Microsoft-Windows-TerminalServices-LocalSessionManager%4Operational.evtx","24/06/2020 3:58:52 AM","9","5/04/2021 7:39:52 AM","C:\WINDOWS\System32\Winevt\Logs\Microsoft-Windows-TerminalServices-LocalSessionManager%4Operational.evtx","   1.00"
"5/04/2021 7:28:21 AM","10/03/2021 10:22:03 AM","5/04/2021 7:28:21 PM","12/03/2021 1:10:33 AM","Microsoft-Windows-TerminalServices-PnPDevices%4Admin.evtx","9/03/2021 9:22:03 PM","1","12/03/2021 2:10:33 PM","C:\WINDOWS\System32\Winevt\Logs\Microsoft-Windows-TerminalServices-PnPDevices%4Admin.evtx","   0.07"
"5/04/2021 7:28:21 AM","10/03/2021 10:22:03 AM","5/04/2021 7:28:21 PM","12/03/2021 1:10:33 AM","Microsoft-Windows-TerminalServices-PnPDevices%4Operational.evtx","9/03/2021 9:22:03 PM","1","12/03/2021 2:10:33 PM","C:\WINDOWS\System32\Winevt\Logs\Microsoft-Windows-TerminalServices-PnPDevices%4Operational.evtx","   0.07"
"5/04/2021 7:28:21 AM","10/03/2021 10:22:03 AM","5/04/2021 7:28:21 PM","12/03/2021 1:10:33 AM","Microsoft-Windows-TerminalServices-Printers%4Admin.evtx","9/03/2021 9:22:03 PM","1","12/03/2021 2:10:33 PM","C:\WINDOWS\System32\Winevt\Logs\Microsoft-Windows-TerminalServices-Printers%4Admin.evtx","   0.07"
"5/04/2021 7:28:21 AM","10/03/2021 10:22:03 AM","5/04/2021 7:28:21 PM","12/03/2021 1:10:33 AM","Microsoft-Windows-TerminalServices-Printers%4Operational.evtx","9/03/2021 9:22:03 PM","1","12/03/2021 2:10:33 PM","C:\WINDOWS\System32\Winevt\Logs\Microsoft-Windows-TerminalServices-Printers%4Operational.evtx","   0.07"
"5/04/2021 7:28:21 AM","26/06/2020 9:21:10 AM","5/04/2021 7:28:21 PM","3/04/2021 3:11:11 AM","Microsoft-Windows-TerminalServices-RDPClient%4Operational.evtx","25/06/2020 9:21:10 PM","10","3/04/2021 4:11:11 PM","C:\WINDOWS\System32\Winevt\Logs\Microsoft-Windows-TerminalServices-RDPClient%4Operational.evtx","   1.00"
"5/04/2021 7:28:21 AM","24/06/2020 4:03:10 PM","5/04/2021 7:28:21 PM","24/06/2020 4:17:44 AM","Microsoft-Windows-TerminalServices-RemoteConnectionManager%4Admin.evtx","24/06/2020 4:03:10 AM","1","24/06/2020 4:17:44 PM","C:\WINDOWS\System32\Winevt\Logs\Microsoft-Windows-TerminalServices-RemoteConnectionManager%4Admin.evtx","   0.07"
"5/04/2021 7:28:21 AM","24/06/2020 4:03:10 PM","5/04/2021 7:28:21 PM","3/04/2021 3:18:56 AM","Microsoft-Windows-TerminalServices-RemoteConnectionManager%4Operational.evtx","24/06/2020 4:03:10 AM","10","3/04/2021 4:18:56 PM","C:\WINDOWS\System32\Winevt\Logs\Microsoft-Windows-TerminalServices-RemoteConnectionManager%4Operational.evtx","   1.00"
"5/04/2021 7:28:21 AM","25/06/2020 7:37:22 PM","5/04/2021 7:28:21 PM","5/04/2021 5:42:01 AM","Microsoft-Windows-Time-Service%4Operational.evtx","25/06/2020 7:37:22 AM","8","5/04/2021 5:42:01 PM","C:\WINDOWS\System32\Winevt\Logs\Microsoft-Windows-Time-Service%4Operational.evtx","   1.00"
"5/04/2021 7:28:21 AM","10/03/2021 10:22:03 AM","5/04/2021 7:28:21 PM","12/03/2021 1:10:33 AM","Microsoft-Windows-Time-Service-PTP-Provider%4PTP-Operational.evtx","9/03/2021 9:22:03 PM","1","12/03/2021 2:10:33 PM","C:\WINDOWS\System32\Winevt\Logs\Microsoft-Windows-Time-Service-PTP-Provider%4PTP-Operational.evtx","   0.07"
"5/04/2021 7:28:21 AM","10/03/2021 10:22:03 AM","5/04/2021 7:28:21 PM","12/03/2021 1:10:33 AM","Microsoft-Windows-Troubleshooting-Recommended%4Admin.evtx","9/03/2021 9:22:03 PM","1","12/03/2021 2:10:33 PM","C:\WINDOWS\System32\Winevt\Logs\Microsoft-Windows-Troubleshooting-Recommended%4Admin.evtx","   0.07"
"5/04/2021 7:28:21 AM","10/03/2021 10:22:03 AM","5/04/2021 7:28:21 PM","12/03/2021 1:10:33 AM","Microsoft-Windows-Troubleshooting-Recommended%4Operational.evtx","9/03/2021 9:22:03 PM","1","12/03/2021 2:10:33 PM","C:\WINDOWS\System32\Winevt\Logs\Microsoft-Windows-Troubleshooting-Recommended%4Operational.evtx","   0.07"
"5/04/2021 7:28:21 AM","24/06/2020 4:17:23 PM","5/04/2021 7:28:21 PM","5/04/2021 4:18:24 AM","Microsoft-Windows-TWinUI%4Operational.evtx","24/06/2020 4:17:23 AM","10","5/04/2021 4:18:24 PM","C:\WINDOWS\System32\Winevt\Logs\Microsoft-Windows-TWinUI%4Operational.evtx","   1.00"
"5/04/2021 7:28:21 AM","1/07/2020 5:21:32 PM","5/04/2021 7:28:21 PM","5/04/2021 5:42:01 AM","Microsoft-Windows-TZSync%4Operational.evtx","1/07/2020 5:21:32 AM","10","5/04/2021 5:42:01 PM","C:\WINDOWS\System32\Winevt\Logs\Microsoft-Windows-TZSync%4Operational.evtx","   0.07"
"5/04/2021 7:28:21 AM","10/03/2021 10:22:03 AM","5/04/2021 7:28:21 PM","12/03/2021 1:10:33 AM","Microsoft-Windows-TZUtil%4Operational.evtx","9/03/2021 9:22:03 PM","1","12/03/2021 2:10:33 PM","C:\WINDOWS\System32\Winevt\Logs\Microsoft-Windows-TZUtil%4Operational.evtx","   0.07"
"5/04/2021 7:28:21 AM","10/03/2021 10:22:03 AM","5/04/2021 7:28:21 PM","12/03/2021 1:10:33 AM","Microsoft-Windows-UAC%4Operational.evtx","9/03/2021 9:22:03 PM","1","12/03/2021 2:10:33 PM","C:\WINDOWS\System32\Winevt\Logs\Microsoft-Windows-UAC%4Operational.evtx","   0.07"
"5/04/2021 7:28:21 AM","18/08/2020 6:04:13 PM","5/04/2021 7:28:21 PM","3/04/2021 3:11:11 AM","Microsoft-Windows-UAC-FileVirtualization%4Operational.evtx","18/08/2020 6:04:13 AM","9","3/04/2021 4:11:11 PM","C:\WINDOWS\System32\Winevt\Logs\Microsoft-Windows-UAC-FileVirtualization%4Operational.evtx","   1.00"
"5/04/2021 7:24:46 AM","24/06/2020 3:58:54 PM","5/04/2021 7:24:46 PM","5/04/2021 7:24:46 AM","Microsoft-Windows-UniversalTelemetryClient%4Operational.evtx","24/06/2020 3:58:54 AM","6","5/04/2021 7:24:46 PM","C:\WINDOWS\System32\Winevt\Logs\Microsoft-Windows-UniversalTelemetryClient%4Operational.evtx","   1.00"
"5/04/2021 7:28:21 AM","10/03/2021 10:22:03 AM","5/04/2021 7:28:21 PM","12/03/2021 1:10:33 AM","Microsoft-Windows-User Control Panel%4Operational.evtx","9/03/2021 9:22:03 PM","1","12/03/2021 2:10:33 PM","C:\WINDOWS\System32\Winevt\Logs\Microsoft-Windows-User Control Panel%4Operational.evtx","   0.07"
"5/04/2021 7:28:21 AM","24/06/2020 4:03:04 PM","5/04/2021 7:28:21 PM","4/04/2021 7:39:52 PM","Microsoft-Windows-User Device Registration%4Admin.evtx","24/06/2020 4:03:04 AM","10","5/04/2021 7:39:52 AM","C:\WINDOWS\System32\Winevt\Logs\Microsoft-Windows-User Device Registration%4Admin.evtx","   1.00"
"5/04/2021 7:28:21 AM","24/06/2020 3:58:53 PM","5/04/2021 7:28:21 PM","4/04/2021 7:39:52 PM","Microsoft-Windows-User Profile Service%4Operational.evtx","24/06/2020 3:58:53 AM","10","5/04/2021 7:39:52 AM","C:\WINDOWS\System32\Winevt\Logs\Microsoft-Windows-User Profile Service%4Operational.evtx","   1.07"
"5/04/2021 7:28:21 AM","10/03/2021 10:22:03 AM","5/04/2021 7:28:21 PM","12/03/2021 1:10:33 AM","Microsoft-Windows-User-Loader%4Operational.evtx","9/03/2021 9:22:03 PM","1","12/03/2021 2:10:33 PM","C:\WINDOWS\System32\Winevt\Logs\Microsoft-Windows-User-Loader%4Operational.evtx","   0.07"
"5/04/2021 7:28:21 AM","24/06/2020 3:58:52 PM","5/04/2021 7:28:21 PM","24/06/2020 4:17:44 AM","Microsoft-Windows-UserPnp%4ActionCenter.evtx","24/06/2020 3:58:52 AM","1","24/06/2020 4:17:44 PM","C:\WINDOWS\System32\Winevt\Logs\Microsoft-Windows-UserPnp%4ActionCenter.evtx","   0.07"
"5/04/2021 7:28:21 AM","24/06/2020 3:58:52 PM","5/04/2021 7:28:21 PM","4/04/2021 9:35:10 PM","Microsoft-Windows-UserPnp%4DeviceInstall.evtx","24/06/2020 3:58:52 AM","10","5/04/2021 9:35:10 AM","C:\WINDOWS\System32\Winevt\Logs\Microsoft-Windows-UserPnp%4DeviceInstall.evtx","   1.00"
"5/04/2021 7:28:21 AM","10/03/2021 10:22:03 AM","5/04/2021 7:28:21 PM","12/03/2021 1:10:33 AM","Microsoft-Windows-VDRVROOT%4Operational.evtx","9/03/2021 9:22:03 PM","1","12/03/2021 2:10:33 PM","C:\WINDOWS\System32\Winevt\Logs\Microsoft-Windows-VDRVROOT%4Operational.evtx","   0.07"
"5/04/2021 7:28:21 AM","10/03/2021 10:22:03 AM","5/04/2021 7:28:21 PM","12/03/2021 1:10:33 AM","Microsoft-Windows-VerifyHardwareSecurity%4Admin.evtx","9/03/2021 9:22:03 PM","1","12/03/2021 2:10:33 PM","C:\WINDOWS\System32\Winevt\Logs\Microsoft-Windows-VerifyHardwareSecurity%4Admin.evtx","   0.07"
"5/04/2021 7:28:21 AM","10/03/2021 10:22:03 AM","5/04/2021 7:28:21 PM","12/03/2021 1:10:33 AM","Microsoft-Windows-VHDMP-Operational.evtx","9/03/2021 9:22:03 PM","1","12/03/2021 2:10:33 PM","C:\WINDOWS\System32\Winevt\Logs\Microsoft-Windows-VHDMP-Operational.evtx","   0.07"
"5/04/2021 7:28:21 AM","10/03/2021 10:22:03 AM","5/04/2021 7:28:21 PM","12/03/2021 1:10:33 AM","Microsoft-Windows-Volume%4Diagnostic.evtx","9/03/2021 9:22:03 PM","1","12/03/2021 2:10:33 PM","C:\WINDOWS\System32\Winevt\Logs\Microsoft-Windows-Volume%4Diagnostic.evtx","   0.07"
"5/04/2021 7:28:21 AM","24/06/2020 3:58:52 PM","5/04/2021 7:28:21 PM","4/04/2021 7:39:52 PM","Microsoft-Windows-VolumeSnapshot-Driver%4Operational.evtx","24/06/2020 3:58:52 AM","10","5/04/2021 7:39:52 AM","C:\WINDOWS\System32\Winevt\Logs\Microsoft-Windows-VolumeSnapshot-Driver%4Operational.evtx","   1.00"
"5/04/2021 7:28:21 AM","25/06/2020 1:43:38 PM","5/04/2021 7:28:21 PM","25/06/2020 7:26:21 AM","Microsoft-Windows-VPN%4Operational.evtx","25/06/2020 1:43:38 AM","1","25/06/2020 7:26:21 PM","C:\WINDOWS\System32\Winevt\Logs\Microsoft-Windows-VPN%4Operational.evtx","   0.07"
"5/04/2021 7:28:21 AM","10/03/2021 10:22:03 AM","5/04/2021 7:28:21 PM","12/03/2021 1:10:33 AM","Microsoft-Windows-VPN-Client%4Operational.evtx","9/03/2021 9:22:03 PM","1","12/03/2021 2:10:33 PM","C:\WINDOWS\System32\Winevt\Logs\Microsoft-Windows-VPN-Client%4Operational.evtx","   0.07"
"5/04/2021 7:28:21 AM","24/06/2020 3:58:52 PM","5/04/2021 7:28:21 PM","5/04/2021 12:25:10 AM","Microsoft-Windows-Wcmsvc%4Operational.evtx","24/06/2020 3:58:52 AM","8","5/04/2021 12:25:10 PM","C:\WINDOWS\System32\Winevt\Logs\Microsoft-Windows-Wcmsvc%4Operational.evtx","   1.00"
"5/04/2021 7:28:21 AM","24/06/2020 3:58:54 PM","5/04/2021 7:28:21 PM","3/04/2021 3:18:56 AM","Microsoft-Windows-WebAuthN%4Operational.evtx","24/06/2020 3:58:54 AM","10","3/04/2021 4:18:56 PM","C:\WINDOWS\System32\Winevt\Logs\Microsoft-Windows-WebAuthN%4Operational.evtx","   0.07"
"5/04/2021 7:05:10 AM","24/06/2020 10:29:37 PM","5/04/2021 7:05:10 PM","5/04/2021 7:05:10 AM","Microsoft-Windows-WER-PayloadHealth%4Operational.evtx","24/06/2020 10:29:37 AM","10","5/04/2021 7:05:10 PM","C:\WINDOWS\System32\Winevt\Logs\Microsoft-Windows-WER-PayloadHealth%4Operational.evtx","   1.00"
"5/04/2021 7:28:22 AM","25/06/2020 1:43:38 PM","5/04/2021 7:28:22 PM","3/04/2021 3:11:11 AM","Microsoft-Windows-WFP%4Operational.evtx","25/06/2020 1:43:38 AM","10","3/04/2021 4:11:11 PM","C:\WINDOWS\System32\Winevt\Logs\Microsoft-Windows-WFP%4Operational.evtx","   0.07"
"5/04/2021 7:28:22 AM","10/03/2021 10:22:03 AM","5/04/2021 7:28:22 PM","12/03/2021 1:10:33 AM","Microsoft-Windows-Win32k%4Operational.evtx","9/03/2021 9:22:03 PM","1","12/03/2021 2:10:33 PM","C:\WINDOWS\System32\Winevt\Logs\Microsoft-Windows-Win32k%4Operational.evtx","   0.07"
"5/04/2021 6:58:01 AM","24/06/2020 4:03:07 PM","5/04/2021 6:58:01 PM","5/04/2021 6:58:01 AM","Microsoft-Windows-Windows Defender%4Operational.evtx","24/06/2020 4:03:07 AM","7","5/04/2021 6:58:01 PM","C:\WINDOWS\System32\Winevt\Logs\Microsoft-Windows-Windows Defender%4Operational.evtx","   1.00"
"5/04/2021 7:28:22 AM","24/06/2020 4:03:07 PM","5/04/2021 7:28:22 PM","24/06/2020 4:17:44 AM","Microsoft-Windows-Windows Defender%4WHC.evtx","24/06/2020 4:03:07 AM","1","24/06/2020 4:17:44 PM","C:\WINDOWS\System32\Winevt\Logs\Microsoft-Windows-Windows Defender%4WHC.evtx","   0.07"
"5/04/2021 7:28:22 AM","24/06/2020 3:58:54 PM","5/04/2021 7:28:22 PM","24/06/2020 4:17:44 AM","Microsoft-Windows-Windows Firewall With Advanced Security%4ConnectionSecurity.evtx","24/06/2020 3:58:54 AM","1","24/06/2020 4:17:44 PM","C:\WINDOWS\System32\Winevt\Logs\Microsoft-Windows-Windows Firewall With Advanced Security%4ConnectionSecurity.evtx","   0.07"
"5/04/2021 7:28:22 AM","24/06/2020 3:58:52 PM","5/04/2021 7:28:22 PM","5/04/2021 4:23:24 AM","Microsoft-Windows-Windows Firewall With Advanced Security%4Firewall.evtx","24/06/2020 3:58:52 AM","6","5/04/2021 4:23:24 PM","C:\WINDOWS\System32\Winevt\Logs\Microsoft-Windows-Windows Firewall With Advanced Security%4Firewall.evtx","   1.00"
"5/04/2021 7:28:22 AM","24/06/2020 3:58:54 PM","5/04/2021 7:28:22 PM","3/04/2021 3:11:11 AM","Microsoft-Windows-Windows Firewall With Advanced Security%4FirewallDiagnostics.evtx","24/06/2020 3:58:54 AM","9","3/04/2021 4:11:11 PM","C:\WINDOWS\System32\Winevt\Logs\Microsoft-Windows-Windows Firewall With Advanced Security%4FirewallDiagnostics.evtx","   1.00"
"5/04/2021 7:28:22 AM","24/06/2020 4:06:45 PM","5/04/2021 7:28:22 PM","24/06/2020 4:17:44 AM","Microsoft-Windows-WindowsBackup%4ActionCenter.evtx","24/06/2020 4:06:45 AM","1","24/06/2020 4:17:44 PM","C:\WINDOWS\System32\Winevt\Logs\Microsoft-Windows-WindowsBackup%4ActionCenter.evtx","   0.07"
"5/04/2021 7:28:22 AM","25/06/2020 7:56:51 PM","5/04/2021 7:28:22 PM","3/04/2021 3:11:11 AM","Microsoft-Windows-WindowsSystemAssessmentTool%4Operational.evtx","25/06/2020 7:56:51 AM","10","3/04/2021 4:11:11 PM","C:\WINDOWS\System32\Winevt\Logs\Microsoft-Windows-WindowsSystemAssessmentTool%4Operational.evtx","   1.00"
"5/04/2021 7:21:23 AM","24/06/2020 4:03:11 PM","5/04/2021 7:21:23 PM","5/04/2021 7:21:23 AM","Microsoft-Windows-WindowsUpdateClient%4Operational.evtx","24/06/2020 4:03:11 AM","10","5/04/2021 7:21:23 PM","C:\WINDOWS\System32\Winevt\Logs\Microsoft-Windows-WindowsUpdateClient%4Operational.evtx","   1.00"
"5/04/2021 7:28:22 AM","24/06/2020 3:58:52 PM","5/04/2021 7:28:22 PM","24/06/2020 4:17:44 AM","Microsoft-Windows-WinINet-Config%4ProxyConfigChanged.evtx","24/06/2020 3:58:52 AM","10","24/06/2020 4:17:44 PM","C:\WINDOWS\System32\Winevt\Logs\Microsoft-Windows-WinINet-Config%4ProxyConfigChanged.evtx","   0.07"
"5/04/2021 7:24:47 AM","24/06/2020 4:03:10 PM","5/04/2021 7:24:47 PM","5/04/2021 7:24:47 AM","Microsoft-Windows-Winlogon%4Operational.evtx","24/06/2020 4:03:10 AM","6","5/04/2021 7:24:47 PM","C:\WINDOWS\System32\Winevt\Logs\Microsoft-Windows-Winlogon%4Operational.evtx","   1.00"
"5/04/2021 7:28:22 AM","24/06/2020 4:00:26 PM","5/04/2021 7:28:22 PM","5/04/2021 4:32:01 AM","Microsoft-Windows-WinRM%4Operational.evtx","24/06/2020 4:00:26 AM","5","5/04/2021 4:32:01 PM","C:\WINDOWS\System32\Winevt\Logs\Microsoft-Windows-WinRM%4Operational.evtx","   1.00"
"5/04/2021 7:28:22 AM","27/11/2020 11:08:26 PM","5/04/2021 7:28:22 PM","27/11/2020 10:10:08 AM","Microsoft-Windows-Winsock-WS2HELP%4Operational.evtx","27/11/2020 10:08:26 AM","9","27/11/2020 11:10:08 PM","C:\WINDOWS\System32\Winevt\Logs\Microsoft-Windows-Winsock-WS2HELP%4Operational.evtx","   0.07"
"5/04/2021 7:28:22 AM","10/03/2021 10:22:03 AM","5/04/2021 7:28:22 PM","12/03/2021 1:10:33 AM","Microsoft-Windows-Wired-AutoConfig%4Operational.evtx","9/03/2021 9:22:03 PM","1","12/03/2021 2:10:33 PM","C:\WINDOWS\System32\Winevt\Logs\Microsoft-Windows-Wired-AutoConfig%4Operational.evtx","   0.07"
"5/04/2021 7:28:22 AM","24/06/2020 3:58:52 PM","5/04/2021 7:28:22 PM","4/04/2021 10:43:50 PM","Microsoft-Windows-WLAN-AutoConfig%4Operational.evtx","24/06/2020 3:58:52 AM","8","5/04/2021 10:43:50 AM","C:\WINDOWS\System32\Winevt\Logs\Microsoft-Windows-WLAN-AutoConfig%4Operational.evtx","   1.00"
"5/04/2021 7:26:53 AM","24/06/2020 3:58:52 PM","5/04/2021 7:26:53 PM","5/04/2021 7:26:53 AM","Microsoft-Windows-WMI-Activity%4Operational.evtx","24/06/2020 3:58:52 AM","3","5/04/2021 7:26:53 PM","C:\WINDOWS\System32\Winevt\Logs\Microsoft-Windows-WMI-Activity%4Operational.evtx","   1.00"
"5/04/2021 7:28:22 AM","10/03/2021 10:22:03 AM","5/04/2021 7:28:22 PM","12/03/2021 1:10:33 AM","Microsoft-Windows-WMPNSS-Service%4Operational.evtx","9/03/2021 9:22:03 PM","1","12/03/2021 2:10:33 PM","C:\WINDOWS\System32\Winevt\Logs\Microsoft-Windows-WMPNSS-Service%4Operational.evtx","   0.07"
"5/04/2021 7:28:22 AM","10/03/2021 10:22:03 AM","5/04/2021 7:28:22 PM","12/03/2021 1:10:33 AM","Microsoft-Windows-WorkFolders%4Operational.evtx","9/03/2021 9:22:03 PM","1","12/03/2021 2:10:33 PM","C:\WINDOWS\System32\Winevt\Logs\Microsoft-Windows-WorkFolders%4Operational.evtx","   0.07"
"5/04/2021 7:28:22 AM","24/06/2020 4:06:45 PM","5/04/2021 7:28:22 PM","24/06/2020 4:17:44 AM","Microsoft-Windows-WorkFolders%4WHC.evtx","24/06/2020 4:06:45 AM","1","24/06/2020 4:17:44 PM","C:\WINDOWS\System32\Winevt\Logs\Microsoft-Windows-WorkFolders%4WHC.evtx","   0.07"
"5/04/2021 7:28:22 AM","10/03/2021 10:22:03 AM","5/04/2021 7:28:22 PM","12/03/2021 1:10:33 AM","Microsoft-Windows-Workplace Join%4Admin.evtx","9/03/2021 9:22:03 PM","1","12/03/2021 2:10:33 PM","C:\WINDOWS\System32\Winevt\Logs\Microsoft-Windows-Workplace Join%4Admin.evtx","   0.07"
"5/04/2021 7:28:22 AM","26/06/2020 10:33:08 AM","5/04/2021 7:28:22 PM","30/06/2020 3:49:29 AM","Microsoft-Windows-WPD-ClassInstaller%4Operational.evtx","25/06/2020 10:33:08 PM","1","30/06/2020 3:49:29 PM","C:\WINDOWS\System32\Winevt\Logs\Microsoft-Windows-WPD-ClassInstaller%4Operational.evtx","   0.07"
"5/04/2021 7:28:22 AM","10/03/2021 10:22:03 AM","5/04/2021 7:28:22 PM","12/03/2021 1:10:33 AM","Microsoft-Windows-WPD-CompositeClassDriver%4Operational.evtx","9/03/2021 9:22:03 PM","1","12/03/2021 2:10:33 PM","C:\WINDOWS\System32\Winevt\Logs\Microsoft-Windows-WPD-CompositeClassDriver%4Operational.evtx","   0.07"
"5/04/2021 7:28:22 AM","20/09/2020 4:28:29 PM","5/04/2021 7:28:22 PM","17/03/2021 9:18:30 AM","Microsoft-Windows-WPD-MTPClassDriver%4Operational.evtx","20/09/2020 4:28:29 AM","9","17/03/2021 10:18:30 PM","C:\WINDOWS\System32\Winevt\Logs\Microsoft-Windows-WPD-MTPClassDriver%4Operational.evtx","   0.07"
"5/04/2021 7:28:22 AM","10/03/2021 10:22:03 AM","5/04/2021 7:28:22 PM","12/03/2021 1:10:33 AM","Microsoft-Windows-WWAN-SVC-Events%4Operational.evtx","9/03/2021 9:22:03 PM","1","12/03/2021 2:10:33 PM","C:\WINDOWS\System32\Winevt\Logs\Microsoft-Windows-WWAN-SVC-Events%4Operational.evtx","   0.07"
"5/04/2021 7:28:22 AM","24/06/2020 3:58:52 PM","5/04/2021 7:28:22 PM","24/06/2020 4:17:44 AM","Microsoft-WindowsPhone-Connectivity-WiFiConnSvc-Channel.evtx","24/06/2020 3:58:52 AM","1","24/06/2020 4:17:44 PM","C:\WINDOWS\System32\Winevt\Logs\Microsoft-WindowsPhone-Connectivity-WiFiConnSvc-Channel.evtx","   0.07"
"5/04/2021 7:28:22 AM","24/06/2020 3:58:52 PM","5/04/2021 7:28:22 PM","3/04/2021 3:11:11 AM","OAlerts.evtx","24/06/2020 3:58:52 AM","10","3/04/2021 4:11:11 PM","C:\WINDOWS\System32\Winevt\Logs\OAlerts.evtx","   1.00"
"5/04/2021 7:24:46 AM","23/01/2021 4:40:52 PM","5/04/2021 7:24:46 PM","5/04/2021 7:24:46 AM","OneApp_IGCC.evtx","23/01/2021 3:40:52 AM","8","5/04/2021 7:24:46 PM","C:\WINDOWS\System32\Winevt\Logs\OneApp_IGCC.evtx","   1.00"
"5/04/2021 7:28:22 AM","10/03/2021 10:22:03 AM","5/04/2021 7:28:22 PM","12/03/2021 1:10:33 AM","OpenSSH%4Admin.evtx","9/03/2021 9:22:03 PM","1","12/03/2021 2:10:33 PM","C:\WINDOWS\System32\Winevt\Logs\OpenSSH%4Admin.evtx","   0.07"
"5/04/2021 7:28:22 AM","10/03/2021 10:22:03 AM","5/04/2021 7:28:22 PM","12/03/2021 1:10:33 AM","OpenSSH%4Operational.evtx","9/03/2021 9:22:03 PM","1","12/03/2021 2:10:33 PM","C:\WINDOWS\System32\Winevt\Logs\OpenSSH%4Operational.evtx","   0.07"
"5/04/2021 7:28:22 AM","24/06/2020 4:17:32 PM","5/04/2021 7:28:22 PM","24/06/2020 4:17:44 AM","Parameters.evtx","24/06/2020 4:17:32 AM","1","24/06/2020 4:17:44 PM","C:\WINDOWS\System32\Winevt\Logs\Parameters.evtx","   0.07"
"5/04/2021 7:24:43 AM","24/06/2020 3:58:52 PM","5/04/2021 7:24:43 PM","5/04/2021 7:24:43 AM","Security.evtx","24/06/2020 3:58:52 AM","5","5/04/2021 7:24:43 PM","C:\WINDOWS\System32\Winevt\Logs\Security.evtx","  20.00"
"5/04/2021 7:28:22 AM","24/06/2020 4:17:44 PM","5/04/2021 7:28:22 PM","17/03/2021 9:18:30 AM","Setup.evtx","24/06/2020 4:17:44 AM","10","17/03/2021 10:18:30 PM","C:\WINDOWS\System32\Winevt\Logs\Setup.evtx","   0.07"
"5/04/2021 7:28:22 AM","10/03/2021 10:22:03 AM","5/04/2021 7:28:22 PM","12/03/2021 1:10:33 AM","SMSApi.evtx","9/03/2021 9:22:03 PM","1","12/03/2021 2:10:33 PM","C:\WINDOWS\System32\Winevt\Logs\SMSApi.evtx","   0.07"
"5/04/2021 7:28:22 AM","24/06/2020 4:17:32 PM","5/04/2021 7:28:22 PM","24/06/2020 4:17:44 AM","State.evtx","24/06/2020 4:17:32 AM","1","24/06/2020 4:17:44 PM","C:\WINDOWS\System32\Winevt\Logs\State.evtx","   0.07"
"5/04/2021 7:28:21 AM","24/06/2020 3:58:52 PM","5/04/2021 7:28:21 PM","5/04/2021 7:24:46 AM","System.evtx","24/06/2020 3:58:52 AM","9","5/04/2021 7:24:46 PM","C:\WINDOWS\System32\Winevt\Logs\System.evtx","  20.00"
"5/04/2021 7:28:22 AM","24/06/2020 3:58:52 PM","5/04/2021 7:28:22 PM","5/04/2021 5:32:01 AM","Windows PowerShell.evtx","24/06/2020 3:58:52 AM","9","5/04/2021 5:32:01 PM","C:\WINDOWS\System32\Winevt\Logs\Windows PowerShell.evtx","  15.00"
