"15/06/2019 4:19:28 AM","15/06/2019 4:19:28 PM","15/06/2019 4:19:28 PM","NEWYORK","7/04/2021 8:06:44 AM","Microsoft-Windows-Known Folders API Service.evtx","15/06/2019 4:19:28 AM","11","7/04/2021 8:06:44 PM","C:\Windows\System32\Winevt\Logs\Microsoft-Windows-Known Folders API Service.evtx","   1.00","192.168.168.156","c18634be-183e-43ac-b183-65abbe7492d1","True"
"14/06/2019 12:36:01 PM","15/06/2019 12:36:01 AM","15/06/2019 12:36:01 AM","NEWYORK","7/04/2021 8:22:57 AM","Microsoft-Windows-LanguagePackSetup%4Operational.evtx","14/06/2019 12:36:01 PM","11","7/04/2021 8:22:57 PM","C:\Windows\System32\Winevt\Logs\Microsoft-Windows-LanguagePackSetup%4Operational.evtx","   0.07","192.168.168.156","c18634be-183e-43ac-b183-65abbe7492d1","True"
"15/06/2019 4:19:24 AM","15/06/2019 4:19:24 PM","15/06/2019 4:19:24 PM","NEWYORK","7/04/2021 8:02:58 AM","Microsoft-Windows-LiveId%4Operational.evtx","15/06/2019 4:19:24 AM","5","7/04/2021 8:02:58 PM","C:\Windows\System32\Winevt\Logs\Microsoft-Windows-LiveId%4Operational.evtx","   1.00","192.168.168.156","c18634be-183e-43ac-b183-65abbe7492d1","True"
"4/02/2020 8:18:37 AM","4/02/2020 9:18:37 PM","4/02/2020 9:18:37 PM","NEWYORK","4/02/2020 9:56:47 AM","Microsoft-Windows-ManagementTools-RegistryProvider%4Operational.evtx","4/02/2020 8:18:37 AM","1","4/02/2020 10:56:47 PM","C:\Windows\System32\Winevt\Logs\Microsoft-Windows-ManagementTools-RegistryProvider%4Operational.evtx","   0.07","192.168.168.156","c18634be-183e-43ac-b183-65abbe7492d1","True"
"4/02/2020 8:18:37 AM","4/02/2020 9:18:37 PM","4/02/2020 9:18:37 PM","NEWYORK","4/02/2020 9:56:47 AM","Microsoft-Windows-ManagementTools-TaskManagerProvider%4Operational.evtx","4/02/2020 8:18:37 AM","1","4/02/2020 10:56:47 PM","C:\Windows\System32\Winevt\Logs\Microsoft-Windows-ManagementTools-TaskManagerProvider%4Operational.evtx","   0.07","192.168.168.156","c18634be-183e-43ac-b183-65abbe7492d1","True"
"4/02/2020 8:18:37 AM","4/02/2020 9:18:37 PM","4/02/2020 9:18:37 PM","NEWYORK","4/02/2020 9:56:47 AM","Microsoft-Windows-MemoryDiagnostics-Results%4Debug.evtx","4/02/2020 8:18:37 AM","1","4/02/2020 10:56:47 PM","C:\Windows\System32\Winevt\Logs\Microsoft-Windows-MemoryDiagnostics-Results%4Debug.evtx","   0.07","192.168.168.156","c18634be-183e-43ac-b183-65abbe7492d1","True"
"4/02/2020 8:18:37 AM","4/02/2020 9:18:37 PM","4/02/2020 9:18:37 PM","NEWYORK","4/02/2020 9:56:47 AM","Microsoft-Windows-MiStreamProvider%4Operational.evtx","4/02/2020 8:18:37 AM","1","4/02/2020 10:56:47 PM","C:\Windows\System32\Winevt\Logs\Microsoft-Windows-MiStreamProvider%4Operational.evtx","   0.07","192.168.168.156","c18634be-183e-43ac-b183-65abbe7492d1","True"
"4/02/2020 8:18:37 AM","4/02/2020 9:18:37 PM","4/02/2020 9:18:37 PM","NEWYORK","4/02/2020 9:56:47 AM","Microsoft-Windows-Mobile-Broadband-Experience-Parser-Task%4Operational.evtx","4/02/2020 8:18:37 AM","1","4/02/2020 10:56:47 PM","C:\Windows\System32\Winevt\Logs\Microsoft-Windows-Mobile-Broadband-Experience-Parser-Task%4Operational.evtx","   0.07","192.168.168.156","c18634be-183e-43ac-b183-65abbe7492d1","True"
"4/02/2020 8:18:37 AM","4/02/2020 9:18:37 PM","4/02/2020 9:18:37 PM","NEWYORK","4/02/2020 9:56:47 AM","Microsoft-Windows-Mobile-Broadband-Experience-SmsRouter%4Admin.evtx","4/02/2020 8:18:37 AM","1","4/02/2020 10:56:47 PM","C:\Windows\System32\Winevt\Logs\Microsoft-Windows-Mobile-Broadband-Experience-SmsRouter%4Admin.evtx","   0.07","192.168.168.156","c18634be-183e-43ac-b183-65abbe7492d1","True"
"4/02/2020 8:18:37 AM","4/02/2020 9:18:37 PM","4/02/2020 9:18:37 PM","NEWYORK","4/02/2020 9:56:47 AM","Microsoft-Windows-Mprddm%4Operational.evtx","4/02/2020 8:18:37 AM","1","4/02/2020 10:56:47 PM","C:\Windows\System32\Winevt\Logs\Microsoft-Windows-Mprddm%4Operational.evtx","   0.07","192.168.168.156","c18634be-183e-43ac-b183-65abbe7492d1","True"
"4/02/2020 8:18:37 AM","4/02/2020 9:18:37 PM","4/02/2020 9:18:37 PM","NEWYORK","4/02/2020 9:56:47 AM","Microsoft-Windows-MsLbfoProvider%4Operational.evtx","4/02/2020 8:18:37 AM","1","4/02/2020 10:56:47 PM","C:\Windows\System32\Winevt\Logs\Microsoft-Windows-MsLbfoProvider%4Operational.evtx","   0.07","192.168.168.156","c18634be-183e-43ac-b183-65abbe7492d1","True"
"14/06/2019 9:20:26 AM","14/06/2019 9:20:26 PM","14/06/2019 9:20:26 PM","NEWYORK","14/06/2019 9:22:18 AM","Microsoft-Windows-MUI%4Admin.evtx","14/06/2019 9:20:26 AM","1","14/06/2019 9:22:18 PM","C:\Windows\System32\Winevt\Logs\Microsoft-Windows-MUI%4Admin.evtx","   0.07","192.168.168.156","c18634be-183e-43ac-b183-65abbe7492d1","True"
"14/06/2019 9:20:25 AM","14/06/2019 9:20:25 PM","14/06/2019 9:20:25 PM","NEWYORK","3/09/2020 6:20:15 AM","Microsoft-Windows-MUI%4Operational.evtx","14/06/2019 9:20:25 AM","11","3/09/2020 6:20:15 PM","C:\Windows\System32\Winevt\Logs\Microsoft-Windows-MUI%4Operational.evtx","   0.07","192.168.168.156","c18634be-183e-43ac-b183-65abbe7492d1","True"
"15/06/2019 4:19:19 AM","15/06/2019 4:19:19 PM","15/06/2019 4:19:19 PM","NEWYORK","7/04/2021 8:02:54 AM","Microsoft-Windows-NCSI%4Operational.evtx","15/06/2019 4:19:19 AM","11","7/04/2021 8:02:54 PM","C:\Windows\System32\Winevt\Logs\Microsoft-Windows-NCSI%4Operational.evtx","   1.00","192.168.168.156","c18634be-183e-43ac-b183-65abbe7492d1","True"
"4/02/2020 8:18:37 AM","4/02/2020 9:18:37 PM","4/02/2020 9:18:37 PM","NEWYORK","4/02/2020 9:56:47 AM","Microsoft-Windows-NdisImPlatform%4Operational.evtx","4/02/2020 8:18:37 AM","1","4/02/2020 10:56:47 PM","C:\Windows\System32\Winevt\Logs\Microsoft-Windows-NdisImPlatform%4Operational.evtx","   0.07","192.168.168.156","c18634be-183e-43ac-b183-65abbe7492d1","True"
"4/02/2020 8:18:37 AM","4/02/2020 9:18:37 PM","4/02/2020 9:18:37 PM","NEWYORK","4/02/2020 9:56:47 AM","Microsoft-Windows-NetworkLocationWizard%4Operational.evtx","4/02/2020 8:18:37 AM","1","4/02/2020 10:56:47 PM","C:\Windows\System32\Winevt\Logs\Microsoft-Windows-NetworkLocationWizard%4Operational.evtx","   0.07","192.168.168.156","c18634be-183e-43ac-b183-65abbe7492d1","True"
"15/06/2019 4:19:22 AM","15/06/2019 4:19:22 PM","15/06/2019 4:19:22 PM","NEWYORK","7/04/2021 8:02:53 AM","Microsoft-Windows-NetworkProfile%4Operational.evtx","15/06/2019 4:19:22 AM","11","7/04/2021 8:02:53 PM","C:\Windows\System32\Winevt\Logs\Microsoft-Windows-NetworkProfile%4Operational.evtx","   1.00","192.168.168.156","c18634be-183e-43ac-b183-65abbe7492d1","True"
"4/02/2020 8:18:37 AM","4/02/2020 9:18:37 PM","4/02/2020 9:18:37 PM","NEWYORK","4/02/2020 9:56:47 AM","Microsoft-Windows-NetworkProvider%4Operational.evtx","4/02/2020 8:18:37 AM","1","4/02/2020 10:56:47 PM","C:\Windows\System32\Winevt\Logs\Microsoft-Windows-NetworkProvider%4Operational.evtx","   0.07","192.168.168.156","c18634be-183e-43ac-b183-65abbe7492d1","True"
"14/06/2019 8:47:22 PM","15/06/2019 8:47:22 AM","15/06/2019 8:47:22 AM","NEWYORK","2/10/2020 6:22:19 AM","Microsoft-Windows-NlaSvc%4Operational.evtx","14/06/2019 8:47:22 PM","11","2/10/2020 7:22:19 PM","C:\Windows\System32\Winevt\Logs\Microsoft-Windows-NlaSvc%4Operational.evtx","   0.07","192.168.168.156","c18634be-183e-43ac-b183-65abbe7492d1","True"
"15/06/2019 4:19:21 AM","15/06/2019 4:19:21 PM","15/06/2019 4:19:21 PM","NEWYORK","7/04/2021 8:02:52 AM","Microsoft-Windows-Ntfs%4Operational.evtx","15/06/2019 4:19:21 AM","11","7/04/2021 8:02:52 PM","C:\Windows\System32\Winevt\Logs\Microsoft-Windows-Ntfs%4Operational.evtx","   1.00","192.168.168.156","c18634be-183e-43ac-b183-65abbe7492d1","True"
"15/06/2019 4:19:21 AM","15/06/2019 4:19:21 PM","15/06/2019 4:19:21 PM","NEWYORK","7/04/2021 8:02:52 AM","Microsoft-Windows-Ntfs%4WHC.evtx","15/06/2019 4:19:21 AM","11","7/04/2021 8:02:52 PM","C:\Windows\System32\Winevt\Logs\Microsoft-Windows-Ntfs%4WHC.evtx","   0.07","192.168.168.156","c18634be-183e-43ac-b183-65abbe7492d1","True"
"4/02/2020 8:18:38 AM","4/02/2020 9:18:38 PM","4/02/2020 9:18:38 PM","NEWYORK","4/02/2020 9:56:47 AM","Microsoft-Windows-NTLM%4Operational.evtx","4/02/2020 8:18:38 AM","1","4/02/2020 10:56:47 PM","C:\Windows\System32\Winevt\Logs\Microsoft-Windows-NTLM%4Operational.evtx","   0.07","192.168.168.156","c18634be-183e-43ac-b183-65abbe7492d1","True"
"4/02/2020 8:18:38 AM","4/02/2020 9:18:38 PM","4/02/2020 9:18:38 PM","NEWYORK","4/02/2020 9:56:47 AM","Microsoft-Windows-OfflineFiles%4Operational.evtx","4/02/2020 8:18:38 AM","1","4/02/2020 10:56:47 PM","C:\Windows\System32\Winevt\Logs\Microsoft-Windows-OfflineFiles%4Operational.evtx","   0.07","192.168.168.156","c18634be-183e-43ac-b183-65abbe7492d1","True"
"4/02/2020 8:18:38 AM","4/02/2020 9:18:38 PM","4/02/2020 9:18:38 PM","NEWYORK","4/02/2020 9:56:47 AM","Microsoft-Windows-OneBackup%4Debug.evtx","4/02/2020 8:18:38 AM","1","4/02/2020 10:56:47 PM","C:\Windows\System32\Winevt\Logs\Microsoft-Windows-OneBackup%4Debug.evtx","   0.07","192.168.168.156","c18634be-183e-43ac-b183-65abbe7492d1","True"
"4/02/2020 8:18:38 AM","4/02/2020 9:18:38 PM","4/02/2020 9:18:38 PM","NEWYORK","4/02/2020 9:56:47 AM","Microsoft-Windows-OOBE-Machine-DUI%4Operational.evtx","4/02/2020 8:18:38 AM","1","4/02/2020 10:56:47 PM","C:\Windows\System32\Winevt\Logs\Microsoft-Windows-OOBE-Machine-DUI%4Operational.evtx","   0.07","192.168.168.156","c18634be-183e-43ac-b183-65abbe7492d1","True"
"4/02/2020 8:18:38 AM","4/02/2020 9:18:38 PM","4/02/2020 9:18:38 PM","NEWYORK","4/02/2020 9:56:47 AM","Microsoft-Windows-PackageStateRoaming%4Operational.evtx","4/02/2020 8:18:38 AM","1","4/02/2020 10:56:47 PM","C:\Windows\System32\Winevt\Logs\Microsoft-Windows-PackageStateRoaming%4Operational.evtx","   0.07","192.168.168.156","c18634be-183e-43ac-b183-65abbe7492d1","True"
"4/02/2020 8:18:38 AM","4/02/2020 9:18:38 PM","4/02/2020 9:18:38 PM","NEWYORK","4/02/2020 9:56:47 AM","Microsoft-Windows-Partition%4Diagnostic.evtx","4/02/2020 8:18:38 AM","1","4/02/2020 10:56:47 PM","C:\Windows\System32\Winevt\Logs\Microsoft-Windows-Partition%4Diagnostic.evtx","   0.07","192.168.168.156","c18634be-183e-43ac-b183-65abbe7492d1","True"
"4/02/2020 8:18:38 AM","4/02/2020 9:18:38 PM","4/02/2020 9:18:38 PM","NEWYORK","4/02/2020 9:56:47 AM","Microsoft-Windows-PerceptionRuntime%4Operational.evtx","4/02/2020 8:18:38 AM","1","4/02/2020 10:56:47 PM","C:\Windows\System32\Winevt\Logs\Microsoft-Windows-PerceptionRuntime%4Operational.evtx","   0.07","192.168.168.156","c18634be-183e-43ac-b183-65abbe7492d1","True"
"4/02/2020 8:18:38 AM","4/02/2020 9:18:38 PM","4/02/2020 9:18:38 PM","NEWYORK","4/02/2020 9:56:47 AM","Microsoft-Windows-PerceptionSensorDataService%4Operational.evtx","4/02/2020 8:18:38 AM","1","4/02/2020 10:56:47 PM","C:\Windows\System32\Winevt\Logs\Microsoft-Windows-PerceptionSensorDataService%4Operational.evtx","   0.07","192.168.168.156","c18634be-183e-43ac-b183-65abbe7492d1","True"
"4/02/2020 8:18:38 AM","4/02/2020 9:18:38 PM","4/02/2020 9:18:38 PM","NEWYORK","4/02/2020 9:56:47 AM","Microsoft-Windows-Policy%4Operational.evtx","4/02/2020 8:18:38 AM","1","4/02/2020 10:56:47 PM","C:\Windows\System32\Winevt\Logs\Microsoft-Windows-Policy%4Operational.evtx","   0.07","192.168.168.156","c18634be-183e-43ac-b183-65abbe7492d1","True"
"14/06/2019 12:33:52 PM","15/06/2019 12:33:52 AM","15/06/2019 12:33:52 AM","NEWYORK","14/06/2019 12:48:39 PM","Microsoft-Windows-PowerShell%4Admin.evtx","14/06/2019 12:33:52 PM","1","15/06/2019 12:48:39 AM","C:\Windows\System32\Winevt\Logs\Microsoft-Windows-PowerShell%4Admin.evtx","   0.07","192.168.168.156","c18634be-183e-43ac-b183-65abbe7492d1","True"
"14/06/2019 12:33:52 PM","15/06/2019 12:33:52 AM","15/06/2019 12:33:52 AM","NEWYORK","7/04/2021 9:20:31 AM","Microsoft-Windows-PowerShell%4Operational.evtx","14/06/2019 12:33:52 PM","2","7/04/2021 9:20:31 PM","C:\Windows\System32\Winevt\Logs\Microsoft-Windows-PowerShell%4Operational.evtx","  15.00","192.168.168.156","c18634be-183e-43ac-b183-65abbe7492d1","True"
"4/02/2020 8:18:38 AM","4/02/2020 9:18:38 PM","4/02/2020 9:18:38 PM","NEWYORK","4/02/2020 9:56:47 AM","Microsoft-Windows-PowerShell-DesiredStateConfiguration-FileDownloadManager%4Operational.evtx","4/02/2020 8:18:38 AM","1","4/02/2020 10:56:47 PM","C:\Windows\System32\Winevt\Logs\Microsoft-Windows-PowerShell-DesiredStateConfiguration-FileDownloadManager%4Operational.evtx","   0.07","192.168.168.156","c18634be-183e-43ac-b183-65abbe7492d1","True"
"4/02/2020 8:18:38 AM","4/02/2020 9:18:38 PM","4/02/2020 9:18:38 PM","NEWYORK","4/02/2020 9:56:47 AM","Microsoft-Windows-PrintBRM%4Admin.evtx","4/02/2020 8:18:38 AM","1","4/02/2020 10:56:47 PM","C:\Windows\System32\Winevt\Logs\Microsoft-Windows-PrintBRM%4Admin.evtx","   0.07","192.168.168.156","c18634be-183e-43ac-b183-65abbe7492d1","True"
"4/02/2020 8:18:38 AM","4/02/2020 9:18:38 PM","4/02/2020 9:18:38 PM","NEWYORK","4/02/2020 9:56:47 AM","Microsoft-Windows-PrintService%4Admin.evtx","4/02/2020 8:18:38 AM","1","4/02/2020 10:56:47 PM","C:\Windows\System32\Winevt\Logs\Microsoft-Windows-PrintService%4Admin.evtx","   0.07","192.168.168.156","c18634be-183e-43ac-b183-65abbe7492d1","True"
"15/06/2019 4:19:19 AM","15/06/2019 4:19:19 PM","15/06/2019 4:19:19 PM","NEWYORK","15/06/2019 4:19:50 AM","Microsoft-Windows-Program-Compatibility-Assistant%4CompatAfterUpgrade.evtx","15/06/2019 4:19:19 AM","1","15/06/2019 4:19:50 PM","C:\Windows\System32\Winevt\Logs\Microsoft-Windows-Program-Compatibility-Assistant%4CompatAfterUpgrade.evtx","   0.07","192.168.168.156","c18634be-183e-43ac-b183-65abbe7492d1","True"
"14/06/2019 9:20:50 AM","14/06/2019 9:20:50 PM","14/06/2019 9:20:50 PM","NEWYORK","14/06/2019 9:22:18 AM","Microsoft-Windows-PushNotification-Platform%4Admin.evtx","14/06/2019 9:20:50 AM","1","14/06/2019 9:22:18 PM","C:\Windows\System32\Winevt\Logs\Microsoft-Windows-PushNotification-Platform%4Admin.evtx","   0.07","192.168.168.156","c18634be-183e-43ac-b183-65abbe7492d1","True"
"14/06/2019 9:20:50 AM","14/06/2019 9:20:50 PM","14/06/2019 9:20:50 PM","NEWYORK","5/04/2021 9:55:45 AM","Microsoft-Windows-PushNotification-Platform%4Operational.evtx","14/06/2019 9:20:50 AM","9","5/04/2021 9:55:45 PM","C:\Windows\System32\Winevt\Logs\Microsoft-Windows-PushNotification-Platform%4Operational.evtx","   1.00","192.168.168.156","c18634be-183e-43ac-b183-65abbe7492d1","True"
"4/02/2020 8:18:38 AM","4/02/2020 9:18:38 PM","4/02/2020 9:18:38 PM","NEWYORK","4/02/2020 9:56:47 AM","Microsoft-Windows-ReadyBoost%4Operational.evtx","4/02/2020 8:18:38 AM","1","4/02/2020 10:56:47 PM","C:\Windows\System32\Winevt\Logs\Microsoft-Windows-ReadyBoost%4Operational.evtx","   0.07","192.168.168.156","c18634be-183e-43ac-b183-65abbe7492d1","True"
"4/02/2020 8:18:38 AM","4/02/2020 9:18:38 PM","4/02/2020 9:18:38 PM","NEWYORK","4/02/2020 9:56:47 AM","Microsoft-Windows-ReFS%4Operational.evtx","4/02/2020 8:18:38 AM","1","4/02/2020 10:56:47 PM","C:\Windows\System32\Winevt\Logs\Microsoft-Windows-ReFS%4Operational.evtx","   0.07","192.168.168.156","c18634be-183e-43ac-b183-65abbe7492d1","True"
"4/02/2020 8:18:38 AM","4/02/2020 9:18:38 PM","4/02/2020 9:18:38 PM","NEWYORK","4/02/2020 9:56:47 AM","Microsoft-Windows-Regsvr32%4Operational.evtx","4/02/2020 8:18:38 AM","1","4/02/2020 10:56:47 PM","C:\Windows\System32\Winevt\Logs\Microsoft-Windows-Regsvr32%4Operational.evtx","   0.07","192.168.168.156","c18634be-183e-43ac-b183-65abbe7492d1","True"
"4/02/2020 8:18:38 AM","4/02/2020 9:18:38 PM","4/02/2020 9:18:38 PM","NEWYORK","4/02/2020 9:56:47 AM","Microsoft-Windows-RemoteApp and Desktop Connections%4Admin.evtx","4/02/2020 8:18:38 AM","1","4/02/2020 10:56:47 PM","C:\Windows\System32\Winevt\Logs\Microsoft-Windows-RemoteApp and Desktop Connections%4Admin.evtx","   0.07","192.168.168.156","c18634be-183e-43ac-b183-65abbe7492d1","True"
"4/02/2020 8:18:38 AM","4/02/2020 9:18:38 PM","4/02/2020 9:18:38 PM","NEWYORK","4/02/2020 9:56:47 AM","Microsoft-Windows-RemoteApp and Desktop Connections%4Operational.evtx","4/02/2020 8:18:38 AM","1","4/02/2020 10:56:47 PM","C:\Windows\System32\Winevt\Logs\Microsoft-Windows-RemoteApp and Desktop Connections%4Operational.evtx","   0.07","192.168.168.156","c18634be-183e-43ac-b183-65abbe7492d1","True"
"4/02/2020 8:18:38 AM","4/02/2020 9:18:38 PM","4/02/2020 9:18:38 PM","NEWYORK","4/02/2020 9:56:47 AM","Microsoft-Windows-RemoteDesktopServices-RdpCoreTS%4Admin.evtx","4/02/2020 8:18:38 AM","1","4/02/2020 10:56:47 PM","C:\Windows\System32\Winevt\Logs\Microsoft-Windows-RemoteDesktopServices-RdpCoreTS%4Admin.evtx","   0.07","192.168.168.156","c18634be-183e-43ac-b183-65abbe7492d1","True"
"4/02/2020 8:18:38 AM","4/02/2020 9:18:38 PM","4/02/2020 9:18:38 PM","NEWYORK","4/02/2020 9:56:47 AM","Microsoft-Windows-RemoteDesktopServices-RdpCoreTS%4Operational.evtx","4/02/2020 8:18:38 AM","1","4/02/2020 10:56:47 PM","C:\Windows\System32\Winevt\Logs\Microsoft-Windows-RemoteDesktopServices-RdpCoreTS%4Operational.evtx","   0.07","192.168.168.156","c18634be-183e-43ac-b183-65abbe7492d1","True"
"4/02/2020 8:18:38 AM","4/02/2020 9:18:38 PM","4/02/2020 9:18:38 PM","NEWYORK","4/02/2020 9:56:47 AM","Microsoft-Windows-RemoteDesktopServices-RemoteFX-Synth3dvsc%4Admin.evtx","4/02/2020 8:18:38 AM","1","4/02/2020 10:56:47 PM","C:\Windows\System32\Winevt\Logs\Microsoft-Windows-RemoteDesktopServices-RemoteFX-Synth3dvsc%4Admin.evtx","   0.07","192.168.168.156","c18634be-183e-43ac-b183-65abbe7492d1","True"
"4/02/2020 8:18:38 AM","4/02/2020 9:18:38 PM","4/02/2020 9:18:38 PM","NEWYORK","4/02/2020 9:56:47 AM","Microsoft-Windows-RemoteDesktopServices-SessionServices%4Operational.evtx","4/02/2020 8:18:38 AM","1","4/02/2020 10:56:47 PM","C:\Windows\System32\Winevt\Logs\Microsoft-Windows-RemoteDesktopServices-SessionServices%4Operational.evtx","   0.07","192.168.168.156","c18634be-183e-43ac-b183-65abbe7492d1","True"
"14/06/2019 9:24:52 AM","14/06/2019 9:24:52 PM","14/06/2019 9:24:52 PM","NEWYORK","7/04/2021 8:15:10 AM","Microsoft-Windows-Resource-Exhaustion-Detector%4Operational.evtx","14/06/2019 9:24:52 AM","11","7/04/2021 8:15:10 PM","C:\Windows\System32\Winevt\Logs\Microsoft-Windows-Resource-Exhaustion-Detector%4Operational.evtx","   1.00","192.168.168.156","c18634be-183e-43ac-b183-65abbe7492d1","True"
"29/09/2019 3:17:52 AM","29/09/2019 4:17:52 PM","29/09/2019 4:17:52 PM","NEWYORK","28/03/2021 3:31:59 AM","Microsoft-Windows-Resource-Exhaustion-Resolver%4Operational.evtx","29/09/2019 3:17:52 AM","11","28/03/2021 4:31:59 PM","C:\Windows\System32\Winevt\Logs\Microsoft-Windows-Resource-Exhaustion-Resolver%4Operational.evtx","   0.07","192.168.168.156","c18634be-183e-43ac-b183-65abbe7492d1","True"
"14/06/2019 9:21:06 AM","14/06/2019 9:21:06 PM","14/06/2019 9:21:06 PM","NEWYORK","14/06/2019 9:22:18 AM","Microsoft-Windows-RestartManager%4Operational.evtx","14/06/2019 9:21:06 AM","1","14/06/2019 9:22:18 PM","C:\Windows\System32\Winevt\Logs\Microsoft-Windows-RestartManager%4Operational.evtx","   0.07","192.168.168.156","c18634be-183e-43ac-b183-65abbe7492d1","True"
"4/02/2020 8:18:38 AM","4/02/2020 9:18:38 PM","4/02/2020 9:18:38 PM","NEWYORK","4/02/2020 9:56:47 AM","Microsoft-Windows-ScmBus%4Certification.evtx","4/02/2020 8:18:38 AM","1","4/02/2020 10:56:47 PM","C:\Windows\System32\Winevt\Logs\Microsoft-Windows-ScmBus%4Certification.evtx","   0.07","192.168.168.156","c18634be-183e-43ac-b183-65abbe7492d1","True"
"4/02/2020 8:18:38 AM","4/02/2020 9:18:38 PM","4/02/2020 9:18:38 PM","NEWYORK","4/02/2020 9:56:47 AM","Microsoft-Windows-ScmDisk0101%4Operational.evtx","4/02/2020 8:18:38 AM","1","4/02/2020 10:56:47 PM","C:\Windows\System32\Winevt\Logs\Microsoft-Windows-ScmDisk0101%4Operational.evtx","   0.07","192.168.168.156","c18634be-183e-43ac-b183-65abbe7492d1","True"
"4/02/2020 8:18:38 AM","4/02/2020 9:18:38 PM","4/02/2020 9:18:38 PM","NEWYORK","4/02/2020 9:56:47 AM","Microsoft-Windows-SearchUI%4Operational.evtx","4/02/2020 8:18:38 AM","1","4/02/2020 10:56:47 PM","C:\Windows\System32\Winevt\Logs\Microsoft-Windows-SearchUI%4Operational.evtx","   0.07","192.168.168.156","c18634be-183e-43ac-b183-65abbe7492d1","True"
"4/02/2020 8:18:38 AM","4/02/2020 9:18:38 PM","4/02/2020 9:18:38 PM","NEWYORK","7/04/2021 8:06:44 AM","Microsoft-Windows-Security-Audit-Configuration-Client%4Operational.evtx","4/02/2020 8:18:38 AM","10","7/04/2021 8:06:44 PM","C:\Windows\System32\Winevt\Logs\Microsoft-Windows-Security-Audit-Configuration-Client%4Operational.evtx","   1.00","192.168.168.156","c18634be-183e-43ac-b183-65abbe7492d1","True"
"4/02/2020 8:18:38 AM","4/02/2020 9:18:38 PM","4/02/2020 9:18:38 PM","NEWYORK","4/02/2020 9:56:47 AM","Microsoft-Windows-Security-EnterpriseData-FileRevocationManager%4Operational.evtx","4/02/2020 8:18:38 AM","1","4/02/2020 10:56:47 PM","C:\Windows\System32\Winevt\Logs\Microsoft-Windows-Security-EnterpriseData-FileRevocationManager%4Operational.evtx","   0.07","192.168.168.156","c18634be-183e-43ac-b183-65abbe7492d1","True"
"4/02/2020 8:18:38 AM","4/02/2020 9:18:38 PM","4/02/2020 9:18:38 PM","NEWYORK","4/02/2020 9:56:47 AM","Microsoft-Windows-Security-Netlogon%4Operational.evtx","4/02/2020 8:18:38 AM","1","4/02/2020 10:56:47 PM","C:\Windows\System32\Winevt\Logs\Microsoft-Windows-Security-Netlogon%4Operational.evtx","   0.07","192.168.168.156","c18634be-183e-43ac-b183-65abbe7492d1","True"
"4/02/2020 8:18:38 AM","4/02/2020 9:18:38 PM","4/02/2020 9:18:38 PM","NEWYORK","4/02/2020 9:56:47 AM","Microsoft-Windows-Security-SPP-UX-GenuineCenter-Logging%4Operational.evtx","4/02/2020 8:18:38 AM","1","4/02/2020 10:56:47 PM","C:\Windows\System32\Winevt\Logs\Microsoft-Windows-Security-SPP-UX-GenuineCenter-Logging%4Operational.evtx","   0.07","192.168.168.156","c18634be-183e-43ac-b183-65abbe7492d1","True"
"14/06/2019 9:21:13 AM","14/06/2019 9:21:13 PM","14/06/2019 9:21:13 PM","NEWYORK","5/04/2021 9:55:45 AM","Microsoft-Windows-Security-SPP-UX-Notifications%4ActionCenter.evtx","14/06/2019 9:21:13 AM","11","5/04/2021 9:55:45 PM","C:\Windows\System32\Winevt\Logs\Microsoft-Windows-Security-SPP-UX-Notifications%4ActionCenter.evtx","   0.07","192.168.168.156","c18634be-183e-43ac-b183-65abbe7492d1","True"
"4/02/2020 8:18:38 AM","4/02/2020 9:18:38 PM","4/02/2020 9:18:38 PM","NEWYORK","4/02/2020 9:56:47 AM","Microsoft-Windows-Security-UserConsentVerifier%4Audit.evtx","4/02/2020 8:18:38 AM","1","4/02/2020 10:56:47 PM","C:\Windows\System32\Winevt\Logs\Microsoft-Windows-Security-UserConsentVerifier%4Audit.evtx","   0.07","192.168.168.156","c18634be-183e-43ac-b183-65abbe7492d1","True"
"4/02/2020 8:18:38 AM","4/02/2020 9:18:38 PM","4/02/2020 9:18:38 PM","NEWYORK","4/02/2020 9:56:47 AM","Microsoft-Windows-ServerEssentials-Deployment%4Deploy.evtx","4/02/2020 8:18:38 AM","1","4/02/2020 10:56:47 PM","C:\Windows\System32\Winevt\Logs\Microsoft-Windows-ServerEssentials-Deployment%4Deploy.evtx","   0.07","192.168.168.156","c18634be-183e-43ac-b183-65abbe7492d1","True"
"4/02/2020 8:18:38 AM","4/02/2020 9:18:38 PM","4/02/2020 9:18:38 PM","NEWYORK","4/02/2020 9:56:47 AM","Microsoft-Windows-ServerManager-ConfigureSMRemoting%4Operational.evtx","4/02/2020 8:18:38 AM","1","4/02/2020 10:56:47 PM","C:\Windows\System32\Winevt\Logs\Microsoft-Windows-ServerManager-ConfigureSMRemoting%4Operational.evtx","   0.07","192.168.168.156","c18634be-183e-43ac-b183-65abbe7492d1","True"
"14/06/2019 9:20:45 AM","14/06/2019 9:20:45 PM","14/06/2019 9:20:45 PM","NEWYORK","7/04/2021 8:03:00 AM","Microsoft-Windows-ServerManager-DeploymentProvider%4Operational.evtx","14/06/2019 9:20:45 AM","11","7/04/2021 8:03:00 PM","C:\Windows\System32\Winevt\Logs\Microsoft-Windows-ServerManager-DeploymentProvider%4Operational.evtx","   1.00","192.168.168.156","c18634be-183e-43ac-b183-65abbe7492d1","True"
"14/06/2019 9:21:37 AM","14/06/2019 9:21:37 PM","14/06/2019 9:21:37 PM","NEWYORK","5/04/2021 9:55:45 AM","Microsoft-Windows-ServerManager-MgmtProvider%4Operational.evtx","14/06/2019 9:21:37 AM","10","5/04/2021 9:55:45 PM","C:\Windows\System32\Winevt\Logs\Microsoft-Windows-ServerManager-MgmtProvider%4Operational.evtx","   1.00","192.168.168.156","c18634be-183e-43ac-b183-65abbe7492d1","True"
"14/06/2019 9:21:18 AM","14/06/2019 9:21:18 PM","14/06/2019 9:21:18 PM","NEWYORK","14/06/2019 9:22:18 AM","Microsoft-Windows-ServerManager-MultiMachine%4Admin.evtx","14/06/2019 9:21:18 AM","1","14/06/2019 9:22:18 PM","C:\Windows\System32\Winevt\Logs\Microsoft-Windows-ServerManager-MultiMachine%4Admin.evtx","   0.07","192.168.168.156","c18634be-183e-43ac-b183-65abbe7492d1","True"
"14/06/2019 9:21:18 AM","14/06/2019 9:21:18 PM","14/06/2019 9:21:18 PM","NEWYORK","5/04/2021 9:55:45 AM","Microsoft-Windows-ServerManager-MultiMachine%4Operational.evtx","14/06/2019 9:21:18 AM","9","5/04/2021 9:55:45 PM","C:\Windows\System32\Winevt\Logs\Microsoft-Windows-ServerManager-MultiMachine%4Operational.evtx","   1.00","192.168.168.156","c18634be-183e-43ac-b183-65abbe7492d1","True"
"14/06/2019 9:20:37 AM","14/06/2019 9:20:37 PM","14/06/2019 9:20:37 PM","NEWYORK","5/04/2021 9:55:45 AM","Microsoft-Windows-SettingSync%4Debug.evtx","14/06/2019 9:20:37 AM","11","5/04/2021 9:55:45 PM","C:\Windows\System32\Winevt\Logs\Microsoft-Windows-SettingSync%4Debug.evtx","   1.00","192.168.168.156","c18634be-183e-43ac-b183-65abbe7492d1","True"
"14/06/2019 9:20:37 AM","14/06/2019 9:20:37 PM","14/06/2019 9:20:37 PM","NEWYORK","9/07/2019 1:40:18 AM","Microsoft-Windows-SettingSync%4Operational.evtx","14/06/2019 9:20:37 AM","11","9/07/2019 1:40:18 PM","C:\Windows\System32\Winevt\Logs\Microsoft-Windows-SettingSync%4Operational.evtx","   0.07","192.168.168.156","c18634be-183e-43ac-b183-65abbe7492d1","True"
"4/02/2020 8:18:38 AM","4/02/2020 9:18:38 PM","4/02/2020 9:18:38 PM","NEWYORK","4/02/2020 9:56:47 AM","Microsoft-Windows-SettingSync-Azure%4Debug.evtx","4/02/2020 8:18:38 AM","1","4/02/2020 10:56:47 PM","C:\Windows\System32\Winevt\Logs\Microsoft-Windows-SettingSync-Azure%4Debug.evtx","   0.07","192.168.168.156","c18634be-183e-43ac-b183-65abbe7492d1","True"
"4/02/2020 8:18:38 AM","4/02/2020 9:18:38 PM","4/02/2020 9:18:38 PM","NEWYORK","4/02/2020 9:56:47 AM","Microsoft-Windows-SettingSync-Azure%4Operational.evtx","4/02/2020 8:18:38 AM","1","4/02/2020 10:56:47 PM","C:\Windows\System32\Winevt\Logs\Microsoft-Windows-SettingSync-Azure%4Operational.evtx","   0.07","192.168.168.156","c18634be-183e-43ac-b183-65abbe7492d1","True"
"14/06/2019 9:26:04 AM","14/06/2019 9:26:04 PM","14/06/2019 9:26:04 PM","NEWYORK","14/06/2019 9:39:37 AM","Microsoft-Windows-Shell-ConnectedAccountState%4ActionCenter.evtx","14/06/2019 9:26:04 AM","1","14/06/2019 9:39:37 PM","C:\Windows\System32\Winevt\Logs\Microsoft-Windows-Shell-ConnectedAccountState%4ActionCenter.evtx","   0.07","192.168.168.156","c18634be-183e-43ac-b183-65abbe7492d1","True"
"14/06/2019 9:20:38 AM","14/06/2019 9:20:38 PM","14/06/2019 9:20:38 PM","NEWYORK","14/06/2019 9:22:18 AM","Microsoft-Windows-Shell-Core%4ActionCenter.evtx","14/06/2019 9:20:38 AM","1","14/06/2019 9:22:18 PM","C:\Windows\System32\Winevt\Logs\Microsoft-Windows-Shell-Core%4ActionCenter.evtx","   0.07","192.168.168.156","c18634be-183e-43ac-b183-65abbe7492d1","True"
"14/06/2019 9:20:38 AM","14/06/2019 9:20:38 PM","14/06/2019 9:20:38 PM","NEWYORK","14/06/2019 9:22:18 AM","Microsoft-Windows-Shell-Core%4AppDefaults.evtx","14/06/2019 9:20:38 AM","1","14/06/2019 9:22:18 PM","C:\Windows\System32\Winevt\Logs\Microsoft-Windows-Shell-Core%4AppDefaults.evtx","   0.07","192.168.168.156","c18634be-183e-43ac-b183-65abbe7492d1","True"
"14/06/2019 9:20:38 AM","14/06/2019 9:20:38 PM","14/06/2019 9:20:38 PM","NEWYORK","14/06/2019 9:22:18 AM","Microsoft-Windows-Shell-Core%4LogonTasksChannel.evtx","14/06/2019 9:20:38 AM","1","14/06/2019 9:22:18 PM","C:\Windows\System32\Winevt\Logs\Microsoft-Windows-Shell-Core%4LogonTasksChannel.evtx","   0.07","192.168.168.156","c18634be-183e-43ac-b183-65abbe7492d1","True"
"14/06/2019 9:20:38 AM","14/06/2019 9:20:38 PM","14/06/2019 9:20:38 PM","NEWYORK","5/04/2021 9:55:45 AM","Microsoft-Windows-Shell-Core%4Operational.evtx","14/06/2019 9:20:38 AM","9","5/04/2021 9:55:45 PM","C:\Windows\System32\Winevt\Logs\Microsoft-Windows-Shell-Core%4Operational.evtx","   1.00","192.168.168.156","c18634be-183e-43ac-b183-65abbe7492d1","True"
"4/02/2020 8:18:38 AM","4/02/2020 9:18:38 PM","4/02/2020 9:18:38 PM","NEWYORK","4/02/2020 9:56:47 AM","Microsoft-Windows-SilProvider%4Operational.evtx","4/02/2020 8:18:38 AM","1","4/02/2020 10:56:47 PM","C:\Windows\System32\Winevt\Logs\Microsoft-Windows-SilProvider%4Operational.evtx","   0.07","192.168.168.156","c18634be-183e-43ac-b183-65abbe7492d1","True"
"4/02/2020 8:18:38 AM","4/02/2020 9:18:38 PM","4/02/2020 9:18:38 PM","NEWYORK","4/02/2020 9:56:47 AM","Microsoft-Windows-SmartCard-Audit%4Authentication.evtx","4/02/2020 8:18:38 AM","1","4/02/2020 10:56:47 PM","C:\Windows\System32\Winevt\Logs\Microsoft-Windows-SmartCard-Audit%4Authentication.evtx","   0.07","192.168.168.156","c18634be-183e-43ac-b183-65abbe7492d1","True"
"4/02/2020 8:18:38 AM","4/02/2020 9:18:38 PM","4/02/2020 9:18:38 PM","NEWYORK","4/02/2020 9:56:47 AM","Microsoft-Windows-SmartCard-DeviceEnum%4Operational.evtx","4/02/2020 8:18:38 AM","1","4/02/2020 10:56:47 PM","C:\Windows\System32\Winevt\Logs\Microsoft-Windows-SmartCard-DeviceEnum%4Operational.evtx","   0.07","192.168.168.156","c18634be-183e-43ac-b183-65abbe7492d1","True"
"4/02/2020 8:18:38 AM","4/02/2020 9:18:38 PM","4/02/2020 9:18:38 PM","NEWYORK","4/02/2020 9:56:47 AM","Microsoft-Windows-SmartCard-TPM-VCard-Module%4Admin.evtx","4/02/2020 8:18:38 AM","1","4/02/2020 10:56:47 PM","C:\Windows\System32\Winevt\Logs\Microsoft-Windows-SmartCard-TPM-VCard-Module%4Admin.evtx","   0.07","192.168.168.156","c18634be-183e-43ac-b183-65abbe7492d1","True"
"4/02/2020 8:18:38 AM","4/02/2020 9:18:38 PM","4/02/2020 9:18:38 PM","NEWYORK","4/02/2020 9:56:47 AM","Microsoft-Windows-SmartCard-TPM-VCard-Module%4Operational.evtx","4/02/2020 8:18:38 AM","1","4/02/2020 10:56:47 PM","C:\Windows\System32\Winevt\Logs\Microsoft-Windows-SmartCard-TPM-VCard-Module%4Operational.evtx","   0.07","192.168.168.156","c18634be-183e-43ac-b183-65abbe7492d1","True"
"15/06/2019 4:19:28 AM","15/06/2019 4:19:28 PM","15/06/2019 4:19:28 PM","NEWYORK","7/04/2021 8:02:53 AM","Microsoft-Windows-SmbClient%4Connectivity.evtx","15/06/2019 4:19:28 AM","11","7/04/2021 8:02:53 PM","C:\Windows\System32\Winevt\Logs\Microsoft-Windows-SmbClient%4Connectivity.evtx","   1.07","192.168.168.156","c18634be-183e-43ac-b183-65abbe7492d1","True"
"15/06/2019 4:19:28 AM","15/06/2019 4:19:28 PM","15/06/2019 4:19:28 PM","NEWYORK","15/06/2019 4:19:50 AM","Microsoft-Windows-SMBClient%4Operational.evtx","15/06/2019 4:19:28 AM","1","15/06/2019 4:19:50 PM","C:\Windows\System32\Winevt\Logs\Microsoft-Windows-SMBClient%4Operational.evtx","   0.07","192.168.168.156","c18634be-183e-43ac-b183-65abbe7492d1","True"
"15/06/2019 4:19:28 AM","15/06/2019 4:19:28 PM","15/06/2019 4:19:28 PM","NEWYORK","23/10/2020 8:24:58 AM","Microsoft-Windows-SmbClient%4Security.evtx","15/06/2019 4:19:28 AM","10","23/10/2020 9:24:58 PM","C:\Windows\System32\Winevt\Logs\Microsoft-Windows-SmbClient%4Security.evtx","   0.07","192.168.168.156","c18634be-183e-43ac-b183-65abbe7492d1","True"
"4/02/2020 8:18:38 AM","4/02/2020 9:18:38 PM","4/02/2020 9:18:38 PM","NEWYORK","4/02/2020 9:56:47 AM","Microsoft-Windows-SMBDirect%4Admin.evtx","4/02/2020 8:18:38 AM","1","4/02/2020 10:56:47 PM","C:\Windows\System32\Winevt\Logs\Microsoft-Windows-SMBDirect%4Admin.evtx","   0.07","192.168.168.156","c18634be-183e-43ac-b183-65abbe7492d1","True"
"15/06/2019 4:19:21 AM","15/06/2019 4:19:21 PM","15/06/2019 4:19:21 PM","NEWYORK","15/06/2019 4:19:50 AM","Microsoft-Windows-SMBServer%4Audit.evtx","15/06/2019 4:19:21 AM","1","15/06/2019 4:19:50 PM","C:\Windows\System32\Winevt\Logs\Microsoft-Windows-SMBServer%4Audit.evtx","   0.07","192.168.168.156","c18634be-183e-43ac-b183-65abbe7492d1","True"
"15/06/2019 4:19:21 AM","15/06/2019 4:19:21 PM","15/06/2019 4:19:21 PM","NEWYORK","5/07/2019 12:34:10 PM","Microsoft-Windows-SMBServer%4Connectivity.evtx","15/06/2019 4:19:21 AM","11","6/07/2019 12:34:10 AM","C:\Windows\System32\Winevt\Logs\Microsoft-Windows-SMBServer%4Connectivity.evtx","   0.07","192.168.168.156","c18634be-183e-43ac-b183-65abbe7492d1","True"
"15/06/2019 4:19:21 AM","15/06/2019 4:19:21 PM","15/06/2019 4:19:21 PM","NEWYORK","7/04/2021 8:02:55 AM","Microsoft-Windows-SMBServer%4Operational.evtx","15/06/2019 4:19:21 AM","11","7/04/2021 8:02:55 PM","C:\Windows\System32\Winevt\Logs\Microsoft-Windows-SMBServer%4Operational.evtx","   1.07","192.168.168.156","c18634be-183e-43ac-b183-65abbe7492d1","True"
"15/06/2019 4:19:21 AM","15/06/2019 4:19:21 PM","15/06/2019 4:19:21 PM","NEWYORK","15/06/2019 4:19:50 AM","Microsoft-Windows-SMBServer%4Security.evtx","15/06/2019 4:19:21 AM","1","15/06/2019 4:19:50 PM","C:\Windows\System32\Winevt\Logs\Microsoft-Windows-SMBServer%4Security.evtx","   0.07","192.168.168.156","c18634be-183e-43ac-b183-65abbe7492d1","True"
"4/02/2020 8:18:38 AM","4/02/2020 9:18:38 PM","4/02/2020 9:18:38 PM","NEWYORK","4/02/2020 9:56:47 AM","Microsoft-Windows-SMBWitnessClient%4Admin.evtx","4/02/2020 8:18:38 AM","1","4/02/2020 10:56:47 PM","C:\Windows\System32\Winevt\Logs\Microsoft-Windows-SMBWitnessClient%4Admin.evtx","   0.07","192.168.168.156","c18634be-183e-43ac-b183-65abbe7492d1","True"
"4/02/2020 8:18:38 AM","4/02/2020 9:18:38 PM","4/02/2020 9:18:38 PM","NEWYORK","4/02/2020 9:56:47 AM","Microsoft-Windows-SMBWitnessClient%4Informational.evtx","4/02/2020 8:18:38 AM","1","4/02/2020 10:56:47 PM","C:\Windows\System32\Winevt\Logs\Microsoft-Windows-SMBWitnessClient%4Informational.evtx","   0.07","192.168.168.156","c18634be-183e-43ac-b183-65abbe7492d1","True"
"15/06/2019 4:19:20 AM","15/06/2019 4:19:20 PM","15/06/2019 4:19:20 PM","NEWYORK","7/04/2021 8:02:54 AM","Microsoft-Windows-StateRepository%4Operational.evtx","15/06/2019 4:19:20 AM","11","7/04/2021 8:02:54 PM","C:\Windows\System32\Winevt\Logs\Microsoft-Windows-StateRepository%4Operational.evtx","   1.07","192.168.168.156","c18634be-183e-43ac-b183-65abbe7492d1","True"
"15/06/2019 4:19:20 AM","15/06/2019 4:19:20 PM","15/06/2019 4:19:20 PM","NEWYORK","15/06/2019 4:19:50 AM","Microsoft-Windows-StateRepository%4Restricted.evtx","15/06/2019 4:19:20 AM","1","15/06/2019 4:19:50 PM","C:\Windows\System32\Winevt\Logs\Microsoft-Windows-StateRepository%4Restricted.evtx","   0.07","192.168.168.156","c18634be-183e-43ac-b183-65abbe7492d1","True"
"14/06/2019 9:20:40 AM","14/06/2019 9:20:40 PM","14/06/2019 9:20:40 PM","NEWYORK","7/04/2021 8:02:59 AM","Microsoft-Windows-Storage-ClassPnP%4Operational.evtx","14/06/2019 9:20:40 AM","11","7/04/2021 8:02:59 PM","C:\Windows\System32\Winevt\Logs\Microsoft-Windows-Storage-ClassPnP%4Operational.evtx","   1.00","192.168.168.156","c18634be-183e-43ac-b183-65abbe7492d1","True"
"14/06/2019 9:52:23 PM","15/06/2019 9:52:23 AM","15/06/2019 9:52:23 AM","NEWYORK","7/04/2021 9:07:45 AM","Microsoft-Windows-Storage-Storport%4Operational.evtx","14/06/2019 9:52:23 PM","11","7/04/2021 9:07:45 PM","C:\Windows\System32\Winevt\Logs\Microsoft-Windows-Storage-Storport%4Operational.evtx","   1.00","192.168.168.156","c18634be-183e-43ac-b183-65abbe7492d1","True"
"4/02/2020 8:18:39 AM","4/02/2020 9:18:39 PM","4/02/2020 9:18:39 PM","NEWYORK","4/02/2020 9:56:47 AM","Microsoft-Windows-Storage-Tiering%4Admin.evtx","4/02/2020 8:18:39 AM","1","4/02/2020 10:56:47 PM","C:\Windows\System32\Winevt\Logs\Microsoft-Windows-Storage-Tiering%4Admin.evtx","   0.07","192.168.168.156","c18634be-183e-43ac-b183-65abbe7492d1","True"
"4/02/2020 8:18:39 AM","4/02/2020 9:18:39 PM","4/02/2020 9:18:39 PM","NEWYORK","4/02/2020 9:56:47 AM","Microsoft-Windows-StorageManagement%4Operational.evtx","4/02/2020 8:18:39 AM","1","4/02/2020 10:56:47 PM","C:\Windows\System32\Winevt\Logs\Microsoft-Windows-StorageManagement%4Operational.evtx","   0.07","192.168.168.156","c18634be-183e-43ac-b183-65abbe7492d1","True"
"4/02/2020 8:18:39 AM","4/02/2020 9:18:39 PM","4/02/2020 9:18:39 PM","NEWYORK","4/02/2020 9:56:47 AM","Microsoft-Windows-StorageSpaces-Driver%4Diagnostic.evtx","4/02/2020 8:18:39 AM","1","4/02/2020 10:56:47 PM","C:\Windows\System32\Winevt\Logs\Microsoft-Windows-StorageSpaces-Driver%4Diagnostic.evtx","   0.07","192.168.168.156","c18634be-183e-43ac-b183-65abbe7492d1","True"
"4/02/2020 8:18:39 AM","4/02/2020 9:18:39 PM","4/02/2020 9:18:39 PM","NEWYORK","4/02/2020 9:56:47 AM","Microsoft-Windows-StorageSpaces-Driver%4Operational.evtx","4/02/2020 8:18:39 AM","1","4/02/2020 10:56:47 PM","C:\Windows\System32\Winevt\Logs\Microsoft-Windows-StorageSpaces-Driver%4Operational.evtx","   0.07","192.168.168.156","c18634be-183e-43ac-b183-65abbe7492d1","True"
"14/06/2019 9:26:04 AM","14/06/2019 9:26:04 PM","14/06/2019 9:26:04 PM","NEWYORK","14/06/2019 9:39:37 AM","Microsoft-Windows-StorageSpaces-ManagementAgent%4WHC.evtx","14/06/2019 9:26:04 AM","1","14/06/2019 9:39:37 PM","C:\Windows\System32\Winevt\Logs\Microsoft-Windows-StorageSpaces-ManagementAgent%4WHC.evtx","   0.07","192.168.168.156","c18634be-183e-43ac-b183-65abbe7492d1","True"
"4/02/2020 8:18:39 AM","4/02/2020 9:18:39 PM","4/02/2020 9:18:39 PM","NEWYORK","4/02/2020 9:56:47 AM","Microsoft-Windows-StorageSpaces-SpaceManager%4Diagnostic.evtx","4/02/2020 8:18:39 AM","1","4/02/2020 10:56:47 PM","C:\Windows\System32\Winevt\Logs\Microsoft-Windows-StorageSpaces-SpaceManager%4Diagnostic.evtx","   0.07","192.168.168.156","c18634be-183e-43ac-b183-65abbe7492d1","True"
"4/02/2020 8:18:39 AM","4/02/2020 9:18:39 PM","4/02/2020 9:18:39 PM","NEWYORK","4/02/2020 9:56:47 AM","Microsoft-Windows-StorageSpaces-SpaceManager%4Operational.evtx","4/02/2020 8:18:39 AM","1","4/02/2020 10:56:47 PM","C:\Windows\System32\Winevt\Logs\Microsoft-Windows-StorageSpaces-SpaceManager%4Operational.evtx","   0.07","192.168.168.156","c18634be-183e-43ac-b183-65abbe7492d1","True"
"14/06/2019 9:20:46 AM","14/06/2019 9:20:46 PM","14/06/2019 9:20:46 PM","NEWYORK","7/04/2021 8:03:05 AM","Microsoft-Windows-Store%4Operational.evtx","14/06/2019 9:20:46 AM","11","7/04/2021 8:03:05 PM","C:\Windows\System32\Winevt\Logs\Microsoft-Windows-Store%4Operational.evtx","   6.07","192.168.168.156","c18634be-183e-43ac-b183-65abbe7492d1","True"
"29/09/2019 3:11:27 AM","29/09/2019 4:11:27 PM","29/09/2019 4:11:27 PM","NEWYORK","7/04/2021 8:01:58 AM","Microsoft-Windows-Sysmon%4Operational.evtx","29/09/2019 3:11:27 AM","9","7/04/2021 8:01:58 PM","C:\Windows\System32\Winevt\Logs\Microsoft-Windows-Sysmon%4Operational.evtx","  64.00","192.168.168.156","c18634be-183e-43ac-b183-65abbe7492d1","True"
"4/02/2020 8:18:39 AM","4/02/2020 9:18:39 PM","4/02/2020 9:18:39 PM","NEWYORK","4/02/2020 9:56:47 AM","Microsoft-Windows-SystemSettingsThreshold%4Operational.evtx","4/02/2020 8:18:39 AM","1","4/02/2020 10:56:47 PM","C:\Windows\System32\Winevt\Logs\Microsoft-Windows-SystemSettingsThreshold%4Operational.evtx","   0.07","192.168.168.156","c18634be-183e-43ac-b183-65abbe7492d1","True"
"15/06/2019 4:19:22 AM","15/06/2019 4:19:22 PM","15/06/2019 4:19:22 PM","NEWYORK","7/04/2021 8:12:54 AM","Microsoft-Windows-TaskScheduler%4Maintenance.evtx","15/06/2019 4:19:22 AM","11","7/04/2021 8:12:54 PM","C:\Windows\System32\Winevt\Logs\Microsoft-Windows-TaskScheduler%4Maintenance.evtx","   1.00","192.168.168.156","c18634be-183e-43ac-b183-65abbe7492d1","True"
"14/06/2019 10:05:58 PM","15/06/2019 10:05:58 AM","15/06/2019 10:05:58 AM","NEWYORK","7/04/2021 8:02:53 AM","Microsoft-Windows-TaskScheduler%4Operational.evtx","14/06/2019 10:05:58 PM","11","7/04/2021 8:02:53 PM","C:\Windows\System32\Winevt\Logs\Microsoft-Windows-TaskScheduler%4Operational.evtx","  10.00","192.168.168.156","c18634be-183e-43ac-b183-65abbe7492d1","True"
"4/02/2020 8:18:39 AM","4/02/2020 9:18:39 PM","4/02/2020 9:18:39 PM","NEWYORK","4/02/2020 9:56:47 AM","Microsoft-Windows-TCPIP%4Operational.evtx","4/02/2020 8:18:39 AM","1","4/02/2020 10:56:47 PM","C:\Windows\System32\Winevt\Logs\Microsoft-Windows-TCPIP%4Operational.evtx","   0.07","192.168.168.156","c18634be-183e-43ac-b183-65abbe7492d1","True"
"4/02/2020 8:18:39 AM","4/02/2020 9:18:39 PM","4/02/2020 9:18:39 PM","NEWYORK","4/02/2020 9:56:47 AM","Microsoft-Windows-TerminalServices-ClientUSBDevices%4Admin.evtx","4/02/2020 8:18:39 AM","1","4/02/2020 10:56:47 PM","C:\Windows\System32\Winevt\Logs\Microsoft-Windows-TerminalServices-ClientUSBDevices%4Admin.evtx","   0.07","192.168.168.156","c18634be-183e-43ac-b183-65abbe7492d1","True"
"4/02/2020 8:18:39 AM","4/02/2020 9:18:39 PM","4/02/2020 9:18:39 PM","NEWYORK","4/02/2020 9:56:47 AM","Microsoft-Windows-TerminalServices-ClientUSBDevices%4Operational.evtx","4/02/2020 8:18:39 AM","1","4/02/2020 10:56:47 PM","C:\Windows\System32\Winevt\Logs\Microsoft-Windows-TerminalServices-ClientUSBDevices%4Operational.evtx","   0.07","192.168.168.156","c18634be-183e-43ac-b183-65abbe7492d1","True"
"15/06/2019 4:19:19 AM","15/06/2019 4:19:19 PM","15/06/2019 4:19:19 PM","NEWYORK","15/06/2019 4:19:50 AM","Microsoft-Windows-TerminalServices-LocalSessionManager%4Admin.evtx","15/06/2019 4:19:19 AM","1","15/06/2019 4:19:50 PM","C:\Windows\System32\Winevt\Logs\Microsoft-Windows-TerminalServices-LocalSessionManager%4Admin.evtx","   0.07","192.168.168.156","c18634be-183e-43ac-b183-65abbe7492d1","True"
"15/06/2019 4:19:19 AM","15/06/2019 4:19:19 PM","15/06/2019 4:19:19 PM","NEWYORK","7/04/2021 8:02:52 AM","Microsoft-Windows-TerminalServices-LocalSessionManager%4Operational.evtx","15/06/2019 4:19:19 AM","12","7/04/2021 8:02:52 PM","C:\Windows\System32\Winevt\Logs\Microsoft-Windows-TerminalServices-LocalSessionManager%4Operational.evtx","   1.00","192.168.168.156","c18634be-183e-43ac-b183-65abbe7492d1","True"
"4/02/2020 8:18:39 AM","4/02/2020 9:18:39 PM","4/02/2020 9:18:39 PM","NEWYORK","4/02/2020 9:56:47 AM","Microsoft-Windows-TerminalServices-PnPDevices%4Admin.evtx","4/02/2020 8:18:39 AM","1","4/02/2020 10:56:47 PM","C:\Windows\System32\Winevt\Logs\Microsoft-Windows-TerminalServices-PnPDevices%4Admin.evtx","   0.07","192.168.168.156","c18634be-183e-43ac-b183-65abbe7492d1","True"
"4/02/2020 8:18:39 AM","4/02/2020 9:18:39 PM","4/02/2020 9:18:39 PM","NEWYORK","4/02/2020 9:56:47 AM","Microsoft-Windows-TerminalServices-PnPDevices%4Operational.evtx","4/02/2020 8:18:39 AM","1","4/02/2020 10:56:47 PM","C:\Windows\System32\Winevt\Logs\Microsoft-Windows-TerminalServices-PnPDevices%4Operational.evtx","   0.07","192.168.168.156","c18634be-183e-43ac-b183-65abbe7492d1","True"
"4/02/2020 8:18:39 AM","4/02/2020 9:18:39 PM","4/02/2020 9:18:39 PM","NEWYORK","4/02/2020 9:56:47 AM","Microsoft-Windows-TerminalServices-Printers%4Admin.evtx","4/02/2020 8:18:39 AM","1","4/02/2020 10:56:47 PM","C:\Windows\System32\Winevt\Logs\Microsoft-Windows-TerminalServices-Printers%4Admin.evtx","   0.07","192.168.168.156","c18634be-183e-43ac-b183-65abbe7492d1","True"
"4/02/2020 8:18:39 AM","4/02/2020 9:18:39 PM","4/02/2020 9:18:39 PM","NEWYORK","4/02/2020 9:56:47 AM","Microsoft-Windows-TerminalServices-Printers%4Operational.evtx","4/02/2020 8:18:39 AM","1","4/02/2020 10:56:47 PM","C:\Windows\System32\Winevt\Logs\Microsoft-Windows-TerminalServices-Printers%4Operational.evtx","   0.07","192.168.168.156","c18634be-183e-43ac-b183-65abbe7492d1","True"
"4/02/2020 8:18:39 AM","4/02/2020 9:18:39 PM","4/02/2020 9:18:39 PM","NEWYORK","20/08/2020 9:53:18 AM","Microsoft-Windows-TerminalServices-RDPClient%4Operational.evtx","4/02/2020 8:18:39 AM","9","20/08/2020 9:53:18 PM","C:\Windows\System32\Winevt\Logs\Microsoft-Windows-TerminalServices-RDPClient%4Operational.evtx","   0.07","192.168.168.156","c18634be-183e-43ac-b183-65abbe7492d1","True"
"4/02/2020 8:18:39 AM","4/02/2020 9:18:39 PM","4/02/2020 9:18:39 PM","NEWYORK","4/02/2020 9:56:47 AM","Microsoft-Windows-TerminalServices-RemoteConnectionManager%4Admin.evtx","4/02/2020 8:18:39 AM","1","4/02/2020 10:56:47 PM","C:\Windows\System32\Winevt\Logs\Microsoft-Windows-TerminalServices-RemoteConnectionManager%4Admin.evtx","   0.07","192.168.168.156","c18634be-183e-43ac-b183-65abbe7492d1","True"
"4/02/2020 8:18:39 AM","4/02/2020 9:18:39 PM","4/02/2020 9:18:39 PM","NEWYORK","4/02/2020 9:56:47 AM","Microsoft-Windows-TerminalServices-RemoteConnectionManager%4Operational.evtx","4/02/2020 8:18:39 AM","1","4/02/2020 10:56:47 PM","C:\Windows\System32\Winevt\Logs\Microsoft-Windows-TerminalServices-RemoteConnectionManager%4Operational.evtx","   0.07","192.168.168.156","c18634be-183e-43ac-b183-65abbe7492d1","True"
"4/02/2020 8:18:39 AM","4/02/2020 9:18:39 PM","4/02/2020 9:18:39 PM","NEWYORK","4/02/2020 9:56:47 AM","Microsoft-Windows-TerminalServices-ServerUSBDevices%4Admin.evtx","4/02/2020 8:18:39 AM","1","4/02/2020 10:56:47 PM","C:\Windows\System32\Winevt\Logs\Microsoft-Windows-TerminalServices-ServerUSBDevices%4Admin.evtx","   0.07","192.168.168.156","c18634be-183e-43ac-b183-65abbe7492d1","True"
"4/02/2020 8:18:39 AM","4/02/2020 9:18:39 PM","4/02/2020 9:18:39 PM","NEWYORK","4/02/2020 9:56:47 AM","Microsoft-Windows-TerminalServices-ServerUSBDevices%4Operational.evtx","4/02/2020 8:18:39 AM","1","4/02/2020 10:56:47 PM","C:\Windows\System32\Winevt\Logs\Microsoft-Windows-TerminalServices-ServerUSBDevices%4Operational.evtx","   0.07","192.168.168.156","c18634be-183e-43ac-b183-65abbe7492d1","True"
"4/02/2020 8:18:39 AM","4/02/2020 9:18:39 PM","4/02/2020 9:18:39 PM","NEWYORK","4/02/2020 9:56:47 AM","Microsoft-Windows-TerminalServices-SessionBroker-Client%4Admin.evtx","4/02/2020 8:18:39 AM","1","4/02/2020 10:56:47 PM","C:\Windows\System32\Winevt\Logs\Microsoft-Windows-TerminalServices-SessionBroker-Client%4Admin.evtx","   0.07","192.168.168.156","c18634be-183e-43ac-b183-65abbe7492d1","True"
"4/02/2020 8:18:39 AM","4/02/2020 9:18:39 PM","4/02/2020 9:18:39 PM","NEWYORK","4/02/2020 9:56:47 AM","Microsoft-Windows-TerminalServices-SessionBroker-Client%4Operational.evtx","4/02/2020 8:18:39 AM","1","4/02/2020 10:56:47 PM","C:\Windows\System32\Winevt\Logs\Microsoft-Windows-TerminalServices-SessionBroker-Client%4Operational.evtx","   0.07","192.168.168.156","c18634be-183e-43ac-b183-65abbe7492d1","True"
"14/06/2019 9:20:51 AM","14/06/2019 9:20:51 PM","14/06/2019 9:20:51 PM","NEWYORK","5/04/2021 9:55:45 AM","Microsoft-Windows-TWinUI%4Operational.evtx","14/06/2019 9:20:51 AM","11","5/04/2021 9:55:45 PM","C:\Windows\System32\Winevt\Logs\Microsoft-Windows-TWinUI%4Operational.evtx","   1.00","192.168.168.156","c18634be-183e-43ac-b183-65abbe7492d1","True"
"25/06/2019 1:23:02 AM","25/06/2019 1:23:02 PM","25/06/2019 1:23:02 PM","NEWYORK","3/04/2021 3:10:31 AM","Microsoft-Windows-TZSync%4Operational.evtx","25/06/2019 1:23:02 AM","11","3/04/2021 4:10:31 PM","C:\Windows\System32\Winevt\Logs\Microsoft-Windows-TZSync%4Operational.evtx","   0.07","192.168.168.156","c18634be-183e-43ac-b183-65abbe7492d1","True"
"4/02/2020 8:18:39 AM","4/02/2020 9:18:39 PM","4/02/2020 9:18:39 PM","NEWYORK","4/02/2020 9:56:47 AM","Microsoft-Windows-TZUtil%4Operational.evtx","4/02/2020 8:18:39 AM","1","4/02/2020 10:56:47 PM","C:\Windows\System32\Winevt\Logs\Microsoft-Windows-TZUtil%4Operational.evtx","   0.07","192.168.168.156","c18634be-183e-43ac-b183-65abbe7492d1","True"
"4/02/2020 8:18:39 AM","4/02/2020 9:18:39 PM","4/02/2020 9:18:39 PM","NEWYORK","4/02/2020 9:56:47 AM","Microsoft-Windows-UAC%4Operational.evtx","4/02/2020 8:18:39 AM","1","4/02/2020 10:56:47 PM","C:\Windows\System32\Winevt\Logs\Microsoft-Windows-UAC%4Operational.evtx","   0.07","192.168.168.156","c18634be-183e-43ac-b183-65abbe7492d1","True"
"4/02/2020 8:18:39 AM","4/02/2020 9:18:39 PM","4/02/2020 9:18:39 PM","NEWYORK","18/08/2020 1:10:13 PM","Microsoft-Windows-UAC-FileVirtualization%4Operational.evtx","4/02/2020 8:18:39 AM","9","19/08/2020 1:10:13 AM","C:\Windows\System32\Winevt\Logs\Microsoft-Windows-UAC-FileVirtualization%4Operational.evtx","   1.00","192.168.168.156","c18634be-183e-43ac-b183-65abbe7492d1","True"
"15/06/2019 4:19:22 AM","15/06/2019 4:19:22 PM","15/06/2019 4:19:22 PM","NEWYORK","7/04/2021 8:02:55 AM","Microsoft-Windows-UniversalTelemetryClient%4Operational.evtx","15/06/2019 4:19:22 AM","11","7/04/2021 8:02:55 PM","C:\Windows\System32\Winevt\Logs\Microsoft-Windows-UniversalTelemetryClient%4Operational.evtx","   1.00","192.168.168.156","c18634be-183e-43ac-b183-65abbe7492d1","True"
"4/02/2020 8:18:39 AM","4/02/2020 9:18:39 PM","4/02/2020 9:18:39 PM","NEWYORK","4/02/2020 9:56:47 AM","Microsoft-Windows-User Control Panel%4Operational.evtx","4/02/2020 8:18:39 AM","1","4/02/2020 10:56:47 PM","C:\Windows\System32\Winevt\Logs\Microsoft-Windows-User Control Panel%4Operational.evtx","   0.07","192.168.168.156","c18634be-183e-43ac-b183-65abbe7492d1","True"
"14/06/2019 10:06:07 PM","15/06/2019 10:06:07 AM","15/06/2019 10:06:07 AM","NEWYORK","5/04/2021 9:55:45 AM","Microsoft-Windows-User Device Registration%4Admin.evtx","14/06/2019 10:06:07 PM","11","5/04/2021 9:55:45 PM","C:\Windows\System32\Winevt\Logs\Microsoft-Windows-User Device Registration%4Admin.evtx","   1.00","192.168.168.156","c18634be-183e-43ac-b183-65abbe7492d1","True"
"15/06/2019 4:19:19 AM","15/06/2019 4:19:19 PM","15/06/2019 4:19:19 PM","NEWYORK","7/04/2021 8:03:05 AM","Microsoft-Windows-User Profile Service%4Operational.evtx","15/06/2019 4:19:19 AM","11","7/04/2021 8:03:05 PM","C:\Windows\System32\Winevt\Logs\Microsoft-Windows-User Profile Service%4Operational.evtx","   1.07","192.168.168.156","c18634be-183e-43ac-b183-65abbe7492d1","True"
"4/02/2020 8:18:39 AM","4/02/2020 9:18:39 PM","4/02/2020 9:18:39 PM","NEWYORK","4/02/2020 9:56:47 AM","Microsoft-Windows-User-Loader%4Operational.evtx","4/02/2020 8:18:39 AM","1","4/02/2020 10:56:47 PM","C:\Windows\System32\Winevt\Logs\Microsoft-Windows-User-Loader%4Operational.evtx","   0.07","192.168.168.156","c18634be-183e-43ac-b183-65abbe7492d1","True"
"15/06/2019 4:19:19 AM","15/06/2019 4:19:19 PM","15/06/2019 4:19:19 PM","NEWYORK","15/06/2019 4:19:50 AM","Microsoft-Windows-UserPnp%4ActionCenter.evtx","15/06/2019 4:19:19 AM","1","15/06/2019 4:19:50 PM","C:\Windows\System32\Winevt\Logs\Microsoft-Windows-UserPnp%4ActionCenter.evtx","   0.07","192.168.168.156","c18634be-183e-43ac-b183-65abbe7492d1","True"
"15/06/2019 4:19:19 AM","15/06/2019 4:19:19 PM","15/06/2019 4:19:19 PM","NEWYORK","20/08/2020 4:21:02 PM","Microsoft-Windows-UserPnp%4DeviceInstall.evtx","15/06/2019 4:19:19 AM","11","21/08/2020 4:21:02 AM","C:\Windows\System32\Winevt\Logs\Microsoft-Windows-UserPnp%4DeviceInstall.evtx","   0.07","192.168.168.156","c18634be-183e-43ac-b183-65abbe7492d1","True"
