"4/02/2020 8:18:39 AM","4/02/2020 9:18:39 PM","4/02/2020 9:18:39 PM","NEWYORK","4/02/2020 9:56:47 AM","Microsoft-Windows-VDRVROOT%4Operational.evtx","4/02/2020 8:18:39 AM","1","4/02/2020 10:56:47 PM","C:\Windows\System32\Winevt\Logs\Microsoft-Windows-VDRVROOT%4Operational.evtx","   0.07","192.168.168.156","c18634be-183e-43ac-b183-65abbe7492d1","True"
"4/02/2020 8:18:39 AM","4/02/2020 9:18:39 PM","4/02/2020 9:18:39 PM","NEWYORK","4/02/2020 9:56:47 AM","Microsoft-Windows-VerifyHardwareSecurity%4Admin.evtx","4/02/2020 8:18:39 AM","1","4/02/2020 10:56:47 PM","C:\Windows\System32\Winevt\Logs\Microsoft-Windows-VerifyHardwareSecurity%4Admin.evtx","   0.07","192.168.168.156","c18634be-183e-43ac-b183-65abbe7492d1","True"
"4/02/2020 8:18:39 AM","4/02/2020 9:18:39 PM","4/02/2020 9:18:39 PM","NEWYORK","4/02/2020 9:56:47 AM","Microsoft-Windows-VHDMP-Operational.evtx","4/02/2020 8:18:39 AM","1","4/02/2020 10:56:47 PM","C:\Windows\System32\Winevt\Logs\Microsoft-Windows-VHDMP-Operational.evtx","   0.07","192.168.168.156","c18634be-183e-43ac-b183-65abbe7492d1","True"
"4/02/2020 8:18:39 AM","4/02/2020 9:18:39 PM","4/02/2020 9:18:39 PM","NEWYORK","4/02/2020 9:56:47 AM","Microsoft-Windows-Volume%4Diagnostic.evtx","4/02/2020 8:18:39 AM","1","4/02/2020 10:56:47 PM","C:\Windows\System32\Winevt\Logs\Microsoft-Windows-Volume%4Diagnostic.evtx","   0.07","192.168.168.156","c18634be-183e-43ac-b183-65abbe7492d1","True"
"15/06/2019 4:19:21 AM","15/06/2019 4:19:21 PM","15/06/2019 4:19:21 PM","NEWYORK","7/04/2021 8:02:52 AM","Microsoft-Windows-VolumeSnapshot-Driver%4Operational.evtx","15/06/2019 4:19:21 AM","11","7/04/2021 8:02:52 PM","C:\Windows\System32\Winevt\Logs\Microsoft-Windows-VolumeSnapshot-Driver%4Operational.evtx","   1.00","192.168.168.156","c18634be-183e-43ac-b183-65abbe7492d1","True"
"14/06/2019 12:36:09 PM","15/06/2019 12:36:09 AM","15/06/2019 12:36:09 AM","NEWYORK","14/06/2019 12:48:39 PM","Microsoft-Windows-VPN%4Operational.evtx","14/06/2019 12:36:09 PM","1","15/06/2019 12:48:39 AM","C:\Windows\System32\Winevt\Logs\Microsoft-Windows-VPN%4Operational.evtx","   0.07","192.168.168.156","c18634be-183e-43ac-b183-65abbe7492d1","True"
"4/02/2020 8:18:39 AM","4/02/2020 9:18:39 PM","4/02/2020 9:18:39 PM","NEWYORK","4/02/2020 9:56:47 AM","Microsoft-Windows-VPN-Client%4Operational.evtx","4/02/2020 8:18:39 AM","1","4/02/2020 10:56:47 PM","C:\Windows\System32\Winevt\Logs\Microsoft-Windows-VPN-Client%4Operational.evtx","   0.07","192.168.168.156","c18634be-183e-43ac-b183-65abbe7492d1","True"
"15/06/2019 4:19:19 AM","15/06/2019 4:19:19 PM","15/06/2019 4:19:19 PM","NEWYORK","7/04/2021 8:02:53 AM","Microsoft-Windows-Wcmsvc%4Operational.evtx","15/06/2019 4:19:19 AM","12","7/04/2021 8:02:53 PM","C:\Windows\System32\Winevt\Logs\Microsoft-Windows-Wcmsvc%4Operational.evtx","   1.00","192.168.168.156","c18634be-183e-43ac-b183-65abbe7492d1","True"
"14/06/2019 12:36:09 PM","15/06/2019 12:36:09 AM","15/06/2019 12:36:09 AM","NEWYORK","12/07/2020 7:02:52 AM","Microsoft-Windows-WFP%4Operational.evtx","14/06/2019 12:36:09 PM","11","12/07/2020 7:02:52 PM","C:\Windows\System32\Winevt\Logs\Microsoft-Windows-WFP%4Operational.evtx","   0.07","192.168.168.156","c18634be-183e-43ac-b183-65abbe7492d1","True"
"4/02/2020 8:18:39 AM","4/02/2020 9:18:39 PM","4/02/2020 9:18:39 PM","NEWYORK","4/02/2020 9:56:47 AM","Microsoft-Windows-Win32k%4Operational.evtx","4/02/2020 8:18:39 AM","1","4/02/2020 10:56:47 PM","C:\Windows\System32\Winevt\Logs\Microsoft-Windows-Win32k%4Operational.evtx","   0.07","192.168.168.156","c18634be-183e-43ac-b183-65abbe7492d1","True"
"15/06/2019 4:19:19 AM","15/06/2019 4:19:19 PM","15/06/2019 4:19:19 PM","NEWYORK","7/04/2021 8:05:48 AM","Microsoft-Windows-Windows Defender%4Operational.evtx","15/06/2019 4:19:19 AM","11","7/04/2021 8:05:48 PM","C:\Windows\System32\Winevt\Logs\Microsoft-Windows-Windows Defender%4Operational.evtx","   1.00","192.168.168.156","c18634be-183e-43ac-b183-65abbe7492d1","True"
"15/06/2019 4:19:19 AM","15/06/2019 4:19:19 PM","15/06/2019 4:19:19 PM","NEWYORK","7/04/2021 8:02:51 AM","Microsoft-Windows-Windows Defender%4WHC.evtx","15/06/2019 4:19:19 AM","12","7/04/2021 8:02:51 PM","C:\Windows\System32\Winevt\Logs\Microsoft-Windows-Windows Defender%4WHC.evtx","   1.00","192.168.168.156","c18634be-183e-43ac-b183-65abbe7492d1","True"
"14/06/2019 9:20:31 AM","14/06/2019 9:20:31 PM","14/06/2019 9:20:31 PM","NEWYORK","14/06/2019 9:22:18 AM","Microsoft-Windows-Windows Firewall With Advanced Security%4ConnectionSecurity.evtx","14/06/2019 9:20:31 AM","1","14/06/2019 9:22:18 PM","C:\Windows\System32\Winevt\Logs\Microsoft-Windows-Windows Firewall With Advanced Security%4ConnectionSecurity.evtx","   0.07","192.168.168.156","c18634be-183e-43ac-b183-65abbe7492d1","True"
"15/06/2019 4:19:19 AM","15/06/2019 4:19:19 PM","15/06/2019 4:19:19 PM","NEWYORK","7/04/2021 8:02:55 AM","Microsoft-Windows-Windows Firewall With Advanced Security%4Firewall.evtx","15/06/2019 4:19:19 AM","11","7/04/2021 8:02:55 PM","C:\Windows\System32\Winevt\Logs\Microsoft-Windows-Windows Firewall With Advanced Security%4Firewall.evtx","   1.00","192.168.168.156","c18634be-183e-43ac-b183-65abbe7492d1","True"
"25/06/2019 1:46:46 AM","25/06/2019 1:46:46 PM","25/06/2019 1:46:46 PM","NEWYORK","18/08/2020 1:10:13 PM","Microsoft-Windows-WindowsSystemAssessmentTool%4Operational.evtx","25/06/2019 1:46:46 AM","11","19/08/2020 1:10:13 AM","C:\Windows\System32\Winevt\Logs\Microsoft-Windows-WindowsSystemAssessmentTool%4Operational.evtx","   1.00","192.168.168.156","c18634be-183e-43ac-b183-65abbe7492d1","True"
"14/06/2019 9:20:35 AM","14/06/2019 9:20:35 PM","14/06/2019 9:20:35 PM","NEWYORK","7/04/2021 8:05:53 AM","Microsoft-Windows-WindowsUpdateClient%4Operational.evtx","14/06/2019 9:20:35 AM","11","7/04/2021 8:05:53 PM","C:\Windows\System32\Winevt\Logs\Microsoft-Windows-WindowsUpdateClient%4Operational.evtx","   1.00","192.168.168.156","c18634be-183e-43ac-b183-65abbe7492d1","True"
"15/06/2019 4:19:19 AM","15/06/2019 4:19:19 PM","15/06/2019 4:19:19 PM","NEWYORK","6/09/2020 12:48:47 AM","Microsoft-Windows-WinINet-Config%4ProxyConfigChanged.evtx","15/06/2019 4:19:19 AM","11","6/09/2020 12:48:47 PM","C:\Windows\System32\Winevt\Logs\Microsoft-Windows-WinINet-Config%4ProxyConfigChanged.evtx","   0.07","192.168.168.156","c18634be-183e-43ac-b183-65abbe7492d1","True"
"14/06/2019 9:20:34 AM","14/06/2019 9:20:34 PM","14/06/2019 9:20:34 PM","NEWYORK","14/06/2019 9:22:18 AM","Microsoft-Windows-Winlogon%4Operational.evtx","14/06/2019 9:20:34 AM","1","14/06/2019 9:22:18 PM","C:\Windows\System32\Winevt\Logs\Microsoft-Windows-Winlogon%4Operational.evtx","   0.07","192.168.168.156","c18634be-183e-43ac-b183-65abbe7492d1","True"
"15/06/2019 4:19:19 AM","15/06/2019 4:19:19 PM","15/06/2019 4:19:19 PM","NEWYORK","7/04/2021 8:02:52 AM","Microsoft-Windows-WinRM%4Operational.evtx","15/06/2019 4:19:19 AM","11","7/04/2021 8:02:52 PM","C:\Windows\System32\Winevt\Logs\Microsoft-Windows-WinRM%4Operational.evtx","   1.00","192.168.168.156","c18634be-183e-43ac-b183-65abbe7492d1","True"
"4/02/2020 8:18:39 AM","4/02/2020 9:18:39 PM","4/02/2020 9:18:39 PM","NEWYORK","4/02/2020 9:56:47 AM","Microsoft-Windows-Winsock-WS2HELP%4Operational.evtx","4/02/2020 8:18:39 AM","1","4/02/2020 10:56:47 PM","C:\Windows\System32\Winevt\Logs\Microsoft-Windows-Winsock-WS2HELP%4Operational.evtx","   0.07","192.168.168.156","c18634be-183e-43ac-b183-65abbe7492d1","True"
"4/02/2020 8:18:39 AM","4/02/2020 9:18:39 PM","4/02/2020 9:18:39 PM","NEWYORK","4/02/2020 9:56:47 AM","Microsoft-Windows-Wired-AutoConfig%4Operational.evtx","4/02/2020 8:18:39 AM","1","4/02/2020 10:56:47 PM","C:\Windows\System32\Winevt\Logs\Microsoft-Windows-Wired-AutoConfig%4Operational.evtx","   0.07","192.168.168.156","c18634be-183e-43ac-b183-65abbe7492d1","True"
"14/06/2019 9:20:37 AM","14/06/2019 9:20:37 PM","14/06/2019 9:20:37 PM","NEWYORK","7/04/2021 8:02:09 AM","Microsoft-Windows-WMI-Activity%4Operational.evtx","14/06/2019 9:20:37 AM","9","7/04/2021 8:02:09 PM","C:\Windows\System32\Winevt\Logs\Microsoft-Windows-WMI-Activity%4Operational.evtx","   1.00","192.168.168.156","c18634be-183e-43ac-b183-65abbe7492d1","True"
"4/02/2020 8:18:39 AM","4/02/2020 9:18:39 PM","4/02/2020 9:18:39 PM","NEWYORK","4/02/2020 9:56:47 AM","Microsoft-Windows-Workplace Join%4Admin.evtx","4/02/2020 8:18:39 AM","1","4/02/2020 10:56:47 PM","C:\Windows\System32\Winevt\Logs\Microsoft-Windows-Workplace Join%4Admin.evtx","   0.07","192.168.168.156","c18634be-183e-43ac-b183-65abbe7492d1","True"
"4/02/2020 8:18:39 AM","4/02/2020 9:18:39 PM","4/02/2020 9:18:39 PM","NEWYORK","4/02/2020 9:56:47 AM","Microsoft-Windows-WPD-ClassInstaller%4Operational.evtx","4/02/2020 8:18:39 AM","1","4/02/2020 10:56:47 PM","C:\Windows\System32\Winevt\Logs\Microsoft-Windows-WPD-ClassInstaller%4Operational.evtx","   0.07","192.168.168.156","c18634be-183e-43ac-b183-65abbe7492d1","True"
"4/02/2020 8:18:39 AM","4/02/2020 9:18:39 PM","4/02/2020 9:18:39 PM","NEWYORK","4/02/2020 9:56:47 AM","Microsoft-Windows-WPD-CompositeClassDriver%4Operational.evtx","4/02/2020 8:18:39 AM","1","4/02/2020 10:56:47 PM","C:\Windows\System32\Winevt\Logs\Microsoft-Windows-WPD-CompositeClassDriver%4Operational.evtx","   0.07","192.168.168.156","c18634be-183e-43ac-b183-65abbe7492d1","True"
"4/02/2020 8:18:39 AM","4/02/2020 9:18:39 PM","4/02/2020 9:18:39 PM","NEWYORK","4/02/2020 9:56:47 AM","Microsoft-Windows-WPD-MTPClassDriver%4Operational.evtx","4/02/2020 8:18:39 AM","1","4/02/2020 10:56:47 PM","C:\Windows\System32\Winevt\Logs\Microsoft-Windows-WPD-MTPClassDriver%4Operational.evtx","   0.07","192.168.168.156","c18634be-183e-43ac-b183-65abbe7492d1","True"
"15/06/2019 4:19:19 AM","15/06/2019 4:19:19 PM","15/06/2019 4:19:19 PM","NEWYORK","7/04/2021 8:02:52 AM","Security.evtx","15/06/2019 4:19:19 AM","11","7/04/2021 8:02:52 PM","C:\Windows\System32\Winevt\Logs\Security.evtx","  19.07","192.168.168.156","c18634be-183e-43ac-b183-65abbe7492d1","True"
"15/06/2019 4:19:50 AM","15/06/2019 4:19:50 PM","15/06/2019 4:19:50 PM","NEWYORK","19/08/2020 5:59:34 AM","Setup.evtx","15/06/2019 4:19:50 AM","11","19/08/2020 5:59:34 PM","C:\Windows\System32\Winevt\Logs\Setup.evtx","   0.07","192.168.168.156","c18634be-183e-43ac-b183-65abbe7492d1","True"
"4/02/2020 8:18:39 AM","4/02/2020 9:18:39 PM","4/02/2020 9:18:39 PM","NEWYORK","4/02/2020 9:56:47 AM","SMSApi.evtx","4/02/2020 8:18:39 AM","1","4/02/2020 10:56:47 PM","C:\Windows\System32\Winevt\Logs\SMSApi.evtx","   0.07","192.168.168.156","c18634be-183e-43ac-b183-65abbe7492d1","True"
"15/06/2019 4:19:19 AM","15/06/2019 4:19:19 PM","15/06/2019 4:19:19 PM","NEWYORK","7/04/2021 8:01:52 AM","System.evtx","15/06/2019 4:19:19 AM","11","7/04/2021 8:01:52 PM","C:\Windows\System32\Winevt\Logs\System.evtx","  10.07","192.168.168.156","c18634be-183e-43ac-b183-65abbe7492d1","True"
"14/06/2019 9:21:48 AM","14/06/2019 9:21:48 PM","14/06/2019 9:21:48 PM","NEWYORK","14/06/2019 9:22:18 AM","ThinPrint Diagnostics.evtx","14/06/2019 9:21:48 AM","1","14/06/2019 9:22:18 PM","C:\Windows\System32\Winevt\Logs\ThinPrint Diagnostics.evtx","   0.07","192.168.168.156","c18634be-183e-43ac-b183-65abbe7492d1","True"
"15/06/2019 4:19:19 AM","15/06/2019 4:19:19 PM","15/06/2019 4:19:19 PM","NEWYORK","7/04/2021 9:22:58 AM","Windows PowerShell.evtx","15/06/2019 4:19:19 AM","1","7/04/2021 9:22:58 PM","C:\Windows\System32\Winevt\Logs\Windows PowerShell.evtx","  15.00","192.168.168.156","c18634be-183e-43ac-b183-65abbe7492d1","True"
