#TYPE Deserialized.System.Management.Automation.PSCustomObject
"LastAccessTimeUtc","CreationTime","LastAccessTime","ComputerName","LastWriteTimeUtc","LogName","CreationTimeUTC","RetentionPeriodinDays","LastWriteTime","LogFullName","SizeinMb","PSComputerName","RunspaceId","PSShowComputerName"
"15/06/2019 4:19:19 AM","15/06/2019 4:19:19 PM","15/06/2019 4:19:19 PM","NEWYORK","7/04/2021 8:01:57 AM","Application.evtx","15/06/2019 4:19:19 AM","10","7/04/2021 8:01:57 PM","C:\Windows\System32\Winevt\Logs\Application.evtx","  20.00","192.168.168.156","c18634be-183e-43ac-b183-65abbe7492d1","True"
"15/06/2019 4:19:19 AM","15/06/2019 4:19:19 PM","15/06/2019 4:19:19 PM","NEWYORK","15/06/2019 4:19:50 AM","HardwareEvents.evtx","15/06/2019 4:19:19 AM","1","15/06/2019 4:19:50 PM","C:\Windows\System32\Winevt\Logs\HardwareEvents.evtx","   0.07","192.168.168.156","c18634be-183e-43ac-b183-65abbe7492d1","True"
"15/06/2019 4:19:19 AM","15/06/2019 4:19:19 PM","15/06/2019 4:19:19 PM","NEWYORK","15/06/2019 4:19:50 AM","Internet Explorer.evtx","15/06/2019 4:19:19 AM","1","15/06/2019 4:19:50 PM","C:\Windows\System32\Winevt\Logs\Internet Explorer.evtx","   0.07","192.168.168.156","c18634be-183e-43ac-b183-65abbe7492d1","True"
"15/06/2019 4:19:19 AM","15/06/2019 4:19:19 PM","15/06/2019 4:19:19 PM","NEWYORK","15/06/2019 4:19:50 AM","Key Management Service.evtx","15/06/2019 4:19:19 AM","1","15/06/2019 4:19:50 PM","C:\Windows\System32\Winevt\Logs\Key Management Service.evtx","   0.07","192.168.168.156","c18634be-183e-43ac-b183-65abbe7492d1","True"
"4/02/2020 8:18:37 AM","4/02/2020 9:18:37 PM","4/02/2020 9:18:37 PM","NEWYORK","4/02/2020 9:56:47 AM","Microsoft-AppV-Client%4Admin.evtx","4/02/2020 8:18:37 AM","1","4/02/2020 10:56:47 PM","C:\Windows\System32\Winevt\Logs\Microsoft-AppV-Client%4Admin.evtx","   0.07","192.168.168.156","c18634be-183e-43ac-b183-65abbe7492d1","True"
"4/02/2020 8:18:37 AM","4/02/2020 9:18:37 PM","4/02/2020 9:18:37 PM","NEWYORK","4/02/2020 9:56:47 AM","Microsoft-AppV-Client%4Operational.evtx","4/02/2020 8:18:37 AM","1","4/02/2020 10:56:47 PM","C:\Windows\System32\Winevt\Logs\Microsoft-AppV-Client%4Operational.evtx","   0.07","192.168.168.156","c18634be-183e-43ac-b183-65abbe7492d1","True"
"4/02/2020 8:18:37 AM","4/02/2020 9:18:37 PM","4/02/2020 9:18:37 PM","NEWYORK","4/02/2020 9:56:47 AM","Microsoft-AppV-Client%4Virtual Applications.evtx","4/02/2020 8:18:37 AM","1","4/02/2020 10:56:47 PM","C:\Windows\System32\Winevt\Logs\Microsoft-AppV-Client%4Virtual Applications.evtx","   0.07","192.168.168.156","c18634be-183e-43ac-b183-65abbe7492d1","True"
"14/06/2019 9:20:38 AM","14/06/2019 9:20:38 PM","14/06/2019 9:20:38 PM","NEWYORK","7/04/2021 8:02:57 AM","Microsoft-Client-Licensing-Platform%4Admin.evtx","14/06/2019 9:20:38 AM","10","7/04/2021 8:02:57 PM","C:\Windows\System32\Winevt\Logs\Microsoft-Client-Licensing-Platform%4Admin.evtx","   1.00","192.168.168.156","c18634be-183e-43ac-b183-65abbe7492d1","True"
"4/02/2020 8:18:37 AM","4/02/2020 9:18:37 PM","4/02/2020 9:18:37 PM","NEWYORK","4/02/2020 9:56:47 AM","Microsoft-Rdms-UI%4Admin.evtx","4/02/2020 8:18:37 AM","1","4/02/2020 10:56:47 PM","C:\Windows\System32\Winevt\Logs\Microsoft-Rdms-UI%4Admin.evtx","   0.07","192.168.168.156","c18634be-183e-43ac-b183-65abbe7492d1","True"
"4/02/2020 8:18:37 AM","4/02/2020 9:18:37 PM","4/02/2020 9:18:37 PM","NEWYORK","4/02/2020 9:56:47 AM","Microsoft-Rdms-UI%4Operational.evtx","4/02/2020 8:18:37 AM","1","4/02/2020 10:56:47 PM","C:\Windows\System32\Winevt\Logs\Microsoft-Rdms-UI%4Operational.evtx","   0.07","192.168.168.156","c18634be-183e-43ac-b183-65abbe7492d1","True"
"4/02/2020 8:18:37 AM","4/02/2020 9:18:37 PM","4/02/2020 9:18:37 PM","NEWYORK","4/02/2020 9:56:47 AM","Microsoft-User Experience Virtualization-Agent Driver%4Operational.evtx","4/02/2020 8:18:37 AM","1","4/02/2020 10:56:47 PM","C:\Windows\System32\Winevt\Logs\Microsoft-User Experience Virtualization-Agent Driver%4Operational.evtx","   0.07","192.168.168.156","c18634be-183e-43ac-b183-65abbe7492d1","True"
"4/02/2020 8:18:37 AM","4/02/2020 9:18:37 PM","4/02/2020 9:18:37 PM","NEWYORK","4/02/2020 9:56:47 AM","Microsoft-User Experience Virtualization-App Agent%4Operational.evtx","4/02/2020 8:18:37 AM","1","4/02/2020 10:56:47 PM","C:\Windows\System32\Winevt\Logs\Microsoft-User Experience Virtualization-App Agent%4Operational.evtx","   0.07","192.168.168.156","c18634be-183e-43ac-b183-65abbe7492d1","True"
"4/02/2020 8:18:37 AM","4/02/2020 9:18:37 PM","4/02/2020 9:18:37 PM","NEWYORK","4/02/2020 9:56:47 AM","Microsoft-User Experience Virtualization-IPC%4Operational.evtx","4/02/2020 8:18:37 AM","1","4/02/2020 10:56:47 PM","C:\Windows\System32\Winevt\Logs\Microsoft-User Experience Virtualization-IPC%4Operational.evtx","   0.07","192.168.168.156","c18634be-183e-43ac-b183-65abbe7492d1","True"
"4/02/2020 8:18:37 AM","4/02/2020 9:18:37 PM","4/02/2020 9:18:37 PM","NEWYORK","4/02/2020 9:56:47 AM","Microsoft-User Experience Virtualization-SQM Uploader%4Operational.evtx","4/02/2020 8:18:37 AM","1","4/02/2020 10:56:47 PM","C:\Windows\System32\Winevt\Logs\Microsoft-User Experience Virtualization-SQM Uploader%4Operational.evtx","   0.07","192.168.168.156","c18634be-183e-43ac-b183-65abbe7492d1","True"
"14/06/2019 10:05:57 PM","15/06/2019 10:05:57 AM","15/06/2019 10:05:57 AM","NEWYORK","7/04/2021 8:02:52 AM","Microsoft-Windows-AAD%4Operational.evtx","14/06/2019 10:05:57 PM","11","7/04/2021 8:02:52 PM","C:\Windows\System32\Winevt\Logs\Microsoft-Windows-AAD%4Operational.evtx","   0.07","192.168.168.156","c18634be-183e-43ac-b183-65abbe7492d1","True"
"14/06/2019 12:53:54 PM","15/06/2019 12:53:54 AM","15/06/2019 12:53:54 AM","NEWYORK","14/06/2019 12:54:54 PM","Microsoft-Windows-All-User-Install-Agent%4Admin.evtx","14/06/2019 12:53:54 PM","11","15/06/2019 12:54:54 AM","C:\Windows\System32\Winevt\Logs\Microsoft-Windows-All-User-Install-Agent%4Admin.evtx","   0.07","192.168.168.156","c18634be-183e-43ac-b183-65abbe7492d1","True"
"4/02/2020 8:18:37 AM","4/02/2020 9:18:37 PM","4/02/2020 9:18:37 PM","NEWYORK","4/02/2020 9:56:47 AM","Microsoft-Windows-AllJoyn%4Operational.evtx","4/02/2020 8:18:37 AM","1","4/02/2020 10:56:47 PM","C:\Windows\System32\Winevt\Logs\Microsoft-Windows-AllJoyn%4Operational.evtx","   0.07","192.168.168.156","c18634be-183e-43ac-b183-65abbe7492d1","True"
"4/02/2020 8:18:37 AM","4/02/2020 9:18:37 PM","4/02/2020 9:18:37 PM","NEWYORK","4/02/2020 9:56:47 AM","Microsoft-Windows-AppHost%4Admin.evtx","4/02/2020 8:18:37 AM","1","4/02/2020 10:56:47 PM","C:\Windows\System32\Winevt\Logs\Microsoft-Windows-AppHost%4Admin.evtx","   0.07","192.168.168.156","c18634be-183e-43ac-b183-65abbe7492d1","True"
"4/02/2020 8:18:37 AM","4/02/2020 9:18:37 PM","4/02/2020 9:18:37 PM","NEWYORK","4/02/2020 9:56:47 AM","Microsoft-Windows-AppID%4Operational.evtx","4/02/2020 8:18:37 AM","1","4/02/2020 10:56:47 PM","C:\Windows\System32\Winevt\Logs\Microsoft-Windows-AppID%4Operational.evtx","   0.07","192.168.168.156","c18634be-183e-43ac-b183-65abbe7492d1","True"
"4/02/2020 8:18:37 AM","4/02/2020 9:18:37 PM","4/02/2020 9:18:37 PM","NEWYORK","4/02/2020 9:56:47 AM","Microsoft-Windows-ApplicabilityEngine%4Operational.evtx","4/02/2020 8:18:37 AM","1","4/02/2020 10:56:47 PM","C:\Windows\System32\Winevt\Logs\Microsoft-Windows-ApplicabilityEngine%4Operational.evtx","   0.07","192.168.168.156","c18634be-183e-43ac-b183-65abbe7492d1","True"
"4/02/2020 8:18:37 AM","4/02/2020 9:18:37 PM","4/02/2020 9:18:37 PM","NEWYORK","4/02/2020 9:56:47 AM","Microsoft-Windows-Application Server-Applications%4Admin.evtx","4/02/2020 8:18:37 AM","1","4/02/2020 10:56:47 PM","C:\Windows\System32\Winevt\Logs\Microsoft-Windows-Application Server-Applications%4Admin.evtx","   0.07","192.168.168.156","c18634be-183e-43ac-b183-65abbe7492d1","True"
"4/02/2020 8:18:37 AM","4/02/2020 9:18:37 PM","4/02/2020 9:18:37 PM","NEWYORK","4/02/2020 9:56:47 AM","Microsoft-Windows-Application Server-Applications%4Operational.evtx","4/02/2020 8:18:37 AM","1","4/02/2020 10:56:47 PM","C:\Windows\System32\Winevt\Logs\Microsoft-Windows-Application Server-Applications%4Operational.evtx","   0.07","192.168.168.156","c18634be-183e-43ac-b183-65abbe7492d1","True"
"15/06/2019 4:19:19 AM","15/06/2019 4:19:19 PM","15/06/2019 4:19:19 PM","NEWYORK","18/08/2020 1:10:13 PM","Microsoft-Windows-Application-Experience%4Program-Compatibility-Assistant.evtx","15/06/2019 4:19:19 AM","9","19/08/2020 1:10:13 AM","C:\Windows\System32\Winevt\Logs\Microsoft-Windows-Application-Experience%4Program-Compatibility-Assistant.evtx","   0.07","192.168.168.156","c18634be-183e-43ac-b183-65abbe7492d1","True"
"14/06/2019 9:20:51 AM","14/06/2019 9:20:51 PM","14/06/2019 9:20:51 PM","NEWYORK","14/06/2019 9:22:18 AM","Microsoft-Windows-Application-Experience%4Program-Compatibility-Troubleshooter.evtx","14/06/2019 9:20:51 AM","1","14/06/2019 9:22:18 PM","C:\Windows\System32\Winevt\Logs\Microsoft-Windows-Application-Experience%4Program-Compatibility-Troubleshooter.evtx","   0.07","192.168.168.156","c18634be-183e-43ac-b183-65abbe7492d1","True"
"14/06/2019 9:20:51 AM","14/06/2019 9:20:51 PM","14/06/2019 9:20:51 PM","NEWYORK","14/06/2019 9:22:18 AM","Microsoft-Windows-Application-Experience%4Program-Inventory.evtx","14/06/2019 9:20:51 AM","1","14/06/2019 9:22:18 PM","C:\Windows\System32\Winevt\Logs\Microsoft-Windows-Application-Experience%4Program-Inventory.evtx","   0.07","192.168.168.156","c18634be-183e-43ac-b183-65abbe7492d1","True"
"14/06/2019 9:20:51 AM","14/06/2019 9:20:51 PM","14/06/2019 9:20:51 PM","NEWYORK","5/04/2021 9:55:45 AM","Microsoft-Windows-Application-Experience%4Program-Telemetry.evtx","14/06/2019 9:20:51 AM","11","5/04/2021 9:55:45 PM","C:\Windows\System32\Winevt\Logs\Microsoft-Windows-Application-Experience%4Program-Telemetry.evtx","   0.07","192.168.168.156","c18634be-183e-43ac-b183-65abbe7492d1","True"
"14/06/2019 9:20:51 AM","14/06/2019 9:20:51 PM","14/06/2019 9:20:51 PM","NEWYORK","14/06/2019 9:22:18 AM","Microsoft-Windows-Application-Experience%4Steps-Recorder.evtx","14/06/2019 9:20:51 AM","1","14/06/2019 9:22:18 PM","C:\Windows\System32\Winevt\Logs\Microsoft-Windows-Application-Experience%4Steps-Recorder.evtx","   0.07","192.168.168.156","c18634be-183e-43ac-b183-65abbe7492d1","True"
"14/06/2019 9:20:25 AM","14/06/2019 9:20:25 PM","14/06/2019 9:20:25 PM","NEWYORK","5/04/2021 9:55:45 AM","Microsoft-Windows-ApplicationResourceManagementSystem%4Operational.evtx","14/06/2019 9:20:25 AM","11","5/04/2021 9:55:45 PM","C:\Windows\System32\Winevt\Logs\Microsoft-Windows-ApplicationResourceManagementSystem%4Operational.evtx","   1.00","192.168.168.156","c18634be-183e-43ac-b183-65abbe7492d1","True"
"4/02/2020 8:18:37 AM","4/02/2020 9:18:37 PM","4/02/2020 9:18:37 PM","NEWYORK","4/02/2020 9:56:47 AM","Microsoft-Windows-AppLocker%4EXE and DLL.evtx","4/02/2020 8:18:37 AM","1","4/02/2020 10:56:47 PM","C:\Windows\System32\Winevt\Logs\Microsoft-Windows-AppLocker%4EXE and DLL.evtx","   0.07","192.168.168.156","c18634be-183e-43ac-b183-65abbe7492d1","True"
"4/02/2020 8:18:37 AM","4/02/2020 9:18:37 PM","4/02/2020 9:18:37 PM","NEWYORK","4/02/2020 9:56:47 AM","Microsoft-Windows-AppLocker%4MSI and Script.evtx","4/02/2020 8:18:37 AM","1","4/02/2020 10:56:47 PM","C:\Windows\System32\Winevt\Logs\Microsoft-Windows-AppLocker%4MSI and Script.evtx","   0.07","192.168.168.156","c18634be-183e-43ac-b183-65abbe7492d1","True"
"4/02/2020 8:18:37 AM","4/02/2020 9:18:37 PM","4/02/2020 9:18:37 PM","NEWYORK","4/02/2020 9:56:47 AM","Microsoft-Windows-AppLocker%4Packaged app-Deployment.evtx","4/02/2020 8:18:37 AM","1","4/02/2020 10:56:47 PM","C:\Windows\System32\Winevt\Logs\Microsoft-Windows-AppLocker%4Packaged app-Deployment.evtx","   0.07","192.168.168.156","c18634be-183e-43ac-b183-65abbe7492d1","True"
"4/02/2020 8:18:37 AM","4/02/2020 9:18:37 PM","4/02/2020 9:18:37 PM","NEWYORK","4/02/2020 9:56:47 AM","Microsoft-Windows-AppLocker%4Packaged app-Execution.evtx","4/02/2020 8:18:37 AM","1","4/02/2020 10:56:47 PM","C:\Windows\System32\Winevt\Logs\Microsoft-Windows-AppLocker%4Packaged app-Execution.evtx","   0.07","192.168.168.156","c18634be-183e-43ac-b183-65abbe7492d1","True"
"14/06/2019 9:20:40 AM","14/06/2019 9:20:40 PM","14/06/2019 9:20:40 PM","NEWYORK","4/02/2020 8:18:37 AM","Microsoft-Windows-AppModel-Runtime%4Admin.evtx","14/06/2019 9:20:40 AM","11","4/02/2020 9:18:37 PM","C:\Windows\System32\Winevt\Logs\Microsoft-Windows-AppModel-Runtime%4Admin.evtx","   0.07","192.168.168.156","c18634be-183e-43ac-b183-65abbe7492d1","True"
"14/06/2019 9:20:26 AM","14/06/2019 9:20:26 PM","14/06/2019 9:20:26 PM","NEWYORK","4/02/2020 8:18:37 AM","Microsoft-Windows-AppReadiness%4Admin.evtx","14/06/2019 9:20:26 AM","11","4/02/2020 9:18:37 PM","C:\Windows\System32\Winevt\Logs\Microsoft-Windows-AppReadiness%4Admin.evtx","   1.07","192.168.168.156","c18634be-183e-43ac-b183-65abbe7492d1","True"
"14/06/2019 9:20:26 AM","14/06/2019 9:20:26 PM","14/06/2019 9:20:26 PM","NEWYORK","4/02/2020 8:18:37 AM","Microsoft-Windows-AppReadiness%4Operational.evtx","14/06/2019 9:20:26 AM","11","4/02/2020 9:18:37 PM","C:\Windows\System32\Winevt\Logs\Microsoft-Windows-AppReadiness%4Operational.evtx","   1.07","192.168.168.156","c18634be-183e-43ac-b183-65abbe7492d1","True"
"14/06/2019 9:20:38 AM","14/06/2019 9:20:38 PM","14/06/2019 9:20:38 PM","NEWYORK","28/03/2021 3:31:59 AM","Microsoft-Windows-AppXDeployment%4Operational.evtx","14/06/2019 9:20:38 AM","11","28/03/2021 4:31:59 PM","C:\Windows\System32\Winevt\Logs\Microsoft-Windows-AppXDeployment%4Operational.evtx","   0.07","192.168.168.156","c18634be-183e-43ac-b183-65abbe7492d1","True"
"15/06/2019 4:19:33 AM","15/06/2019 4:19:33 PM","15/06/2019 4:19:33 PM","NEWYORK","5/04/2021 9:55:45 AM","Microsoft-Windows-AppXDeploymentServer%4Operational.evtx","15/06/2019 4:19:33 AM","11","5/04/2021 9:55:45 PM","C:\Windows\System32\Winevt\Logs\Microsoft-Windows-AppXDeploymentServer%4Operational.evtx","   2.07","192.168.168.156","c18634be-183e-43ac-b183-65abbe7492d1","True"
"15/06/2019 4:19:33 AM","15/06/2019 4:19:33 PM","15/06/2019 4:19:33 PM","NEWYORK","15/06/2019 4:19:50 AM","Microsoft-Windows-AppXDeploymentServer%4Restricted.evtx","15/06/2019 4:19:33 AM","1","15/06/2019 4:19:50 PM","C:\Windows\System32\Winevt\Logs\Microsoft-Windows-AppXDeploymentServer%4Restricted.evtx","   0.07","192.168.168.156","c18634be-183e-43ac-b183-65abbe7492d1","True"
"4/02/2020 8:18:37 AM","4/02/2020 9:18:37 PM","4/02/2020 9:18:37 PM","NEWYORK","4/02/2020 9:56:47 AM","Microsoft-Windows-AppxPackaging%4Operational.evtx","4/02/2020 8:18:37 AM","1","4/02/2020 10:56:47 PM","C:\Windows\System32\Winevt\Logs\Microsoft-Windows-AppxPackaging%4Operational.evtx","   0.07","192.168.168.156","c18634be-183e-43ac-b183-65abbe7492d1","True"
"4/02/2020 8:18:37 AM","4/02/2020 9:18:37 PM","4/02/2020 9:18:37 PM","NEWYORK","4/02/2020 9:56:47 AM","Microsoft-Windows-AssignedAccess%4Admin.evtx","4/02/2020 8:18:37 AM","1","4/02/2020 10:56:47 PM","C:\Windows\System32\Winevt\Logs\Microsoft-Windows-AssignedAccess%4Admin.evtx","   0.07","192.168.168.156","c18634be-183e-43ac-b183-65abbe7492d1","True"
"4/02/2020 8:18:37 AM","4/02/2020 9:18:37 PM","4/02/2020 9:18:37 PM","NEWYORK","4/02/2020 9:56:47 AM","Microsoft-Windows-AssignedAccessBroker%4Admin.evtx","4/02/2020 8:18:37 AM","1","4/02/2020 10:56:47 PM","C:\Windows\System32\Winevt\Logs\Microsoft-Windows-AssignedAccessBroker%4Admin.evtx","   0.07","192.168.168.156","c18634be-183e-43ac-b183-65abbe7492d1","True"
"15/06/2019 4:19:29 AM","15/06/2019 4:19:29 PM","15/06/2019 4:19:29 PM","NEWYORK","15/06/2019 4:19:50 AM","Microsoft-Windows-Audio%4CaptureMonitor.evtx","15/06/2019 4:19:29 AM","1","15/06/2019 4:19:50 PM","C:\Windows\System32\Winevt\Logs\Microsoft-Windows-Audio%4CaptureMonitor.evtx","   0.07","192.168.168.156","c18634be-183e-43ac-b183-65abbe7492d1","True"
"15/06/2019 4:19:29 AM","15/06/2019 4:19:29 PM","15/06/2019 4:19:29 PM","NEWYORK","14/06/2019 12:52:07 PM","Microsoft-Windows-Audio%4Operational.evtx","15/06/2019 4:19:29 AM","11","15/06/2019 12:52:07 AM","C:\Windows\System32\Winevt\Logs\Microsoft-Windows-Audio%4Operational.evtx","   0.07","192.168.168.156","c18634be-183e-43ac-b183-65abbe7492d1","True"
"15/06/2019 4:19:29 AM","15/06/2019 4:19:29 PM","15/06/2019 4:19:29 PM","NEWYORK","15/06/2019 4:19:50 AM","Microsoft-Windows-Audio%4PlaybackManager.evtx","15/06/2019 4:19:29 AM","1","15/06/2019 4:19:50 PM","C:\Windows\System32\Winevt\Logs\Microsoft-Windows-Audio%4PlaybackManager.evtx","   0.07","192.168.168.156","c18634be-183e-43ac-b183-65abbe7492d1","True"
"4/02/2020 8:18:37 AM","4/02/2020 9:18:37 PM","4/02/2020 9:18:37 PM","NEWYORK","4/02/2020 9:56:47 AM","Microsoft-Windows-Authentication User Interface%4Operational.evtx","4/02/2020 8:18:37 AM","1","4/02/2020 10:56:47 PM","C:\Windows\System32\Winevt\Logs\Microsoft-Windows-Authentication User Interface%4Operational.evtx","   0.07","192.168.168.156","c18634be-183e-43ac-b183-65abbe7492d1","True"
"14/06/2019 12:30:05 PM","15/06/2019 12:30:05 AM","15/06/2019 12:30:05 AM","NEWYORK","5/04/2021 9:55:45 AM","Microsoft-Windows-BackgroundTaskInfrastructure%4Operational.evtx","14/06/2019 12:30:05 PM","11","5/04/2021 9:55:45 PM","C:\Windows\System32\Winevt\Logs\Microsoft-Windows-BackgroundTaskInfrastructure%4Operational.evtx","   1.00","192.168.168.156","c18634be-183e-43ac-b183-65abbe7492d1","True"
"4/02/2020 8:18:37 AM","4/02/2020 9:18:37 PM","4/02/2020 9:18:37 PM","NEWYORK","4/02/2020 9:56:47 AM","Microsoft-Windows-Backup.evtx","4/02/2020 8:18:37 AM","1","4/02/2020 10:56:47 PM","C:\Windows\System32\Winevt\Logs\Microsoft-Windows-Backup.evtx","   0.07","192.168.168.156","c18634be-183e-43ac-b183-65abbe7492d1","True"
"4/02/2020 8:18:37 AM","4/02/2020 9:18:37 PM","4/02/2020 9:18:37 PM","NEWYORK","4/02/2020 9:56:47 AM","Microsoft-Windows-BestPractices%4Operational.evtx","4/02/2020 8:18:37 AM","1","4/02/2020 10:56:47 PM","C:\Windows\System32\Winevt\Logs\Microsoft-Windows-BestPractices%4Operational.evtx","   0.07","192.168.168.156","c18634be-183e-43ac-b183-65abbe7492d1","True"
"25/06/2019 1:23:45 AM","25/06/2019 1:23:45 PM","25/06/2019 1:23:45 PM","NEWYORK","7/04/2021 8:02:53 AM","Microsoft-Windows-Biometrics%4Operational.evtx","25/06/2019 1:23:45 AM","11","7/04/2021 8:02:53 PM","C:\Windows\System32\Winevt\Logs\Microsoft-Windows-Biometrics%4Operational.evtx","   1.00","192.168.168.156","c18634be-183e-43ac-b183-65abbe7492d1","True"
"4/02/2020 8:18:37 AM","4/02/2020 9:18:37 PM","4/02/2020 9:18:37 PM","NEWYORK","7/04/2021 8:13:28 AM","Microsoft-Windows-Bits-Client%4Operational.evtx","4/02/2020 8:18:37 AM","9","7/04/2021 8:13:28 PM","C:\Windows\System32\Winevt\Logs\Microsoft-Windows-Bits-Client%4Operational.evtx","   0.07","192.168.168.156","c18634be-183e-43ac-b183-65abbe7492d1","True"
"4/02/2020 8:18:37 AM","4/02/2020 9:18:37 PM","4/02/2020 9:18:37 PM","NEWYORK","4/02/2020 9:56:47 AM","Microsoft-Windows-Bluetooth-BthLEPrepairing%4Operational.evtx","4/02/2020 8:18:37 AM","1","4/02/2020 10:56:47 PM","C:\Windows\System32\Winevt\Logs\Microsoft-Windows-Bluetooth-BthLEPrepairing%4Operational.evtx","   0.07","192.168.168.156","c18634be-183e-43ac-b183-65abbe7492d1","True"
"4/02/2020 8:18:37 AM","4/02/2020 9:18:37 PM","4/02/2020 9:18:37 PM","NEWYORK","4/02/2020 9:56:47 AM","Microsoft-Windows-Bluetooth-MTPEnum%4Operational.evtx","4/02/2020 8:18:37 AM","1","4/02/2020 10:56:47 PM","C:\Windows\System32\Winevt\Logs\Microsoft-Windows-Bluetooth-MTPEnum%4Operational.evtx","   0.07","192.168.168.156","c18634be-183e-43ac-b183-65abbe7492d1","True"
"4/02/2020 8:18:37 AM","4/02/2020 9:18:37 PM","4/02/2020 9:18:37 PM","NEWYORK","4/02/2020 9:56:47 AM","Microsoft-Windows-BranchCacheSMB%4Operational.evtx","4/02/2020 8:18:37 AM","1","4/02/2020 10:56:47 PM","C:\Windows\System32\Winevt\Logs\Microsoft-Windows-BranchCacheSMB%4Operational.evtx","   0.07","192.168.168.156","c18634be-183e-43ac-b183-65abbe7492d1","True"
"18/08/2020 1:03:04 PM","19/08/2020 1:03:04 AM","19/08/2020 1:03:04 AM","NEWYORK","18/08/2020 1:10:13 PM","Microsoft-Windows-CAPI2%4Operational.evtx","18/08/2020 1:03:04 PM","1","19/08/2020 1:10:13 AM","C:\Windows\System32\Winevt\Logs\Microsoft-Windows-CAPI2%4Operational.evtx","   0.07","192.168.168.156","c18634be-183e-43ac-b183-65abbe7492d1","True"
"4/02/2020 8:18:37 AM","4/02/2020 9:18:37 PM","4/02/2020 9:18:37 PM","NEWYORK","4/02/2020 9:56:47 AM","Microsoft-Windows-CertificateServices-Deployment%4Operational.evtx","4/02/2020 8:18:37 AM","1","4/02/2020 10:56:47 PM","C:\Windows\System32\Winevt\Logs\Microsoft-Windows-CertificateServices-Deployment%4Operational.evtx","   0.07","192.168.168.156","c18634be-183e-43ac-b183-65abbe7492d1","True"
"4/02/2020 8:18:37 AM","4/02/2020 9:18:37 PM","4/02/2020 9:18:37 PM","NEWYORK","4/02/2020 9:56:47 AM","Microsoft-Windows-CertificateServicesClient-Lifecycle-System%4Operational.evtx","4/02/2020 8:18:37 AM","1","4/02/2020 10:56:47 PM","C:\Windows\System32\Winevt\Logs\Microsoft-Windows-CertificateServicesClient-Lifecycle-System%4Operational.evtx","   0.07","192.168.168.156","c18634be-183e-43ac-b183-65abbe7492d1","True"
"4/02/2020 8:18:37 AM","4/02/2020 9:18:37 PM","4/02/2020 9:18:37 PM","NEWYORK","4/02/2020 9:56:47 AM","Microsoft-Windows-CertificateServicesClient-Lifecycle-User%4Operational.evtx","4/02/2020 8:18:37 AM","1","4/02/2020 10:56:47 PM","C:\Windows\System32\Winevt\Logs\Microsoft-Windows-CertificateServicesClient-Lifecycle-User%4Operational.evtx","   0.07","192.168.168.156","c18634be-183e-43ac-b183-65abbe7492d1","True"
"4/02/2020 8:18:37 AM","4/02/2020 9:18:37 PM","4/02/2020 9:18:37 PM","NEWYORK","4/02/2020 9:56:47 AM","Microsoft-Windows-CloudStorageWizard%4Operational.evtx","4/02/2020 8:18:37 AM","1","4/02/2020 10:56:47 PM","C:\Windows\System32\Winevt\Logs\Microsoft-Windows-CloudStorageWizard%4Operational.evtx","   0.07","192.168.168.156","c18634be-183e-43ac-b183-65abbe7492d1","True"
"15/06/2019 4:19:21 AM","15/06/2019 4:19:21 PM","15/06/2019 4:19:21 PM","NEWYORK","7/04/2021 8:02:52 AM","Microsoft-Windows-CodeIntegrity%4Operational.evtx","15/06/2019 4:19:21 AM","11","7/04/2021 8:02:52 PM","C:\Windows\System32\Winevt\Logs\Microsoft-Windows-CodeIntegrity%4Operational.evtx","   0.07","192.168.168.156","c18634be-183e-43ac-b183-65abbe7492d1","True"
"4/02/2020 8:18:37 AM","4/02/2020 9:18:37 PM","4/02/2020 9:18:37 PM","NEWYORK","4/02/2020 9:56:47 AM","Microsoft-Windows-Compat-Appraiser%4Operational.evtx","4/02/2020 8:18:37 AM","1","4/02/2020 10:56:47 PM","C:\Windows\System32\Winevt\Logs\Microsoft-Windows-Compat-Appraiser%4Operational.evtx","   0.07","192.168.168.156","c18634be-183e-43ac-b183-65abbe7492d1","True"
"15/06/2019 4:19:21 AM","15/06/2019 4:19:21 PM","15/06/2019 4:19:21 PM","NEWYORK","7/04/2021 8:02:52 AM","Microsoft-Windows-Containers-Wcifs%4Operational.evtx","15/06/2019 4:19:21 AM","11","7/04/2021 8:02:52 PM","C:\Windows\System32\Winevt\Logs\Microsoft-Windows-Containers-Wcifs%4Operational.evtx","   0.07","192.168.168.156","c18634be-183e-43ac-b183-65abbe7492d1","True"
"15/06/2019 4:19:21 AM","15/06/2019 4:19:21 PM","15/06/2019 4:19:21 PM","NEWYORK","7/04/2021 8:02:52 AM","Microsoft-Windows-Containers-Wcnfs%4Operational.evtx","15/06/2019 4:19:21 AM","11","7/04/2021 8:02:52 PM","C:\Windows\System32\Winevt\Logs\Microsoft-Windows-Containers-Wcnfs%4Operational.evtx","   0.07","192.168.168.156","c18634be-183e-43ac-b183-65abbe7492d1","True"
"4/02/2020 8:18:37 AM","4/02/2020 9:18:37 PM","4/02/2020 9:18:37 PM","NEWYORK","4/02/2020 9:56:47 AM","Microsoft-Windows-CoreApplication%4Operational.evtx","4/02/2020 8:18:37 AM","1","4/02/2020 10:56:47 PM","C:\Windows\System32\Winevt\Logs\Microsoft-Windows-CoreApplication%4Operational.evtx","   0.07","192.168.168.156","c18634be-183e-43ac-b183-65abbe7492d1","True"
"4/02/2020 8:18:37 AM","4/02/2020 9:18:37 PM","4/02/2020 9:18:37 PM","NEWYORK","4/02/2020 9:56:47 AM","Microsoft-Windows-CorruptedFileRecovery-Client%4Operational.evtx","4/02/2020 8:18:37 AM","1","4/02/2020 10:56:47 PM","C:\Windows\System32\Winevt\Logs\Microsoft-Windows-CorruptedFileRecovery-Client%4Operational.evtx","   0.07","192.168.168.156","c18634be-183e-43ac-b183-65abbe7492d1","True"
"4/02/2020 8:18:37 AM","4/02/2020 9:18:37 PM","4/02/2020 9:18:37 PM","NEWYORK","4/02/2020 9:56:47 AM","Microsoft-Windows-CorruptedFileRecovery-Server%4Operational.evtx","4/02/2020 8:18:37 AM","1","4/02/2020 10:56:47 PM","C:\Windows\System32\Winevt\Logs\Microsoft-Windows-CorruptedFileRecovery-Server%4Operational.evtx","   0.07","192.168.168.156","c18634be-183e-43ac-b183-65abbe7492d1","True"
"15/06/2019 4:19:21 AM","15/06/2019 4:19:21 PM","15/06/2019 4:19:21 PM","NEWYORK","15/06/2019 4:19:50 AM","Microsoft-Windows-Crypto-DPAPI%4BackUpKeySvc.evtx","15/06/2019 4:19:21 AM","1","15/06/2019 4:19:50 PM","C:\Windows\System32\Winevt\Logs\Microsoft-Windows-Crypto-DPAPI%4BackUpKeySvc.evtx","   0.07","192.168.168.156","c18634be-183e-43ac-b183-65abbe7492d1","True"
"15/06/2019 4:19:21 AM","15/06/2019 4:19:21 PM","15/06/2019 4:19:21 PM","NEWYORK","5/04/2021 9:19:06 AM","Microsoft-Windows-Crypto-DPAPI%4Operational.evtx","15/06/2019 4:19:21 AM","11","5/04/2021 9:19:06 PM","C:\Windows\System32\Winevt\Logs\Microsoft-Windows-Crypto-DPAPI%4Operational.evtx","   0.07","192.168.168.156","c18634be-183e-43ac-b183-65abbe7492d1","True"
"4/02/2020 8:18:37 AM","4/02/2020 9:18:37 PM","4/02/2020 9:18:37 PM","NEWYORK","4/02/2020 9:56:47 AM","Microsoft-Windows-DAL-Provider%4Operational.evtx","4/02/2020 8:18:37 AM","1","4/02/2020 10:56:47 PM","C:\Windows\System32\Winevt\Logs\Microsoft-Windows-DAL-Provider%4Operational.evtx","   0.07","192.168.168.156","c18634be-183e-43ac-b183-65abbe7492d1","True"
"14/06/2019 9:25:50 AM","14/06/2019 9:25:50 PM","14/06/2019 9:25:50 PM","NEWYORK","22/03/2021 9:11:05 AM","Microsoft-Windows-DataIntegrityScan%4Admin.evtx","14/06/2019 9:25:50 AM","11","22/03/2021 10:11:05 PM","C:\Windows\System32\Winevt\Logs\Microsoft-Windows-DataIntegrityScan%4Admin.evtx","   0.07","192.168.168.156","c18634be-183e-43ac-b183-65abbe7492d1","True"
"14/06/2019 9:25:50 AM","14/06/2019 9:25:50 PM","14/06/2019 9:25:50 PM","NEWYORK","14/06/2019 9:39:37 AM","Microsoft-Windows-DataIntegrityScan%4CrashRecovery.evtx","14/06/2019 9:25:50 AM","1","14/06/2019 9:39:37 PM","C:\Windows\System32\Winevt\Logs\Microsoft-Windows-DataIntegrityScan%4CrashRecovery.evtx","   0.07","192.168.168.156","c18634be-183e-43ac-b183-65abbe7492d1","True"
"4/02/2020 8:18:37 AM","4/02/2020 9:18:37 PM","4/02/2020 9:18:37 PM","NEWYORK","4/02/2020 9:56:47 AM","Microsoft-Windows-DateTimeControlPanel%4Operational.evtx","4/02/2020 8:18:37 AM","1","4/02/2020 10:56:47 PM","C:\Windows\System32\Winevt\Logs\Microsoft-Windows-DateTimeControlPanel%4Operational.evtx","   0.07","192.168.168.156","c18634be-183e-43ac-b183-65abbe7492d1","True"
"4/02/2020 8:18:37 AM","4/02/2020 9:18:37 PM","4/02/2020 9:18:37 PM","NEWYORK","4/02/2020 9:56:47 AM","Microsoft-Windows-DeviceGuard%4Operational.evtx","4/02/2020 8:18:37 AM","1","4/02/2020 10:56:47 PM","C:\Windows\System32\Winevt\Logs\Microsoft-Windows-DeviceGuard%4Operational.evtx","   0.07","192.168.168.156","c18634be-183e-43ac-b183-65abbe7492d1","True"
"15/06/2019 4:19:19 AM","15/06/2019 4:19:19 PM","15/06/2019 4:19:19 PM","NEWYORK","14/06/2019 1:43:46 PM","Microsoft-Windows-DeviceManagement-Enterprise-Diagnostics-Provider%4Admin.evtx","15/06/2019 4:19:19 AM","11","15/06/2019 1:43:46 AM","C:\Windows\System32\Winevt\Logs\Microsoft-Windows-DeviceManagement-Enterprise-Diagnostics-Provider%4Admin.evtx","   0.07","192.168.168.156","c18634be-183e-43ac-b183-65abbe7492d1","True"
"4/02/2020 8:18:37 AM","4/02/2020 9:18:37 PM","4/02/2020 9:18:37 PM","NEWYORK","4/02/2020 9:56:47 AM","Microsoft-Windows-Devices-Background%4Operational.evtx","4/02/2020 8:18:37 AM","1","4/02/2020 10:56:47 PM","C:\Windows\System32\Winevt\Logs\Microsoft-Windows-Devices-Background%4Operational.evtx","   0.07","192.168.168.156","c18634be-183e-43ac-b183-65abbe7492d1","True"
"15/06/2019 4:19:21 AM","15/06/2019 4:19:21 PM","15/06/2019 4:19:21 PM","NEWYORK","7/04/2021 8:01:52 AM","Microsoft-Windows-DeviceSetupManager%4Admin.evtx","15/06/2019 4:19:21 AM","9","7/04/2021 8:01:52 PM","C:\Windows\System32\Winevt\Logs\Microsoft-Windows-DeviceSetupManager%4Admin.evtx","   1.00","192.168.168.156","c18634be-183e-43ac-b183-65abbe7492d1","True"
"15/06/2019 4:19:21 AM","15/06/2019 4:19:21 PM","15/06/2019 4:19:21 PM","NEWYORK","14/06/2019 1:43:46 PM","Microsoft-Windows-DeviceSetupManager%4Operational.evtx","15/06/2019 4:19:21 AM","11","15/06/2019 1:43:46 AM","C:\Windows\System32\Winevt\Logs\Microsoft-Windows-DeviceSetupManager%4Operational.evtx","   0.07","192.168.168.156","c18634be-183e-43ac-b183-65abbe7492d1","True"
"4/02/2020 8:18:37 AM","4/02/2020 9:18:37 PM","4/02/2020 9:18:37 PM","NEWYORK","4/02/2020 9:56:47 AM","Microsoft-Windows-DeviceSync%4Operational.evtx","4/02/2020 8:18:37 AM","1","4/02/2020 10:56:47 PM","C:\Windows\System32\Winevt\Logs\Microsoft-Windows-DeviceSync%4Operational.evtx","   0.07","192.168.168.156","c18634be-183e-43ac-b183-65abbe7492d1","True"
"15/06/2019 4:19:19 AM","15/06/2019 4:19:19 PM","15/06/2019 4:19:19 PM","NEWYORK","2/10/2020 6:25:09 AM","Microsoft-Windows-Dhcp-Client%4Admin.evtx","15/06/2019 4:19:19 AM","11","2/10/2020 7:25:09 PM","C:\Windows\System32\Winevt\Logs\Microsoft-Windows-Dhcp-Client%4Admin.evtx","   0.07","192.168.168.156","c18634be-183e-43ac-b183-65abbe7492d1","True"
"15/06/2019 4:19:19 AM","15/06/2019 4:19:19 PM","15/06/2019 4:19:19 PM","NEWYORK","9/07/2019 2:08:04 PM","Microsoft-Windows-Dhcpv6-Client%4Admin.evtx","15/06/2019 4:19:19 AM","11","10/07/2019 2:08:04 AM","C:\Windows\System32\Winevt\Logs\Microsoft-Windows-Dhcpv6-Client%4Admin.evtx","   0.07","192.168.168.156","c18634be-183e-43ac-b183-65abbe7492d1","True"
"14/06/2019 12:31:04 PM","15/06/2019 12:31:04 AM","15/06/2019 12:31:04 AM","NEWYORK","28/03/2021 3:31:59 AM","Microsoft-Windows-Diagnosis-DPS%4Operational.evtx","14/06/2019 12:31:04 PM","11","28/03/2021 4:31:59 PM","C:\Windows\System32\Winevt\Logs\Microsoft-Windows-Diagnosis-DPS%4Operational.evtx","   1.00","192.168.168.156","c18634be-183e-43ac-b183-65abbe7492d1","True"
"4/02/2020 8:18:37 AM","4/02/2020 9:18:37 PM","4/02/2020 9:18:37 PM","NEWYORK","4/02/2020 9:56:47 AM","Microsoft-Windows-Diagnosis-PCW%4Operational.evtx","4/02/2020 8:18:37 AM","1","4/02/2020 10:56:47 PM","C:\Windows\System32\Winevt\Logs\Microsoft-Windows-Diagnosis-PCW%4Operational.evtx","   0.07","192.168.168.156","c18634be-183e-43ac-b183-65abbe7492d1","True"
"14/06/2019 12:31:10 PM","15/06/2019 12:31:10 AM","15/06/2019 12:31:10 AM","NEWYORK","14/06/2019 12:49:18 PM","Microsoft-Windows-Diagnosis-PLA%4Operational.evtx","14/06/2019 12:31:10 PM","1","15/06/2019 12:49:18 AM","C:\Windows\System32\Winevt\Logs\Microsoft-Windows-Diagnosis-PLA%4Operational.evtx","   0.07","192.168.168.156","c18634be-183e-43ac-b183-65abbe7492d1","True"
"14/06/2019 9:26:04 AM","14/06/2019 9:26:04 PM","14/06/2019 9:26:04 PM","NEWYORK","28/03/2021 3:31:59 AM","Microsoft-Windows-Diagnosis-Scheduled%4Operational.evtx","14/06/2019 9:26:04 AM","11","28/03/2021 4:31:59 PM","C:\Windows\System32\Winevt\Logs\Microsoft-Windows-Diagnosis-Scheduled%4Operational.evtx","   0.07","192.168.168.156","c18634be-183e-43ac-b183-65abbe7492d1","True"
"25/06/2019 1:22:53 AM","25/06/2019 1:22:53 PM","25/06/2019 1:22:53 PM","NEWYORK","28/03/2021 3:31:59 AM","Microsoft-Windows-Diagnosis-Scripted%4Admin.evtx","25/06/2019 1:22:53 AM","11","28/03/2021 4:31:59 PM","C:\Windows\System32\Winevt\Logs\Microsoft-Windows-Diagnosis-Scripted%4Admin.evtx","   0.07","192.168.168.156","c18634be-183e-43ac-b183-65abbe7492d1","True"
"25/06/2019 1:22:53 AM","25/06/2019 1:22:53 PM","25/06/2019 1:22:53 PM","NEWYORK","28/03/2021 3:31:59 AM","Microsoft-Windows-Diagnosis-Scripted%4Operational.evtx","25/06/2019 1:22:53 AM","11","28/03/2021 4:31:59 PM","C:\Windows\System32\Winevt\Logs\Microsoft-Windows-Diagnosis-Scripted%4Operational.evtx","   0.07","192.168.168.156","c18634be-183e-43ac-b183-65abbe7492d1","True"
"4/02/2020 8:18:37 AM","4/02/2020 9:18:37 PM","4/02/2020 9:18:37 PM","NEWYORK","4/02/2020 9:56:47 AM","Microsoft-Windows-Diagnosis-ScriptedDiagnosticsProvider%4Operational.evtx","4/02/2020 8:18:37 AM","1","4/02/2020 10:56:47 PM","C:\Windows\System32\Winevt\Logs\Microsoft-Windows-Diagnosis-ScriptedDiagnosticsProvider%4Operational.evtx","   0.07","192.168.168.156","c18634be-183e-43ac-b183-65abbe7492d1","True"
"4/02/2020 8:18:37 AM","4/02/2020 9:18:37 PM","4/02/2020 9:18:37 PM","NEWYORK","4/02/2020 9:56:47 AM","Microsoft-Windows-Diagnostics-Networking%4Operational.evtx","4/02/2020 8:18:37 AM","1","4/02/2020 10:56:47 PM","C:\Windows\System32\Winevt\Logs\Microsoft-Windows-Diagnostics-Networking%4Operational.evtx","   0.07","192.168.168.156","c18634be-183e-43ac-b183-65abbe7492d1","True"
"4/02/2020 8:18:37 AM","4/02/2020 9:18:37 PM","4/02/2020 9:18:37 PM","NEWYORK","4/02/2020 9:56:47 AM","Microsoft-Windows-DirectoryServices-Deployment%4Operational.evtx","4/02/2020 8:18:37 AM","1","4/02/2020 10:56:47 PM","C:\Windows\System32\Winevt\Logs\Microsoft-Windows-DirectoryServices-Deployment%4Operational.evtx","   0.07","192.168.168.156","c18634be-183e-43ac-b183-65abbe7492d1","True"
"4/02/2020 8:18:37 AM","4/02/2020 9:18:37 PM","4/02/2020 9:18:37 PM","NEWYORK","4/02/2020 9:56:47 AM","Microsoft-Windows-DiskDiagnostic%4Operational.evtx","4/02/2020 8:18:37 AM","1","4/02/2020 10:56:47 PM","C:\Windows\System32\Winevt\Logs\Microsoft-Windows-DiskDiagnostic%4Operational.evtx","   0.07","192.168.168.156","c18634be-183e-43ac-b183-65abbe7492d1","True"
"5/07/2019 1:12:09 PM","6/07/2019 1:12:09 AM","6/07/2019 1:12:09 AM","NEWYORK","5/07/2019 1:41:23 PM","Microsoft-Windows-DiskDiagnosticDataCollector%4Operational.evtx","5/07/2019 1:12:09 PM","1","6/07/2019 1:41:23 AM","C:\Windows\System32\Winevt\Logs\Microsoft-Windows-DiskDiagnosticDataCollector%4Operational.evtx","   0.07","192.168.168.156","c18634be-183e-43ac-b183-65abbe7492d1","True"
"4/02/2020 8:18:37 AM","4/02/2020 9:18:37 PM","4/02/2020 9:18:37 PM","NEWYORK","4/02/2020 9:56:47 AM","Microsoft-Windows-DiskDiagnosticResolver%4Operational.evtx","4/02/2020 8:18:37 AM","1","4/02/2020 10:56:47 PM","C:\Windows\System32\Winevt\Logs\Microsoft-Windows-DiskDiagnosticResolver%4Operational.evtx","   0.07","192.168.168.156","c18634be-183e-43ac-b183-65abbe7492d1","True"
"4/02/2020 8:18:37 AM","4/02/2020 9:18:37 PM","4/02/2020 9:18:37 PM","NEWYORK","4/02/2020 9:56:47 AM","Microsoft-Windows-DSC%4Admin.evtx","4/02/2020 8:18:37 AM","1","4/02/2020 10:56:47 PM","C:\Windows\System32\Winevt\Logs\Microsoft-Windows-DSC%4Admin.evtx","   0.07","192.168.168.156","c18634be-183e-43ac-b183-65abbe7492d1","True"
"4/02/2020 8:18:37 AM","4/02/2020 9:18:37 PM","4/02/2020 9:18:37 PM","NEWYORK","4/02/2020 9:56:47 AM","Microsoft-Windows-DSC%4Operational.evtx","4/02/2020 8:18:37 AM","1","4/02/2020 10:56:47 PM","C:\Windows\System32\Winevt\Logs\Microsoft-Windows-DSC%4Operational.evtx","   0.07","192.168.168.156","c18634be-183e-43ac-b183-65abbe7492d1","True"
"4/02/2020 8:18:37 AM","4/02/2020 9:18:37 PM","4/02/2020 9:18:37 PM","NEWYORK","4/02/2020 9:56:47 AM","Microsoft-Windows-EapHost%4Operational.evtx","4/02/2020 8:18:37 AM","1","4/02/2020 10:56:47 PM","C:\Windows\System32\Winevt\Logs\Microsoft-Windows-EapHost%4Operational.evtx","   0.07","192.168.168.156","c18634be-183e-43ac-b183-65abbe7492d1","True"
"4/02/2020 8:18:37 AM","4/02/2020 9:18:37 PM","4/02/2020 9:18:37 PM","NEWYORK","4/02/2020 9:56:47 AM","Microsoft-Windows-EapMethods-RasChap%4Operational.evtx","4/02/2020 8:18:37 AM","1","4/02/2020 10:56:47 PM","C:\Windows\System32\Winevt\Logs\Microsoft-Windows-EapMethods-RasChap%4Operational.evtx","   0.07","192.168.168.156","c18634be-183e-43ac-b183-65abbe7492d1","True"
"4/02/2020 8:18:37 AM","4/02/2020 9:18:37 PM","4/02/2020 9:18:37 PM","NEWYORK","4/02/2020 9:56:47 AM","Microsoft-Windows-EapMethods-RasTls%4Operational.evtx","4/02/2020 8:18:37 AM","1","4/02/2020 10:56:47 PM","C:\Windows\System32\Winevt\Logs\Microsoft-Windows-EapMethods-RasTls%4Operational.evtx","   0.07","192.168.168.156","c18634be-183e-43ac-b183-65abbe7492d1","True"
"4/02/2020 8:18:37 AM","4/02/2020 9:18:37 PM","4/02/2020 9:18:37 PM","NEWYORK","4/02/2020 9:56:47 AM","Microsoft-Windows-EapMethods-Sim%4Operational.evtx","4/02/2020 8:18:37 AM","1","4/02/2020 10:56:47 PM","C:\Windows\System32\Winevt\Logs\Microsoft-Windows-EapMethods-Sim%4Operational.evtx","   0.07","192.168.168.156","c18634be-183e-43ac-b183-65abbe7492d1","True"
"4/02/2020 8:18:37 AM","4/02/2020 9:18:37 PM","4/02/2020 9:18:37 PM","NEWYORK","4/02/2020 9:56:47 AM","Microsoft-Windows-EapMethods-Ttls%4Operational.evtx","4/02/2020 8:18:37 AM","1","4/02/2020 10:56:47 PM","C:\Windows\System32\Winevt\Logs\Microsoft-Windows-EapMethods-Ttls%4Operational.evtx","   0.07","192.168.168.156","c18634be-183e-43ac-b183-65abbe7492d1","True"
"4/02/2020 8:18:37 AM","4/02/2020 9:18:37 PM","4/02/2020 9:18:37 PM","NEWYORK","4/02/2020 9:56:47 AM","Microsoft-Windows-EDP-Audit-Regular%4Admin.evtx","4/02/2020 8:18:37 AM","1","4/02/2020 10:56:47 PM","C:\Windows\System32\Winevt\Logs\Microsoft-Windows-EDP-Audit-Regular%4Admin.evtx","   0.07","192.168.168.156","c18634be-183e-43ac-b183-65abbe7492d1","True"
"4/02/2020 8:18:37 AM","4/02/2020 9:18:37 PM","4/02/2020 9:18:37 PM","NEWYORK","4/02/2020 9:56:47 AM","Microsoft-Windows-EDP-Audit-TCB%4Admin.evtx","4/02/2020 8:18:37 AM","1","4/02/2020 10:56:47 PM","C:\Windows\System32\Winevt\Logs\Microsoft-Windows-EDP-Audit-TCB%4Admin.evtx","   0.07","192.168.168.156","c18634be-183e-43ac-b183-65abbe7492d1","True"
"4/02/2020 8:18:37 AM","4/02/2020 9:18:37 PM","4/02/2020 9:18:37 PM","NEWYORK","4/02/2020 9:56:47 AM","Microsoft-Windows-EmbeddedAppLauncher%4Admin.evtx","4/02/2020 8:18:37 AM","1","4/02/2020 10:56:47 PM","C:\Windows\System32\Winevt\Logs\Microsoft-Windows-EmbeddedAppLauncher%4Admin.evtx","   0.07","192.168.168.156","c18634be-183e-43ac-b183-65abbe7492d1","True"
"4/02/2020 8:18:37 AM","4/02/2020 9:18:37 PM","4/02/2020 9:18:37 PM","NEWYORK","4/02/2020 9:56:47 AM","Microsoft-Windows-EnrollmentPolicyWebService%4Admin.evtx","4/02/2020 8:18:37 AM","1","4/02/2020 10:56:47 PM","C:\Windows\System32\Winevt\Logs\Microsoft-Windows-EnrollmentPolicyWebService%4Admin.evtx","   0.07","192.168.168.156","c18634be-183e-43ac-b183-65abbe7492d1","True"
"4/02/2020 8:18:37 AM","4/02/2020 9:18:37 PM","4/02/2020 9:18:37 PM","NEWYORK","4/02/2020 9:56:47 AM","Microsoft-Windows-EnrollmentWebService%4Admin.evtx","4/02/2020 8:18:37 AM","1","4/02/2020 10:56:47 PM","C:\Windows\System32\Winevt\Logs\Microsoft-Windows-EnrollmentWebService%4Admin.evtx","   0.07","192.168.168.156","c18634be-183e-43ac-b183-65abbe7492d1","True"
"4/02/2020 8:18:37 AM","4/02/2020 9:18:37 PM","4/02/2020 9:18:37 PM","NEWYORK","4/02/2020 9:56:47 AM","Microsoft-Windows-EventCollector%4Operational.evtx","4/02/2020 8:18:37 AM","1","4/02/2020 10:56:47 PM","C:\Windows\System32\Winevt\Logs\Microsoft-Windows-EventCollector%4Operational.evtx","   0.07","192.168.168.156","c18634be-183e-43ac-b183-65abbe7492d1","True"
"14/06/2019 9:24:52 AM","14/06/2019 9:24:52 PM","14/06/2019 9:24:52 PM","NEWYORK","14/06/2019 9:39:37 AM","Microsoft-Windows-Fault-Tolerant-Heap%4Operational.evtx","14/06/2019 9:24:52 AM","11","14/06/2019 9:39:37 PM","C:\Windows\System32\Winevt\Logs\Microsoft-Windows-Fault-Tolerant-Heap%4Operational.evtx","   0.07","192.168.168.156","c18634be-183e-43ac-b183-65abbe7492d1","True"
"4/02/2020 8:18:37 AM","4/02/2020 9:18:37 PM","4/02/2020 9:18:37 PM","NEWYORK","4/02/2020 9:56:47 AM","Microsoft-Windows-FederationServices-Deployment%4Operational.evtx","4/02/2020 8:18:37 AM","1","4/02/2020 10:56:47 PM","C:\Windows\System32\Winevt\Logs\Microsoft-Windows-FederationServices-Deployment%4Operational.evtx","   0.07","192.168.168.156","c18634be-183e-43ac-b183-65abbe7492d1","True"
"26/06/2019 3:20:01 AM","26/06/2019 3:20:01 PM","26/06/2019 3:20:01 PM","NEWYORK","9/07/2019 1:40:42 AM","Microsoft-Windows-FileServices-ServerManager-EventProvider%4Admin.evtx","26/06/2019 3:20:01 AM","1","9/07/2019 1:40:42 PM","C:\Windows\System32\Winevt\Logs\Microsoft-Windows-FileServices-ServerManager-EventProvider%4Admin.evtx","   0.07","192.168.168.156","c18634be-183e-43ac-b183-65abbe7492d1","True"
"26/06/2019 3:20:01 AM","26/06/2019 3:20:01 PM","26/06/2019 3:20:01 PM","NEWYORK","5/04/2021 9:55:45 AM","Microsoft-Windows-FileServices-ServerManager-EventProvider%4Operational.evtx","26/06/2019 3:20:01 AM","11","5/04/2021 9:55:45 PM","C:\Windows\System32\Winevt\Logs\Microsoft-Windows-FileServices-ServerManager-EventProvider%4Operational.evtx","   1.00","192.168.168.156","c18634be-183e-43ac-b183-65abbe7492d1","True"
"4/02/2020 8:18:37 AM","4/02/2020 9:18:37 PM","4/02/2020 9:18:37 PM","NEWYORK","4/02/2020 9:56:47 AM","Microsoft-Windows-FileShareShadowCopyProvider%4Operational.evtx","4/02/2020 8:18:37 AM","1","4/02/2020 10:56:47 PM","C:\Windows\System32\Winevt\Logs\Microsoft-Windows-FileShareShadowCopyProvider%4Operational.evtx","   0.07","192.168.168.156","c18634be-183e-43ac-b183-65abbe7492d1","True"
"4/02/2020 8:18:37 AM","4/02/2020 9:18:37 PM","4/02/2020 9:18:37 PM","NEWYORK","4/02/2020 9:56:47 AM","Microsoft-Windows-FMS%4Operational.evtx","4/02/2020 8:18:37 AM","1","4/02/2020 10:56:47 PM","C:\Windows\System32\Winevt\Logs\Microsoft-Windows-FMS%4Operational.evtx","   0.07","192.168.168.156","c18634be-183e-43ac-b183-65abbe7492d1","True"
"4/02/2020 8:18:37 AM","4/02/2020 9:18:37 PM","4/02/2020 9:18:37 PM","NEWYORK","4/02/2020 9:56:47 AM","Microsoft-Windows-Folder Redirection%4Operational.evtx","4/02/2020 8:18:37 AM","1","4/02/2020 10:56:47 PM","C:\Windows\System32\Winevt\Logs\Microsoft-Windows-Folder Redirection%4Operational.evtx","   0.07","192.168.168.156","c18634be-183e-43ac-b183-65abbe7492d1","True"
"14/06/2019 10:06:05 PM","15/06/2019 10:06:05 AM","15/06/2019 10:06:05 AM","NEWYORK","21/10/2020 8:53:58 AM","Microsoft-Windows-Forwarding%4Operational.evtx","14/06/2019 10:06:05 PM","11","21/10/2020 9:53:58 PM","C:\Windows\System32\Winevt\Logs\Microsoft-Windows-Forwarding%4Operational.evtx","   0.07","192.168.168.156","c18634be-183e-43ac-b183-65abbe7492d1","True"
"4/02/2020 8:18:37 AM","4/02/2020 9:18:37 PM","4/02/2020 9:18:37 PM","NEWYORK","4/02/2020 9:56:47 AM","Microsoft-Windows-GenericRoaming%4Admin.evtx","4/02/2020 8:18:37 AM","1","4/02/2020 10:56:47 PM","C:\Windows\System32\Winevt\Logs\Microsoft-Windows-GenericRoaming%4Admin.evtx","   0.07","192.168.168.156","c18634be-183e-43ac-b183-65abbe7492d1","True"
"15/06/2019 4:19:21 AM","15/06/2019 4:19:21 PM","15/06/2019 4:19:21 PM","NEWYORK","7/04/2021 8:02:52 AM","Microsoft-Windows-GroupPolicy%4Operational.evtx","15/06/2019 4:19:21 AM","9","7/04/2021 8:02:52 PM","C:\Windows\System32\Winevt\Logs\Microsoft-Windows-GroupPolicy%4Operational.evtx","   4.00","192.168.168.156","c18634be-183e-43ac-b183-65abbe7492d1","True"
"4/02/2020 8:18:37 AM","4/02/2020 9:18:37 PM","4/02/2020 9:18:37 PM","NEWYORK","4/02/2020 9:56:47 AM","Microsoft-Windows-Help%4Operational.evtx","4/02/2020 8:18:37 AM","1","4/02/2020 10:56:47 PM","C:\Windows\System32\Winevt\Logs\Microsoft-Windows-Help%4Operational.evtx","   0.07","192.168.168.156","c18634be-183e-43ac-b183-65abbe7492d1","True"
"14/06/2019 9:26:04 AM","14/06/2019 9:26:04 PM","14/06/2019 9:26:04 PM","NEWYORK","14/06/2019 9:39:37 AM","Microsoft-Windows-HomeGroup Control Panel%4Operational.evtx","14/06/2019 9:26:04 AM","1","14/06/2019 9:39:37 PM","C:\Windows\System32\Winevt\Logs\Microsoft-Windows-HomeGroup Control Panel%4Operational.evtx","   0.07","192.168.168.156","c18634be-183e-43ac-b183-65abbe7492d1","True"
"4/02/2020 8:18:37 AM","4/02/2020 9:18:37 PM","4/02/2020 9:18:37 PM","NEWYORK","4/02/2020 9:56:47 AM","Microsoft-Windows-Hyper-V-Guest-Drivers%4Admin.evtx","4/02/2020 8:18:37 AM","1","4/02/2020 10:56:47 PM","C:\Windows\System32\Winevt\Logs\Microsoft-Windows-Hyper-V-Guest-Drivers%4Admin.evtx","   0.07","192.168.168.156","c18634be-183e-43ac-b183-65abbe7492d1","True"
"4/02/2020 8:18:37 AM","4/02/2020 9:18:37 PM","4/02/2020 9:18:37 PM","NEWYORK","4/02/2020 9:56:47 AM","Microsoft-Windows-IdCtrls%4Operational.evtx","4/02/2020 8:18:37 AM","1","4/02/2020 10:56:47 PM","C:\Windows\System32\Winevt\Logs\Microsoft-Windows-IdCtrls%4Operational.evtx","   0.07","192.168.168.156","c18634be-183e-43ac-b183-65abbe7492d1","True"
"14/06/2019 12:36:09 PM","15/06/2019 12:36:09 AM","15/06/2019 12:36:09 AM","NEWYORK","14/06/2019 12:48:39 PM","Microsoft-Windows-IKE%4Operational.evtx","14/06/2019 12:36:09 PM","1","15/06/2019 12:48:39 AM","C:\Windows\System32\Winevt\Logs\Microsoft-Windows-IKE%4Operational.evtx","   0.07","192.168.168.156","c18634be-183e-43ac-b183-65abbe7492d1","True"
"14/06/2019 9:20:25 AM","14/06/2019 9:20:25 PM","14/06/2019 9:20:25 PM","NEWYORK","14/06/2019 12:54:54 PM","Microsoft-Windows-International%4Operational.evtx","14/06/2019 9:20:25 AM","11","15/06/2019 12:54:54 AM","C:\Windows\System32\Winevt\Logs\Microsoft-Windows-International%4Operational.evtx","   0.07","192.168.168.156","c18634be-183e-43ac-b183-65abbe7492d1","True"
"4/02/2020 8:18:37 AM","4/02/2020 9:18:37 PM","4/02/2020 9:18:37 PM","NEWYORK","4/02/2020 9:56:47 AM","Microsoft-Windows-International-RegionalOptionsControlPanel%4Operational.evtx","4/02/2020 8:18:37 AM","1","4/02/2020 10:56:47 PM","C:\Windows\System32\Winevt\Logs\Microsoft-Windows-International-RegionalOptionsControlPanel%4Operational.evtx","   0.07","192.168.168.156","c18634be-183e-43ac-b183-65abbe7492d1","True"
"14/06/2019 9:20:38 AM","14/06/2019 9:20:38 PM","14/06/2019 9:20:38 PM","NEWYORK","14/06/2019 9:22:18 AM","Microsoft-Windows-Iphlpsvc%4Operational.evtx","14/06/2019 9:20:38 AM","1","14/06/2019 9:22:18 PM","C:\Windows\System32\Winevt\Logs\Microsoft-Windows-Iphlpsvc%4Operational.evtx","   0.07","192.168.168.156","c18634be-183e-43ac-b183-65abbe7492d1","True"
"4/02/2020 8:18:37 AM","4/02/2020 9:18:37 PM","4/02/2020 9:18:37 PM","NEWYORK","4/02/2020 9:56:47 AM","Microsoft-Windows-KdsSvc%4Operational.evtx","4/02/2020 8:18:37 AM","1","4/02/2020 10:56:47 PM","C:\Windows\System32\Winevt\Logs\Microsoft-Windows-KdsSvc%4Operational.evtx","   0.07","192.168.168.156","c18634be-183e-43ac-b183-65abbe7492d1","True"
"4/02/2020 8:18:37 AM","4/02/2020 9:18:37 PM","4/02/2020 9:18:37 PM","NEWYORK","4/02/2020 9:56:47 AM","Microsoft-Windows-Kernel-ApphelpCache%4Operational.evtx","4/02/2020 8:18:37 AM","1","4/02/2020 10:56:47 PM","C:\Windows\System32\Winevt\Logs\Microsoft-Windows-Kernel-ApphelpCache%4Operational.evtx","   0.07","192.168.168.156","c18634be-183e-43ac-b183-65abbe7492d1","True"
"15/06/2019 4:19:20 AM","15/06/2019 4:19:20 PM","15/06/2019 4:19:20 PM","NEWYORK","15/06/2019 4:19:50 AM","Microsoft-Windows-Kernel-Boot%4Operational.evtx","15/06/2019 4:19:20 AM","1","15/06/2019 4:19:50 PM","C:\Windows\System32\Winevt\Logs\Microsoft-Windows-Kernel-Boot%4Operational.evtx","   0.07","192.168.168.156","c18634be-183e-43ac-b183-65abbe7492d1","True"
"4/02/2020 8:18:37 AM","4/02/2020 9:18:37 PM","4/02/2020 9:18:37 PM","NEWYORK","4/02/2020 9:56:47 AM","Microsoft-Windows-Kernel-EventTracing%4Admin.evtx","4/02/2020 8:18:37 AM","1","4/02/2020 10:56:47 PM","C:\Windows\System32\Winevt\Logs\Microsoft-Windows-Kernel-EventTracing%4Admin.evtx","   0.07","192.168.168.156","c18634be-183e-43ac-b183-65abbe7492d1","True"
"15/06/2019 4:19:21 AM","15/06/2019 4:19:21 PM","15/06/2019 4:19:21 PM","NEWYORK","7/04/2021 8:02:52 AM","Microsoft-Windows-Kernel-IO%4Operational.evtx","15/06/2019 4:19:21 AM","5","7/04/2021 8:02:52 PM","C:\Windows\System32\Winevt\Logs\Microsoft-Windows-Kernel-IO%4Operational.evtx","   1.00","192.168.168.156","c18634be-183e-43ac-b183-65abbe7492d1","True"
"15/06/2019 4:19:21 AM","15/06/2019 4:19:21 PM","15/06/2019 4:19:21 PM","NEWYORK","29/10/2020 8:30:03 AM","Microsoft-Windows-Kernel-PnP%4Configuration.evtx","15/06/2019 4:19:21 AM","11","29/10/2020 9:30:03 PM","C:\Windows\System32\Winevt\Logs\Microsoft-Windows-Kernel-PnP%4Configuration.evtx","   1.00","192.168.168.156","c18634be-183e-43ac-b183-65abbe7492d1","True"
"15/06/2019 4:19:19 AM","15/06/2019 4:19:19 PM","15/06/2019 4:19:19 PM","NEWYORK","15/06/2019 4:19:50 AM","Microsoft-Windows-Kernel-Power%4Thermal-Operational.evtx","15/06/2019 4:19:19 AM","1","15/06/2019 4:19:50 PM","C:\Windows\System32\Winevt\Logs\Microsoft-Windows-Kernel-Power%4Thermal-Operational.evtx","   0.07","192.168.168.156","c18634be-183e-43ac-b183-65abbe7492d1","True"
"15/06/2019 4:19:21 AM","15/06/2019 4:19:21 PM","15/06/2019 4:19:21 PM","NEWYORK","7/04/2021 8:02:51 AM","Microsoft-Windows-Kernel-ShimEngine%4Operational.evtx","15/06/2019 4:19:21 AM","11","7/04/2021 8:02:51 PM","C:\Windows\System32\Winevt\Logs\Microsoft-Windows-Kernel-ShimEngine%4Operational.evtx","   0.07","192.168.168.156","c18634be-183e-43ac-b183-65abbe7492d1","True"
"15/06/2019 4:19:22 AM","15/06/2019 4:19:22 PM","15/06/2019 4:19:22 PM","NEWYORK","15/06/2019 4:19:50 AM","Microsoft-Windows-Kernel-StoreMgr%4Operational.evtx","15/06/2019 4:19:22 AM","1","15/06/2019 4:19:50 PM","C:\Windows\System32\Winevt\Logs\Microsoft-Windows-Kernel-StoreMgr%4Operational.evtx","   0.07","192.168.168.156","c18634be-183e-43ac-b183-65abbe7492d1","True"
"4/02/2020 8:18:37 AM","4/02/2020 9:18:37 PM","4/02/2020 9:18:37 PM","NEWYORK","4/02/2020 9:56:47 AM","Microsoft-Windows-Kernel-WDI%4Operational.evtx","4/02/2020 8:18:37 AM","1","4/02/2020 10:56:47 PM","C:\Windows\System32\Winevt\Logs\Microsoft-Windows-Kernel-WDI%4Operational.evtx","   0.07","192.168.168.156","c18634be-183e-43ac-b183-65abbe7492d1","True"
"15/06/2019 4:19:21 AM","15/06/2019 4:19:21 PM","15/06/2019 4:19:21 PM","NEWYORK","15/06/2019 4:19:50 AM","Microsoft-Windows-Kernel-WHEA%4Errors.evtx","15/06/2019 4:19:21 AM","1","15/06/2019 4:19:50 PM","C:\Windows\System32\Winevt\Logs\Microsoft-Windows-Kernel-WHEA%4Errors.evtx","   0.07","192.168.168.156","c18634be-183e-43ac-b183-65abbe7492d1","True"
"15/06/2019 4:19:21 AM","15/06/2019 4:19:21 PM","15/06/2019 4:19:21 PM","NEWYORK","7/04/2021 8:02:52 AM","Microsoft-Windows-Kernel-WHEA%4Operational.evtx","15/06/2019 4:19:21 AM","11","7/04/2021 8:02:52 PM","C:\Windows\System32\Winevt\Logs\Microsoft-Windows-Kernel-WHEA%4Operational.evtx","   1.00","192.168.168.156","c18634be-183e-43ac-b183-65abbe7492d1","True"
