"16/07/2019 2:29:26 AM","16/07/2019 2:29:26 PM","16/07/2019 2:29:26 PM","ROME","16/07/2019 3:07:46 AM","Microsoft-Windows-Kernel-IO%4Operational.evtx","16/07/2019 2:29:26 AM","1","16/07/2019 3:07:46 PM","C:\Windows\System32\Winevt\Logs\Microsoft-Windows-Kernel-IO%4Operational.evtx","   0.07","192.168.168.155","9aaea7b0-fb3b-4838-8991-a5ec3b71efd7","True"
"15/06/2019 5:59:24 AM","15/06/2019 5:59:24 PM","15/06/2019 5:59:24 PM","ROME","23/03/2021 8:53:15 AM","Microsoft-Windows-Kernel-PnP%4Configuration.evtx","15/06/2019 5:59:24 AM","11","23/03/2021 9:53:15 PM","C:\Windows\System32\Winevt\Logs\Microsoft-Windows-Kernel-PnP%4Configuration.evtx","   1.00","192.168.168.155","9aaea7b0-fb3b-4838-8991-a5ec3b71efd7","True"
"15/06/2019 5:59:24 AM","15/06/2019 5:59:24 PM","15/06/2019 5:59:24 PM","ROME","15/06/2019 6:01:18 AM","Microsoft-Windows-Kernel-Power%4Thermal-Operational.evtx","15/06/2019 5:59:24 AM","1","15/06/2019 6:01:18 PM","C:\Windows\System32\Winevt\Logs\Microsoft-Windows-Kernel-Power%4Thermal-Operational.evtx","   0.07","192.168.168.155","9aaea7b0-fb3b-4838-8991-a5ec3b71efd7","True"
"15/06/2019 5:59:24 AM","15/06/2019 5:59:24 PM","15/06/2019 5:59:24 PM","ROME","7/04/2021 8:02:49 AM","Microsoft-Windows-Kernel-ShimEngine%4Operational.evtx","15/06/2019 5:59:24 AM","11","7/04/2021 8:02:49 PM","C:\Windows\System32\Winevt\Logs\Microsoft-Windows-Kernel-ShimEngine%4Operational.evtx","   1.00","192.168.168.155","9aaea7b0-fb3b-4838-8991-a5ec3b71efd7","True"
"15/06/2019 5:59:26 AM","15/06/2019 5:59:26 PM","15/06/2019 5:59:26 PM","ROME","15/06/2019 6:01:18 AM","Microsoft-Windows-Kernel-StoreMgr%4Operational.evtx","15/06/2019 5:59:26 AM","1","15/06/2019 6:01:18 PM","C:\Windows\System32\Winevt\Logs\Microsoft-Windows-Kernel-StoreMgr%4Operational.evtx","   0.07","192.168.168.155","9aaea7b0-fb3b-4838-8991-a5ec3b71efd7","True"
"16/07/2019 2:29:25 AM","16/07/2019 2:29:25 PM","16/07/2019 2:29:25 PM","ROME","16/07/2019 3:07:46 AM","Microsoft-Windows-Kernel-WDI%4Operational.evtx","16/07/2019 2:29:25 AM","1","16/07/2019 3:07:46 PM","C:\Windows\System32\Winevt\Logs\Microsoft-Windows-Kernel-WDI%4Operational.evtx","   0.07","192.168.168.155","9aaea7b0-fb3b-4838-8991-a5ec3b71efd7","True"
"15/06/2019 5:59:24 AM","15/06/2019 5:59:24 PM","15/06/2019 5:59:24 PM","ROME","15/06/2019 6:01:18 AM","Microsoft-Windows-Kernel-WHEA%4Errors.evtx","15/06/2019 5:59:24 AM","1","15/06/2019 6:01:18 PM","C:\Windows\System32\Winevt\Logs\Microsoft-Windows-Kernel-WHEA%4Errors.evtx","   0.07","192.168.168.155","9aaea7b0-fb3b-4838-8991-a5ec3b71efd7","True"
"15/06/2019 5:59:24 AM","15/06/2019 5:59:24 PM","15/06/2019 5:59:24 PM","ROME","7/04/2021 8:02:49 AM","Microsoft-Windows-Kernel-WHEA%4Operational.evtx","15/06/2019 5:59:24 AM","11","7/04/2021 8:02:49 PM","C:\Windows\System32\Winevt\Logs\Microsoft-Windows-Kernel-WHEA%4Operational.evtx","   1.00","192.168.168.155","9aaea7b0-fb3b-4838-8991-a5ec3b71efd7","True"
"15/06/2019 5:59:27 AM","15/06/2019 5:59:27 PM","15/06/2019 5:59:27 PM","ROME","7/04/2021 8:05:55 AM","Microsoft-Windows-Known Folders API Service.evtx","15/06/2019 5:59:27 AM","9","7/04/2021 8:05:55 PM","C:\Windows\System32\Winevt\Logs\Microsoft-Windows-Known Folders API Service.evtx","   1.00","192.168.168.155","9aaea7b0-fb3b-4838-8991-a5ec3b71efd7","True"
"14/06/2019 12:55:49 PM","15/06/2019 12:55:49 AM","15/06/2019 12:55:49 AM","ROME","5/04/2021 9:55:49 AM","Microsoft-Windows-LanguagePackSetup%4Operational.evtx","14/06/2019 12:55:49 PM","11","5/04/2021 9:55:49 PM","C:\Windows\System32\Winevt\Logs\Microsoft-Windows-LanguagePackSetup%4Operational.evtx","   1.00","192.168.168.155","9aaea7b0-fb3b-4838-8991-a5ec3b71efd7","True"
"15/06/2019 5:59:27 AM","15/06/2019 5:59:27 PM","15/06/2019 5:59:27 PM","ROME","7/04/2021 8:02:02 AM","Microsoft-Windows-LiveId%4Operational.evtx","15/06/2019 5:59:27 AM","1","7/04/2021 8:02:02 PM","C:\Windows\System32\Winevt\Logs\Microsoft-Windows-LiveId%4Operational.evtx","   1.00","192.168.168.155","9aaea7b0-fb3b-4838-8991-a5ec3b71efd7","True"
"4/09/2019 8:56:07 AM","4/09/2019 8:56:07 PM","4/09/2019 8:56:07 PM","ROME","4/09/2019 10:06:01 AM","Microsoft-Windows-MemoryDiagnostics-Results%4Debug.evtx","4/09/2019 8:56:07 AM","1","4/09/2019 10:06:01 PM","C:\Windows\System32\Winevt\Logs\Microsoft-Windows-MemoryDiagnostics-Results%4Debug.evtx","   0.07","192.168.168.155","9aaea7b0-fb3b-4838-8991-a5ec3b71efd7","True"
"4/09/2019 8:56:07 AM","4/09/2019 8:56:07 PM","4/09/2019 8:56:07 PM","ROME","4/09/2019 10:06:01 AM","Microsoft-Windows-Mobile-Broadband-Experience-Parser-Task%4Operational.evtx","4/09/2019 8:56:07 AM","1","4/09/2019 10:06:01 PM","C:\Windows\System32\Winevt\Logs\Microsoft-Windows-Mobile-Broadband-Experience-Parser-Task%4Operational.evtx","   0.07","192.168.168.155","9aaea7b0-fb3b-4838-8991-a5ec3b71efd7","True"
"4/09/2019 8:56:07 AM","4/09/2019 8:56:07 PM","4/09/2019 8:56:07 PM","ROME","4/09/2019 10:06:01 AM","Microsoft-Windows-Mobile-Broadband-Experience-SmsRouter%4Admin.evtx","4/09/2019 8:56:07 AM","1","4/09/2019 10:06:01 PM","C:\Windows\System32\Winevt\Logs\Microsoft-Windows-Mobile-Broadband-Experience-SmsRouter%4Admin.evtx","   0.07","192.168.168.155","9aaea7b0-fb3b-4838-8991-a5ec3b71efd7","True"
"4/09/2019 8:56:08 AM","4/09/2019 8:56:08 PM","4/09/2019 8:56:08 PM","ROME","4/09/2019 10:06:01 AM","Microsoft-Windows-Mprddm%4Operational.evtx","4/09/2019 8:56:08 AM","1","4/09/2019 10:06:01 PM","C:\Windows\System32\Winevt\Logs\Microsoft-Windows-Mprddm%4Operational.evtx","   0.07","192.168.168.155","9aaea7b0-fb3b-4838-8991-a5ec3b71efd7","True"
"14/06/2019 11:02:31 AM","14/06/2019 11:02:31 PM","14/06/2019 11:02:31 PM","ROME","14/06/2019 11:04:12 AM","Microsoft-Windows-MUI%4Admin.evtx","14/06/2019 11:02:31 AM","1","14/06/2019 11:04:12 PM","C:\Windows\System32\Winevt\Logs\Microsoft-Windows-MUI%4Admin.evtx","   0.07","192.168.168.155","9aaea7b0-fb3b-4838-8991-a5ec3b71efd7","True"
"14/06/2019 11:02:31 AM","14/06/2019 11:02:31 PM","14/06/2019 11:02:31 PM","ROME","26/12/2019 4:16:04 AM","Microsoft-Windows-MUI%4Operational.evtx","14/06/2019 11:02:31 AM","11","26/12/2019 5:16:04 PM","C:\Windows\System32\Winevt\Logs\Microsoft-Windows-MUI%4Operational.evtx","   0.07","192.168.168.155","9aaea7b0-fb3b-4838-8991-a5ec3b71efd7","True"
"14/06/2019 11:22:50 AM","14/06/2019 11:22:50 PM","14/06/2019 11:22:50 PM","ROME","1/12/2020 7:45:48 PM","Microsoft-Windows-NcdAutoSetup%4Operational.evtx","14/06/2019 11:22:50 AM","11","2/12/2020 8:45:48 AM","C:\Windows\System32\Winevt\Logs\Microsoft-Windows-NcdAutoSetup%4Operational.evtx","   0.07","192.168.168.155","9aaea7b0-fb3b-4838-8991-a5ec3b71efd7","True"
"15/06/2019 5:59:25 AM","15/06/2019 5:59:25 PM","15/06/2019 5:59:25 PM","ROME","7/04/2021 8:02:55 AM","Microsoft-Windows-NCSI%4Operational.evtx","15/06/2019 5:59:25 AM","11","7/04/2021 8:02:55 PM","C:\Windows\System32\Winevt\Logs\Microsoft-Windows-NCSI%4Operational.evtx","   1.00","192.168.168.155","9aaea7b0-fb3b-4838-8991-a5ec3b71efd7","True"
"4/09/2019 8:56:08 AM","4/09/2019 8:56:08 PM","4/09/2019 8:56:08 PM","ROME","4/09/2019 10:06:01 AM","Microsoft-Windows-NdisImPlatform%4Operational.evtx","4/09/2019 8:56:08 AM","1","4/09/2019 10:06:01 PM","C:\Windows\System32\Winevt\Logs\Microsoft-Windows-NdisImPlatform%4Operational.evtx","   0.07","192.168.168.155","9aaea7b0-fb3b-4838-8991-a5ec3b71efd7","True"
"4/09/2019 8:56:08 AM","4/09/2019 8:56:08 PM","4/09/2019 8:56:08 PM","ROME","4/09/2019 10:06:01 AM","Microsoft-Windows-NetworkLocationWizard%4Operational.evtx","4/09/2019 8:56:08 AM","1","4/09/2019 10:06:01 PM","C:\Windows\System32\Winevt\Logs\Microsoft-Windows-NetworkLocationWizard%4Operational.evtx","   0.07","192.168.168.155","9aaea7b0-fb3b-4838-8991-a5ec3b71efd7","True"
"15/06/2019 5:59:24 AM","15/06/2019 5:59:24 PM","15/06/2019 5:59:24 PM","ROME","7/04/2021 8:02:56 AM","Microsoft-Windows-NetworkProfile%4Operational.evtx","15/06/2019 5:59:24 AM","9","7/04/2021 8:02:56 PM","C:\Windows\System32\Winevt\Logs\Microsoft-Windows-NetworkProfile%4Operational.evtx","   1.00","192.168.168.155","9aaea7b0-fb3b-4838-8991-a5ec3b71efd7","True"
"4/09/2019 8:56:08 AM","4/09/2019 8:56:08 PM","4/09/2019 8:56:08 PM","ROME","4/09/2019 10:06:01 AM","Microsoft-Windows-NetworkProvider%4Operational.evtx","4/09/2019 8:56:08 AM","1","4/09/2019 10:06:01 PM","C:\Windows\System32\Winevt\Logs\Microsoft-Windows-NetworkProvider%4Operational.evtx","   0.07","192.168.168.155","9aaea7b0-fb3b-4838-8991-a5ec3b71efd7","True"
"29/09/2019 2:27:46 AM","29/09/2019 3:27:46 PM","29/09/2019 3:27:46 PM","ROME","29/09/2019 8:24:23 AM","Microsoft-Windows-NetworkProvisioning%4Operational.evtx","29/09/2019 2:27:46 AM","1","29/09/2019 9:24:23 PM","C:\Windows\System32\Winevt\Logs\Microsoft-Windows-NetworkProvisioning%4Operational.evtx","   0.07","192.168.168.155","9aaea7b0-fb3b-4838-8991-a5ec3b71efd7","True"
"14/06/2019 10:28:53 PM","15/06/2019 10:28:53 AM","15/06/2019 10:28:53 AM","ROME","5/04/2021 9:11:22 AM","Microsoft-Windows-NlaSvc%4Operational.evtx","14/06/2019 10:28:53 PM","11","5/04/2021 9:11:22 PM","C:\Windows\System32\Winevt\Logs\Microsoft-Windows-NlaSvc%4Operational.evtx","   0.07","192.168.168.155","9aaea7b0-fb3b-4838-8991-a5ec3b71efd7","True"
"15/06/2019 5:59:24 AM","15/06/2019 5:59:24 PM","15/06/2019 5:59:24 PM","ROME","7/04/2021 8:02:49 AM","Microsoft-Windows-Ntfs%4Operational.evtx","15/06/2019 5:59:24 AM","11","7/04/2021 8:02:49 PM","C:\Windows\System32\Winevt\Logs\Microsoft-Windows-Ntfs%4Operational.evtx","   1.00","192.168.168.155","9aaea7b0-fb3b-4838-8991-a5ec3b71efd7","True"
"15/06/2019 5:59:24 AM","15/06/2019 5:59:24 PM","15/06/2019 5:59:24 PM","ROME","7/04/2021 8:02:49 AM","Microsoft-Windows-Ntfs%4WHC.evtx","15/06/2019 5:59:24 AM","11","7/04/2021 8:02:49 PM","C:\Windows\System32\Winevt\Logs\Microsoft-Windows-Ntfs%4WHC.evtx","   1.00","192.168.168.155","9aaea7b0-fb3b-4838-8991-a5ec3b71efd7","True"
"4/09/2019 8:56:08 AM","4/09/2019 8:56:08 PM","4/09/2019 8:56:08 PM","ROME","4/09/2019 10:06:01 AM","Microsoft-Windows-NTLM%4Operational.evtx","4/09/2019 8:56:08 AM","1","4/09/2019 10:06:01 PM","C:\Windows\System32\Winevt\Logs\Microsoft-Windows-NTLM%4Operational.evtx","   0.07","192.168.168.155","9aaea7b0-fb3b-4838-8991-a5ec3b71efd7","True"
"4/09/2019 8:56:08 AM","4/09/2019 8:56:08 PM","4/09/2019 8:56:08 PM","ROME","4/09/2019 10:06:01 AM","Microsoft-Windows-OfflineFiles%4Operational.evtx","4/09/2019 8:56:08 AM","1","4/09/2019 10:06:01 PM","C:\Windows\System32\Winevt\Logs\Microsoft-Windows-OfflineFiles%4Operational.evtx","   0.07","192.168.168.155","9aaea7b0-fb3b-4838-8991-a5ec3b71efd7","True"
"4/09/2019 8:56:08 AM","4/09/2019 8:56:08 PM","4/09/2019 8:56:08 PM","ROME","4/09/2019 10:06:01 AM","Microsoft-Windows-OOBE-Machine-DUI%4Operational.evtx","4/09/2019 8:56:08 AM","1","4/09/2019 10:06:01 PM","C:\Windows\System32\Winevt\Logs\Microsoft-Windows-OOBE-Machine-DUI%4Operational.evtx","   0.07","192.168.168.155","9aaea7b0-fb3b-4838-8991-a5ec3b71efd7","True"
"4/09/2019 8:56:08 AM","4/09/2019 8:56:08 PM","4/09/2019 8:56:08 PM","ROME","4/09/2019 10:06:01 AM","Microsoft-Windows-PackageStateRoaming%4Operational.evtx","4/09/2019 8:56:08 AM","1","4/09/2019 10:06:01 PM","C:\Windows\System32\Winevt\Logs\Microsoft-Windows-PackageStateRoaming%4Operational.evtx","   0.07","192.168.168.155","9aaea7b0-fb3b-4838-8991-a5ec3b71efd7","True"
"29/09/2019 2:27:46 AM","29/09/2019 3:27:46 PM","29/09/2019 3:27:46 PM","ROME","29/09/2019 8:24:23 AM","Microsoft-Windows-ParentalControls%4Operational.evtx","29/09/2019 2:27:46 AM","1","29/09/2019 9:24:23 PM","C:\Windows\System32\Winevt\Logs\Microsoft-Windows-ParentalControls%4Operational.evtx","   0.07","192.168.168.155","9aaea7b0-fb3b-4838-8991-a5ec3b71efd7","True"
"4/09/2019 8:56:08 AM","4/09/2019 8:56:08 PM","4/09/2019 8:56:08 PM","ROME","4/09/2019 10:06:01 AM","Microsoft-Windows-Partition%4Diagnostic.evtx","4/09/2019 8:56:08 AM","1","4/09/2019 10:06:01 PM","C:\Windows\System32\Winevt\Logs\Microsoft-Windows-Partition%4Diagnostic.evtx","   0.07","192.168.168.155","9aaea7b0-fb3b-4838-8991-a5ec3b71efd7","True"
"4/09/2019 8:56:08 AM","4/09/2019 8:56:08 PM","4/09/2019 8:56:08 PM","ROME","4/09/2019 10:06:01 AM","Microsoft-Windows-Policy%4Operational.evtx","4/09/2019 8:56:08 AM","1","4/09/2019 10:06:01 PM","C:\Windows\System32\Winevt\Logs\Microsoft-Windows-Policy%4Operational.evtx","   0.07","192.168.168.155","9aaea7b0-fb3b-4838-8991-a5ec3b71efd7","True"
"3/07/2019 12:32:15 PM","4/07/2019 12:32:15 AM","4/07/2019 12:32:15 AM","ROME","3/07/2019 1:23:09 PM","Microsoft-Windows-PowerShell%4Admin.evtx","3/07/2019 12:32:15 PM","1","4/07/2019 1:23:09 AM","C:\Windows\System32\Winevt\Logs\Microsoft-Windows-PowerShell%4Admin.evtx","   0.07","192.168.168.155","9aaea7b0-fb3b-4838-8991-a5ec3b71efd7","True"
"3/07/2019 12:32:15 PM","4/07/2019 12:32:15 AM","4/07/2019 12:32:15 AM","ROME","7/04/2021 9:36:56 AM","Microsoft-Windows-PowerShell%4Operational.evtx","3/07/2019 12:32:15 PM","1","7/04/2021 9:36:56 PM","C:\Windows\System32\Winevt\Logs\Microsoft-Windows-PowerShell%4Operational.evtx","  15.00","192.168.168.155","9aaea7b0-fb3b-4838-8991-a5ec3b71efd7","True"
"4/09/2019 8:56:08 AM","4/09/2019 8:56:08 PM","4/09/2019 8:56:08 PM","ROME","4/09/2019 10:06:01 AM","Microsoft-Windows-PowerShell-DesiredStateConfiguration-FileDownloadManager%4Operational.evtx","4/09/2019 8:56:08 AM","1","4/09/2019 10:06:01 PM","C:\Windows\System32\Winevt\Logs\Microsoft-Windows-PowerShell-DesiredStateConfiguration-FileDownloadManager%4Operational.evtx","   0.07","192.168.168.155","9aaea7b0-fb3b-4838-8991-a5ec3b71efd7","True"
"4/09/2019 8:56:08 AM","4/09/2019 8:56:08 PM","4/09/2019 8:56:08 PM","ROME","4/09/2019 10:06:01 AM","Microsoft-Windows-PrintBRM%4Admin.evtx","4/09/2019 8:56:08 AM","1","4/09/2019 10:06:01 PM","C:\Windows\System32\Winevt\Logs\Microsoft-Windows-PrintBRM%4Admin.evtx","   0.07","192.168.168.155","9aaea7b0-fb3b-4838-8991-a5ec3b71efd7","True"
"14/06/2019 11:03:40 AM","14/06/2019 11:03:40 PM","14/06/2019 11:03:40 PM","ROME","16/07/2019 3:07:46 AM","Microsoft-Windows-PrintService%4Admin.evtx","14/06/2019 11:03:40 AM","11","16/07/2019 3:07:46 PM","C:\Windows\System32\Winevt\Logs\Microsoft-Windows-PrintService%4Admin.evtx","   0.07","192.168.168.155","9aaea7b0-fb3b-4838-8991-a5ec3b71efd7","True"
"15/06/2019 5:59:24 AM","15/06/2019 5:59:24 PM","15/06/2019 5:59:24 PM","ROME","15/06/2019 6:01:18 AM","Microsoft-Windows-Program-Compatibility-Assistant%4CompatAfterUpgrade.evtx","15/06/2019 5:59:24 AM","1","15/06/2019 6:01:18 PM","C:\Windows\System32\Winevt\Logs\Microsoft-Windows-Program-Compatibility-Assistant%4CompatAfterUpgrade.evtx","   0.07","192.168.168.155","9aaea7b0-fb3b-4838-8991-a5ec3b71efd7","True"
"14/06/2019 11:02:55 AM","14/06/2019 11:02:55 PM","14/06/2019 11:02:55 PM","ROME","14/06/2019 11:04:12 AM","Microsoft-Windows-PushNotification-Platform%4Admin.evtx","14/06/2019 11:02:55 AM","1","14/06/2019 11:04:12 PM","C:\Windows\System32\Winevt\Logs\Microsoft-Windows-PushNotification-Platform%4Admin.evtx","   0.07","192.168.168.155","9aaea7b0-fb3b-4838-8991-a5ec3b71efd7","True"
"14/06/2019 11:02:55 AM","14/06/2019 11:02:55 PM","14/06/2019 11:02:55 PM","ROME","5/04/2021 9:55:49 AM","Microsoft-Windows-PushNotification-Platform%4Operational.evtx","14/06/2019 11:02:55 AM","9","5/04/2021 9:55:49 PM","C:\Windows\System32\Winevt\Logs\Microsoft-Windows-PushNotification-Platform%4Operational.evtx","   1.00","192.168.168.155","9aaea7b0-fb3b-4838-8991-a5ec3b71efd7","True"
"4/09/2019 8:56:08 AM","4/09/2019 8:56:08 PM","4/09/2019 8:56:08 PM","ROME","11/07/2020 9:52:59 AM","Microsoft-Windows-ReadyBoost%4Operational.evtx","4/09/2019 8:56:08 AM","10","11/07/2020 9:52:59 PM","C:\Windows\System32\Winevt\Logs\Microsoft-Windows-ReadyBoost%4Operational.evtx","   1.00","192.168.168.155","9aaea7b0-fb3b-4838-8991-a5ec3b71efd7","True"
"29/09/2019 2:27:47 AM","29/09/2019 3:27:47 PM","29/09/2019 3:27:47 PM","ROME","29/09/2019 8:24:23 AM","Microsoft-Windows-ReadyBoostDriver%4Operational.evtx","29/09/2019 2:27:47 AM","1","29/09/2019 9:24:23 PM","C:\Windows\System32\Winevt\Logs\Microsoft-Windows-ReadyBoostDriver%4Operational.evtx","   0.07","192.168.168.155","9aaea7b0-fb3b-4838-8991-a5ec3b71efd7","True"
"4/09/2019 8:56:08 AM","4/09/2019 8:56:08 PM","4/09/2019 8:56:08 PM","ROME","4/09/2019 10:06:01 AM","Microsoft-Windows-Regsvr32%4Operational.evtx","4/09/2019 8:56:08 AM","1","4/09/2019 10:06:01 PM","C:\Windows\System32\Winevt\Logs\Microsoft-Windows-Regsvr32%4Operational.evtx","   0.07","192.168.168.155","9aaea7b0-fb3b-4838-8991-a5ec3b71efd7","True"
"14/07/2019 1:01:05 PM","15/07/2019 1:01:05 AM","15/07/2019 1:01:05 AM","ROME","14/07/2019 2:00:56 PM","Microsoft-Windows-RemoteAccess-MgmtClient%4Operational.evtx","14/07/2019 1:01:05 PM","1","15/07/2019 2:00:56 AM","C:\Windows\System32\Winevt\Logs\Microsoft-Windows-RemoteAccess-MgmtClient%4Operational.evtx","   0.07","192.168.168.155","9aaea7b0-fb3b-4838-8991-a5ec3b71efd7","True"
"4/09/2019 8:56:08 AM","4/09/2019 8:56:08 PM","4/09/2019 8:56:08 PM","ROME","4/09/2019 10:06:01 AM","Microsoft-Windows-RemoteApp and Desktop Connections%4Admin.evtx","4/09/2019 8:56:08 AM","1","4/09/2019 10:06:01 PM","C:\Windows\System32\Winevt\Logs\Microsoft-Windows-RemoteApp and Desktop Connections%4Admin.evtx","   0.07","192.168.168.155","9aaea7b0-fb3b-4838-8991-a5ec3b71efd7","True"
"4/09/2019 8:56:08 AM","4/09/2019 8:56:08 PM","4/09/2019 8:56:08 PM","ROME","4/09/2019 10:06:01 AM","Microsoft-Windows-RemoteApp and Desktop Connections%4Operational.evtx","4/09/2019 8:56:08 AM","1","4/09/2019 10:06:01 PM","C:\Windows\System32\Winevt\Logs\Microsoft-Windows-RemoteApp and Desktop Connections%4Operational.evtx","   0.07","192.168.168.155","9aaea7b0-fb3b-4838-8991-a5ec3b71efd7","True"
"14/06/2019 10:30:44 PM","15/06/2019 10:30:44 AM","15/06/2019 10:30:44 AM","ROME","16/06/2019 9:55:43 AM","Microsoft-Windows-RemoteAssistance%4Admin.evtx","14/06/2019 10:30:44 PM","1","16/06/2019 9:55:43 PM","C:\Windows\System32\Winevt\Logs\Microsoft-Windows-RemoteAssistance%4Admin.evtx","   0.07","192.168.168.155","9aaea7b0-fb3b-4838-8991-a5ec3b71efd7","True"
"14/06/2019 10:30:44 PM","15/06/2019 10:30:44 AM","15/06/2019 10:30:44 AM","ROME","31/10/2020 3:29:47 AM","Microsoft-Windows-RemoteAssistance%4Operational.evtx","14/06/2019 10:30:44 PM","11","31/10/2020 4:29:47 PM","C:\Windows\System32\Winevt\Logs\Microsoft-Windows-RemoteAssistance%4Operational.evtx","   0.07","192.168.168.155","9aaea7b0-fb3b-4838-8991-a5ec3b71efd7","True"
"4/09/2019 8:56:08 AM","4/09/2019 8:56:08 PM","4/09/2019 8:56:08 PM","ROME","4/09/2019 10:06:01 AM","Microsoft-Windows-RemoteDesktopServices-RdpCoreTS%4Admin.evtx","4/09/2019 8:56:08 AM","1","4/09/2019 10:06:01 PM","C:\Windows\System32\Winevt\Logs\Microsoft-Windows-RemoteDesktopServices-RdpCoreTS%4Admin.evtx","   0.07","192.168.168.155","9aaea7b0-fb3b-4838-8991-a5ec3b71efd7","True"
"4/09/2019 8:56:08 AM","4/09/2019 8:56:08 PM","4/09/2019 8:56:08 PM","ROME","7/04/2021 8:02:51 AM","Microsoft-Windows-RemoteDesktopServices-RdpCoreTS%4Operational.evtx","4/09/2019 8:56:08 AM","9","7/04/2021 8:02:51 PM","C:\Windows\System32\Winevt\Logs\Microsoft-Windows-RemoteDesktopServices-RdpCoreTS%4Operational.evtx","   0.07","192.168.168.155","9aaea7b0-fb3b-4838-8991-a5ec3b71efd7","True"
"4/09/2019 8:56:08 AM","4/09/2019 8:56:08 PM","4/09/2019 8:56:08 PM","ROME","4/09/2019 10:06:01 AM","Microsoft-Windows-RemoteDesktopServices-RemoteFX-Synth3dvsc%4Admin.evtx","4/09/2019 8:56:08 AM","1","4/09/2019 10:06:01 PM","C:\Windows\System32\Winevt\Logs\Microsoft-Windows-RemoteDesktopServices-RemoteFX-Synth3dvsc%4Admin.evtx","   0.07","192.168.168.155","9aaea7b0-fb3b-4838-8991-a5ec3b71efd7","True"
"4/09/2019 8:56:08 AM","4/09/2019 8:56:08 PM","4/09/2019 8:56:08 PM","ROME","4/09/2019 10:06:01 AM","Microsoft-Windows-RemoteDesktopServices-SessionServices%4Operational.evtx","4/09/2019 8:56:08 AM","1","4/09/2019 10:06:01 PM","C:\Windows\System32\Winevt\Logs\Microsoft-Windows-RemoteDesktopServices-SessionServices%4Operational.evtx","   0.07","192.168.168.155","9aaea7b0-fb3b-4838-8991-a5ec3b71efd7","True"
"14/06/2019 11:02:34 AM","14/06/2019 11:02:34 PM","14/06/2019 11:02:34 PM","ROME","7/04/2021 8:02:49 AM","Microsoft-Windows-Resource-Exhaustion-Detector%4Operational.evtx","14/06/2019 11:02:34 AM","11","7/04/2021 8:02:49 PM","C:\Windows\System32\Winevt\Logs\Microsoft-Windows-Resource-Exhaustion-Detector%4Operational.evtx","   1.00","192.168.168.155","9aaea7b0-fb3b-4838-8991-a5ec3b71efd7","True"
"3/07/2019 12:47:03 PM","4/07/2019 12:47:03 AM","4/07/2019 12:47:03 AM","ROME","29/03/2021 9:18:25 AM","Microsoft-Windows-Resource-Exhaustion-Resolver%4Operational.evtx","3/07/2019 12:47:03 PM","11","29/03/2021 10:18:25 PM","C:\Windows\System32\Winevt\Logs\Microsoft-Windows-Resource-Exhaustion-Resolver%4Operational.evtx","   0.07","192.168.168.155","9aaea7b0-fb3b-4838-8991-a5ec3b71efd7","True"
"29/09/2019 2:27:47 AM","29/09/2019 3:27:47 PM","29/09/2019 3:27:47 PM","ROME","29/09/2019 8:24:23 AM","Microsoft-Windows-Resource-Leak-Diagnostic%4Operational.evtx","29/09/2019 2:27:47 AM","1","29/09/2019 9:24:23 PM","C:\Windows\System32\Winevt\Logs\Microsoft-Windows-Resource-Leak-Diagnostic%4Operational.evtx","   0.07","192.168.168.155","9aaea7b0-fb3b-4838-8991-a5ec3b71efd7","True"
"14/06/2019 11:02:55 AM","14/06/2019 11:02:55 PM","14/06/2019 11:02:55 PM","ROME","14/06/2019 11:04:12 AM","Microsoft-Windows-RestartManager%4Operational.evtx","14/06/2019 11:02:55 AM","1","14/06/2019 11:04:12 PM","C:\Windows\System32\Winevt\Logs\Microsoft-Windows-RestartManager%4Operational.evtx","   0.07","192.168.168.155","9aaea7b0-fb3b-4838-8991-a5ec3b71efd7","True"
"29/09/2019 2:27:47 AM","29/09/2019 3:27:47 PM","29/09/2019 3:27:47 PM","ROME","29/09/2019 8:24:23 AM","Microsoft-Windows-RetailDemo%4Admin.evtx","29/09/2019 2:27:47 AM","1","29/09/2019 9:24:23 PM","C:\Windows\System32\Winevt\Logs\Microsoft-Windows-RetailDemo%4Admin.evtx","   0.07","192.168.168.155","9aaea7b0-fb3b-4838-8991-a5ec3b71efd7","True"
"29/09/2019 2:27:47 AM","29/09/2019 3:27:47 PM","29/09/2019 3:27:47 PM","ROME","29/09/2019 8:24:23 AM","Microsoft-Windows-RetailDemo%4Operational.evtx","29/09/2019 2:27:47 AM","1","29/09/2019 9:24:23 PM","C:\Windows\System32\Winevt\Logs\Microsoft-Windows-RetailDemo%4Operational.evtx","   0.07","192.168.168.155","9aaea7b0-fb3b-4838-8991-a5ec3b71efd7","True"
"4/09/2019 8:56:08 AM","4/09/2019 8:56:08 PM","4/09/2019 8:56:08 PM","ROME","4/09/2019 10:06:01 AM","Microsoft-Windows-SearchUI%4Operational.evtx","4/09/2019 8:56:08 AM","1","4/09/2019 10:06:01 PM","C:\Windows\System32\Winevt\Logs\Microsoft-Windows-SearchUI%4Operational.evtx","   0.07","192.168.168.155","9aaea7b0-fb3b-4838-8991-a5ec3b71efd7","True"
"4/09/2019 8:56:08 AM","4/09/2019 8:56:08 PM","4/09/2019 8:56:08 PM","ROME","7/04/2021 8:05:55 AM","Microsoft-Windows-Security-Audit-Configuration-Client%4Operational.evtx","4/09/2019 8:56:08 AM","10","7/04/2021 8:05:55 PM","C:\Windows\System32\Winevt\Logs\Microsoft-Windows-Security-Audit-Configuration-Client%4Operational.evtx","   1.00","192.168.168.155","9aaea7b0-fb3b-4838-8991-a5ec3b71efd7","True"
"4/09/2019 8:56:08 AM","4/09/2019 8:56:08 PM","4/09/2019 8:56:08 PM","ROME","4/09/2019 10:06:01 AM","Microsoft-Windows-Security-EnterpriseData-FileRevocationManager%4Operational.evtx","4/09/2019 8:56:08 AM","1","4/09/2019 10:06:01 PM","C:\Windows\System32\Winevt\Logs\Microsoft-Windows-Security-EnterpriseData-FileRevocationManager%4Operational.evtx","   0.07","192.168.168.155","9aaea7b0-fb3b-4838-8991-a5ec3b71efd7","True"
"4/09/2019 8:56:08 AM","4/09/2019 8:56:08 PM","4/09/2019 8:56:08 PM","ROME","4/09/2019 10:06:01 AM","Microsoft-Windows-Security-Netlogon%4Operational.evtx","4/09/2019 8:56:08 AM","1","4/09/2019 10:06:01 PM","C:\Windows\System32\Winevt\Logs\Microsoft-Windows-Security-Netlogon%4Operational.evtx","   0.07","192.168.168.155","9aaea7b0-fb3b-4838-8991-a5ec3b71efd7","True"
"4/09/2019 8:56:08 AM","4/09/2019 8:56:08 PM","4/09/2019 8:56:08 PM","ROME","4/09/2019 10:06:01 AM","Microsoft-Windows-Security-SPP-UX-GenuineCenter-Logging%4Operational.evtx","4/09/2019 8:56:08 AM","1","4/09/2019 10:06:01 PM","C:\Windows\System32\Winevt\Logs\Microsoft-Windows-Security-SPP-UX-GenuineCenter-Logging%4Operational.evtx","   0.07","192.168.168.155","9aaea7b0-fb3b-4838-8991-a5ec3b71efd7","True"
"14/06/2019 11:21:13 AM","14/06/2019 11:21:13 PM","14/06/2019 11:21:13 PM","ROME","5/04/2021 9:55:49 AM","Microsoft-Windows-Security-SPP-UX-Notifications%4ActionCenter.evtx","14/06/2019 11:21:13 AM","11","5/04/2021 9:55:49 PM","C:\Windows\System32\Winevt\Logs\Microsoft-Windows-Security-SPP-UX-Notifications%4ActionCenter.evtx","   1.00","192.168.168.155","9aaea7b0-fb3b-4838-8991-a5ec3b71efd7","True"
"4/09/2019 8:56:08 AM","4/09/2019 8:56:08 PM","4/09/2019 8:56:08 PM","ROME","4/09/2019 10:06:01 AM","Microsoft-Windows-Security-UserConsentVerifier%4Audit.evtx","4/09/2019 8:56:08 AM","1","4/09/2019 10:06:01 PM","C:\Windows\System32\Winevt\Logs\Microsoft-Windows-Security-UserConsentVerifier%4Audit.evtx","   0.07","192.168.168.155","9aaea7b0-fb3b-4838-8991-a5ec3b71efd7","True"
"14/07/2019 1:01:04 PM","15/07/2019 1:01:04 AM","15/07/2019 1:01:04 AM","ROME","14/07/2019 2:00:56 PM","Microsoft-Windows-ServerEssentials-Deployment%4Deploy.evtx","14/07/2019 1:01:04 PM","1","15/07/2019 2:00:56 AM","C:\Windows\System32\Winevt\Logs\Microsoft-Windows-ServerEssentials-Deployment%4Deploy.evtx","   0.07","192.168.168.155","9aaea7b0-fb3b-4838-8991-a5ec3b71efd7","True"
"14/07/2019 1:01:05 PM","15/07/2019 1:01:05 AM","15/07/2019 1:01:05 AM","ROME","14/07/2019 2:00:56 PM","Microsoft-Windows-ServerManager-MultiMachine%4Admin.evtx","14/07/2019 1:01:05 PM","1","15/07/2019 2:00:56 AM","C:\Windows\System32\Winevt\Logs\Microsoft-Windows-ServerManager-MultiMachine%4Admin.evtx","   0.07","192.168.168.155","9aaea7b0-fb3b-4838-8991-a5ec3b71efd7","True"
"14/07/2019 1:01:05 PM","15/07/2019 1:01:05 AM","15/07/2019 1:01:05 AM","ROME","14/07/2019 2:00:56 PM","Microsoft-Windows-ServerManager-MultiMachine%4Operational.evtx","14/07/2019 1:01:05 PM","1","15/07/2019 2:00:56 AM","C:\Windows\System32\Winevt\Logs\Microsoft-Windows-ServerManager-MultiMachine%4Operational.evtx","   0.07","192.168.168.155","9aaea7b0-fb3b-4838-8991-a5ec3b71efd7","True"
"14/06/2019 11:02:42 AM","14/06/2019 11:02:42 PM","14/06/2019 11:02:42 PM","ROME","5/04/2021 9:55:49 AM","Microsoft-Windows-SettingSync%4Debug.evtx","14/06/2019 11:02:42 AM","11","5/04/2021 9:55:49 PM","C:\Windows\System32\Winevt\Logs\Microsoft-Windows-SettingSync%4Debug.evtx","   1.00","192.168.168.155","9aaea7b0-fb3b-4838-8991-a5ec3b71efd7","True"
"14/06/2019 11:02:42 AM","14/06/2019 11:02:42 PM","14/06/2019 11:02:42 PM","ROME","14/06/2019 11:04:12 AM","Microsoft-Windows-SettingSync%4Operational.evtx","14/06/2019 11:02:42 AM","1","14/06/2019 11:04:12 PM","C:\Windows\System32\Winevt\Logs\Microsoft-Windows-SettingSync%4Operational.evtx","   0.07","192.168.168.155","9aaea7b0-fb3b-4838-8991-a5ec3b71efd7","True"
"4/09/2019 8:56:08 AM","4/09/2019 8:56:08 PM","4/09/2019 8:56:08 PM","ROME","4/09/2019 10:06:01 AM","Microsoft-Windows-SettingSync-Azure%4Debug.evtx","4/09/2019 8:56:08 AM","1","4/09/2019 10:06:01 PM","C:\Windows\System32\Winevt\Logs\Microsoft-Windows-SettingSync-Azure%4Debug.evtx","   0.07","192.168.168.155","9aaea7b0-fb3b-4838-8991-a5ec3b71efd7","True"
"4/09/2019 8:56:08 AM","4/09/2019 8:56:08 PM","4/09/2019 8:56:08 PM","ROME","4/09/2019 10:06:01 AM","Microsoft-Windows-SettingSync-Azure%4Operational.evtx","4/09/2019 8:56:08 AM","1","4/09/2019 10:06:01 PM","C:\Windows\System32\Winevt\Logs\Microsoft-Windows-SettingSync-Azure%4Operational.evtx","   0.07","192.168.168.155","9aaea7b0-fb3b-4838-8991-a5ec3b71efd7","True"
"14/06/2019 11:23:13 AM","14/06/2019 11:23:13 PM","14/06/2019 11:23:13 PM","ROME","14/06/2019 11:43:15 AM","Microsoft-Windows-Shell-ConnectedAccountState%4ActionCenter.evtx","14/06/2019 11:23:13 AM","1","14/06/2019 11:43:15 PM","C:\Windows\System32\Winevt\Logs\Microsoft-Windows-Shell-ConnectedAccountState%4ActionCenter.evtx","   0.07","192.168.168.155","9aaea7b0-fb3b-4838-8991-a5ec3b71efd7","True"
"14/06/2019 11:02:37 AM","14/06/2019 11:02:37 PM","14/06/2019 11:02:37 PM","ROME","14/06/2019 11:04:12 AM","Microsoft-Windows-Shell-Core%4ActionCenter.evtx","14/06/2019 11:02:37 AM","1","14/06/2019 11:04:12 PM","C:\Windows\System32\Winevt\Logs\Microsoft-Windows-Shell-Core%4ActionCenter.evtx","   0.07","192.168.168.155","9aaea7b0-fb3b-4838-8991-a5ec3b71efd7","True"
"14/06/2019 11:02:37 AM","14/06/2019 11:02:37 PM","14/06/2019 11:02:37 PM","ROME","5/04/2021 9:55:49 AM","Microsoft-Windows-Shell-Core%4Operational.evtx","14/06/2019 11:02:37 AM","9","5/04/2021 9:55:49 PM","C:\Windows\System32\Winevt\Logs\Microsoft-Windows-Shell-Core%4Operational.evtx","   1.00","192.168.168.155","9aaea7b0-fb3b-4838-8991-a5ec3b71efd7","True"
"4/09/2019 8:56:09 AM","4/09/2019 8:56:09 PM","4/09/2019 8:56:09 PM","ROME","4/09/2019 10:06:01 AM","Microsoft-Windows-SmartCard-Audit%4Authentication.evtx","4/09/2019 8:56:09 AM","1","4/09/2019 10:06:01 PM","C:\Windows\System32\Winevt\Logs\Microsoft-Windows-SmartCard-Audit%4Authentication.evtx","   0.07","192.168.168.155","9aaea7b0-fb3b-4838-8991-a5ec3b71efd7","True"
"4/09/2019 8:56:09 AM","4/09/2019 8:56:09 PM","4/09/2019 8:56:09 PM","ROME","4/09/2019 10:06:01 AM","Microsoft-Windows-SmartCard-DeviceEnum%4Operational.evtx","4/09/2019 8:56:09 AM","1","4/09/2019 10:06:01 PM","C:\Windows\System32\Winevt\Logs\Microsoft-Windows-SmartCard-DeviceEnum%4Operational.evtx","   0.07","192.168.168.155","9aaea7b0-fb3b-4838-8991-a5ec3b71efd7","True"
"4/09/2019 8:56:09 AM","4/09/2019 8:56:09 PM","4/09/2019 8:56:09 PM","ROME","4/09/2019 10:06:01 AM","Microsoft-Windows-SmartCard-TPM-VCard-Module%4Admin.evtx","4/09/2019 8:56:09 AM","1","4/09/2019 10:06:01 PM","C:\Windows\System32\Winevt\Logs\Microsoft-Windows-SmartCard-TPM-VCard-Module%4Admin.evtx","   0.07","192.168.168.155","9aaea7b0-fb3b-4838-8991-a5ec3b71efd7","True"
"4/09/2019 8:56:09 AM","4/09/2019 8:56:09 PM","4/09/2019 8:56:09 PM","ROME","4/09/2019 10:06:01 AM","Microsoft-Windows-SmartCard-TPM-VCard-Module%4Operational.evtx","4/09/2019 8:56:09 AM","1","4/09/2019 10:06:01 PM","C:\Windows\System32\Winevt\Logs\Microsoft-Windows-SmartCard-TPM-VCard-Module%4Operational.evtx","   0.07","192.168.168.155","9aaea7b0-fb3b-4838-8991-a5ec3b71efd7","True"
"15/06/2019 5:59:32 AM","15/06/2019 5:59:32 PM","15/06/2019 5:59:32 PM","ROME","7/04/2021 8:02:50 AM","Microsoft-Windows-SmbClient%4Connectivity.evtx","15/06/2019 5:59:32 AM","11","7/04/2021 8:02:50 PM","C:\Windows\System32\Winevt\Logs\Microsoft-Windows-SmbClient%4Connectivity.evtx","   8.00","192.168.168.155","9aaea7b0-fb3b-4838-8991-a5ec3b71efd7","True"
"15/06/2019 5:59:31 AM","15/06/2019 5:59:31 PM","15/06/2019 5:59:31 PM","ROME","15/06/2019 6:01:18 AM","Microsoft-Windows-SMBClient%4Operational.evtx","15/06/2019 5:59:31 AM","1","15/06/2019 6:01:18 PM","C:\Windows\System32\Winevt\Logs\Microsoft-Windows-SMBClient%4Operational.evtx","   0.07","192.168.168.155","9aaea7b0-fb3b-4838-8991-a5ec3b71efd7","True"
"15/06/2019 5:59:32 AM","15/06/2019 5:59:32 PM","15/06/2019 5:59:32 PM","ROME","29/10/2020 8:30:05 AM","Microsoft-Windows-SmbClient%4Security.evtx","15/06/2019 5:59:32 AM","11","29/10/2020 9:30:05 PM","C:\Windows\System32\Winevt\Logs\Microsoft-Windows-SmbClient%4Security.evtx","   0.07","192.168.168.155","9aaea7b0-fb3b-4838-8991-a5ec3b71efd7","True"
"15/06/2019 5:59:27 AM","15/06/2019 5:59:27 PM","15/06/2019 5:59:27 PM","ROME","15/06/2019 6:01:18 AM","Microsoft-Windows-SMBServer%4Audit.evtx","15/06/2019 5:59:27 AM","1","15/06/2019 6:01:18 PM","C:\Windows\System32\Winevt\Logs\Microsoft-Windows-SMBServer%4Audit.evtx","   0.07","192.168.168.155","9aaea7b0-fb3b-4838-8991-a5ec3b71efd7","True"
"15/06/2019 5:59:27 AM","15/06/2019 5:59:27 PM","15/06/2019 5:59:27 PM","ROME","18/02/2020 10:33:17 AM","Microsoft-Windows-SMBServer%4Connectivity.evtx","15/06/2019 5:59:27 AM","10","18/02/2020 11:33:17 PM","C:\Windows\System32\Winevt\Logs\Microsoft-Windows-SMBServer%4Connectivity.evtx","   0.07","192.168.168.155","9aaea7b0-fb3b-4838-8991-a5ec3b71efd7","True"
"15/06/2019 5:59:27 AM","15/06/2019 5:59:27 PM","15/06/2019 5:59:27 PM","ROME","7/04/2021 8:02:52 AM","Microsoft-Windows-SMBServer%4Operational.evtx","15/06/2019 5:59:27 AM","11","7/04/2021 8:02:52 PM","C:\Windows\System32\Winevt\Logs\Microsoft-Windows-SMBServer%4Operational.evtx","   5.07","192.168.168.155","9aaea7b0-fb3b-4838-8991-a5ec3b71efd7","True"
"15/06/2019 5:59:27 AM","15/06/2019 5:59:27 PM","15/06/2019 5:59:27 PM","ROME","1/11/2020 5:04:31 AM","Microsoft-Windows-SMBServer%4Security.evtx","15/06/2019 5:59:27 AM","11","1/11/2020 6:04:31 PM","C:\Windows\System32\Winevt\Logs\Microsoft-Windows-SMBServer%4Security.evtx","   1.07","192.168.168.155","9aaea7b0-fb3b-4838-8991-a5ec3b71efd7","True"
"4/09/2019 8:56:09 AM","4/09/2019 8:56:09 PM","4/09/2019 8:56:09 PM","ROME","4/09/2019 10:06:01 AM","Microsoft-Windows-SMBWitnessClient%4Admin.evtx","4/09/2019 8:56:09 AM","1","4/09/2019 10:06:01 PM","C:\Windows\System32\Winevt\Logs\Microsoft-Windows-SMBWitnessClient%4Admin.evtx","   0.07","192.168.168.155","9aaea7b0-fb3b-4838-8991-a5ec3b71efd7","True"
"4/09/2019 8:56:09 AM","4/09/2019 8:56:09 PM","4/09/2019 8:56:09 PM","ROME","4/09/2019 10:06:01 AM","Microsoft-Windows-SMBWitnessClient%4Informational.evtx","4/09/2019 8:56:09 AM","1","4/09/2019 10:06:01 PM","C:\Windows\System32\Winevt\Logs\Microsoft-Windows-SMBWitnessClient%4Informational.evtx","   0.07","192.168.168.155","9aaea7b0-fb3b-4838-8991-a5ec3b71efd7","True"
"14/06/2019 11:02:38 AM","14/06/2019 11:02:38 PM","14/06/2019 11:02:38 PM","ROME","5/04/2021 9:55:49 AM","Microsoft-Windows-StateRepository%4Operational.evtx","14/06/2019 11:02:38 AM","11","5/04/2021 9:55:49 PM","C:\Windows\System32\Winevt\Logs\Microsoft-Windows-StateRepository%4Operational.evtx","   5.00","192.168.168.155","9aaea7b0-fb3b-4838-8991-a5ec3b71efd7","True"
"14/06/2019 11:02:38 AM","14/06/2019 11:02:38 PM","14/06/2019 11:02:38 PM","ROME","14/06/2019 11:04:12 AM","Microsoft-Windows-StateRepository%4Restricted.evtx","14/06/2019 11:02:38 AM","1","14/06/2019 11:04:12 PM","C:\Windows\System32\Winevt\Logs\Microsoft-Windows-StateRepository%4Restricted.evtx","   0.07","192.168.168.155","9aaea7b0-fb3b-4838-8991-a5ec3b71efd7","True"
"14/06/2019 11:11:55 AM","14/06/2019 11:11:55 PM","14/06/2019 11:11:55 PM","ROME","7/04/2021 8:03:05 AM","Microsoft-Windows-Storage-ClassPnP%4Operational.evtx","14/06/2019 11:11:55 AM","11","7/04/2021 8:03:05 PM","C:\Windows\System32\Winevt\Logs\Microsoft-Windows-Storage-ClassPnP%4Operational.evtx","   1.00","192.168.168.155","9aaea7b0-fb3b-4838-8991-a5ec3b71efd7","True"
"4/09/2019 8:56:09 AM","4/09/2019 8:56:09 PM","4/09/2019 8:56:09 PM","ROME","4/09/2019 10:06:01 AM","Microsoft-Windows-StorageManagement%4Operational.evtx","4/09/2019 8:56:09 AM","1","4/09/2019 10:06:01 PM","C:\Windows\System32\Winevt\Logs\Microsoft-Windows-StorageManagement%4Operational.evtx","   0.07","192.168.168.155","9aaea7b0-fb3b-4838-8991-a5ec3b71efd7","True"
"4/09/2019 8:56:09 AM","4/09/2019 8:56:09 PM","4/09/2019 8:56:09 PM","ROME","4/09/2019 10:06:01 AM","Microsoft-Windows-StorageSpaces-Driver%4Diagnostic.evtx","4/09/2019 8:56:09 AM","1","4/09/2019 10:06:01 PM","C:\Windows\System32\Winevt\Logs\Microsoft-Windows-StorageSpaces-Driver%4Diagnostic.evtx","   0.07","192.168.168.155","9aaea7b0-fb3b-4838-8991-a5ec3b71efd7","True"
"4/09/2019 8:56:09 AM","4/09/2019 8:56:09 PM","4/09/2019 8:56:09 PM","ROME","4/09/2019 10:06:01 AM","Microsoft-Windows-StorageSpaces-Driver%4Operational.evtx","4/09/2019 8:56:09 AM","1","4/09/2019 10:06:01 PM","C:\Windows\System32\Winevt\Logs\Microsoft-Windows-StorageSpaces-Driver%4Operational.evtx","   0.07","192.168.168.155","9aaea7b0-fb3b-4838-8991-a5ec3b71efd7","True"
"14/06/2019 11:23:13 AM","14/06/2019 11:23:13 PM","14/06/2019 11:23:13 PM","ROME","14/06/2019 11:43:15 AM","Microsoft-Windows-StorageSpaces-ManagementAgent%4WHC.evtx","14/06/2019 11:23:13 AM","1","14/06/2019 11:43:15 PM","C:\Windows\System32\Winevt\Logs\Microsoft-Windows-StorageSpaces-ManagementAgent%4WHC.evtx","   0.07","192.168.168.155","9aaea7b0-fb3b-4838-8991-a5ec3b71efd7","True"
"14/06/2019 11:02:47 AM","14/06/2019 11:02:47 PM","14/06/2019 11:02:47 PM","ROME","7/04/2021 8:03:20 AM","Microsoft-Windows-Store%4Operational.evtx","14/06/2019 11:02:47 AM","8","7/04/2021 8:03:20 PM","C:\Windows\System32\Winevt\Logs\Microsoft-Windows-Store%4Operational.evtx","  19.13","192.168.168.155","9aaea7b0-fb3b-4838-8991-a5ec3b71efd7","True"
"29/09/2019 2:30:01 AM","29/09/2019 3:30:01 PM","29/09/2019 3:30:01 PM","ROME","7/04/2021 8:01:58 AM","Microsoft-Windows-Sysmon%4Operational.evtx","29/09/2019 2:30:01 AM","6","7/04/2021 8:01:58 PM","C:\Windows\System32\Winevt\Logs\Microsoft-Windows-Sysmon%4Operational.evtx","  64.00","192.168.168.155","9aaea7b0-fb3b-4838-8991-a5ec3b71efd7","True"
"4/09/2019 8:56:09 AM","4/09/2019 8:56:09 PM","4/09/2019 8:56:09 PM","ROME","4/09/2019 10:06:01 AM","Microsoft-Windows-SystemSettingsThreshold%4Operational.evtx","4/09/2019 8:56:09 AM","1","4/09/2019 10:06:01 PM","C:\Windows\System32\Winevt\Logs\Microsoft-Windows-SystemSettingsThreshold%4Operational.evtx","   0.07","192.168.168.155","9aaea7b0-fb3b-4838-8991-a5ec3b71efd7","True"
"15/06/2019 5:59:26 AM","15/06/2019 5:59:26 PM","15/06/2019 5:59:26 PM","ROME","7/04/2021 8:12:54 AM","Microsoft-Windows-TaskScheduler%4Maintenance.evtx","15/06/2019 5:59:26 AM","11","7/04/2021 8:12:54 PM","C:\Windows\System32\Winevt\Logs\Microsoft-Windows-TaskScheduler%4Maintenance.evtx","   1.00","192.168.168.155","9aaea7b0-fb3b-4838-8991-a5ec3b71efd7","True"
"14/06/2019 10:30:20 PM","15/06/2019 10:30:20 AM","15/06/2019 10:30:20 AM","ROME","7/04/2021 8:02:33 AM","Microsoft-Windows-TaskScheduler%4Operational.evtx","14/06/2019 10:30:20 PM","9","7/04/2021 8:02:33 PM","C:\Windows\System32\Winevt\Logs\Microsoft-Windows-TaskScheduler%4Operational.evtx","  10.00","192.168.168.155","9aaea7b0-fb3b-4838-8991-a5ec3b71efd7","True"
"4/09/2019 8:56:09 AM","4/09/2019 8:56:09 PM","4/09/2019 8:56:09 PM","ROME","4/09/2019 10:06:01 AM","Microsoft-Windows-TCPIP%4Operational.evtx","4/09/2019 8:56:09 AM","1","4/09/2019 10:06:01 PM","C:\Windows\System32\Winevt\Logs\Microsoft-Windows-TCPIP%4Operational.evtx","   0.07","192.168.168.155","9aaea7b0-fb3b-4838-8991-a5ec3b71efd7","True"
"4/09/2019 8:56:09 AM","4/09/2019 8:56:09 PM","4/09/2019 8:56:09 PM","ROME","4/09/2019 10:06:01 AM","Microsoft-Windows-TerminalServices-ClientUSBDevices%4Admin.evtx","4/09/2019 8:56:09 AM","1","4/09/2019 10:06:01 PM","C:\Windows\System32\Winevt\Logs\Microsoft-Windows-TerminalServices-ClientUSBDevices%4Admin.evtx","   0.07","192.168.168.155","9aaea7b0-fb3b-4838-8991-a5ec3b71efd7","True"
"4/09/2019 8:56:09 AM","4/09/2019 8:56:09 PM","4/09/2019 8:56:09 PM","ROME","4/09/2019 10:06:01 AM","Microsoft-Windows-TerminalServices-ClientUSBDevices%4Operational.evtx","4/09/2019 8:56:09 AM","1","4/09/2019 10:06:01 PM","C:\Windows\System32\Winevt\Logs\Microsoft-Windows-TerminalServices-ClientUSBDevices%4Operational.evtx","   0.07","192.168.168.155","9aaea7b0-fb3b-4838-8991-a5ec3b71efd7","True"
"15/06/2019 5:59:24 AM","15/06/2019 5:59:24 PM","15/06/2019 5:59:24 PM","ROME","15/06/2019 6:01:18 AM","Microsoft-Windows-TerminalServices-LocalSessionManager%4Admin.evtx","15/06/2019 5:59:24 AM","1","15/06/2019 6:01:18 PM","C:\Windows\System32\Winevt\Logs\Microsoft-Windows-TerminalServices-LocalSessionManager%4Admin.evtx","   0.07","192.168.168.155","9aaea7b0-fb3b-4838-8991-a5ec3b71efd7","True"
"15/06/2019 5:59:24 AM","15/06/2019 5:59:24 PM","15/06/2019 5:59:24 PM","ROME","7/04/2021 8:02:49 AM","Microsoft-Windows-TerminalServices-LocalSessionManager%4Operational.evtx","15/06/2019 5:59:24 AM","13","7/04/2021 8:02:49 PM","C:\Windows\System32\Winevt\Logs\Microsoft-Windows-TerminalServices-LocalSessionManager%4Operational.evtx","   1.00","192.168.168.155","9aaea7b0-fb3b-4838-8991-a5ec3b71efd7","True"
"4/09/2019 8:56:09 AM","4/09/2019 8:56:09 PM","4/09/2019 8:56:09 PM","ROME","4/09/2019 10:06:01 AM","Microsoft-Windows-TerminalServices-PnPDevices%4Admin.evtx","4/09/2019 8:56:09 AM","1","4/09/2019 10:06:01 PM","C:\Windows\System32\Winevt\Logs\Microsoft-Windows-TerminalServices-PnPDevices%4Admin.evtx","   0.07","192.168.168.155","9aaea7b0-fb3b-4838-8991-a5ec3b71efd7","True"
"4/09/2019 8:56:09 AM","4/09/2019 8:56:09 PM","4/09/2019 8:56:09 PM","ROME","4/09/2019 10:06:01 AM","Microsoft-Windows-TerminalServices-PnPDevices%4Operational.evtx","4/09/2019 8:56:09 AM","1","4/09/2019 10:06:01 PM","C:\Windows\System32\Winevt\Logs\Microsoft-Windows-TerminalServices-PnPDevices%4Operational.evtx","   0.07","192.168.168.155","9aaea7b0-fb3b-4838-8991-a5ec3b71efd7","True"
"4/09/2019 8:56:09 AM","4/09/2019 8:56:09 PM","4/09/2019 8:56:09 PM","ROME","4/09/2019 10:06:01 AM","Microsoft-Windows-TerminalServices-Printers%4Admin.evtx","4/09/2019 8:56:09 AM","1","4/09/2019 10:06:01 PM","C:\Windows\System32\Winevt\Logs\Microsoft-Windows-TerminalServices-Printers%4Admin.evtx","   0.07","192.168.168.155","9aaea7b0-fb3b-4838-8991-a5ec3b71efd7","True"
"4/09/2019 8:56:09 AM","4/09/2019 8:56:09 PM","4/09/2019 8:56:09 PM","ROME","4/09/2019 10:06:01 AM","Microsoft-Windows-TerminalServices-Printers%4Operational.evtx","4/09/2019 8:56:09 AM","1","4/09/2019 10:06:01 PM","C:\Windows\System32\Winevt\Logs\Microsoft-Windows-TerminalServices-Printers%4Operational.evtx","   0.07","192.168.168.155","9aaea7b0-fb3b-4838-8991-a5ec3b71efd7","True"
"15/07/2019 12:35:52 AM","15/07/2019 12:35:52 PM","15/07/2019 12:35:52 PM","ROME","1/11/2020 5:04:31 AM","Microsoft-Windows-TerminalServices-RDPClient%4Operational.evtx","15/07/2019 12:35:52 AM","11","1/11/2020 6:04:31 PM","C:\Windows\System32\Winevt\Logs\Microsoft-Windows-TerminalServices-RDPClient%4Operational.evtx","   1.00","192.168.168.155","9aaea7b0-fb3b-4838-8991-a5ec3b71efd7","True"
"17/07/2019 11:27:56 PM","18/07/2019 11:27:56 AM","18/07/2019 11:27:56 AM","ROME","17/07/2019 11:48:17 PM","Microsoft-Windows-TerminalServices-RemoteConnectionManager%4Admin.evtx","17/07/2019 11:27:56 PM","1","18/07/2019 11:48:17 AM","C:\Windows\System32\Winevt\Logs\Microsoft-Windows-TerminalServices-RemoteConnectionManager%4Admin.evtx","   0.07","192.168.168.155","9aaea7b0-fb3b-4838-8991-a5ec3b71efd7","True"
"17/07/2019 11:27:56 PM","18/07/2019 11:27:56 AM","18/07/2019 11:27:56 AM","ROME","7/04/2021 8:02:51 AM","Microsoft-Windows-TerminalServices-RemoteConnectionManager%4Operational.evtx","17/07/2019 11:27:56 PM","11","7/04/2021 8:02:51 PM","C:\Windows\System32\Winevt\Logs\Microsoft-Windows-TerminalServices-RemoteConnectionManager%4Operational.evtx","   1.00","192.168.168.155","9aaea7b0-fb3b-4838-8991-a5ec3b71efd7","True"
"14/06/2019 11:02:47 AM","14/06/2019 11:02:47 PM","14/06/2019 11:02:47 PM","ROME","5/04/2021 9:55:49 AM","Microsoft-Windows-TWinUI%4Operational.evtx","14/06/2019 11:02:47 AM","10","5/04/2021 9:55:49 PM","C:\Windows\System32\Winevt\Logs\Microsoft-Windows-TWinUI%4Operational.evtx","   1.00","192.168.168.155","9aaea7b0-fb3b-4838-8991-a5ec3b71efd7","True"
"3/07/2019 1:39:32 PM","4/07/2019 1:39:32 AM","4/07/2019 1:39:32 AM","ROME","3/04/2021 3:10:32 AM","Microsoft-Windows-TZSync%4Operational.evtx","3/07/2019 1:39:32 PM","11","3/04/2021 4:10:32 PM","C:\Windows\System32\Winevt\Logs\Microsoft-Windows-TZSync%4Operational.evtx","   1.00","192.168.168.155","9aaea7b0-fb3b-4838-8991-a5ec3b71efd7","True"
"4/09/2019 8:56:09 AM","4/09/2019 8:56:09 PM","4/09/2019 8:56:09 PM","ROME","4/09/2019 10:06:01 AM","Microsoft-Windows-TZUtil%4Operational.evtx","4/09/2019 8:56:09 AM","1","4/09/2019 10:06:01 PM","C:\Windows\System32\Winevt\Logs\Microsoft-Windows-TZUtil%4Operational.evtx","   0.07","192.168.168.155","9aaea7b0-fb3b-4838-8991-a5ec3b71efd7","True"
"14/07/2019 12:49:40 PM","15/07/2019 12:49:40 AM","15/07/2019 12:49:40 AM","ROME","14/07/2019 12:56:36 PM","Microsoft-Windows-UAC%4Operational.evtx","14/07/2019 12:49:40 PM","11","15/07/2019 12:56:36 AM","C:\Windows\System32\Winevt\Logs\Microsoft-Windows-UAC%4Operational.evtx","   0.07","192.168.168.155","9aaea7b0-fb3b-4838-8991-a5ec3b71efd7","True"
"17/07/2019 11:25:57 PM","18/07/2019 11:25:57 AM","18/07/2019 11:25:57 AM","ROME","29/08/2020 9:05:51 AM","Microsoft-Windows-UAC-FileVirtualization%4Operational.evtx","17/07/2019 11:25:57 PM","10","29/08/2020 9:05:51 PM","C:\Windows\System32\Winevt\Logs\Microsoft-Windows-UAC-FileVirtualization%4Operational.evtx","   1.00","192.168.168.155","9aaea7b0-fb3b-4838-8991-a5ec3b71efd7","True"
"4/09/2019 8:56:09 AM","4/09/2019 8:56:09 PM","4/09/2019 8:56:09 PM","ROME","4/09/2019 10:06:01 AM","Microsoft-Windows-User Control Panel%4Operational.evtx","4/09/2019 8:56:09 AM","1","4/09/2019 10:06:01 PM","C:\Windows\System32\Winevt\Logs\Microsoft-Windows-User Control Panel%4Operational.evtx","   0.07","192.168.168.155","9aaea7b0-fb3b-4838-8991-a5ec3b71efd7","True"
"4/09/2019 8:56:09 AM","4/09/2019 8:56:09 PM","4/09/2019 8:56:09 PM","ROME","4/09/2019 10:06:01 AM","Microsoft-Windows-User Device Registration%4Admin.evtx","4/09/2019 8:56:09 AM","1","4/09/2019 10:06:01 PM","C:\Windows\System32\Winevt\Logs\Microsoft-Windows-User Device Registration%4Admin.evtx","   0.07","192.168.168.155","9aaea7b0-fb3b-4838-8991-a5ec3b71efd7","True"
"15/06/2019 5:59:25 AM","15/06/2019 5:59:25 PM","15/06/2019 5:59:25 PM","ROME","7/04/2021 8:02:52 AM","Microsoft-Windows-User Profile Service%4Operational.evtx","15/06/2019 5:59:25 AM","11","7/04/2021 8:02:52 PM","C:\Windows\System32\Winevt\Logs\Microsoft-Windows-User Profile Service%4Operational.evtx","   2.07","192.168.168.155","9aaea7b0-fb3b-4838-8991-a5ec3b71efd7","True"
"16/07/2019 2:29:25 AM","16/07/2019 2:29:25 PM","16/07/2019 2:29:25 PM","ROME","16/07/2019 3:07:46 AM","Microsoft-Windows-User-Loader%4Operational.evtx","16/07/2019 2:29:25 AM","1","16/07/2019 3:07:46 PM","C:\Windows\System32\Winevt\Logs\Microsoft-Windows-User-Loader%4Operational.evtx","   0.07","192.168.168.155","9aaea7b0-fb3b-4838-8991-a5ec3b71efd7","True"
"15/06/2019 5:59:24 AM","15/06/2019 5:59:24 PM","15/06/2019 5:59:24 PM","ROME","15/06/2019 6:01:18 AM","Microsoft-Windows-UserPnp%4ActionCenter.evtx","15/06/2019 5:59:24 AM","1","15/06/2019 6:01:18 PM","C:\Windows\System32\Winevt\Logs\Microsoft-Windows-UserPnp%4ActionCenter.evtx","   0.07","192.168.168.155","9aaea7b0-fb3b-4838-8991-a5ec3b71efd7","True"
"15/06/2019 5:59:24 AM","15/06/2019 5:59:24 PM","15/06/2019 5:59:24 PM","ROME","15/02/2020 6:58:08 AM","Microsoft-Windows-UserPnp%4DeviceInstall.evtx","15/06/2019 5:59:24 AM","11","15/02/2020 7:58:08 PM","C:\Windows\System32\Winevt\Logs\Microsoft-Windows-UserPnp%4DeviceInstall.evtx","   0.07","192.168.168.155","9aaea7b0-fb3b-4838-8991-a5ec3b71efd7","True"
"4/09/2019 8:56:09 AM","4/09/2019 8:56:09 PM","4/09/2019 8:56:09 PM","ROME","4/09/2019 10:06:01 AM","Microsoft-Windows-VDRVROOT%4Operational.evtx","4/09/2019 8:56:09 AM","1","4/09/2019 10:06:01 PM","C:\Windows\System32\Winevt\Logs\Microsoft-Windows-VDRVROOT%4Operational.evtx","   0.07","192.168.168.155","9aaea7b0-fb3b-4838-8991-a5ec3b71efd7","True"
"4/09/2019 8:56:10 AM","4/09/2019 8:56:10 PM","4/09/2019 8:56:10 PM","ROME","4/09/2019 10:06:01 AM","Microsoft-Windows-VerifyHardwareSecurity%4Admin.evtx","4/09/2019 8:56:10 AM","1","4/09/2019 10:06:01 PM","C:\Windows\System32\Winevt\Logs\Microsoft-Windows-VerifyHardwareSecurity%4Admin.evtx","   0.07","192.168.168.155","9aaea7b0-fb3b-4838-8991-a5ec3b71efd7","True"
"29/09/2019 2:27:48 AM","29/09/2019 3:27:48 PM","29/09/2019 3:27:48 PM","ROME","29/09/2019 8:24:23 AM","Microsoft-Windows-VHDMP%4Operational.evtx","29/09/2019 2:27:48 AM","1","29/09/2019 9:24:23 PM","C:\Windows\System32\Winevt\Logs\Microsoft-Windows-VHDMP%4Operational.evtx","   0.07","192.168.168.155","9aaea7b0-fb3b-4838-8991-a5ec3b71efd7","True"
"4/09/2019 8:56:10 AM","4/09/2019 8:56:10 PM","4/09/2019 8:56:10 PM","ROME","4/09/2019 10:06:01 AM","Microsoft-Windows-Volume%4Diagnostic.evtx","4/09/2019 8:56:10 AM","1","4/09/2019 10:06:01 PM","C:\Windows\System32\Winevt\Logs\Microsoft-Windows-Volume%4Diagnostic.evtx","   0.07","192.168.168.155","9aaea7b0-fb3b-4838-8991-a5ec3b71efd7","True"
"15/06/2019 5:59:24 AM","15/06/2019 5:59:24 PM","15/06/2019 5:59:24 PM","ROME","7/04/2021 8:02:49 AM","Microsoft-Windows-VolumeSnapshot-Driver%4Operational.evtx","15/06/2019 5:59:24 AM","11","7/04/2021 8:02:49 PM","C:\Windows\System32\Winevt\Logs\Microsoft-Windows-VolumeSnapshot-Driver%4Operational.evtx","   1.00","192.168.168.155","9aaea7b0-fb3b-4838-8991-a5ec3b71efd7","True"
"14/06/2019 12:40:38 PM","15/06/2019 12:40:38 AM","15/06/2019 12:40:38 AM","ROME","14/06/2019 12:56:00 PM","Microsoft-Windows-VPN%4Operational.evtx","14/06/2019 12:40:38 PM","1","15/06/2019 12:56:00 AM","C:\Windows\System32\Winevt\Logs\Microsoft-Windows-VPN%4Operational.evtx","   0.07","192.168.168.155","9aaea7b0-fb3b-4838-8991-a5ec3b71efd7","True"
"4/09/2019 8:56:10 AM","4/09/2019 8:56:10 PM","4/09/2019 8:56:10 PM","ROME","4/09/2019 10:06:01 AM","Microsoft-Windows-VPN-Client%4Operational.evtx","4/09/2019 8:56:10 AM","1","4/09/2019 10:06:01 PM","C:\Windows\System32\Winevt\Logs\Microsoft-Windows-VPN-Client%4Operational.evtx","   0.07","192.168.168.155","9aaea7b0-fb3b-4838-8991-a5ec3b71efd7","True"
"15/06/2019 5:59:24 AM","15/06/2019 5:59:24 PM","15/06/2019 5:59:24 PM","ROME","7/04/2021 8:02:49 AM","Microsoft-Windows-Wcmsvc%4Operational.evtx","15/06/2019 5:59:24 AM","10","7/04/2021 8:02:49 PM","C:\Windows\System32\Winevt\Logs\Microsoft-Windows-Wcmsvc%4Operational.evtx","   1.00","192.168.168.155","9aaea7b0-fb3b-4838-8991-a5ec3b71efd7","True"
"14/06/2019 12:40:37 PM","15/06/2019 12:40:37 AM","15/06/2019 12:40:37 AM","ROME","22/03/2021 8:56:33 AM","Microsoft-Windows-WFP%4Operational.evtx","14/06/2019 12:40:37 PM","11","22/03/2021 9:56:33 PM","C:\Windows\System32\Winevt\Logs\Microsoft-Windows-WFP%4Operational.evtx","   0.07","192.168.168.155","9aaea7b0-fb3b-4838-8991-a5ec3b71efd7","True"
