#TYPE System.Management.Automation.PSCustomObject
"LastAccessTimeUtc","CreationTime","LastAccessTime","LastWriteTimeUtc","LogName","CreationTimeUTC","RetentionPeriodinDays","LastWriteTime","LogFullName","SizeinMb"
"5/04/2021 7:10:10 AM","24/06/2020 3:58:52 PM","5/04/2021 7:10:10 PM","5/04/2021 7:10:10 AM","Application.evtx","24/06/2020 3:58:52 AM","3","5/04/2021 7:10:10 PM","C:\WINDOWS\System32\Winevt\Logs\Application.evtx","  20.00"
"5/04/2021 7:28:18 AM","24/06/2020 3:58:52 PM","5/04/2021 7:28:18 PM","3/04/2021 3:27:35 AM","Dell.evtx","24/06/2020 3:58:52 AM","10","3/04/2021 4:27:35 PM","C:\WINDOWS\System32\Winevt\Logs\Dell.evtx","   1.00"
"5/04/2021 7:28:18 AM","24/06/2020 3:58:52 PM","5/04/2021 7:28:18 PM","24/06/2020 4:17:44 AM","HardwareEvents.evtx","24/06/2020 3:58:52 AM","1","24/06/2020 4:17:44 PM","C:\WINDOWS\System32\Winevt\Logs\HardwareEvents.evtx","   0.07"
"5/04/2021 7:28:18 AM","24/06/2020 10:39:31 PM","5/04/2021 7:28:18 PM","3/12/2020 7:39:22 AM","Intel-GFX-Info%4Application.evtx","24/06/2020 10:39:31 AM","10","3/12/2020 8:39:22 PM","C:\WINDOWS\System32\Winevt\Logs\Intel-GFX-Info%4Application.evtx","   0.07"
"5/04/2021 7:28:18 AM","24/06/2020 10:39:31 PM","5/04/2021 7:28:18 PM","24/06/2020 11:08:01 AM","Intel-GFX-Info%4System.evtx","24/06/2020 10:39:31 AM","1","24/06/2020 11:08:01 PM","C:\WINDOWS\System32\Winevt\Logs\Intel-GFX-Info%4System.evtx","   0.07"
"5/04/2021 7:28:18 AM","24/06/2020 3:58:52 PM","5/04/2021 7:28:18 PM","24/06/2020 4:17:44 AM","Internet Explorer.evtx","24/06/2020 3:58:52 AM","1","24/06/2020 4:17:44 PM","C:\WINDOWS\System32\Winevt\Logs\Internet Explorer.evtx","   0.07"
"5/04/2021 7:28:18 AM","24/06/2020 3:58:52 PM","5/04/2021 7:28:18 PM","24/06/2020 4:17:44 AM","Key Management Service.evtx","24/06/2020 3:58:52 AM","1","24/06/2020 4:17:44 PM","C:\WINDOWS\System32\Winevt\Logs\Key Management Service.evtx","   0.07"
"5/04/2021 7:28:18 AM","24/06/2020 3:58:53 PM","5/04/2021 7:28:18 PM","5/04/2021 5:42:01 AM","Microsoft-Client-Licensing-Platform%4Admin.evtx","24/06/2020 3:58:53 AM","6","5/04/2021 5:42:01 PM","C:\WINDOWS\System32\Winevt\Logs\Microsoft-Client-Licensing-Platform%4Admin.evtx","   1.00"
"5/04/2021 7:28:18 AM","24/06/2020 4:03:33 PM","5/04/2021 7:28:18 PM","3/04/2021 6:30:20 AM","Microsoft-Windows-AAD%4Operational.evtx","24/06/2020 4:03:33 AM","6","3/04/2021 7:30:20 PM","C:\WINDOWS\System32\Winevt\Logs\Microsoft-Windows-AAD%4Operational.evtx","   1.00"
"5/04/2021 7:28:18 AM","10/03/2021 10:22:05 AM","5/04/2021 7:28:18 PM","12/03/2021 1:10:33 AM","Microsoft-Windows-All-User-Install-Agent%4Admin.evtx","9/03/2021 9:22:05 PM","1","12/03/2021 2:10:33 PM","C:\WINDOWS\System32\Winevt\Logs\Microsoft-Windows-All-User-Install-Agent%4Admin.evtx","   0.07"
"5/04/2021 7:28:18 AM","10/03/2021 10:22:05 AM","5/04/2021 7:28:18 PM","12/03/2021 1:10:33 AM","Microsoft-Windows-AllJoyn%4Operational.evtx","9/03/2021 9:22:05 PM","1","12/03/2021 2:10:33 PM","C:\WINDOWS\System32\Winevt\Logs\Microsoft-Windows-AllJoyn%4Operational.evtx","   0.07"
"5/04/2021 7:28:18 AM","10/03/2021 10:22:05 AM","5/04/2021 7:28:18 PM","12/03/2021 1:10:33 AM","Microsoft-Windows-AppHost%4Admin.evtx","9/03/2021 9:22:05 PM","1","12/03/2021 2:10:33 PM","C:\WINDOWS\System32\Winevt\Logs\Microsoft-Windows-AppHost%4Admin.evtx","   0.07"
"5/04/2021 7:28:18 AM","10/03/2021 10:22:05 AM","5/04/2021 7:28:18 PM","12/03/2021 1:10:33 AM","Microsoft-Windows-AppID%4Operational.evtx","9/03/2021 9:22:05 PM","1","12/03/2021 2:10:33 PM","C:\WINDOWS\System32\Winevt\Logs\Microsoft-Windows-AppID%4Operational.evtx","   0.07"
"5/04/2021 7:28:18 AM","10/03/2021 10:22:05 AM","5/04/2021 7:28:18 PM","12/03/2021 1:10:33 AM","Microsoft-Windows-ApplicabilityEngine%4Operational.evtx","9/03/2021 9:22:05 PM","1","12/03/2021 2:10:33 PM","C:\WINDOWS\System32\Winevt\Logs\Microsoft-Windows-ApplicabilityEngine%4Operational.evtx","   0.07"
"5/04/2021 7:28:18 AM","27/06/2020 7:14:34 PM","5/04/2021 7:28:18 PM","30/06/2020 3:49:29 AM","Microsoft-Windows-Application Server-Applications%4Admin.evtx","27/06/2020 7:14:34 AM","1","30/06/2020 3:49:29 PM","C:\WINDOWS\System32\Winevt\Logs\Microsoft-Windows-Application Server-Applications%4Admin.evtx","   0.07"
"5/04/2021 7:28:18 AM","27/06/2020 7:14:34 PM","5/04/2021 7:28:18 PM","5/04/2021 1:56:51 AM","Microsoft-Windows-Application Server-Applications%4Operational.evtx","27/06/2020 7:14:34 AM","10","5/04/2021 1:56:51 PM","C:\WINDOWS\System32\Winevt\Logs\Microsoft-Windows-Application Server-Applications%4Operational.evtx","   1.00"
"5/04/2021 7:30:46 AM","24/06/2020 3:58:54 PM","5/04/2021 7:30:46 PM","5/04/2021 7:30:46 AM","Microsoft-Windows-Application-Experience%4Program-Compatibility-Assistant.evtx","24/06/2020 3:58:54 AM","10","5/04/2021 7:30:46 PM","C:\WINDOWS\System32\Winevt\Logs\Microsoft-Windows-Application-Experience%4Program-Compatibility-Assistant.evtx","   1.00"
"5/04/2021 7:28:18 AM","24/06/2020 4:04:47 PM","5/04/2021 7:28:18 PM","24/06/2020 4:17:44 AM","Microsoft-Windows-Application-Experience%4Program-Compatibility-Troubleshooter.evtx","24/06/2020 4:04:47 AM","1","24/06/2020 4:17:44 PM","C:\WINDOWS\System32\Winevt\Logs\Microsoft-Windows-Application-Experience%4Program-Compatibility-Troubleshooter.evtx","   0.07"
"5/04/2021 7:28:18 AM","24/06/2020 4:04:47 PM","5/04/2021 7:28:18 PM","24/06/2020 4:17:44 AM","Microsoft-Windows-Application-Experience%4Program-Inventory.evtx","24/06/2020 4:04:47 AM","1","24/06/2020 4:17:44 PM","C:\WINDOWS\System32\Winevt\Logs\Microsoft-Windows-Application-Experience%4Program-Inventory.evtx","   0.07"
"5/04/2021 7:28:18 AM","24/06/2020 4:04:47 PM","5/04/2021 7:28:18 PM","4/04/2021 10:38:50 PM","Microsoft-Windows-Application-Experience%4Program-Telemetry.evtx","24/06/2020 4:04:47 AM","9","5/04/2021 10:38:50 AM","C:\WINDOWS\System32\Winevt\Logs\Microsoft-Windows-Application-Experience%4Program-Telemetry.evtx","   1.00"
"5/04/2021 7:28:18 AM","24/06/2020 4:04:47 PM","5/04/2021 7:28:18 PM","24/06/2020 4:17:44 AM","Microsoft-Windows-Application-Experience%4Steps-Recorder.evtx","24/06/2020 4:04:47 AM","1","24/06/2020 4:17:44 PM","C:\WINDOWS\System32\Winevt\Logs\Microsoft-Windows-Application-Experience%4Steps-Recorder.evtx","   0.07"
"5/04/2021 7:28:18 AM","10/03/2021 10:22:05 AM","5/04/2021 7:28:18 PM","12/03/2021 1:10:33 AM","Microsoft-Windows-AppLocker%4EXE and DLL.evtx","9/03/2021 9:22:05 PM","1","12/03/2021 2:10:33 PM","C:\WINDOWS\System32\Winevt\Logs\Microsoft-Windows-AppLocker%4EXE and DLL.evtx","   0.07"
"5/04/2021 7:28:18 AM","10/03/2021 10:22:05 AM","5/04/2021 7:28:18 PM","12/03/2021 1:10:33 AM","Microsoft-Windows-AppLocker%4MSI and Script.evtx","9/03/2021 9:22:05 PM","1","12/03/2021 2:10:33 PM","C:\WINDOWS\System32\Winevt\Logs\Microsoft-Windows-AppLocker%4MSI and Script.evtx","   0.07"
"5/04/2021 7:28:18 AM","10/03/2021 10:22:05 AM","5/04/2021 7:28:18 PM","12/03/2021 1:10:33 AM","Microsoft-Windows-AppLocker%4Packaged app-Deployment.evtx","9/03/2021 9:22:05 PM","1","12/03/2021 2:10:33 PM","C:\WINDOWS\System32\Winevt\Logs\Microsoft-Windows-AppLocker%4Packaged app-Deployment.evtx","   0.07"
"5/04/2021 7:28:18 AM","10/03/2021 10:22:05 AM","5/04/2021 7:28:18 PM","12/03/2021 1:10:33 AM","Microsoft-Windows-AppLocker%4Packaged app-Execution.evtx","9/03/2021 9:22:05 PM","1","12/03/2021 2:10:33 PM","C:\WINDOWS\System32\Winevt\Logs\Microsoft-Windows-AppLocker%4Packaged app-Execution.evtx","   0.07"
"5/04/2021 7:24:46 AM","24/06/2020 3:58:52 PM","5/04/2021 7:24:46 PM","5/04/2021 7:24:46 AM","Microsoft-Windows-AppModel-Runtime%4Admin.evtx","24/06/2020 3:58:52 AM","5","5/04/2021 7:24:46 PM","C:\WINDOWS\System32\Winevt\Logs\Microsoft-Windows-AppModel-Runtime%4Admin.evtx","   1.00"
"5/04/2021 7:28:18 AM","24/06/2020 4:02:08 PM","5/04/2021 7:28:18 PM","4/04/2021 12:46:07 AM","Microsoft-Windows-AppReadiness%4Admin.evtx","24/06/2020 4:02:08 AM","10","4/04/2021 12:46:07 PM","C:\WINDOWS\System32\Winevt\Logs\Microsoft-Windows-AppReadiness%4Admin.evtx","   2.07"
"5/04/2021 7:28:18 AM","24/06/2020 4:02:08 PM","5/04/2021 7:28:18 PM","4/04/2021 12:46:07 AM","Microsoft-Windows-AppReadiness%4Operational.evtx","24/06/2020 4:02:08 AM","10","4/04/2021 12:46:07 PM","C:\WINDOWS\System32\Winevt\Logs\Microsoft-Windows-AppReadiness%4Operational.evtx","   1.07"
"5/04/2021 7:25:27 AM","24/06/2020 4:03:05 PM","5/04/2021 7:25:27 PM","5/04/2021 7:25:27 AM","Microsoft-Windows-AppXDeployment%4Operational.evtx","24/06/2020 4:03:05 AM","3","5/04/2021 7:25:27 PM","C:\WINDOWS\System32\Winevt\Logs\Microsoft-Windows-AppXDeployment%4Operational.evtx","   1.00"
"5/04/2021 7:28:18 AM","24/06/2020 4:00:22 PM","5/04/2021 7:28:18 PM","4/04/2021 8:03:44 PM","Microsoft-Windows-AppXDeploymentServer%4Operational.evtx","24/06/2020 4:00:22 AM","7","5/04/2021 8:03:44 AM","C:\WINDOWS\System32\Winevt\Logs\Microsoft-Windows-AppXDeploymentServer%4Operational.evtx","   5.00"
"5/04/2021 7:28:18 AM","24/06/2020 4:00:22 PM","5/04/2021 7:28:18 PM","24/06/2020 4:17:44 AM","Microsoft-Windows-AppXDeploymentServer%4Restricted.evtx","24/06/2020 4:00:22 AM","1","24/06/2020 4:17:44 PM","C:\WINDOWS\System32\Winevt\Logs\Microsoft-Windows-AppXDeploymentServer%4Restricted.evtx","   0.07"
"5/04/2021 7:28:18 AM","24/06/2020 4:00:41 PM","5/04/2021 7:28:18 PM","4/04/2021 12:46:07 AM","Microsoft-Windows-AppxPackaging%4Operational.evtx","24/06/2020 4:00:41 AM","6","4/04/2021 12:46:07 PM","C:\WINDOWS\System32\Winevt\Logs\Microsoft-Windows-AppxPackaging%4Operational.evtx","   1.00"
"5/04/2021 7:28:18 AM","24/06/2020 3:58:58 PM","5/04/2021 7:28:18 PM","24/06/2020 4:17:44 AM","Microsoft-Windows-Audio%4CaptureMonitor.evtx","24/06/2020 3:58:58 AM","1","24/06/2020 4:17:44 PM","C:\WINDOWS\System32\Winevt\Logs\Microsoft-Windows-Audio%4CaptureMonitor.evtx","   0.07"
"5/04/2021 7:28:18 AM","24/06/2020 3:58:58 PM","5/04/2021 7:28:18 PM","3/04/2021 3:11:11 AM","Microsoft-Windows-Audio%4Operational.evtx","24/06/2020 3:58:58 AM","10","3/04/2021 4:11:11 PM","C:\WINDOWS\System32\Winevt\Logs\Microsoft-Windows-Audio%4Operational.evtx","   1.00"
"5/04/2021 7:28:18 AM","24/06/2020 3:58:58 PM","5/04/2021 7:28:18 PM","3/04/2021 3:11:11 AM","Microsoft-Windows-Audio%4PlaybackManager.evtx","24/06/2020 3:58:58 AM","10","3/04/2021 4:11:11 PM","C:\WINDOWS\System32\Winevt\Logs\Microsoft-Windows-Audio%4PlaybackManager.evtx","   1.00"
"5/04/2021 7:28:18 AM","10/12/2020 11:49:24 PM","5/04/2021 7:28:18 PM","9/03/2021 9:22:05 PM","Microsoft-Windows-Authentication User Interface%4Operational.evtx","10/12/2020 10:49:24 AM","8","10/03/2021 10:22:05 AM","C:\WINDOWS\System32\Winevt\Logs\Microsoft-Windows-Authentication User Interface%4Operational.evtx","   0.07"
"5/04/2021 7:28:18 AM","24/06/2020 4:05:20 PM","5/04/2021 7:28:18 PM","5/04/2021 5:37:01 AM","Microsoft-Windows-BackgroundTaskInfrastructure%4Operational.evtx","24/06/2020 4:05:20 AM","10","5/04/2021 5:37:01 PM","C:\WINDOWS\System32\Winevt\Logs\Microsoft-Windows-BackgroundTaskInfrastructure%4Operational.evtx","   1.00"
"5/04/2021 7:28:18 AM","10/03/2021 10:22:05 AM","5/04/2021 7:28:18 PM","12/03/2021 1:10:33 AM","Microsoft-Windows-Backup.evtx","9/03/2021 9:22:05 PM","1","12/03/2021 2:10:33 PM","C:\WINDOWS\System32\Winevt\Logs\Microsoft-Windows-Backup.evtx","   0.07"
"5/04/2021 7:24:47 AM","24/06/2020 4:03:11 PM","5/04/2021 7:24:47 PM","5/04/2021 7:24:47 AM","Microsoft-Windows-Biometrics%4Operational.evtx","24/06/2020 4:03:11 AM","7","5/04/2021 7:24:47 PM","C:\WINDOWS\System32\Winevt\Logs\Microsoft-Windows-Biometrics%4Operational.evtx","   1.00"
"5/04/2021 7:28:18 AM","24/06/2020 4:03:08 PM","5/04/2021 7:28:18 PM","4/04/2021 12:46:07 AM","Microsoft-Windows-BitLocker%4BitLocker Management.evtx","24/06/2020 4:03:08 AM","10","4/04/2021 12:46:07 PM","C:\WINDOWS\System32\Winevt\Logs\Microsoft-Windows-BitLocker%4BitLocker Management.evtx","   1.00"
"5/04/2021 7:28:18 AM","24/06/2020 4:00:26 PM","5/04/2021 7:28:18 PM","5/04/2021 4:06:05 AM","Microsoft-Windows-Bits-Client%4Operational.evtx","24/06/2020 4:00:26 AM","5","5/04/2021 4:06:05 PM","C:\WINDOWS\System32\Winevt\Logs\Microsoft-Windows-Bits-Client%4Operational.evtx","   1.00"
"5/04/2021 7:28:18 AM","10/03/2021 10:22:05 AM","5/04/2021 7:28:18 PM","12/03/2021 1:10:33 AM","Microsoft-Windows-Bluetooth-BthLEPrepairing%4Operational.evtx","9/03/2021 9:22:05 PM","1","12/03/2021 2:10:33 PM","C:\WINDOWS\System32\Winevt\Logs\Microsoft-Windows-Bluetooth-BthLEPrepairing%4Operational.evtx","   0.07"
"5/04/2021 7:28:18 AM","10/03/2021 10:22:05 AM","5/04/2021 7:28:18 PM","12/03/2021 1:10:33 AM","Microsoft-Windows-Bluetooth-MTPEnum%4Operational.evtx","9/03/2021 9:22:05 PM","1","12/03/2021 2:10:33 PM","C:\WINDOWS\System32\Winevt\Logs\Microsoft-Windows-Bluetooth-MTPEnum%4Operational.evtx","   0.07"
"5/04/2021 7:28:18 AM","10/03/2021 10:22:05 AM","5/04/2021 7:28:18 PM","12/03/2021 1:10:33 AM","Microsoft-Windows-CertificateServicesClient-Lifecycle-System%4Operational.evtx","9/03/2021 9:22:05 PM","1","12/03/2021 2:10:33 PM","C:\WINDOWS\System32\Winevt\Logs\Microsoft-Windows-CertificateServicesClient-Lifecycle-System%4Operational.evtx","   0.07"
"5/04/2021 7:28:18 AM","24/10/2020 8:19:39 AM","5/04/2021 7:28:18 PM","12/11/2020 6:20:42 PM","Microsoft-Windows-CertificateServicesClient-Lifecycle-User%4Operational.evtx","23/10/2020 7:19:39 PM","9","13/11/2020 7:20:42 AM","C:\WINDOWS\System32\Winevt\Logs\Microsoft-Windows-CertificateServicesClient-Lifecycle-User%4Operational.evtx","   0.07"
"5/04/2021 7:28:18 AM","10/03/2021 10:22:05 AM","5/04/2021 7:28:18 PM","12/03/2021 1:10:33 AM","Microsoft-Windows-Cleanmgr%4Diagnostic.evtx","9/03/2021 9:22:05 PM","1","12/03/2021 2:10:33 PM","C:\WINDOWS\System32\Winevt\Logs\Microsoft-Windows-Cleanmgr%4Diagnostic.evtx","   0.07"
"5/04/2021 7:28:18 AM","10/03/2021 10:22:05 AM","5/04/2021 7:28:18 PM","12/03/2021 1:10:33 AM","Microsoft-Windows-CloudStorageWizard%4Operational.evtx","9/03/2021 9:22:05 PM","1","12/03/2021 2:10:33 PM","C:\WINDOWS\System32\Winevt\Logs\Microsoft-Windows-CloudStorageWizard%4Operational.evtx","   0.07"
"5/04/2021 7:28:18 AM","24/06/2020 4:03:11 PM","5/04/2021 7:28:18 PM","4/04/2021 7:39:52 PM","Microsoft-Windows-CloudStore%4Operational.evtx","24/06/2020 4:03:11 AM","9","5/04/2021 7:39:52 AM","C:\WINDOWS\System32\Winevt\Logs\Microsoft-Windows-CloudStore%4Operational.evtx","   1.00"
"5/04/2021 7:28:18 AM","24/06/2020 3:58:52 PM","5/04/2021 7:28:18 PM","3/04/2021 3:18:56 AM","Microsoft-Windows-CodeIntegrity%4Operational.evtx","24/06/2020 3:58:52 AM","10","3/04/2021 4:18:56 PM","C:\WINDOWS\System32\Winevt\Logs\Microsoft-Windows-CodeIntegrity%4Operational.evtx","   0.07"
"5/04/2021 7:28:18 AM","10/03/2021 10:22:05 AM","5/04/2021 7:28:18 PM","12/03/2021 1:10:33 AM","Microsoft-Windows-Compat-Appraiser%4Operational.evtx","9/03/2021 9:22:05 PM","1","12/03/2021 2:10:33 PM","C:\WINDOWS\System32\Winevt\Logs\Microsoft-Windows-Compat-Appraiser%4Operational.evtx","   0.07"
"5/04/2021 7:28:18 AM","24/06/2020 3:58:53 PM","5/04/2021 7:28:18 PM","3/04/2021 3:18:56 AM","Microsoft-Windows-Containers-BindFlt%4Operational.evtx","24/06/2020 3:58:53 AM","10","3/04/2021 4:18:56 PM","C:\WINDOWS\System32\Winevt\Logs\Microsoft-Windows-Containers-BindFlt%4Operational.evtx","   0.07"
"5/04/2021 7:28:18 AM","24/06/2020 3:58:53 PM","5/04/2021 7:28:18 PM","3/04/2021 3:18:56 AM","Microsoft-Windows-Containers-Wcifs%4Operational.evtx","24/06/2020 3:58:53 AM","10","3/04/2021 4:18:56 PM","C:\WINDOWS\System32\Winevt\Logs\Microsoft-Windows-Containers-Wcifs%4Operational.evtx","   0.07"
"5/04/2021 7:28:18 AM","10/03/2021 10:22:04 AM","5/04/2021 7:28:18 PM","12/03/2021 1:10:33 AM","Microsoft-Windows-Containers-Wcnfs%4Operational.evtx","9/03/2021 9:22:04 PM","1","12/03/2021 2:10:33 PM","C:\WINDOWS\System32\Winevt\Logs\Microsoft-Windows-Containers-Wcnfs%4Operational.evtx","   0.07"
"5/04/2021 7:28:18 AM","10/03/2021 10:22:04 AM","5/04/2021 7:28:18 PM","12/03/2021 1:10:33 AM","Microsoft-Windows-CoreApplication%4Operational.evtx","9/03/2021 9:22:04 PM","1","12/03/2021 2:10:33 PM","C:\WINDOWS\System32\Winevt\Logs\Microsoft-Windows-CoreApplication%4Operational.evtx","   0.07"
"5/04/2021 7:28:18 AM","24/06/2020 4:02:23 PM","5/04/2021 7:28:18 PM","3/04/2021 7:33:24 AM","Microsoft-Windows-CoreSystem-SmsRouter-Events%4Operational.evtx","24/06/2020 4:02:23 AM","10","3/04/2021 8:33:24 PM","C:\WINDOWS\System32\Winevt\Logs\Microsoft-Windows-CoreSystem-SmsRouter-Events%4Operational.evtx","   1.00"
"5/04/2021 7:28:18 AM","10/03/2021 10:22:04 AM","5/04/2021 7:28:18 PM","12/03/2021 1:10:33 AM","Microsoft-Windows-CorruptedFileRecovery-Client%4Operational.evtx","9/03/2021 9:22:04 PM","1","12/03/2021 2:10:33 PM","C:\WINDOWS\System32\Winevt\Logs\Microsoft-Windows-CorruptedFileRecovery-Client%4Operational.evtx","   0.07"
"5/04/2021 7:28:18 AM","10/03/2021 10:22:04 AM","5/04/2021 7:28:18 PM","12/03/2021 1:10:33 AM","Microsoft-Windows-CorruptedFileRecovery-Server%4Operational.evtx","9/03/2021 9:22:04 PM","1","12/03/2021 2:10:33 PM","C:\WINDOWS\System32\Winevt\Logs\Microsoft-Windows-CorruptedFileRecovery-Server%4Operational.evtx","   0.07"
"5/04/2021 7:28:18 AM","24/06/2020 4:03:10 PM","5/04/2021 7:28:18 PM","24/06/2020 4:17:44 AM","Microsoft-Windows-Crypto-DPAPI%4BackUpKeySvc.evtx","24/06/2020 4:03:10 AM","1","24/06/2020 4:17:44 PM","C:\WINDOWS\System32\Winevt\Logs\Microsoft-Windows-Crypto-DPAPI%4BackUpKeySvc.evtx","   0.07"
"5/04/2021 7:24:47 AM","24/06/2020 4:03:10 PM","5/04/2021 7:24:47 PM","5/04/2021 7:24:47 AM","Microsoft-Windows-Crypto-DPAPI%4Operational.evtx","24/06/2020 4:03:10 AM","8","5/04/2021 7:24:47 PM","C:\WINDOWS\System32\Winevt\Logs\Microsoft-Windows-Crypto-DPAPI%4Operational.evtx","   1.00"
"5/04/2021 7:28:18 AM","24/06/2020 4:07:46 PM","5/04/2021 7:28:18 PM","4/04/2021 7:39:52 PM","Microsoft-Windows-Crypto-NCrypt%4Operational.evtx","24/06/2020 4:07:46 AM","8","5/04/2021 7:39:52 AM","C:\WINDOWS\System32\Winevt\Logs\Microsoft-Windows-Crypto-NCrypt%4Operational.evtx","   1.00"
"5/04/2021 7:28:19 AM","10/03/2021 10:22:04 AM","5/04/2021 7:28:19 PM","12/03/2021 1:10:33 AM","Microsoft-Windows-DAL-Provider%4Operational.evtx","9/03/2021 9:22:04 PM","1","12/03/2021 2:10:33 PM","C:\WINDOWS\System32\Winevt\Logs\Microsoft-Windows-DAL-Provider%4Operational.evtx","   0.07"
"5/04/2021 7:28:19 AM","10/03/2021 10:22:04 AM","5/04/2021 7:28:19 PM","12/03/2021 1:10:33 AM","Microsoft-Windows-DataIntegrityScan%4Admin.evtx","9/03/2021 9:22:04 PM","1","12/03/2021 2:10:33 PM","C:\WINDOWS\System32\Winevt\Logs\Microsoft-Windows-DataIntegrityScan%4Admin.evtx","   0.07"
"5/04/2021 7:28:19 AM","10/03/2021 10:22:04 AM","5/04/2021 7:28:19 PM","12/03/2021 1:10:33 AM","Microsoft-Windows-DataIntegrityScan%4CrashRecovery.evtx","9/03/2021 9:22:04 PM","1","12/03/2021 2:10:33 PM","C:\WINDOWS\System32\Winevt\Logs\Microsoft-Windows-DataIntegrityScan%4CrashRecovery.evtx","   0.07"
"5/04/2021 7:28:19 AM","10/03/2021 10:22:04 AM","5/04/2021 7:28:19 PM","12/03/2021 1:10:33 AM","Microsoft-Windows-DateTimeControlPanel%4Operational.evtx","9/03/2021 9:22:04 PM","1","12/03/2021 2:10:33 PM","C:\WINDOWS\System32\Winevt\Logs\Microsoft-Windows-DateTimeControlPanel%4Operational.evtx","   0.07"
"5/04/2021 7:28:19 AM","10/03/2021 10:22:04 AM","5/04/2021 7:28:19 PM","12/03/2021 1:10:33 AM","Microsoft-Windows-DeviceGuard%4Operational.evtx","9/03/2021 9:22:04 PM","1","12/03/2021 2:10:33 PM","C:\WINDOWS\System32\Winevt\Logs\Microsoft-Windows-DeviceGuard%4Operational.evtx","   0.07"
"5/04/2021 7:28:19 AM","24/06/2020 4:02:23 PM","5/04/2021 7:28:19 PM","4/04/2021 7:39:52 PM","Microsoft-Windows-DeviceManagement-Enterprise-Diagnostics-Provider%4Admin.evtx","24/06/2020 4:02:23 AM","10","5/04/2021 7:39:52 AM","C:\WINDOWS\System32\Winevt\Logs\Microsoft-Windows-DeviceManagement-Enterprise-Diagnostics-Provider%4Admin.evtx","   1.00"
"5/04/2021 7:28:19 AM","24/06/2020 4:02:23 PM","5/04/2021 7:28:19 PM","3/04/2021 7:28:24 AM","Microsoft-Windows-DeviceManagement-Enterprise-Diagnostics-Provider%4Operational.evtx","24/06/2020 4:02:23 AM","9","3/04/2021 8:28:24 PM","C:\WINDOWS\System32\Winevt\Logs\Microsoft-Windows-DeviceManagement-Enterprise-Diagnostics-Provider%4Operational.evtx","   1.00"
"5/04/2021 7:28:19 AM","10/03/2021 10:22:04 AM","5/04/2021 7:28:19 PM","12/03/2021 1:10:33 AM","Microsoft-Windows-Devices-Background%4Operational.evtx","9/03/2021 9:22:04 PM","1","12/03/2021 2:10:33 PM","C:\WINDOWS\System32\Winevt\Logs\Microsoft-Windows-Devices-Background%4Operational.evtx","   0.07"
"5/04/2021 7:28:19 AM","24/06/2020 3:58:53 PM","5/04/2021 7:28:19 PM","4/04/2021 9:35:10 PM","Microsoft-Windows-DeviceSetupManager%4Admin.evtx","24/06/2020 3:58:53 AM","9","5/04/2021 9:35:10 AM","C:\WINDOWS\System32\Winevt\Logs\Microsoft-Windows-DeviceSetupManager%4Admin.evtx","   1.00"
"5/04/2021 7:28:19 AM","24/06/2020 3:58:53 PM","5/04/2021 7:28:19 PM","4/04/2021 9:35:10 PM","Microsoft-Windows-DeviceSetupManager%4Operational.evtx","24/06/2020 3:58:53 AM","10","5/04/2021 9:35:10 AM","C:\WINDOWS\System32\Winevt\Logs\Microsoft-Windows-DeviceSetupManager%4Operational.evtx","   1.00"
"5/04/2021 7:28:19 AM","10/03/2021 10:22:04 AM","5/04/2021 7:28:19 PM","12/03/2021 1:10:33 AM","Microsoft-Windows-DeviceSync%4Operational.evtx","9/03/2021 9:22:04 PM","1","12/03/2021 2:10:33 PM","C:\WINDOWS\System32\Winevt\Logs\Microsoft-Windows-DeviceSync%4Operational.evtx","   0.07"
"5/04/2021 7:28:19 AM","10/03/2021 10:22:04 AM","5/04/2021 7:28:19 PM","12/03/2021 1:10:33 AM","Microsoft-Windows-DeviceUpdateAgent%4Operational.evtx","9/03/2021 9:22:04 PM","1","12/03/2021 2:10:33 PM","C:\WINDOWS\System32\Winevt\Logs\Microsoft-Windows-DeviceUpdateAgent%4Operational.evtx","   0.07"
"5/04/2021 7:28:19 AM","24/06/2020 3:58:52 PM","5/04/2021 7:28:19 PM","4/04/2021 10:43:50 PM","Microsoft-Windows-Dhcp-Client%4Admin.evtx","24/06/2020 3:58:52 AM","9","5/04/2021 10:43:50 AM","C:\WINDOWS\System32\Winevt\Logs\Microsoft-Windows-Dhcp-Client%4Admin.evtx","   1.00"
"5/04/2021 7:28:19 AM","24/06/2020 3:58:52 PM","5/04/2021 7:28:19 PM","4/04/2021 10:38:50 PM","Microsoft-Windows-Dhcpv6-Client%4Admin.evtx","24/06/2020 3:58:52 AM","8","5/04/2021 10:38:50 AM","C:\WINDOWS\System32\Winevt\Logs\Microsoft-Windows-Dhcpv6-Client%4Admin.evtx","   1.00"
"5/04/2021 7:28:19 AM","24/06/2020 4:04:43 PM","5/04/2021 7:28:19 PM","4/04/2021 7:39:52 PM","Microsoft-Windows-Diagnosis-DPS%4Operational.evtx","24/06/2020 4:04:43 AM","8","5/04/2021 7:39:52 AM","C:\WINDOWS\System32\Winevt\Logs\Microsoft-Windows-Diagnosis-DPS%4Operational.evtx","   1.00"
"5/04/2021 7:28:19 AM","3/07/2020 10:02:23 PM","5/04/2021 7:28:19 PM","4/04/2021 7:39:52 PM","Microsoft-Windows-Diagnosis-PCW%4Operational.evtx","3/07/2020 10:02:23 AM","4","5/04/2021 7:39:52 AM","C:\WINDOWS\System32\Winevt\Logs\Microsoft-Windows-Diagnosis-PCW%4Operational.evtx","   1.00"
"5/04/2021 7:28:19 AM","10/03/2021 10:22:04 AM","5/04/2021 7:28:19 PM","12/03/2021 1:10:33 AM","Microsoft-Windows-Diagnosis-PLA%4Operational.evtx","9/03/2021 9:22:04 PM","1","12/03/2021 2:10:33 PM","C:\WINDOWS\System32\Winevt\Logs\Microsoft-Windows-Diagnosis-PLA%4Operational.evtx","   0.07"
"5/04/2021 7:28:19 AM","24/06/2020 4:06:45 PM","5/04/2021 7:28:19 PM","3/04/2021 3:11:11 AM","Microsoft-Windows-Diagnosis-Scheduled%4Operational.evtx","24/06/2020 4:06:45 AM","10","3/04/2021 4:11:11 PM","C:\WINDOWS\System32\Winevt\Logs\Microsoft-Windows-Diagnosis-Scheduled%4Operational.evtx","   1.00"
"5/04/2021 7:28:19 AM","1/07/2020 5:21:31 PM","5/04/2021 7:28:19 PM","3/04/2021 3:11:11 AM","Microsoft-Windows-Diagnosis-Scripted%4Admin.evtx","1/07/2020 5:21:31 AM","10","3/04/2021 4:11:11 PM","C:\WINDOWS\System32\Winevt\Logs\Microsoft-Windows-Diagnosis-Scripted%4Admin.evtx","   0.07"
"5/04/2021 7:28:19 AM","1/07/2020 5:21:31 PM","5/04/2021 7:28:19 PM","3/04/2021 3:11:11 AM","Microsoft-Windows-Diagnosis-Scripted%4Operational.evtx","1/07/2020 5:21:31 AM","10","3/04/2021 4:11:11 PM","C:\WINDOWS\System32\Winevt\Logs\Microsoft-Windows-Diagnosis-Scripted%4Operational.evtx","   1.00"
"5/04/2021 7:28:19 AM","7/07/2020 9:09:08 PM","5/04/2021 7:28:19 PM","11/02/2021 8:57:14 AM","Microsoft-Windows-Diagnosis-ScriptedDiagnosticsProvider%4Operational.evtx","7/07/2020 9:09:08 AM","10","11/02/2021 9:57:14 PM","C:\WINDOWS\System32\Winevt\Logs\Microsoft-Windows-Diagnosis-ScriptedDiagnosticsProvider%4Operational.evtx","   0.07"
"5/04/2021 7:28:19 AM","27/11/2020 11:07:50 PM","5/04/2021 7:28:19 PM","27/11/2020 8:15:22 PM","Microsoft-Windows-Diagnostics-Networking%4Operational.evtx","27/11/2020 10:07:50 AM","9","28/11/2020 9:15:22 AM","C:\WINDOWS\System32\Winevt\Logs\Microsoft-Windows-Diagnostics-Networking%4Operational.evtx","   0.07"
"5/04/2021 7:28:19 AM","24/06/2020 4:00:56 PM","5/04/2021 7:28:19 PM","3/03/2021 8:49:30 AM","Microsoft-Windows-Diagnostics-Performance%4Operational.evtx","24/06/2020 4:00:56 AM","10","3/03/2021 9:49:30 PM","C:\WINDOWS\System32\Winevt\Logs\Microsoft-Windows-Diagnostics-Performance%4Operational.evtx","   1.00"
"5/04/2021 7:28:19 AM","10/03/2021 10:22:04 AM","5/04/2021 7:28:19 PM","12/03/2021 1:10:33 AM","Microsoft-Windows-DiskDiagnostic%4Operational.evtx","9/03/2021 9:22:04 PM","1","12/03/2021 2:10:33 PM","C:\WINDOWS\System32\Winevt\Logs\Microsoft-Windows-DiskDiagnostic%4Operational.evtx","   0.07"
"5/04/2021 7:28:19 AM","8/07/2020 9:17:25 PM","5/04/2021 7:28:19 PM","14/07/2020 8:30:09 AM","Microsoft-Windows-DiskDiagnosticDataCollector%4Operational.evtx","8/07/2020 9:17:25 AM","1","14/07/2020 8:30:09 PM","C:\WINDOWS\System32\Winevt\Logs\Microsoft-Windows-DiskDiagnosticDataCollector%4Operational.evtx","   0.07"
"5/04/2021 7:28:19 AM","10/03/2021 10:22:04 AM","5/04/2021 7:28:19 PM","12/03/2021 1:10:33 AM","Microsoft-Windows-DiskDiagnosticResolver%4Operational.evtx","9/03/2021 9:22:04 PM","1","12/03/2021 2:10:33 PM","C:\WINDOWS\System32\Winevt\Logs\Microsoft-Windows-DiskDiagnosticResolver%4Operational.evtx","   0.07"
"5/04/2021 7:28:19 AM","10/03/2021 10:22:04 AM","5/04/2021 7:28:19 PM","12/03/2021 1:10:33 AM","Microsoft-Windows-DSC%4Admin.evtx","9/03/2021 9:22:04 PM","1","12/03/2021 2:10:33 PM","C:\WINDOWS\System32\Winevt\Logs\Microsoft-Windows-DSC%4Admin.evtx","   0.07"
"5/04/2021 7:28:19 AM","10/03/2021 10:22:04 AM","5/04/2021 7:28:19 PM","12/03/2021 1:10:33 AM","Microsoft-Windows-DSC%4Operational.evtx","9/03/2021 9:22:04 PM","1","12/03/2021 2:10:33 PM","C:\WINDOWS\System32\Winevt\Logs\Microsoft-Windows-DSC%4Operational.evtx","   0.07"
"5/04/2021 7:28:19 AM","10/03/2021 10:22:04 AM","5/04/2021 7:28:19 PM","12/03/2021 1:10:33 AM","Microsoft-Windows-DxgKrnl-Admin.evtx","9/03/2021 9:22:04 PM","1","12/03/2021 2:10:33 PM","C:\WINDOWS\System32\Winevt\Logs\Microsoft-Windows-DxgKrnl-Admin.evtx","   0.07"
"5/04/2021 7:28:19 AM","10/03/2021 10:22:04 AM","5/04/2021 7:28:19 PM","12/03/2021 1:10:33 AM","Microsoft-Windows-DxgKrnl-Operational.evtx","9/03/2021 9:22:04 PM","1","12/03/2021 2:10:33 PM","C:\WINDOWS\System32\Winevt\Logs\Microsoft-Windows-DxgKrnl-Operational.evtx","   0.07"
"5/04/2021 7:28:19 AM","10/03/2021 10:22:04 AM","5/04/2021 7:28:19 PM","12/03/2021 1:10:33 AM","Microsoft-Windows-EapHost%4Operational.evtx","9/03/2021 9:22:04 PM","1","12/03/2021 2:10:33 PM","C:\WINDOWS\System32\Winevt\Logs\Microsoft-Windows-EapHost%4Operational.evtx","   0.07"
"5/04/2021 7:28:19 AM","10/03/2021 10:22:04 AM","5/04/2021 7:28:19 PM","12/03/2021 1:10:33 AM","Microsoft-Windows-EapMethods-RasChap%4Operational.evtx","9/03/2021 9:22:04 PM","1","12/03/2021 2:10:33 PM","C:\WINDOWS\System32\Winevt\Logs\Microsoft-Windows-EapMethods-RasChap%4Operational.evtx","   0.07"
"5/04/2021 7:28:19 AM","10/03/2021 10:22:04 AM","5/04/2021 7:28:19 PM","12/03/2021 1:10:33 AM","Microsoft-Windows-EapMethods-RasTls%4Operational.evtx","9/03/2021 9:22:04 PM","1","12/03/2021 2:10:33 PM","C:\WINDOWS\System32\Winevt\Logs\Microsoft-Windows-EapMethods-RasTls%4Operational.evtx","   0.07"
"5/04/2021 7:28:19 AM","10/03/2021 10:22:04 AM","5/04/2021 7:28:19 PM","12/03/2021 1:10:33 AM","Microsoft-Windows-EapMethods-Sim%4Operational.evtx","9/03/2021 9:22:04 PM","1","12/03/2021 2:10:33 PM","C:\WINDOWS\System32\Winevt\Logs\Microsoft-Windows-EapMethods-Sim%4Operational.evtx","   0.07"
"5/04/2021 7:28:19 AM","10/03/2021 10:22:04 AM","5/04/2021 7:28:19 PM","12/03/2021 1:10:33 AM","Microsoft-Windows-EapMethods-Ttls%4Operational.evtx","9/03/2021 9:22:04 PM","1","12/03/2021 2:10:33 PM","C:\WINDOWS\System32\Winevt\Logs\Microsoft-Windows-EapMethods-Ttls%4Operational.evtx","   0.07"
"5/04/2021 7:28:19 AM","10/03/2021 10:22:04 AM","5/04/2021 7:28:19 PM","12/03/2021 1:10:33 AM","Microsoft-Windows-EDP-Application-Learning%4Admin.evtx","9/03/2021 9:22:04 PM","1","12/03/2021 2:10:33 PM","C:\WINDOWS\System32\Winevt\Logs\Microsoft-Windows-EDP-Application-Learning%4Admin.evtx","   0.07"
"5/04/2021 7:28:19 AM","10/03/2021 10:22:04 AM","5/04/2021 7:28:19 PM","12/03/2021 1:10:33 AM","Microsoft-Windows-EDP-Audit-Regular%4Admin.evtx","9/03/2021 9:22:04 PM","1","12/03/2021 2:10:33 PM","C:\WINDOWS\System32\Winevt\Logs\Microsoft-Windows-EDP-Audit-Regular%4Admin.evtx","   0.07"
"5/04/2021 7:28:19 AM","10/03/2021 10:22:04 AM","5/04/2021 7:28:19 PM","12/03/2021 1:10:33 AM","Microsoft-Windows-EDP-Audit-TCB%4Admin.evtx","9/03/2021 9:22:04 PM","1","12/03/2021 2:10:33 PM","C:\WINDOWS\System32\Winevt\Logs\Microsoft-Windows-EDP-Audit-TCB%4Admin.evtx","   0.07"
"5/04/2021 7:28:19 AM","10/03/2021 10:22:04 AM","5/04/2021 7:28:19 PM","12/03/2021 1:10:33 AM","Microsoft-Windows-EventCollector%4Operational.evtx","9/03/2021 9:22:04 PM","1","12/03/2021 2:10:33 PM","C:\WINDOWS\System32\Winevt\Logs\Microsoft-Windows-EventCollector%4Operational.evtx","   0.07"
"5/04/2021 7:28:19 AM","19/07/2020 12:21:35 AM","5/04/2021 7:28:19 PM","3/04/2021 3:58:03 AM","Microsoft-Windows-Fault-Tolerant-Heap%4Operational.evtx","18/07/2020 12:21:35 PM","10","3/04/2021 4:58:03 PM","C:\WINDOWS\System32\Winevt\Logs\Microsoft-Windows-Fault-Tolerant-Heap%4Operational.evtx","   0.07"
"5/04/2021 7:28:19 AM","10/03/2021 10:22:04 AM","5/04/2021 7:28:19 PM","12/03/2021 1:10:33 AM","Microsoft-Windows-FeatureConfiguration%4Operational.evtx","9/03/2021 9:22:04 PM","1","12/03/2021 2:10:33 PM","C:\WINDOWS\System32\Winevt\Logs\Microsoft-Windows-FeatureConfiguration%4Operational.evtx","   0.07"
"5/04/2021 7:28:19 AM","24/06/2020 4:06:45 PM","5/04/2021 7:28:19 PM","24/06/2020 4:17:44 AM","Microsoft-Windows-FileHistory-Core%4WHC.evtx","24/06/2020 4:06:45 AM","1","24/06/2020 4:17:44 PM","C:\WINDOWS\System32\Winevt\Logs\Microsoft-Windows-FileHistory-Core%4WHC.evtx","   0.07"
"5/04/2021 7:28:19 AM","10/03/2021 10:22:04 AM","5/04/2021 7:28:19 PM","12/03/2021 1:10:33 AM","Microsoft-Windows-FileHistory-Engine%4BackupLog.evtx","9/03/2021 9:22:04 PM","1","12/03/2021 2:10:33 PM","C:\WINDOWS\System32\Winevt\Logs\Microsoft-Windows-FileHistory-Engine%4BackupLog.evtx","   0.07"
"5/04/2021 7:28:19 AM","10/03/2021 10:22:04 AM","5/04/2021 7:28:19 PM","12/03/2021 1:10:33 AM","Microsoft-Windows-FMS%4Operational.evtx","9/03/2021 9:22:04 PM","1","12/03/2021 2:10:33 PM","C:\WINDOWS\System32\Winevt\Logs\Microsoft-Windows-FMS%4Operational.evtx","   0.07"
"5/04/2021 7:28:19 AM","10/03/2021 10:22:04 AM","5/04/2021 7:28:19 PM","12/03/2021 1:10:33 AM","Microsoft-Windows-Folder Redirection%4Operational.evtx","9/03/2021 9:22:04 PM","1","12/03/2021 2:10:33 PM","C:\WINDOWS\System32\Winevt\Logs\Microsoft-Windows-Folder Redirection%4Operational.evtx","   0.07"
"5/04/2021 7:28:19 AM","10/03/2021 10:22:04 AM","5/04/2021 7:28:19 PM","12/03/2021 1:10:33 AM","Microsoft-Windows-Forwarding%4Operational.evtx","9/03/2021 9:22:04 PM","1","12/03/2021 2:10:33 PM","C:\WINDOWS\System32\Winevt\Logs\Microsoft-Windows-Forwarding%4Operational.evtx","   0.07"
"5/04/2021 7:28:19 AM","24/06/2020 4:08:43 PM","5/04/2021 7:28:19 PM","24/06/2020 4:17:44 AM","Microsoft-Windows-GenericRoaming%4Admin.evtx","24/06/2020 4:08:43 AM","10","24/06/2020 4:17:44 PM","C:\WINDOWS\System32\Winevt\Logs\Microsoft-Windows-GenericRoaming%4Admin.evtx","   0.07"
"5/04/2021 7:28:19 AM","24/06/2020 3:58:53 PM","5/04/2021 7:28:19 PM","5/04/2021 5:42:01 AM","Microsoft-Windows-GroupPolicy%4Operational.evtx","24/06/2020 3:58:53 AM","8","5/04/2021 5:42:01 PM","C:\WINDOWS\System32\Winevt\Logs\Microsoft-Windows-GroupPolicy%4Operational.evtx","   4.00"
"5/04/2021 7:24:47 AM","24/06/2020 4:01:36 PM","5/04/2021 7:24:47 PM","5/04/2021 7:24:47 AM","Microsoft-Windows-HelloForBusiness%4Operational.evtx","24/06/2020 4:01:36 AM","9","5/04/2021 7:24:47 PM","C:\WINDOWS\System32\Winevt\Logs\Microsoft-Windows-HelloForBusiness%4Operational.evtx","   1.00"
"5/04/2021 7:28:19 AM","10/03/2021 10:22:04 AM","5/04/2021 7:28:19 PM","12/03/2021 1:10:33 AM","Microsoft-Windows-Help%4Operational.evtx","9/03/2021 9:22:04 PM","1","12/03/2021 2:10:33 PM","C:\WINDOWS\System32\Winevt\Logs\Microsoft-Windows-Help%4Operational.evtx","   0.07"
"5/04/2021 7:28:19 AM","10/03/2021 10:22:04 AM","5/04/2021 7:28:19 PM","12/03/2021 1:10:33 AM","Microsoft-Windows-HomeGroup Control Panel%4Operational.evtx","9/03/2021 9:22:04 PM","1","12/03/2021 2:10:33 PM","C:\WINDOWS\System32\Winevt\Logs\Microsoft-Windows-HomeGroup Control Panel%4Operational.evtx","   0.07"
"5/04/2021 7:28:19 AM","10/03/2021 10:22:04 AM","5/04/2021 7:28:19 PM","12/03/2021 1:10:33 AM","Microsoft-Windows-HomeGroup Listener Service%4Operational.evtx","9/03/2021 9:22:04 PM","1","12/03/2021 2:10:33 PM","C:\WINDOWS\System32\Winevt\Logs\Microsoft-Windows-HomeGroup Listener Service%4Operational.evtx","   0.07"
"5/04/2021 7:28:19 AM","10/03/2021 10:22:04 AM","5/04/2021 7:28:19 PM","12/03/2021 1:10:33 AM","Microsoft-Windows-HomeGroup Provider Service%4Operational.evtx","9/03/2021 9:22:04 PM","1","12/03/2021 2:10:33 PM","C:\WINDOWS\System32\Winevt\Logs\Microsoft-Windows-HomeGroup Provider Service%4Operational.evtx","   0.07"
"5/04/2021 7:28:19 AM","24/06/2020 3:58:52 PM","5/04/2021 7:28:19 PM","24/06/2020 4:17:44 AM","Microsoft-Windows-HotspotAuth%4Operational.evtx","24/06/2020 3:58:52 AM","1","24/06/2020 4:17:44 PM","C:\WINDOWS\System32\Winevt\Logs\Microsoft-Windows-HotspotAuth%4Operational.evtx","   0.07"
"5/04/2021 7:28:19 AM","10/03/2021 10:22:04 AM","5/04/2021 7:28:19 PM","12/03/2021 1:10:33 AM","Microsoft-Windows-Hyper-V-Guest-Drivers%4Admin.evtx","9/03/2021 9:22:04 PM","1","12/03/2021 2:10:33 PM","C:\WINDOWS\System32\Winevt\Logs\Microsoft-Windows-Hyper-V-Guest-Drivers%4Admin.evtx","   0.07"
"5/04/2021 7:28:19 AM","10/03/2021 10:22:04 AM","5/04/2021 7:28:19 PM","12/03/2021 1:10:33 AM","Microsoft-Windows-Hyper-V-Hypervisor-Admin.evtx","9/03/2021 9:22:04 PM","1","12/03/2021 2:10:33 PM","C:\WINDOWS\System32\Winevt\Logs\Microsoft-Windows-Hyper-V-Hypervisor-Admin.evtx","   0.07"
"5/04/2021 7:28:19 AM","10/03/2021 10:22:04 AM","5/04/2021 7:28:19 PM","12/03/2021 1:10:33 AM","Microsoft-Windows-Hyper-V-Hypervisor-Operational.evtx","9/03/2021 9:22:04 PM","1","12/03/2021 2:10:33 PM","C:\WINDOWS\System32\Winevt\Logs\Microsoft-Windows-Hyper-V-Hypervisor-Operational.evtx","   0.07"
"5/04/2021 7:28:19 AM","10/03/2021 10:22:04 AM","5/04/2021 7:28:19 PM","12/03/2021 1:10:33 AM","Microsoft-Windows-Hyper-V-VID-Admin.evtx","9/03/2021 9:22:04 PM","1","12/03/2021 2:10:33 PM","C:\WINDOWS\System32\Winevt\Logs\Microsoft-Windows-Hyper-V-VID-Admin.evtx","   0.07"
"5/04/2021 7:28:19 AM","10/03/2021 10:22:04 AM","5/04/2021 7:28:19 PM","12/03/2021 1:10:33 AM","Microsoft-Windows-IdCtrls%4Operational.evtx","9/03/2021 9:22:04 PM","1","12/03/2021 2:10:33 PM","C:\WINDOWS\System32\Winevt\Logs\Microsoft-Windows-IdCtrls%4Operational.evtx","   0.07"
"5/04/2021 7:28:19 AM","25/06/2020 1:43:38 PM","5/04/2021 7:28:19 PM","25/06/2020 7:26:21 AM","Microsoft-Windows-IKE%4Operational.evtx","25/06/2020 1:43:38 AM","1","25/06/2020 7:26:21 PM","C:\WINDOWS\System32\Winevt\Logs\Microsoft-Windows-IKE%4Operational.evtx","   0.07"
"5/04/2021 7:28:19 AM","10/03/2021 10:22:04 AM","5/04/2021 7:28:19 PM","12/03/2021 1:10:33 AM","Microsoft-Windows-International%4Operational.evtx","9/03/2021 9:22:04 PM","1","12/03/2021 2:10:33 PM","C:\WINDOWS\System32\Winevt\Logs\Microsoft-Windows-International%4Operational.evtx","   0.07"
"5/04/2021 7:28:19 AM","10/03/2021 10:22:04 AM","5/04/2021 7:28:19 PM","12/03/2021 1:10:33 AM","Microsoft-Windows-International-RegionalOptionsControlPanel%4Operational.evtx","9/03/2021 9:22:04 PM","1","12/03/2021 2:10:33 PM","C:\WINDOWS\System32\Winevt\Logs\Microsoft-Windows-International-RegionalOptionsControlPanel%4Operational.evtx","   0.07"
"5/04/2021 7:28:19 AM","10/03/2021 10:22:04 AM","5/04/2021 7:28:19 PM","12/03/2021 1:10:33 AM","Microsoft-Windows-Iphlpsvc%4Operational.evtx","9/03/2021 9:22:04 PM","1","12/03/2021 2:10:33 PM","C:\WINDOWS\System32\Winevt\Logs\Microsoft-Windows-Iphlpsvc%4Operational.evtx","   0.07"
"5/04/2021 7:28:19 AM","10/03/2021 10:22:04 AM","5/04/2021 7:28:19 PM","12/03/2021 1:10:33 AM","Microsoft-Windows-IPxlatCfg%4Operational.evtx","9/03/2021 9:22:04 PM","1","12/03/2021 2:10:33 PM","C:\WINDOWS\System32\Winevt\Logs\Microsoft-Windows-IPxlatCfg%4Operational.evtx","   0.07"
"5/04/2021 7:28:19 AM","10/03/2021 10:22:04 AM","5/04/2021 7:28:19 PM","12/03/2021 1:10:33 AM","Microsoft-Windows-KdsSvc%4Operational.evtx","9/03/2021 9:22:04 PM","1","12/03/2021 2:10:33 PM","C:\WINDOWS\System32\Winevt\Logs\Microsoft-Windows-KdsSvc%4Operational.evtx","   0.07"
"5/04/2021 7:28:19 AM","10/03/2021 10:22:04 AM","5/04/2021 7:28:19 PM","12/03/2021 1:10:33 AM","Microsoft-Windows-Kernel-ApphelpCache%4Operational.evtx","9/03/2021 9:22:04 PM","1","12/03/2021 2:10:33 PM","C:\WINDOWS\System32\Winevt\Logs\Microsoft-Windows-Kernel-ApphelpCache%4Operational.evtx","   0.07"
"5/04/2021 7:28:19 AM","24/06/2020 3:58:52 PM","5/04/2021 7:28:19 PM","12/03/2021 1:10:33 AM","Microsoft-Windows-Kernel-Boot%4Operational.evtx","24/06/2020 3:58:52 AM","9","12/03/2021 2:10:33 PM","C:\WINDOWS\System32\Winevt\Logs\Microsoft-Windows-Kernel-Boot%4Operational.evtx","   0.07"
"5/04/2021 7:28:19 AM","24/06/2020 3:58:52 PM","5/04/2021 7:28:19 PM","4/04/2021 8:08:44 PM","Microsoft-Windows-Kernel-EventTracing%4Admin.evtx","24/06/2020 3:58:52 AM","10","5/04/2021 8:08:44 AM","C:\WINDOWS\System32\Winevt\Logs\Microsoft-Windows-Kernel-EventTracing%4Admin.evtx","   1.00"
"5/04/2021 7:28:19 AM","10/03/2021 10:22:04 AM","5/04/2021 7:28:19 PM","12/03/2021 1:10:33 AM","Microsoft-Windows-Kernel-IO%4Operational.evtx","9/03/2021 9:22:04 PM","1","12/03/2021 2:10:33 PM","C:\WINDOWS\System32\Winevt\Logs\Microsoft-Windows-Kernel-IO%4Operational.evtx","   0.07"
"5/04/2021 7:28:19 AM","31/07/2020 8:31:49 AM","5/04/2021 7:28:19 PM","4/04/2021 7:39:52 PM","Microsoft-Windows-Kernel-LiveDump%4Operational.evtx","30/07/2020 8:31:49 PM","9","5/04/2021 7:39:52 AM","C:\WINDOWS\System32\Winevt\Logs\Microsoft-Windows-Kernel-LiveDump%4Operational.evtx","   1.00"
"5/04/2021 7:28:19 AM","24/06/2020 3:58:52 PM","5/04/2021 7:28:19 PM","4/04/2021 9:35:10 PM","Microsoft-Windows-Kernel-PnP%4Configuration.evtx","24/06/2020 3:58:52 AM","10","5/04/2021 9:35:10 AM","C:\WINDOWS\System32\Winevt\Logs\Microsoft-Windows-Kernel-PnP%4Configuration.evtx","   1.00"
"5/04/2021 7:28:19 AM","24/06/2020 3:58:52 PM","5/04/2021 7:28:19 PM","3/04/2021 3:11:11 AM","Microsoft-Windows-Kernel-PnP%4Driver Watchdog.evtx","24/06/2020 3:58:52 AM","10","3/04/2021 4:11:11 PM","C:\WINDOWS\System32\Winevt\Logs\Microsoft-Windows-Kernel-PnP%4Driver Watchdog.evtx","   0.07"
"5/04/2021 7:28:19 AM","24/06/2020 3:58:52 PM","5/04/2021 7:28:19 PM","24/06/2020 4:17:44 AM","Microsoft-Windows-Kernel-Power%4Thermal-Operational.evtx","24/06/2020 3:58:52 AM","1","24/06/2020 4:17:44 PM","C:\WINDOWS\System32\Winevt\Logs\Microsoft-Windows-Kernel-Power%4Thermal-Operational.evtx","   0.07"
"5/04/2021 7:28:19 AM","24/06/2020 3:58:52 PM","5/04/2021 7:28:19 PM","3/04/2021 3:18:56 AM","Microsoft-Windows-Kernel-ShimEngine%4Operational.evtx","24/06/2020 3:58:52 AM","10","3/04/2021 4:18:56 PM","C:\WINDOWS\System32\Winevt\Logs\Microsoft-Windows-Kernel-ShimEngine%4Operational.evtx","   1.00"
"5/04/2021 7:28:19 AM","24/06/2020 4:03:05 PM","5/04/2021 7:28:19 PM","24/06/2020 4:17:44 AM","Microsoft-Windows-Kernel-StoreMgr%4Operational.evtx","24/06/2020 4:03:05 AM","1","24/06/2020 4:17:44 PM","C:\WINDOWS\System32\Winevt\Logs\Microsoft-Windows-Kernel-StoreMgr%4Operational.evtx","   0.07"
"5/04/2021 7:28:19 AM","10/03/2021 10:22:04 AM","5/04/2021 7:28:19 PM","12/03/2021 1:10:33 AM","Microsoft-Windows-Kernel-WDI%4Operational.evtx","9/03/2021 9:22:04 PM","1","12/03/2021 2:10:33 PM","C:\WINDOWS\System32\Winevt\Logs\Microsoft-Windows-Kernel-WDI%4Operational.evtx","   0.07"
"5/04/2021 7:28:19 AM","24/06/2020 3:58:52 PM","5/04/2021 7:28:19 PM","24/06/2020 4:17:44 AM","Microsoft-Windows-Kernel-WHEA%4Errors.evtx","24/06/2020 3:58:52 AM","1","24/06/2020 4:17:44 PM","C:\WINDOWS\System32\Winevt\Logs\Microsoft-Windows-Kernel-WHEA%4Errors.evtx","   0.07"
"5/04/2021 7:28:19 AM","24/06/2020 3:58:52 PM","5/04/2021 7:28:19 PM","3/04/2021 3:18:56 AM","Microsoft-Windows-Kernel-WHEA%4Operational.evtx","24/06/2020 3:58:52 AM","10","3/04/2021 4:18:56 PM","C:\WINDOWS\System32\Winevt\Logs\Microsoft-Windows-Kernel-WHEA%4Operational.evtx","   2.07"
"5/04/2021 7:28:19 AM","24/06/2020 3:58:52 PM","5/04/2021 7:28:19 PM","4/04/2021 7:39:52 PM","Microsoft-Windows-Known Folders API Service.evtx","24/06/2020 3:58:52 AM","10","5/04/2021 7:39:52 AM","C:\WINDOWS\System32\Winevt\Logs\Microsoft-Windows-Known Folders API Service.evtx","   1.00"
"5/04/2021 7:28:19 AM","27/06/2020 9:05:04 PM","5/04/2021 7:28:19 PM","5/04/2021 5:42:01 AM","Microsoft-Windows-LanguagePackSetup%4Operational.evtx","27/06/2020 9:05:04 AM","10","5/04/2021 5:42:01 PM","C:\WINDOWS\System32\Winevt\Logs\Microsoft-Windows-LanguagePackSetup%4Operational.evtx","   1.00"
"5/04/2021 7:28:19 AM","24/06/2020 3:58:59 PM","5/04/2021 7:28:19 PM","5/04/2021 5:42:01 AM","Microsoft-Windows-LiveId%4Operational.evtx","24/06/2020 3:58:59 AM","2","5/04/2021 5:42:01 PM","C:\WINDOWS\System32\Winevt\Logs\Microsoft-Windows-LiveId%4Operational.evtx","   1.00"
"5/04/2021 7:28:19 AM","10/03/2021 10:22:04 AM","5/04/2021 7:28:19 PM","12/03/2021 1:10:33 AM","Microsoft-Windows-MemoryDiagnostics-Results%4Debug.evtx","9/03/2021 9:22:04 PM","1","12/03/2021 2:10:33 PM","C:\WINDOWS\System32\Winevt\Logs\Microsoft-Windows-MemoryDiagnostics-Results%4Debug.evtx","   0.07"
"5/04/2021 7:28:19 AM","10/03/2021 10:22:04 AM","5/04/2021 7:28:19 PM","12/03/2021 1:10:33 AM","Microsoft-Windows-Mobile-Broadband-Experience-Parser-Task%4Operational.evtx","9/03/2021 9:22:04 PM","1","12/03/2021 2:10:33 PM","C:\WINDOWS\System32\Winevt\Logs\Microsoft-Windows-Mobile-Broadband-Experience-Parser-Task%4Operational.evtx","   0.07"
"5/04/2021 7:28:19 AM","10/03/2021 10:22:04 AM","5/04/2021 7:28:19 PM","12/03/2021 1:10:33 AM","Microsoft-Windows-Mobile-Broadband-Experience-SmsRouter%4Admin.evtx","9/03/2021 9:22:04 PM","1","12/03/2021 2:10:33 PM","C:\WINDOWS\System32\Winevt\Logs\Microsoft-Windows-Mobile-Broadband-Experience-SmsRouter%4Admin.evtx","   0.07"
"5/04/2021 7:28:19 AM","10/03/2021 10:22:04 AM","5/04/2021 7:28:19 PM","12/03/2021 1:10:33 AM","Microsoft-Windows-ModernDeployment-Diagnostics-Provider%4Admin.evtx","9/03/2021 9:22:04 PM","1","12/03/2021 2:10:33 PM","C:\WINDOWS\System32\Winevt\Logs\Microsoft-Windows-ModernDeployment-Diagnostics-Provider%4Admin.evtx","   0.07"
"5/04/2021 7:28:19 AM","10/03/2021 10:22:04 AM","5/04/2021 7:28:19 PM","12/03/2021 1:10:33 AM","Microsoft-Windows-ModernDeployment-Diagnostics-Provider%4Autopilot.evtx","9/03/2021 9:22:04 PM","1","12/03/2021 2:10:33 PM","C:\WINDOWS\System32\Winevt\Logs\Microsoft-Windows-ModernDeployment-Diagnostics-Provider%4Autopilot.evtx","   0.07"
"5/04/2021 7:28:19 AM","10/03/2021 10:22:04 AM","5/04/2021 7:28:19 PM","12/03/2021 1:10:33 AM","Microsoft-Windows-ModernDeployment-Diagnostics-Provider%4ManagementService.evtx","9/03/2021 9:22:04 PM","1","12/03/2021 2:10:33 PM","C:\WINDOWS\System32\Winevt\Logs\Microsoft-Windows-ModernDeployment-Diagnostics-Provider%4ManagementService.evtx","   0.07"
"5/04/2021 7:28:19 AM","10/03/2021 10:22:04 AM","5/04/2021 7:28:19 PM","12/03/2021 1:10:33 AM","Microsoft-Windows-Mprddm%4Operational.evtx","9/03/2021 9:22:04 PM","1","12/03/2021 2:10:33 PM","C:\WINDOWS\System32\Winevt\Logs\Microsoft-Windows-Mprddm%4Operational.evtx","   0.07"
"5/04/2021 7:28:19 AM","24/06/2020 4:02:22 PM","5/04/2021 7:28:19 PM","24/06/2020 4:17:44 AM","Microsoft-Windows-MUI%4Admin.evtx","24/06/2020 4:02:22 AM","1","24/06/2020 4:17:44 PM","C:\WINDOWS\System32\Winevt\Logs\Microsoft-Windows-MUI%4Admin.evtx","   0.07"
"5/04/2021 7:28:19 AM","24/06/2020 4:02:22 PM","5/04/2021 7:28:19 PM","17/03/2021 9:18:30 AM","Microsoft-Windows-MUI%4Operational.evtx","24/06/2020 4:02:22 AM","10","17/03/2021 10:18:30 PM","C:\WINDOWS\System32\Winevt\Logs\Microsoft-Windows-MUI%4Operational.evtx","   0.07"
"5/04/2021 7:28:19 AM","27/11/2020 11:12:03 PM","5/04/2021 7:28:19 PM","3/04/2021 3:11:11 AM","Microsoft-Windows-NcdAutoSetup%4Operational.evtx","27/11/2020 10:12:03 AM","9","3/04/2021 4:11:11 PM","C:\WINDOWS\System32\Winevt\Logs\Microsoft-Windows-NcdAutoSetup%4Operational.evtx","   0.07"
"5/04/2021 7:28:19 AM","24/06/2020 3:58:52 PM","5/04/2021 7:28:19 PM","5/04/2021 4:32:01 AM","Microsoft-Windows-NCSI%4Operational.evtx","24/06/2020 3:58:52 AM","9","5/04/2021 4:32:01 PM","C:\WINDOWS\System32\Winevt\Logs\Microsoft-Windows-NCSI%4Operational.evtx","   1.00"
"5/04/2021 7:28:19 AM","10/03/2021 10:22:04 AM","5/04/2021 7:28:19 PM","12/03/2021 1:10:33 AM","Microsoft-Windows-NdisImPlatform%4Operational.evtx","9/03/2021 9:22:04 PM","1","12/03/2021 2:10:33 PM","C:\WINDOWS\System32\Winevt\Logs\Microsoft-Windows-NdisImPlatform%4Operational.evtx","   0.07"
"5/04/2021 7:28:19 AM","30/11/2020 11:08:12 PM","5/04/2021 7:28:19 PM","3/04/2021 3:11:11 AM","Microsoft-Windows-NetworkLocationWizard%4Operational.evtx","30/11/2020 10:08:12 AM","8","3/04/2021 4:11:11 PM","C:\WINDOWS\System32\Winevt\Logs\Microsoft-Windows-NetworkLocationWizard%4Operational.evtx","   0.07"
"5/04/2021 7:28:19 AM","24/06/2020 3:59:10 PM","5/04/2021 7:28:19 PM","4/04/2021 10:38:50 PM","Microsoft-Windows-NetworkProfile%4Operational.evtx","24/06/2020 3:59:10 AM","8","5/04/2021 10:38:50 AM","C:\WINDOWS\System32\Winevt\Logs\Microsoft-Windows-NetworkProfile%4Operational.evtx","   1.00"
"5/04/2021 7:28:19 AM","10/03/2021 10:22:04 AM","5/04/2021 7:28:19 PM","12/03/2021 1:10:33 AM","Microsoft-Windows-NetworkProvider%4Operational.evtx","9/03/2021 9:22:04 PM","1","12/03/2021 2:10:33 PM","C:\WINDOWS\System32\Winevt\Logs\Microsoft-Windows-NetworkProvider%4Operational.evtx","   0.07"
"5/04/2021 7:28:19 AM","10/03/2021 10:22:04 AM","5/04/2021 7:28:19 PM","12/03/2021 1:10:33 AM","Microsoft-Windows-NetworkProvisioning%4Operational.evtx","9/03/2021 9:22:04 PM","1","12/03/2021 2:10:33 PM","C:\WINDOWS\System32\Winevt\Logs\Microsoft-Windows-NetworkProvisioning%4Operational.evtx","   0.07"
"5/04/2021 7:28:19 AM","25/06/2020 5:29:17 PM","5/04/2021 7:28:19 PM","3/04/2021 3:11:11 AM","Microsoft-Windows-NlaSvc%4Operational.evtx","25/06/2020 5:29:17 AM","10","3/04/2021 4:11:11 PM","C:\WINDOWS\System32\Winevt\Logs\Microsoft-Windows-NlaSvc%4Operational.evtx","   1.00"
"5/04/2021 6:44:31 AM","24/06/2020 3:58:52 PM","5/04/2021 6:44:31 PM","5/04/2021 6:44:31 AM","Microsoft-Windows-Ntfs%4Operational.evtx","24/06/2020 3:58:52 AM","9","5/04/2021 6:44:31 PM","C:\WINDOWS\System32\Winevt\Logs\Microsoft-Windows-Ntfs%4Operational.evtx","  32.00"
"5/04/2021 7:28:20 AM","24/06/2020 3:58:52 PM","5/04/2021 7:28:20 PM","3/04/2021 3:18:56 AM","Microsoft-Windows-Ntfs%4WHC.evtx","24/06/2020 3:58:52 AM","10","3/04/2021 4:18:56 PM","C:\WINDOWS\System32\Winevt\Logs\Microsoft-Windows-Ntfs%4WHC.evtx","   0.07"
"5/04/2021 7:28:20 AM","10/03/2021 10:22:04 AM","5/04/2021 7:28:20 PM","12/03/2021 1:10:33 AM","Microsoft-Windows-NTLM%4Operational.evtx","9/03/2021 9:22:04 PM","1","12/03/2021 2:10:33 PM","C:\WINDOWS\System32\Winevt\Logs\Microsoft-Windows-NTLM%4Operational.evtx","   0.07"
"5/04/2021 7:28:20 AM","10/03/2021 10:22:04 AM","5/04/2021 7:28:20 PM","12/03/2021 1:10:33 AM","Microsoft-Windows-OneBackup%4Debug.evtx","9/03/2021 9:22:04 PM","1","12/03/2021 2:10:33 PM","C:\WINDOWS\System32\Winevt\Logs\Microsoft-Windows-OneBackup%4Debug.evtx","   0.07"
"5/04/2021 7:28:20 AM","10/03/2021 10:22:04 AM","5/04/2021 7:28:20 PM","12/03/2021 1:10:33 AM","Microsoft-Windows-OOBE-Machine-DUI%4Operational.evtx","9/03/2021 9:22:04 PM","1","12/03/2021 2:10:33 PM","C:\WINDOWS\System32\Winevt\Logs\Microsoft-Windows-OOBE-Machine-DUI%4Operational.evtx","   0.07"
"5/04/2021 7:28:20 AM","24/06/2020 4:04:45 PM","5/04/2021 7:28:20 PM","5/04/2021 4:06:05 AM","Microsoft-Windows-PackageStateRoaming%4Operational.evtx","24/06/2020 4:04:45 AM","8","5/04/2021 4:06:05 PM","C:\WINDOWS\System32\Winevt\Logs\Microsoft-Windows-PackageStateRoaming%4Operational.evtx","   1.00"
"5/04/2021 7:28:20 AM","10/03/2021 10:22:04 AM","5/04/2021 7:28:20 PM","12/03/2021 1:10:33 AM","Microsoft-Windows-ParentalControls%4Operational.evtx","9/03/2021 9:22:04 PM","1","12/03/2021 2:10:33 PM","C:\WINDOWS\System32\Winevt\Logs\Microsoft-Windows-ParentalControls%4Operational.evtx","   0.07"
"5/04/2021 7:28:20 AM","24/06/2020 3:58:52 PM","5/04/2021 7:28:20 PM","3/04/2021 3:18:56 AM","Microsoft-Windows-Partition%4Diagnostic.evtx","24/06/2020 3:58:52 AM","10","3/04/2021 4:18:56 PM","C:\WINDOWS\System32\Winevt\Logs\Microsoft-Windows-Partition%4Diagnostic.evtx","   1.07"
"5/04/2021 7:28:20 AM","10/03/2021 10:22:04 AM","5/04/2021 7:28:20 PM","12/03/2021 1:10:33 AM","Microsoft-Windows-PerceptionRuntime%4Operational.evtx","9/03/2021 9:22:04 PM","1","12/03/2021 2:10:33 PM","C:\WINDOWS\System32\Winevt\Logs\Microsoft-Windows-PerceptionRuntime%4Operational.evtx","   0.07"
"5/04/2021 7:28:20 AM","10/03/2021 10:22:04 AM","5/04/2021 7:28:20 PM","12/03/2021 1:10:33 AM","Microsoft-Windows-PerceptionSensorDataService%4Operational.evtx","9/03/2021 9:22:04 PM","1","12/03/2021 2:10:33 PM","C:\WINDOWS\System32\Winevt\Logs\Microsoft-Windows-PerceptionSensorDataService%4Operational.evtx","   0.07"
"5/04/2021 7:28:20 AM","10/03/2021 10:22:04 AM","5/04/2021 7:28:20 PM","12/03/2021 1:10:33 AM","Microsoft-Windows-PersistentMemory-Nvdimm%4Operational.evtx","9/03/2021 9:22:04 PM","1","12/03/2021 2:10:33 PM","C:\WINDOWS\System32\Winevt\Logs\Microsoft-Windows-PersistentMemory-Nvdimm%4Operational.evtx","   0.07"
