#TYPE Deserialized.System.Management.Automation.PSCustomObject
"LastAccessTimeUtc","CreationTime","LastAccessTime","ComputerName","LastWriteTimeUtc","LogName","CreationTimeUTC","RetentionPeriodinDays","LastWriteTime","LogFullName","SizeinMb","PSComputerName","RunspaceId","PSShowComputerName"
"15/06/2019 5:59:24 AM","15/06/2019 5:59:24 PM","15/06/2019 5:59:24 PM","ROME","7/04/2021 8:02:34 AM","Application.evtx","15/06/2019 5:59:24 AM","9","7/04/2021 8:02:34 PM","C:\Windows\System32\Winevt\Logs\Application.evtx","  20.00","192.168.168.155","9aaea7b0-fb3b-4838-8991-a5ec3b71efd7","True"
"29/09/2019 2:33:04 AM","29/09/2019 3:33:04 PM","29/09/2019 3:33:04 PM","ROME","29/09/2019 8:24:23 AM","ForwardedEvents.evtx","29/09/2019 2:33:04 AM","1","29/09/2019 9:24:23 PM","C:\Windows\System32\Winevt\Logs\ForwardedEvents.evtx","   0.07","192.168.168.155","9aaea7b0-fb3b-4838-8991-a5ec3b71efd7","True"
"15/06/2019 5:59:24 AM","15/06/2019 5:59:24 PM","15/06/2019 5:59:24 PM","ROME","15/06/2019 6:01:18 AM","HardwareEvents.evtx","15/06/2019 5:59:24 AM","1","15/06/2019 6:01:18 PM","C:\Windows\System32\Winevt\Logs\HardwareEvents.evtx","   0.07","192.168.168.155","9aaea7b0-fb3b-4838-8991-a5ec3b71efd7","True"
"15/06/2019 5:59:24 AM","15/06/2019 5:59:24 PM","15/06/2019 5:59:24 PM","ROME","15/06/2019 6:01:18 AM","Internet Explorer.evtx","15/06/2019 5:59:24 AM","1","15/06/2019 6:01:18 PM","C:\Windows\System32\Winevt\Logs\Internet Explorer.evtx","   0.07","192.168.168.155","9aaea7b0-fb3b-4838-8991-a5ec3b71efd7","True"
"15/06/2019 5:59:24 AM","15/06/2019 5:59:24 PM","15/06/2019 5:59:24 PM","ROME","15/06/2019 6:01:18 AM","Key Management Service.evtx","15/06/2019 5:59:24 AM","1","15/06/2019 6:01:18 PM","C:\Windows\System32\Winevt\Logs\Key Management Service.evtx","   0.07","192.168.168.155","9aaea7b0-fb3b-4838-8991-a5ec3b71efd7","True"
"14/06/2019 11:02:36 AM","14/06/2019 11:02:36 PM","14/06/2019 11:02:36 PM","ROME","7/04/2021 8:03:20 AM","Microsoft-Client-Licensing-Platform%4Admin.evtx","14/06/2019 11:02:36 AM","10","7/04/2021 8:03:20 PM","C:\Windows\System32\Winevt\Logs\Microsoft-Client-Licensing-Platform%4Admin.evtx","   1.00","192.168.168.155","9aaea7b0-fb3b-4838-8991-a5ec3b71efd7","True"
"14/07/2019 1:01:05 PM","15/07/2019 1:01:05 AM","15/07/2019 1:01:05 AM","ROME","14/07/2019 2:00:56 PM","Microsoft-Rdms-UI%4Admin.evtx","14/07/2019 1:01:05 PM","1","15/07/2019 2:00:56 AM","C:\Windows\System32\Winevt\Logs\Microsoft-Rdms-UI%4Admin.evtx","   0.07","192.168.168.155","9aaea7b0-fb3b-4838-8991-a5ec3b71efd7","True"
"14/07/2019 1:01:05 PM","15/07/2019 1:01:05 AM","15/07/2019 1:01:05 AM","ROME","14/07/2019 2:00:56 PM","Microsoft-Rdms-UI%4Operational.evtx","14/07/2019 1:01:05 PM","1","15/07/2019 2:00:56 AM","C:\Windows\System32\Winevt\Logs\Microsoft-Rdms-UI%4Operational.evtx","   0.07","192.168.168.155","9aaea7b0-fb3b-4838-8991-a5ec3b71efd7","True"
"14/06/2019 10:30:17 PM","15/06/2019 10:30:17 AM","15/06/2019 10:30:17 AM","ROME","7/04/2021 8:02:49 AM","Microsoft-Windows-AAD%4Operational.evtx","14/06/2019 10:30:17 PM","11","7/04/2021 8:02:49 PM","C:\Windows\System32\Winevt\Logs\Microsoft-Windows-AAD%4Operational.evtx","   1.00","192.168.168.155","9aaea7b0-fb3b-4838-8991-a5ec3b71efd7","True"
"14/06/2019 12:59:41 PM","15/06/2019 12:59:41 AM","15/06/2019 12:59:41 AM","ROME","14/06/2019 10:11:25 PM","Microsoft-Windows-All-User-Install-Agent%4Admin.evtx","14/06/2019 12:59:41 PM","11","15/06/2019 10:11:25 AM","C:\Windows\System32\Winevt\Logs\Microsoft-Windows-All-User-Install-Agent%4Admin.evtx","   0.07","192.168.168.155","9aaea7b0-fb3b-4838-8991-a5ec3b71efd7","True"
"4/09/2019 8:56:04 AM","4/09/2019 8:56:04 PM","4/09/2019 8:56:04 PM","ROME","4/09/2019 10:06:01 AM","Microsoft-Windows-AllJoyn%4Operational.evtx","4/09/2019 8:56:04 AM","1","4/09/2019 10:06:01 PM","C:\Windows\System32\Winevt\Logs\Microsoft-Windows-AllJoyn%4Operational.evtx","   0.07","192.168.168.155","9aaea7b0-fb3b-4838-8991-a5ec3b71efd7","True"
"29/09/2019 2:27:43 AM","29/09/2019 3:27:43 PM","29/09/2019 3:27:43 PM","ROME","29/09/2019 8:24:23 AM","Microsoft-Windows-Anytime-Upgrade-Events%4Operational.evtx","29/09/2019 2:27:43 AM","1","29/09/2019 9:24:23 PM","C:\Windows\System32\Winevt\Logs\Microsoft-Windows-Anytime-Upgrade-Events%4Operational.evtx","   0.07","192.168.168.155","9aaea7b0-fb3b-4838-8991-a5ec3b71efd7","True"
"4/09/2019 8:56:04 AM","4/09/2019 8:56:04 PM","4/09/2019 8:56:04 PM","ROME","4/09/2019 10:06:01 AM","Microsoft-Windows-AppHost%4Admin.evtx","4/09/2019 8:56:04 AM","1","4/09/2019 10:06:01 PM","C:\Windows\System32\Winevt\Logs\Microsoft-Windows-AppHost%4Admin.evtx","   0.07","192.168.168.155","9aaea7b0-fb3b-4838-8991-a5ec3b71efd7","True"
"4/09/2019 8:56:04 AM","4/09/2019 8:56:04 PM","4/09/2019 8:56:04 PM","ROME","4/09/2019 10:06:01 AM","Microsoft-Windows-AppID%4Operational.evtx","4/09/2019 8:56:04 AM","1","4/09/2019 10:06:01 PM","C:\Windows\System32\Winevt\Logs\Microsoft-Windows-AppID%4Operational.evtx","   0.07","192.168.168.155","9aaea7b0-fb3b-4838-8991-a5ec3b71efd7","True"
"4/09/2019 8:56:04 AM","4/09/2019 8:56:04 PM","4/09/2019 8:56:04 PM","ROME","4/09/2019 10:06:01 AM","Microsoft-Windows-ApplicabilityEngine%4Operational.evtx","4/09/2019 8:56:04 AM","1","4/09/2019 10:06:01 PM","C:\Windows\System32\Winevt\Logs\Microsoft-Windows-ApplicabilityEngine%4Operational.evtx","   0.07","192.168.168.155","9aaea7b0-fb3b-4838-8991-a5ec3b71efd7","True"
"4/09/2019 8:56:04 AM","4/09/2019 8:56:04 PM","4/09/2019 8:56:04 PM","ROME","4/09/2019 10:06:01 AM","Microsoft-Windows-Application Server-Applications%4Admin.evtx","4/09/2019 8:56:04 AM","1","4/09/2019 10:06:01 PM","C:\Windows\System32\Winevt\Logs\Microsoft-Windows-Application Server-Applications%4Admin.evtx","   0.07","192.168.168.155","9aaea7b0-fb3b-4838-8991-a5ec3b71efd7","True"
"4/09/2019 8:56:04 AM","4/09/2019 8:56:04 PM","4/09/2019 8:56:04 PM","ROME","4/09/2019 10:06:01 AM","Microsoft-Windows-Application Server-Applications%4Operational.evtx","4/09/2019 8:56:04 AM","1","4/09/2019 10:06:01 PM","C:\Windows\System32\Winevt\Logs\Microsoft-Windows-Application Server-Applications%4Operational.evtx","   0.07","192.168.168.155","9aaea7b0-fb3b-4838-8991-a5ec3b71efd7","True"
"15/06/2019 5:59:24 AM","15/06/2019 5:59:24 PM","15/06/2019 5:59:24 PM","ROME","27/10/2020 9:06:02 AM","Microsoft-Windows-Application-Experience%4Program-Compatibility-Assistant.evtx","15/06/2019 5:59:24 AM","11","27/10/2020 10:06:02 PM","C:\Windows\System32\Winevt\Logs\Microsoft-Windows-Application-Experience%4Program-Compatibility-Assistant.evtx","   0.07","192.168.168.155","9aaea7b0-fb3b-4838-8991-a5ec3b71efd7","True"
"14/06/2019 11:25:58 AM","14/06/2019 11:25:58 PM","14/06/2019 11:25:58 PM","ROME","14/06/2019 11:43:15 AM","Microsoft-Windows-Application-Experience%4Program-Compatibility-Troubleshooter.evtx","14/06/2019 11:25:58 AM","1","14/06/2019 11:43:15 PM","C:\Windows\System32\Winevt\Logs\Microsoft-Windows-Application-Experience%4Program-Compatibility-Troubleshooter.evtx","   0.07","192.168.168.155","9aaea7b0-fb3b-4838-8991-a5ec3b71efd7","True"
"14/06/2019 11:25:58 AM","14/06/2019 11:25:58 PM","14/06/2019 11:25:58 PM","ROME","14/06/2019 11:43:15 AM","Microsoft-Windows-Application-Experience%4Program-Inventory.evtx","14/06/2019 11:25:58 AM","1","14/06/2019 11:43:15 PM","C:\Windows\System32\Winevt\Logs\Microsoft-Windows-Application-Experience%4Program-Inventory.evtx","   0.07","192.168.168.155","9aaea7b0-fb3b-4838-8991-a5ec3b71efd7","True"
"14/06/2019 11:25:58 AM","14/06/2019 11:25:58 PM","14/06/2019 11:25:58 PM","ROME","20/03/2021 3:58:33 AM","Microsoft-Windows-Application-Experience%4Program-Telemetry.evtx","14/06/2019 11:25:58 AM","11","20/03/2021 4:58:33 PM","C:\Windows\System32\Winevt\Logs\Microsoft-Windows-Application-Experience%4Program-Telemetry.evtx","   1.00","192.168.168.155","9aaea7b0-fb3b-4838-8991-a5ec3b71efd7","True"
"14/06/2019 11:25:58 AM","14/06/2019 11:25:58 PM","14/06/2019 11:25:58 PM","ROME","14/06/2019 11:43:15 AM","Microsoft-Windows-Application-Experience%4Steps-Recorder.evtx","14/06/2019 11:25:58 AM","1","14/06/2019 11:43:15 PM","C:\Windows\System32\Winevt\Logs\Microsoft-Windows-Application-Experience%4Steps-Recorder.evtx","   0.07","192.168.168.155","9aaea7b0-fb3b-4838-8991-a5ec3b71efd7","True"
"14/06/2019 11:02:30 AM","14/06/2019 11:02:30 PM","14/06/2019 11:02:30 PM","ROME","5/04/2021 9:55:49 AM","Microsoft-Windows-ApplicationResourceManagementSystem%4Operational.evtx","14/06/2019 11:02:30 AM","3","5/04/2021 9:55:49 PM","C:\Windows\System32\Winevt\Logs\Microsoft-Windows-ApplicationResourceManagementSystem%4Operational.evtx","   1.00","192.168.168.155","9aaea7b0-fb3b-4838-8991-a5ec3b71efd7","True"
"14/06/2019 11:02:40 AM","14/06/2019 11:02:40 PM","14/06/2019 11:02:40 PM","ROME","14/06/2019 11:04:12 AM","Microsoft-Windows-AppLocker%4EXE and DLL.evtx","14/06/2019 11:02:40 AM","1","14/06/2019 11:04:12 PM","C:\Windows\System32\Winevt\Logs\Microsoft-Windows-AppLocker%4EXE and DLL.evtx","   0.07","192.168.168.155","9aaea7b0-fb3b-4838-8991-a5ec3b71efd7","True"
"14/06/2019 11:02:40 AM","14/06/2019 11:02:40 PM","14/06/2019 11:02:40 PM","ROME","18/08/2020 7:45:50 AM","Microsoft-Windows-AppLocker%4MSI and Script.evtx","14/06/2019 11:02:40 AM","11","18/08/2020 7:45:50 PM","C:\Windows\System32\Winevt\Logs\Microsoft-Windows-AppLocker%4MSI and Script.evtx","   1.00","192.168.168.155","9aaea7b0-fb3b-4838-8991-a5ec3b71efd7","True"
"14/06/2019 11:02:40 AM","14/06/2019 11:02:40 PM","14/06/2019 11:02:40 PM","ROME","14/06/2019 11:04:12 AM","Microsoft-Windows-AppLocker%4Packaged app-Deployment.evtx","14/06/2019 11:02:40 AM","1","14/06/2019 11:04:12 PM","C:\Windows\System32\Winevt\Logs\Microsoft-Windows-AppLocker%4Packaged app-Deployment.evtx","   0.07","192.168.168.155","9aaea7b0-fb3b-4838-8991-a5ec3b71efd7","True"
"14/06/2019 11:02:40 AM","14/06/2019 11:02:40 PM","14/06/2019 11:02:40 PM","ROME","14/06/2019 11:04:12 AM","Microsoft-Windows-AppLocker%4Packaged app-Execution.evtx","14/06/2019 11:02:40 AM","1","14/06/2019 11:04:12 PM","C:\Windows\System32\Winevt\Logs\Microsoft-Windows-AppLocker%4Packaged app-Execution.evtx","   0.07","192.168.168.155","9aaea7b0-fb3b-4838-8991-a5ec3b71efd7","True"
"14/06/2019 11:02:38 AM","14/06/2019 11:02:38 PM","14/06/2019 11:02:38 PM","ROME","28/03/2021 3:31:49 AM","Microsoft-Windows-AppModel-Runtime%4Admin.evtx","14/06/2019 11:02:38 AM","11","28/03/2021 4:31:49 PM","C:\Windows\System32\Winevt\Logs\Microsoft-Windows-AppModel-Runtime%4Admin.evtx","   1.00","192.168.168.155","9aaea7b0-fb3b-4838-8991-a5ec3b71efd7","True"
"14/06/2019 11:02:04 AM","14/06/2019 11:02:04 PM","14/06/2019 11:02:04 PM","ROME","8/10/2019 2:06:32 PM","Microsoft-Windows-AppReadiness%4Admin.evtx","14/06/2019 11:02:04 AM","11","9/10/2019 3:06:32 AM","C:\Windows\System32\Winevt\Logs\Microsoft-Windows-AppReadiness%4Admin.evtx","   1.07","192.168.168.155","9aaea7b0-fb3b-4838-8991-a5ec3b71efd7","True"
"14/06/2019 11:02:04 AM","14/06/2019 11:02:04 PM","14/06/2019 11:02:04 PM","ROME","8/10/2019 2:06:32 PM","Microsoft-Windows-AppReadiness%4Operational.evtx","14/06/2019 11:02:04 AM","11","9/10/2019 3:06:32 AM","C:\Windows\System32\Winevt\Logs\Microsoft-Windows-AppReadiness%4Operational.evtx","   5.00","192.168.168.155","9aaea7b0-fb3b-4838-8991-a5ec3b71efd7","True"
"14/06/2019 11:02:38 AM","14/06/2019 11:02:38 PM","14/06/2019 11:02:38 PM","ROME","20/07/2020 10:18:32 AM","Microsoft-Windows-AppXDeployment%4Operational.evtx","14/06/2019 11:02:38 AM","11","20/07/2020 10:18:32 PM","C:\Windows\System32\Winevt\Logs\Microsoft-Windows-AppXDeployment%4Operational.evtx","   1.00","192.168.168.155","9aaea7b0-fb3b-4838-8991-a5ec3b71efd7","True"
"15/06/2019 5:59:39 AM","15/06/2019 5:59:39 PM","15/06/2019 5:59:39 PM","ROME","5/04/2021 9:55:49 AM","Microsoft-Windows-AppXDeploymentServer%4Operational.evtx","15/06/2019 5:59:39 AM","11","5/04/2021 9:55:49 PM","C:\Windows\System32\Winevt\Logs\Microsoft-Windows-AppXDeploymentServer%4Operational.evtx","   5.00","192.168.168.155","9aaea7b0-fb3b-4838-8991-a5ec3b71efd7","True"
"15/06/2019 5:59:39 AM","15/06/2019 5:59:39 PM","15/06/2019 5:59:39 PM","ROME","15/06/2019 6:01:18 AM","Microsoft-Windows-AppXDeploymentServer%4Restricted.evtx","15/06/2019 5:59:39 AM","1","15/06/2019 6:01:18 PM","C:\Windows\System32\Winevt\Logs\Microsoft-Windows-AppXDeploymentServer%4Restricted.evtx","   0.07","192.168.168.155","9aaea7b0-fb3b-4838-8991-a5ec3b71efd7","True"
"15/06/2019 6:00:09 AM","15/06/2019 6:00:09 PM","15/06/2019 6:00:09 PM","ROME","14/06/2019 11:04:12 AM","Microsoft-Windows-AppxPackaging%4Operational.evtx","15/06/2019 6:00:09 AM","11","14/06/2019 11:04:12 PM","C:\Windows\System32\Winevt\Logs\Microsoft-Windows-AppxPackaging%4Operational.evtx","   0.07","192.168.168.155","9aaea7b0-fb3b-4838-8991-a5ec3b71efd7","True"
"4/09/2019 8:56:04 AM","4/09/2019 8:56:04 PM","4/09/2019 8:56:04 PM","ROME","4/09/2019 10:06:01 AM","Microsoft-Windows-AssignedAccess%4Admin.evtx","4/09/2019 8:56:04 AM","1","4/09/2019 10:06:01 PM","C:\Windows\System32\Winevt\Logs\Microsoft-Windows-AssignedAccess%4Admin.evtx","   0.07","192.168.168.155","9aaea7b0-fb3b-4838-8991-a5ec3b71efd7","True"
"16/07/2019 2:29:27 AM","16/07/2019 2:29:27 PM","16/07/2019 2:29:27 PM","ROME","16/07/2019 3:07:46 AM","Microsoft-Windows-AssignedAccessBroker%4Admin.evtx","16/07/2019 2:29:27 AM","1","16/07/2019 3:07:46 PM","C:\Windows\System32\Winevt\Logs\Microsoft-Windows-AssignedAccessBroker%4Admin.evtx","   0.07","192.168.168.155","9aaea7b0-fb3b-4838-8991-a5ec3b71efd7","True"
"14/06/2019 11:26:05 AM","14/06/2019 11:26:05 PM","14/06/2019 11:26:05 PM","ROME","14/06/2019 11:43:15 AM","Microsoft-Windows-Audio%4CaptureMonitor.evtx","14/06/2019 11:26:05 AM","1","14/06/2019 11:43:15 PM","C:\Windows\System32\Winevt\Logs\Microsoft-Windows-Audio%4CaptureMonitor.evtx","   0.07","192.168.168.155","9aaea7b0-fb3b-4838-8991-a5ec3b71efd7","True"
"14/06/2019 11:26:05 AM","14/06/2019 11:26:05 PM","14/06/2019 11:26:05 PM","ROME","1/11/2020 2:18:56 AM","Microsoft-Windows-Audio%4Operational.evtx","14/06/2019 11:26:05 AM","11","1/11/2020 3:18:56 PM","C:\Windows\System32\Winevt\Logs\Microsoft-Windows-Audio%4Operational.evtx","   0.07","192.168.168.155","9aaea7b0-fb3b-4838-8991-a5ec3b71efd7","True"
"14/06/2019 11:26:05 AM","14/06/2019 11:26:05 PM","14/06/2019 11:26:05 PM","ROME","5/04/2021 9:55:49 AM","Microsoft-Windows-Audio%4PlaybackManager.evtx","14/06/2019 11:26:05 AM","10","5/04/2021 9:55:49 PM","C:\Windows\System32\Winevt\Logs\Microsoft-Windows-Audio%4PlaybackManager.evtx","   1.00","192.168.168.155","9aaea7b0-fb3b-4838-8991-a5ec3b71efd7","True"
"4/09/2019 8:56:05 AM","4/09/2019 8:56:05 PM","4/09/2019 8:56:05 PM","ROME","4/09/2019 10:06:01 AM","Microsoft-Windows-Authentication User Interface%4Operational.evtx","4/09/2019 8:56:05 AM","1","4/09/2019 10:06:01 PM","C:\Windows\System32\Winevt\Logs\Microsoft-Windows-Authentication User Interface%4Operational.evtx","   0.07","192.168.168.155","9aaea7b0-fb3b-4838-8991-a5ec3b71efd7","True"
"14/06/2019 11:02:47 AM","14/06/2019 11:02:47 PM","14/06/2019 11:02:47 PM","ROME","5/04/2021 9:55:49 AM","Microsoft-Windows-BackgroundTaskInfrastructure%4Operational.evtx","14/06/2019 11:02:47 AM","11","5/04/2021 9:55:49 PM","C:\Windows\System32\Winevt\Logs\Microsoft-Windows-BackgroundTaskInfrastructure%4Operational.evtx","   1.00","192.168.168.155","9aaea7b0-fb3b-4838-8991-a5ec3b71efd7","True"
"4/09/2019 8:56:05 AM","4/09/2019 8:56:05 PM","4/09/2019 8:56:05 PM","ROME","4/09/2019 10:06:01 AM","Microsoft-Windows-Backup.evtx","4/09/2019 8:56:05 AM","1","4/09/2019 10:06:01 PM","C:\Windows\System32\Winevt\Logs\Microsoft-Windows-Backup.evtx","   0.07","192.168.168.155","9aaea7b0-fb3b-4838-8991-a5ec3b71efd7","True"
"14/07/2019 1:01:05 PM","15/07/2019 1:01:05 AM","15/07/2019 1:01:05 AM","ROME","14/07/2019 2:00:56 PM","Microsoft-Windows-BestPractices%4Operational.evtx","14/07/2019 1:01:05 PM","1","15/07/2019 2:00:56 AM","C:\Windows\System32\Winevt\Logs\Microsoft-Windows-BestPractices%4Operational.evtx","   0.07","192.168.168.155","9aaea7b0-fb3b-4838-8991-a5ec3b71efd7","True"
"29/09/2019 2:27:44 AM","29/09/2019 3:27:44 PM","29/09/2019 3:27:44 PM","ROME","29/09/2019 8:24:23 AM","Microsoft-Windows-BitLocker%4BitLocker Management.evtx","29/09/2019 2:27:44 AM","1","29/09/2019 9:24:23 PM","C:\Windows\System32\Winevt\Logs\Microsoft-Windows-BitLocker%4BitLocker Management.evtx","   0.07","192.168.168.155","9aaea7b0-fb3b-4838-8991-a5ec3b71efd7","True"
"29/09/2019 2:27:44 AM","29/09/2019 3:27:44 PM","29/09/2019 3:27:44 PM","ROME","29/09/2019 8:24:23 AM","Microsoft-Windows-BitLocker-DrivePreparationTool%4Admin.evtx","29/09/2019 2:27:44 AM","1","29/09/2019 9:24:23 PM","C:\Windows\System32\Winevt\Logs\Microsoft-Windows-BitLocker-DrivePreparationTool%4Admin.evtx","   0.07","192.168.168.155","9aaea7b0-fb3b-4838-8991-a5ec3b71efd7","True"
"29/09/2019 2:27:44 AM","29/09/2019 3:27:44 PM","29/09/2019 3:27:44 PM","ROME","29/09/2019 8:24:23 AM","Microsoft-Windows-BitLocker-DrivePreparationTool%4Operational.evtx","29/09/2019 2:27:44 AM","1","29/09/2019 9:24:23 PM","C:\Windows\System32\Winevt\Logs\Microsoft-Windows-BitLocker-DrivePreparationTool%4Operational.evtx","   0.07","192.168.168.155","9aaea7b0-fb3b-4838-8991-a5ec3b71efd7","True"
"14/06/2019 11:02:56 AM","14/06/2019 11:02:56 PM","14/06/2019 11:02:56 PM","ROME","7/04/2021 8:02:49 AM","Microsoft-Windows-Bits-Client%4Operational.evtx","14/06/2019 11:02:56 AM","8","7/04/2021 8:02:49 PM","C:\Windows\System32\Winevt\Logs\Microsoft-Windows-Bits-Client%4Operational.evtx","   1.00","192.168.168.155","9aaea7b0-fb3b-4838-8991-a5ec3b71efd7","True"
"4/09/2019 8:56:05 AM","4/09/2019 8:56:05 PM","4/09/2019 8:56:05 PM","ROME","4/09/2019 10:06:01 AM","Microsoft-Windows-Bluetooth-MTPEnum%4Operational.evtx","4/09/2019 8:56:05 AM","1","4/09/2019 10:06:01 PM","C:\Windows\System32\Winevt\Logs\Microsoft-Windows-Bluetooth-MTPEnum%4Operational.evtx","   0.07","192.168.168.155","9aaea7b0-fb3b-4838-8991-a5ec3b71efd7","True"
"29/09/2019 2:27:44 AM","29/09/2019 3:27:44 PM","29/09/2019 3:27:44 PM","ROME","29/09/2019 8:24:23 AM","Microsoft-Windows-BranchCache%4Operational.evtx","29/09/2019 2:27:44 AM","1","29/09/2019 9:24:23 PM","C:\Windows\System32\Winevt\Logs\Microsoft-Windows-BranchCache%4Operational.evtx","   0.07","192.168.168.155","9aaea7b0-fb3b-4838-8991-a5ec3b71efd7","True"
"4/09/2019 8:56:05 AM","4/09/2019 8:56:05 PM","4/09/2019 8:56:05 PM","ROME","4/09/2019 10:06:01 AM","Microsoft-Windows-BranchCacheSMB%4Operational.evtx","4/09/2019 8:56:05 AM","1","4/09/2019 10:06:01 PM","C:\Windows\System32\Winevt\Logs\Microsoft-Windows-BranchCacheSMB%4Operational.evtx","   0.07","192.168.168.155","9aaea7b0-fb3b-4838-8991-a5ec3b71efd7","True"
"17/07/2019 11:25:56 PM","18/07/2019 11:25:56 AM","18/07/2019 11:25:56 AM","ROME","26/12/2019 3:26:11 AM","Microsoft-Windows-CAPI2%4Operational.evtx","17/07/2019 11:25:56 PM","11","26/12/2019 4:26:11 PM","C:\Windows\System32\Winevt\Logs\Microsoft-Windows-CAPI2%4Operational.evtx","   1.00","192.168.168.155","9aaea7b0-fb3b-4838-8991-a5ec3b71efd7","True"
"14/07/2019 1:01:04 PM","15/07/2019 1:01:04 AM","15/07/2019 1:01:04 AM","ROME","14/07/2019 2:00:56 PM","Microsoft-Windows-CertificateServices-Deployment%4Operational.evtx","14/07/2019 1:01:04 PM","1","15/07/2019 2:00:56 AM","C:\Windows\System32\Winevt\Logs\Microsoft-Windows-CertificateServices-Deployment%4Operational.evtx","   0.07","192.168.168.155","9aaea7b0-fb3b-4838-8991-a5ec3b71efd7","True"
"4/09/2019 8:56:05 AM","4/09/2019 8:56:05 PM","4/09/2019 8:56:05 PM","ROME","4/09/2019 10:06:01 AM","Microsoft-Windows-CertificateServicesClient-Lifecycle-System%4Operational.evtx","4/09/2019 8:56:05 AM","1","4/09/2019 10:06:01 PM","C:\Windows\System32\Winevt\Logs\Microsoft-Windows-CertificateServicesClient-Lifecycle-System%4Operational.evtx","   0.07","192.168.168.155","9aaea7b0-fb3b-4838-8991-a5ec3b71efd7","True"
"4/09/2019 8:56:05 AM","4/09/2019 8:56:05 PM","4/09/2019 8:56:05 PM","ROME","4/09/2019 10:06:01 AM","Microsoft-Windows-CertificateServicesClient-Lifecycle-User%4Operational.evtx","4/09/2019 8:56:05 AM","1","4/09/2019 10:06:01 PM","C:\Windows\System32\Winevt\Logs\Microsoft-Windows-CertificateServicesClient-Lifecycle-User%4Operational.evtx","   0.07","192.168.168.155","9aaea7b0-fb3b-4838-8991-a5ec3b71efd7","True"
"4/09/2019 8:56:05 AM","4/09/2019 8:56:05 PM","4/09/2019 8:56:05 PM","ROME","4/09/2019 10:06:01 AM","Microsoft-Windows-CloudStorageWizard%4Operational.evtx","4/09/2019 8:56:05 AM","1","4/09/2019 10:06:01 PM","C:\Windows\System32\Winevt\Logs\Microsoft-Windows-CloudStorageWizard%4Operational.evtx","   0.07","192.168.168.155","9aaea7b0-fb3b-4838-8991-a5ec3b71efd7","True"
"14/07/2019 1:01:05 PM","15/07/2019 1:01:05 AM","15/07/2019 1:01:05 AM","ROME","14/07/2019 2:00:56 PM","Microsoft-Windows-ClusterAwareUpdating-Management%4Admin.evtx","14/07/2019 1:01:05 PM","1","15/07/2019 2:00:56 AM","C:\Windows\System32\Winevt\Logs\Microsoft-Windows-ClusterAwareUpdating-Management%4Admin.evtx","   0.07","192.168.168.155","9aaea7b0-fb3b-4838-8991-a5ec3b71efd7","True"
"15/07/2019 11:44:49 PM","16/07/2019 11:44:49 AM","16/07/2019 11:44:49 AM","ROME","16/07/2019 2:28:48 AM","Microsoft-Windows-CodeIntegrity%4Operational.evtx","15/07/2019 11:44:49 PM","11","16/07/2019 2:28:48 PM","C:\Windows\System32\Winevt\Logs\Microsoft-Windows-CodeIntegrity%4Operational.evtx","   0.07","192.168.168.155","9aaea7b0-fb3b-4838-8991-a5ec3b71efd7","True"
"4/09/2019 8:56:05 AM","4/09/2019 8:56:05 PM","4/09/2019 8:56:05 PM","ROME","4/09/2019 10:06:01 AM","Microsoft-Windows-Compat-Appraiser%4Operational.evtx","4/09/2019 8:56:05 AM","1","4/09/2019 10:06:01 PM","C:\Windows\System32\Winevt\Logs\Microsoft-Windows-Compat-Appraiser%4Operational.evtx","   0.07","192.168.168.155","9aaea7b0-fb3b-4838-8991-a5ec3b71efd7","True"
"29/09/2019 2:27:44 AM","29/09/2019 3:27:44 PM","29/09/2019 3:27:44 PM","ROME","29/09/2019 8:24:23 AM","Microsoft-Windows-Connected-Search%4Operational.evtx","29/09/2019 2:27:44 AM","1","29/09/2019 9:24:23 PM","C:\Windows\System32\Winevt\Logs\Microsoft-Windows-Connected-Search%4Operational.evtx","   0.07","192.168.168.155","9aaea7b0-fb3b-4838-8991-a5ec3b71efd7","True"
"4/09/2019 8:56:05 AM","4/09/2019 8:56:05 PM","4/09/2019 8:56:05 PM","ROME","4/09/2019 10:06:01 AM","Microsoft-Windows-CoreApplication%4Operational.evtx","4/09/2019 8:56:05 AM","1","4/09/2019 10:06:01 PM","C:\Windows\System32\Winevt\Logs\Microsoft-Windows-CoreApplication%4Operational.evtx","   0.07","192.168.168.155","9aaea7b0-fb3b-4838-8991-a5ec3b71efd7","True"
"29/09/2019 2:27:44 AM","29/09/2019 3:27:44 PM","29/09/2019 3:27:44 PM","ROME","29/09/2019 8:24:23 AM","Microsoft-Windows-CoreSystem-SmsRouter-Events%4Operational.evtx","29/09/2019 2:27:44 AM","1","29/09/2019 9:24:23 PM","C:\Windows\System32\Winevt\Logs\Microsoft-Windows-CoreSystem-SmsRouter-Events%4Operational.evtx","   0.07","192.168.168.155","9aaea7b0-fb3b-4838-8991-a5ec3b71efd7","True"
"4/09/2019 8:56:05 AM","4/09/2019 8:56:05 PM","4/09/2019 8:56:05 PM","ROME","4/09/2019 10:06:01 AM","Microsoft-Windows-CorruptedFileRecovery-Client%4Operational.evtx","4/09/2019 8:56:05 AM","1","4/09/2019 10:06:01 PM","C:\Windows\System32\Winevt\Logs\Microsoft-Windows-CorruptedFileRecovery-Client%4Operational.evtx","   0.07","192.168.168.155","9aaea7b0-fb3b-4838-8991-a5ec3b71efd7","True"
"4/09/2019 8:56:05 AM","4/09/2019 8:56:05 PM","4/09/2019 8:56:05 PM","ROME","4/09/2019 10:06:01 AM","Microsoft-Windows-CorruptedFileRecovery-Server%4Operational.evtx","4/09/2019 8:56:05 AM","1","4/09/2019 10:06:01 PM","C:\Windows\System32\Winevt\Logs\Microsoft-Windows-CorruptedFileRecovery-Server%4Operational.evtx","   0.07","192.168.168.155","9aaea7b0-fb3b-4838-8991-a5ec3b71efd7","True"
"15/06/2019 5:59:24 AM","15/06/2019 5:59:24 PM","15/06/2019 5:59:24 PM","ROME","15/06/2019 6:01:18 AM","Microsoft-Windows-Crypto-DPAPI%4BackUpKeySvc.evtx","15/06/2019 5:59:24 AM","1","15/06/2019 6:01:18 PM","C:\Windows\System32\Winevt\Logs\Microsoft-Windows-Crypto-DPAPI%4BackUpKeySvc.evtx","   0.07","192.168.168.155","9aaea7b0-fb3b-4838-8991-a5ec3b71efd7","True"
"15/06/2019 5:59:24 AM","15/06/2019 5:59:24 PM","15/06/2019 5:59:24 PM","ROME","5/04/2021 9:11:21 AM","Microsoft-Windows-Crypto-DPAPI%4Operational.evtx","15/06/2019 5:59:24 AM","11","5/04/2021 9:11:21 PM","C:\Windows\System32\Winevt\Logs\Microsoft-Windows-Crypto-DPAPI%4Operational.evtx","   0.07","192.168.168.155","9aaea7b0-fb3b-4838-8991-a5ec3b71efd7","True"
"4/09/2019 8:56:06 AM","4/09/2019 8:56:06 PM","4/09/2019 8:56:06 PM","ROME","4/09/2019 10:06:01 AM","Microsoft-Windows-DAL-Provider%4Operational.evtx","4/09/2019 8:56:06 AM","1","4/09/2019 10:06:01 PM","C:\Windows\System32\Winevt\Logs\Microsoft-Windows-DAL-Provider%4Operational.evtx","   0.07","192.168.168.155","9aaea7b0-fb3b-4838-8991-a5ec3b71efd7","True"
"4/09/2019 8:56:06 AM","4/09/2019 8:56:06 PM","4/09/2019 8:56:06 PM","ROME","4/09/2019 10:06:01 AM","Microsoft-Windows-DataIntegrityScan%4Admin.evtx","4/09/2019 8:56:06 AM","1","4/09/2019 10:06:01 PM","C:\Windows\System32\Winevt\Logs\Microsoft-Windows-DataIntegrityScan%4Admin.evtx","   0.07","192.168.168.155","9aaea7b0-fb3b-4838-8991-a5ec3b71efd7","True"
"4/09/2019 8:56:06 AM","4/09/2019 8:56:06 PM","4/09/2019 8:56:06 PM","ROME","4/09/2019 10:06:01 AM","Microsoft-Windows-DataIntegrityScan%4CrashRecovery.evtx","4/09/2019 8:56:06 AM","1","4/09/2019 10:06:01 PM","C:\Windows\System32\Winevt\Logs\Microsoft-Windows-DataIntegrityScan%4CrashRecovery.evtx","   0.07","192.168.168.155","9aaea7b0-fb3b-4838-8991-a5ec3b71efd7","True"
"4/09/2019 8:56:06 AM","4/09/2019 8:56:06 PM","4/09/2019 8:56:06 PM","ROME","4/09/2019 10:06:01 AM","Microsoft-Windows-DateTimeControlPanel%4Operational.evtx","4/09/2019 8:56:06 AM","1","4/09/2019 10:06:01 PM","C:\Windows\System32\Winevt\Logs\Microsoft-Windows-DateTimeControlPanel%4Operational.evtx","   0.07","192.168.168.155","9aaea7b0-fb3b-4838-8991-a5ec3b71efd7","True"
"29/09/2019 2:27:44 AM","29/09/2019 3:27:44 PM","29/09/2019 3:27:44 PM","ROME","29/09/2019 8:24:23 AM","Microsoft-Windows-Deduplication%4Diagnostic.evtx","29/09/2019 2:27:44 AM","1","29/09/2019 9:24:23 PM","C:\Windows\System32\Winevt\Logs\Microsoft-Windows-Deduplication%4Diagnostic.evtx","   0.07","192.168.168.155","9aaea7b0-fb3b-4838-8991-a5ec3b71efd7","True"
"29/09/2019 2:27:44 AM","29/09/2019 3:27:44 PM","29/09/2019 3:27:44 PM","ROME","29/09/2019 8:24:23 AM","Microsoft-Windows-Deduplication%4Operational.evtx","29/09/2019 2:27:44 AM","1","29/09/2019 9:24:23 PM","C:\Windows\System32\Winevt\Logs\Microsoft-Windows-Deduplication%4Operational.evtx","   0.07","192.168.168.155","9aaea7b0-fb3b-4838-8991-a5ec3b71efd7","True"
"29/09/2019 2:27:44 AM","29/09/2019 3:27:44 PM","29/09/2019 3:27:44 PM","ROME","29/09/2019 8:24:23 AM","Microsoft-Windows-Deduplication%4Scrubbing.evtx","29/09/2019 2:27:44 AM","1","29/09/2019 9:24:23 PM","C:\Windows\System32\Winevt\Logs\Microsoft-Windows-Deduplication%4Scrubbing.evtx","   0.07","192.168.168.155","9aaea7b0-fb3b-4838-8991-a5ec3b71efd7","True"
"15/06/2019 5:59:25 AM","15/06/2019 5:59:25 PM","15/06/2019 5:59:25 PM","ROME","3/04/2021 3:10:32 AM","Microsoft-Windows-DeviceSetupManager%4Admin.evtx","15/06/2019 5:59:25 AM","8","3/04/2021 4:10:32 PM","C:\Windows\System32\Winevt\Logs\Microsoft-Windows-DeviceSetupManager%4Admin.evtx","   1.00","192.168.168.155","9aaea7b0-fb3b-4838-8991-a5ec3b71efd7","True"
"15/06/2019 5:59:25 AM","15/06/2019 5:59:25 PM","15/06/2019 5:59:25 PM","ROME","3/04/2021 3:10:32 AM","Microsoft-Windows-DeviceSetupManager%4Operational.evtx","15/06/2019 5:59:25 AM","11","3/04/2021 4:10:32 PM","C:\Windows\System32\Winevt\Logs\Microsoft-Windows-DeviceSetupManager%4Operational.evtx","   1.00","192.168.168.155","9aaea7b0-fb3b-4838-8991-a5ec3b71efd7","True"
"4/09/2019 8:56:06 AM","4/09/2019 8:56:06 PM","4/09/2019 8:56:06 PM","ROME","4/09/2019 10:06:01 AM","Microsoft-Windows-DeviceSync%4Operational.evtx","4/09/2019 8:56:06 AM","1","4/09/2019 10:06:01 PM","C:\Windows\System32\Winevt\Logs\Microsoft-Windows-DeviceSync%4Operational.evtx","   0.07","192.168.168.155","9aaea7b0-fb3b-4838-8991-a5ec3b71efd7","True"
"15/06/2019 5:59:25 AM","15/06/2019 5:59:25 PM","15/06/2019 5:59:25 PM","ROME","7/04/2021 8:04:54 AM","Microsoft-Windows-Dhcp-Client%4Admin.evtx","15/06/2019 5:59:25 AM","11","7/04/2021 8:04:54 PM","C:\Windows\System32\Winevt\Logs\Microsoft-Windows-Dhcp-Client%4Admin.evtx","   1.00","192.168.168.155","9aaea7b0-fb3b-4838-8991-a5ec3b71efd7","True"
"15/06/2019 5:59:25 AM","15/06/2019 5:59:25 PM","15/06/2019 5:59:25 PM","ROME","7/07/2019 8:14:32 AM","Microsoft-Windows-Dhcpv6-Client%4Admin.evtx","15/06/2019 5:59:25 AM","11","7/07/2019 8:14:32 PM","C:\Windows\System32\Winevt\Logs\Microsoft-Windows-Dhcpv6-Client%4Admin.evtx","   0.07","192.168.168.155","9aaea7b0-fb3b-4838-8991-a5ec3b71efd7","True"
"15/06/2019 5:59:25 AM","15/06/2019 5:59:25 PM","15/06/2019 5:59:25 PM","ROME","7/04/2021 8:02:52 AM","Microsoft-Windows-Diagnosis-DPS%4Operational.evtx","15/06/2019 5:59:25 AM","10","7/04/2021 8:02:52 PM","C:\Windows\System32\Winevt\Logs\Microsoft-Windows-Diagnosis-DPS%4Operational.evtx","   1.00","192.168.168.155","9aaea7b0-fb3b-4838-8991-a5ec3b71efd7","True"
"4/09/2019 8:56:06 AM","4/09/2019 8:56:06 PM","4/09/2019 8:56:06 PM","ROME","4/09/2019 10:06:01 AM","Microsoft-Windows-Diagnosis-PCW%4Operational.evtx","4/09/2019 8:56:06 AM","1","4/09/2019 10:06:01 PM","C:\Windows\System32\Winevt\Logs\Microsoft-Windows-Diagnosis-PCW%4Operational.evtx","   0.07","192.168.168.155","9aaea7b0-fb3b-4838-8991-a5ec3b71efd7","True"
"14/06/2019 11:23:06 AM","14/06/2019 11:23:06 PM","14/06/2019 11:23:06 PM","ROME","14/06/2019 11:43:15 AM","Microsoft-Windows-Diagnosis-PLA%4Operational.evtx","14/06/2019 11:23:06 AM","1","14/06/2019 11:43:15 PM","C:\Windows\System32\Winevt\Logs\Microsoft-Windows-Diagnosis-PLA%4Operational.evtx","   0.07","192.168.168.155","9aaea7b0-fb3b-4838-8991-a5ec3b71efd7","True"
"14/06/2019 11:23:13 AM","14/06/2019 11:23:13 PM","14/06/2019 11:23:13 PM","ROME","3/07/2019 2:25:21 PM","Microsoft-Windows-Diagnosis-Scheduled%4Operational.evtx","14/06/2019 11:23:13 AM","11","4/07/2019 2:25:21 AM","C:\Windows\System32\Winevt\Logs\Microsoft-Windows-Diagnosis-Scheduled%4Operational.evtx","   0.07","192.168.168.155","9aaea7b0-fb3b-4838-8991-a5ec3b71efd7","True"
"3/07/2019 1:38:44 PM","4/07/2019 1:38:44 AM","4/07/2019 1:38:44 AM","ROME","3/04/2021 3:10:32 AM","Microsoft-Windows-Diagnosis-Scripted%4Admin.evtx","3/07/2019 1:38:44 PM","11","3/04/2021 4:10:32 PM","C:\Windows\System32\Winevt\Logs\Microsoft-Windows-Diagnosis-Scripted%4Admin.evtx","   0.07","192.168.168.155","9aaea7b0-fb3b-4838-8991-a5ec3b71efd7","True"
"3/07/2019 1:38:44 PM","4/07/2019 1:38:44 AM","4/07/2019 1:38:44 AM","ROME","3/04/2021 3:10:32 AM","Microsoft-Windows-Diagnosis-Scripted%4Operational.evtx","3/07/2019 1:38:44 PM","11","3/04/2021 4:10:32 PM","C:\Windows\System32\Winevt\Logs\Microsoft-Windows-Diagnosis-Scripted%4Operational.evtx","   1.00","192.168.168.155","9aaea7b0-fb3b-4838-8991-a5ec3b71efd7","True"
"4/09/2019 8:56:06 AM","4/09/2019 8:56:06 PM","4/09/2019 8:56:06 PM","ROME","4/09/2019 10:06:01 AM","Microsoft-Windows-Diagnosis-ScriptedDiagnosticsProvider%4Operational.evtx","4/09/2019 8:56:06 AM","1","4/09/2019 10:06:01 PM","C:\Windows\System32\Winevt\Logs\Microsoft-Windows-Diagnosis-ScriptedDiagnosticsProvider%4Operational.evtx","   0.07","192.168.168.155","9aaea7b0-fb3b-4838-8991-a5ec3b71efd7","True"
"4/09/2019 8:56:06 AM","4/09/2019 8:56:06 PM","4/09/2019 8:56:06 PM","ROME","25/01/2020 11:21:18 PM","Microsoft-Windows-Diagnostics-Networking%4Operational.evtx","4/09/2019 8:56:06 AM","10","26/01/2020 12:21:18 PM","C:\Windows\System32\Winevt\Logs\Microsoft-Windows-Diagnostics-Networking%4Operational.evtx","   0.07","192.168.168.155","9aaea7b0-fb3b-4838-8991-a5ec3b71efd7","True"
"14/06/2019 11:04:53 AM","14/06/2019 11:04:53 PM","14/06/2019 11:04:53 PM","ROME","29/03/2021 9:18:25 AM","Microsoft-Windows-Diagnostics-Performance%4Operational.evtx","14/06/2019 11:04:53 AM","11","29/03/2021 10:18:25 PM","C:\Windows\System32\Winevt\Logs\Microsoft-Windows-Diagnostics-Performance%4Operational.evtx","   1.00","192.168.168.155","9aaea7b0-fb3b-4838-8991-a5ec3b71efd7","True"
"14/07/2019 1:01:06 PM","15/07/2019 1:01:06 AM","15/07/2019 1:01:06 AM","ROME","14/07/2019 2:00:56 PM","Microsoft-Windows-DirectoryServices-Deployment%4Operational.evtx","14/07/2019 1:01:06 PM","1","15/07/2019 2:00:56 AM","C:\Windows\System32\Winevt\Logs\Microsoft-Windows-DirectoryServices-Deployment%4Operational.evtx","   0.07","192.168.168.155","9aaea7b0-fb3b-4838-8991-a5ec3b71efd7","True"
"4/09/2019 8:56:06 AM","4/09/2019 8:56:06 PM","4/09/2019 8:56:06 PM","ROME","4/09/2019 10:06:01 AM","Microsoft-Windows-DiskDiagnostic%4Operational.evtx","4/09/2019 8:56:06 AM","1","4/09/2019 10:06:01 PM","C:\Windows\System32\Winevt\Logs\Microsoft-Windows-DiskDiagnostic%4Operational.evtx","   0.07","192.168.168.155","9aaea7b0-fb3b-4838-8991-a5ec3b71efd7","True"
"3/07/2019 1:39:09 PM","4/07/2019 1:39:09 AM","4/07/2019 1:39:09 AM","ROME","3/07/2019 2:25:21 PM","Microsoft-Windows-DiskDiagnosticDataCollector%4Operational.evtx","3/07/2019 1:39:09 PM","1","4/07/2019 2:25:21 AM","C:\Windows\System32\Winevt\Logs\Microsoft-Windows-DiskDiagnosticDataCollector%4Operational.evtx","   0.07","192.168.168.155","9aaea7b0-fb3b-4838-8991-a5ec3b71efd7","True"
"4/09/2019 8:56:06 AM","4/09/2019 8:56:06 PM","4/09/2019 8:56:06 PM","ROME","4/09/2019 10:06:01 AM","Microsoft-Windows-DiskDiagnosticResolver%4Operational.evtx","4/09/2019 8:56:06 AM","1","4/09/2019 10:06:01 PM","C:\Windows\System32\Winevt\Logs\Microsoft-Windows-DiskDiagnosticResolver%4Operational.evtx","   0.07","192.168.168.155","9aaea7b0-fb3b-4838-8991-a5ec3b71efd7","True"
"4/09/2019 8:56:06 AM","4/09/2019 8:56:06 PM","4/09/2019 8:56:06 PM","ROME","4/09/2019 10:06:01 AM","Microsoft-Windows-DSC%4Admin.evtx","4/09/2019 8:56:06 AM","1","4/09/2019 10:06:01 PM","C:\Windows\System32\Winevt\Logs\Microsoft-Windows-DSC%4Admin.evtx","   0.07","192.168.168.155","9aaea7b0-fb3b-4838-8991-a5ec3b71efd7","True"
"4/09/2019 8:56:06 AM","4/09/2019 8:56:06 PM","4/09/2019 8:56:06 PM","ROME","4/09/2019 10:06:01 AM","Microsoft-Windows-DSC%4Operational.evtx","4/09/2019 8:56:06 AM","1","4/09/2019 10:06:01 PM","C:\Windows\System32\Winevt\Logs\Microsoft-Windows-DSC%4Operational.evtx","   0.07","192.168.168.155","9aaea7b0-fb3b-4838-8991-a5ec3b71efd7","True"
"4/09/2019 8:56:07 AM","4/09/2019 8:56:07 PM","4/09/2019 8:56:07 PM","ROME","4/09/2019 10:06:01 AM","Microsoft-Windows-EapHost%4Operational.evtx","4/09/2019 8:56:07 AM","1","4/09/2019 10:06:01 PM","C:\Windows\System32\Winevt\Logs\Microsoft-Windows-EapHost%4Operational.evtx","   0.07","192.168.168.155","9aaea7b0-fb3b-4838-8991-a5ec3b71efd7","True"
"4/09/2019 8:56:07 AM","4/09/2019 8:56:07 PM","4/09/2019 8:56:07 PM","ROME","4/09/2019 10:06:01 AM","Microsoft-Windows-EapMethods-RasChap%4Operational.evtx","4/09/2019 8:56:07 AM","1","4/09/2019 10:06:01 PM","C:\Windows\System32\Winevt\Logs\Microsoft-Windows-EapMethods-RasChap%4Operational.evtx","   0.07","192.168.168.155","9aaea7b0-fb3b-4838-8991-a5ec3b71efd7","True"
"4/09/2019 8:56:07 AM","4/09/2019 8:56:07 PM","4/09/2019 8:56:07 PM","ROME","4/09/2019 10:06:01 AM","Microsoft-Windows-EapMethods-RasTls%4Operational.evtx","4/09/2019 8:56:07 AM","1","4/09/2019 10:06:01 PM","C:\Windows\System32\Winevt\Logs\Microsoft-Windows-EapMethods-RasTls%4Operational.evtx","   0.07","192.168.168.155","9aaea7b0-fb3b-4838-8991-a5ec3b71efd7","True"
"4/09/2019 8:56:07 AM","4/09/2019 8:56:07 PM","4/09/2019 8:56:07 PM","ROME","4/09/2019 10:06:01 AM","Microsoft-Windows-EapMethods-Sim%4Operational.evtx","4/09/2019 8:56:07 AM","1","4/09/2019 10:06:01 PM","C:\Windows\System32\Winevt\Logs\Microsoft-Windows-EapMethods-Sim%4Operational.evtx","   0.07","192.168.168.155","9aaea7b0-fb3b-4838-8991-a5ec3b71efd7","True"
"4/09/2019 8:56:07 AM","4/09/2019 8:56:07 PM","4/09/2019 8:56:07 PM","ROME","4/09/2019 10:06:01 AM","Microsoft-Windows-EapMethods-Ttls%4Operational.evtx","4/09/2019 8:56:07 AM","1","4/09/2019 10:06:01 PM","C:\Windows\System32\Winevt\Logs\Microsoft-Windows-EapMethods-Ttls%4Operational.evtx","   0.07","192.168.168.155","9aaea7b0-fb3b-4838-8991-a5ec3b71efd7","True"
"4/09/2019 8:56:07 AM","4/09/2019 8:56:07 PM","4/09/2019 8:56:07 PM","ROME","4/09/2019 10:06:01 AM","Microsoft-Windows-EDP-Audit-Regular%4Admin.evtx","4/09/2019 8:56:07 AM","1","4/09/2019 10:06:01 PM","C:\Windows\System32\Winevt\Logs\Microsoft-Windows-EDP-Audit-Regular%4Admin.evtx","   0.07","192.168.168.155","9aaea7b0-fb3b-4838-8991-a5ec3b71efd7","True"
"4/09/2019 8:56:07 AM","4/09/2019 8:56:07 PM","4/09/2019 8:56:07 PM","ROME","4/09/2019 10:06:01 AM","Microsoft-Windows-EDP-Audit-TCB%4Admin.evtx","4/09/2019 8:56:07 AM","1","4/09/2019 10:06:01 PM","C:\Windows\System32\Winevt\Logs\Microsoft-Windows-EDP-Audit-TCB%4Admin.evtx","   0.07","192.168.168.155","9aaea7b0-fb3b-4838-8991-a5ec3b71efd7","True"
"4/09/2019 8:56:07 AM","4/09/2019 8:56:07 PM","4/09/2019 8:56:07 PM","ROME","4/09/2019 10:06:01 AM","Microsoft-Windows-EmbeddedAppLauncher%4Admin.evtx","4/09/2019 8:56:07 AM","1","4/09/2019 10:06:01 PM","C:\Windows\System32\Winevt\Logs\Microsoft-Windows-EmbeddedAppLauncher%4Admin.evtx","   0.07","192.168.168.155","9aaea7b0-fb3b-4838-8991-a5ec3b71efd7","True"
"14/07/2019 1:01:05 PM","15/07/2019 1:01:05 AM","15/07/2019 1:01:05 AM","ROME","14/07/2019 2:00:56 PM","Microsoft-Windows-EnrollmentPolicyWebService%4Admin.evtx","14/07/2019 1:01:05 PM","1","15/07/2019 2:00:56 AM","C:\Windows\System32\Winevt\Logs\Microsoft-Windows-EnrollmentPolicyWebService%4Admin.evtx","   0.07","192.168.168.155","9aaea7b0-fb3b-4838-8991-a5ec3b71efd7","True"
"14/07/2019 1:01:05 PM","15/07/2019 1:01:05 AM","15/07/2019 1:01:05 AM","ROME","14/07/2019 2:00:56 PM","Microsoft-Windows-EnrollmentWebService%4Admin.evtx","14/07/2019 1:01:05 PM","1","15/07/2019 2:00:56 AM","C:\Windows\System32\Winevt\Logs\Microsoft-Windows-EnrollmentWebService%4Admin.evtx","   0.07","192.168.168.155","9aaea7b0-fb3b-4838-8991-a5ec3b71efd7","True"
"4/09/2019 8:56:07 AM","4/09/2019 8:56:07 PM","4/09/2019 8:56:07 PM","ROME","4/09/2019 10:06:01 AM","Microsoft-Windows-EventCollector%4Operational.evtx","4/09/2019 8:56:07 AM","1","4/09/2019 10:06:01 PM","C:\Windows\System32\Winevt\Logs\Microsoft-Windows-EventCollector%4Operational.evtx","   0.07","192.168.168.155","9aaea7b0-fb3b-4838-8991-a5ec3b71efd7","True"
"14/07/2019 1:01:06 PM","15/07/2019 1:01:06 AM","15/07/2019 1:01:06 AM","ROME","14/07/2019 2:00:56 PM","Microsoft-Windows-FailoverClustering-Manager%4Admin.evtx","14/07/2019 1:01:06 PM","1","15/07/2019 2:00:56 AM","C:\Windows\System32\Winevt\Logs\Microsoft-Windows-FailoverClustering-Manager%4Admin.evtx","   0.07","192.168.168.155","9aaea7b0-fb3b-4838-8991-a5ec3b71efd7","True"
"7/07/2019 8:43:06 AM","7/07/2019 8:43:06 PM","7/07/2019 8:43:06 PM","ROME","7/04/2021 8:03:07 AM","Microsoft-Windows-Fault-Tolerant-Heap%4Operational.evtx","7/07/2019 8:43:06 AM","11","7/04/2021 8:03:07 PM","C:\Windows\System32\Winevt\Logs\Microsoft-Windows-Fault-Tolerant-Heap%4Operational.evtx","   0.07","192.168.168.155","9aaea7b0-fb3b-4838-8991-a5ec3b71efd7","True"
"14/07/2019 1:01:06 PM","15/07/2019 1:01:06 AM","15/07/2019 1:01:06 AM","ROME","14/07/2019 2:00:56 PM","Microsoft-Windows-FederationServices-Deployment%4Operational.evtx","14/07/2019 1:01:06 PM","1","15/07/2019 2:00:56 AM","C:\Windows\System32\Winevt\Logs\Microsoft-Windows-FederationServices-Deployment%4Operational.evtx","   0.07","192.168.168.155","9aaea7b0-fb3b-4838-8991-a5ec3b71efd7","True"
"14/06/2019 11:23:13 AM","14/06/2019 11:23:13 PM","14/06/2019 11:23:13 PM","ROME","14/06/2019 11:43:15 AM","Microsoft-Windows-FileHistory-Core%4WHC.evtx","14/06/2019 11:23:13 AM","1","14/06/2019 11:43:15 PM","C:\Windows\System32\Winevt\Logs\Microsoft-Windows-FileHistory-Core%4WHC.evtx","   0.07","192.168.168.155","9aaea7b0-fb3b-4838-8991-a5ec3b71efd7","True"
"29/09/2019 2:27:45 AM","29/09/2019 3:27:45 PM","29/09/2019 3:27:45 PM","ROME","29/09/2019 8:24:23 AM","Microsoft-Windows-FileHistory-Engine%4BackupLog.evtx","29/09/2019 2:27:45 AM","1","29/09/2019 9:24:23 PM","C:\Windows\System32\Winevt\Logs\Microsoft-Windows-FileHistory-Engine%4BackupLog.evtx","   0.07","192.168.168.155","9aaea7b0-fb3b-4838-8991-a5ec3b71efd7","True"
"14/07/2019 1:01:04 PM","15/07/2019 1:01:04 AM","15/07/2019 1:01:04 AM","ROME","14/07/2019 2:00:56 PM","Microsoft-Windows-FileServices-ServerManager-EventProvider%4Admin.evtx","14/07/2019 1:01:04 PM","1","15/07/2019 2:00:56 AM","C:\Windows\System32\Winevt\Logs\Microsoft-Windows-FileServices-ServerManager-EventProvider%4Admin.evtx","   0.07","192.168.168.155","9aaea7b0-fb3b-4838-8991-a5ec3b71efd7","True"
"14/07/2019 1:01:04 PM","15/07/2019 1:01:04 AM","15/07/2019 1:01:04 AM","ROME","14/07/2019 2:00:56 PM","Microsoft-Windows-FileServices-ServerManager-EventProvider%4Operational.evtx","14/07/2019 1:01:04 PM","1","15/07/2019 2:00:56 AM","C:\Windows\System32\Winevt\Logs\Microsoft-Windows-FileServices-ServerManager-EventProvider%4Operational.evtx","   0.07","192.168.168.155","9aaea7b0-fb3b-4838-8991-a5ec3b71efd7","True"
"4/09/2019 8:56:07 AM","4/09/2019 8:56:07 PM","4/09/2019 8:56:07 PM","ROME","4/09/2019 10:06:01 AM","Microsoft-Windows-FMS%4Operational.evtx","4/09/2019 8:56:07 AM","1","4/09/2019 10:06:01 PM","C:\Windows\System32\Winevt\Logs\Microsoft-Windows-FMS%4Operational.evtx","   0.07","192.168.168.155","9aaea7b0-fb3b-4838-8991-a5ec3b71efd7","True"
"4/09/2019 8:56:07 AM","4/09/2019 8:56:07 PM","4/09/2019 8:56:07 PM","ROME","4/09/2019 10:06:01 AM","Microsoft-Windows-Folder Redirection%4Operational.evtx","4/09/2019 8:56:07 AM","1","4/09/2019 10:06:01 PM","C:\Windows\System32\Winevt\Logs\Microsoft-Windows-Folder Redirection%4Operational.evtx","   0.07","192.168.168.155","9aaea7b0-fb3b-4838-8991-a5ec3b71efd7","True"
"4/09/2019 8:56:07 AM","4/09/2019 8:56:07 PM","4/09/2019 8:56:07 PM","ROME","31/10/2020 3:29:47 AM","Microsoft-Windows-Forwarding%4Operational.evtx","4/09/2019 8:56:07 AM","9","31/10/2020 4:29:47 PM","C:\Windows\System32\Winevt\Logs\Microsoft-Windows-Forwarding%4Operational.evtx","   0.07","192.168.168.155","9aaea7b0-fb3b-4838-8991-a5ec3b71efd7","True"
"4/09/2019 8:56:07 AM","4/09/2019 8:56:07 PM","4/09/2019 8:56:07 PM","ROME","4/09/2019 10:06:01 AM","Microsoft-Windows-GenericRoaming%4Admin.evtx","4/09/2019 8:56:07 AM","1","4/09/2019 10:06:01 PM","C:\Windows\System32\Winevt\Logs\Microsoft-Windows-GenericRoaming%4Admin.evtx","   0.07","192.168.168.155","9aaea7b0-fb3b-4838-8991-a5ec3b71efd7","True"
"15/06/2019 5:59:25 AM","15/06/2019 5:59:25 PM","15/06/2019 5:59:25 PM","ROME","7/04/2021 8:02:49 AM","Microsoft-Windows-GroupPolicy%4Operational.evtx","15/06/2019 5:59:25 AM","9","7/04/2021 8:02:49 PM","C:\Windows\System32\Winevt\Logs\Microsoft-Windows-GroupPolicy%4Operational.evtx","   4.00","192.168.168.155","9aaea7b0-fb3b-4838-8991-a5ec3b71efd7","True"
"4/09/2019 8:56:07 AM","4/09/2019 8:56:07 PM","4/09/2019 8:56:07 PM","ROME","4/09/2019 10:06:01 AM","Microsoft-Windows-Help%4Operational.evtx","4/09/2019 8:56:07 AM","1","4/09/2019 10:06:01 PM","C:\Windows\System32\Winevt\Logs\Microsoft-Windows-Help%4Operational.evtx","   0.07","192.168.168.155","9aaea7b0-fb3b-4838-8991-a5ec3b71efd7","True"
"14/06/2019 11:22:27 AM","14/06/2019 11:22:27 PM","14/06/2019 11:22:27 PM","ROME","18/02/2020 10:33:17 AM","Microsoft-Windows-HomeGroup Control Panel%4Operational.evtx","14/06/2019 11:22:27 AM","11","18/02/2020 11:33:17 PM","C:\Windows\System32\Winevt\Logs\Microsoft-Windows-HomeGroup Control Panel%4Operational.evtx","   0.07","192.168.168.155","9aaea7b0-fb3b-4838-8991-a5ec3b71efd7","True"
"29/09/2019 2:27:45 AM","29/09/2019 3:27:45 PM","29/09/2019 3:27:45 PM","ROME","29/09/2019 8:24:23 AM","Microsoft-Windows-HomeGroup Listener Service%4Operational.evtx","29/09/2019 2:27:45 AM","1","29/09/2019 9:24:23 PM","C:\Windows\System32\Winevt\Logs\Microsoft-Windows-HomeGroup Listener Service%4Operational.evtx","   0.07","192.168.168.155","9aaea7b0-fb3b-4838-8991-a5ec3b71efd7","True"
"14/06/2019 11:22:17 AM","14/06/2019 11:22:17 PM","14/06/2019 11:22:17 PM","ROME","23/03/2021 8:53:15 AM","Microsoft-Windows-HomeGroup Provider Service%4Operational.evtx","14/06/2019 11:22:17 AM","11","23/03/2021 9:53:15 PM","C:\Windows\System32\Winevt\Logs\Microsoft-Windows-HomeGroup Provider Service%4Operational.evtx","   1.00","192.168.168.155","9aaea7b0-fb3b-4838-8991-a5ec3b71efd7","True"
"14/07/2019 1:01:05 PM","15/07/2019 1:01:05 AM","15/07/2019 1:01:05 AM","ROME","14/07/2019 2:00:56 PM","Microsoft-Windows-HostGuardianService-Client%4Admin.evtx","14/07/2019 1:01:05 PM","1","15/07/2019 2:00:56 AM","C:\Windows\System32\Winevt\Logs\Microsoft-Windows-HostGuardianService-Client%4Admin.evtx","   0.07","192.168.168.155","9aaea7b0-fb3b-4838-8991-a5ec3b71efd7","True"
"14/07/2019 1:01:05 PM","15/07/2019 1:01:05 AM","15/07/2019 1:01:05 AM","ROME","14/07/2019 2:00:56 PM","Microsoft-Windows-HostGuardianService-Client%4Operational.evtx","14/07/2019 1:01:05 PM","1","15/07/2019 2:00:56 AM","C:\Windows\System32\Winevt\Logs\Microsoft-Windows-HostGuardianService-Client%4Operational.evtx","   0.07","192.168.168.155","9aaea7b0-fb3b-4838-8991-a5ec3b71efd7","True"
"15/06/2019 5:59:25 AM","15/06/2019 5:59:25 PM","15/06/2019 5:59:25 PM","ROME","15/06/2019 6:01:18 AM","Microsoft-Windows-HotspotAuth%4Operational.evtx","15/06/2019 5:59:25 AM","1","15/06/2019 6:01:18 PM","C:\Windows\System32\Winevt\Logs\Microsoft-Windows-HotspotAuth%4Operational.evtx","   0.07","192.168.168.155","9aaea7b0-fb3b-4838-8991-a5ec3b71efd7","True"
"4/09/2019 8:56:07 AM","4/09/2019 8:56:07 PM","4/09/2019 8:56:07 PM","ROME","4/09/2019 10:06:01 AM","Microsoft-Windows-Hyper-V-Guest-Drivers%4Admin.evtx","4/09/2019 8:56:07 AM","1","4/09/2019 10:06:01 PM","C:\Windows\System32\Winevt\Logs\Microsoft-Windows-Hyper-V-Guest-Drivers%4Admin.evtx","   0.07","192.168.168.155","9aaea7b0-fb3b-4838-8991-a5ec3b71efd7","True"
"4/09/2019 8:56:07 AM","4/09/2019 8:56:07 PM","4/09/2019 8:56:07 PM","ROME","4/09/2019 10:06:01 AM","Microsoft-Windows-IdCtrls%4Operational.evtx","4/09/2019 8:56:07 AM","1","4/09/2019 10:06:01 PM","C:\Windows\System32\Winevt\Logs\Microsoft-Windows-IdCtrls%4Operational.evtx","   0.07","192.168.168.155","9aaea7b0-fb3b-4838-8991-a5ec3b71efd7","True"
"14/06/2019 12:40:36 PM","15/06/2019 12:40:36 AM","15/06/2019 12:40:36 AM","ROME","14/06/2019 12:56:00 PM","Microsoft-Windows-IKE%4Operational.evtx","14/06/2019 12:40:36 PM","1","15/06/2019 12:56:00 AM","C:\Windows\System32\Winevt\Logs\Microsoft-Windows-IKE%4Operational.evtx","   0.07","192.168.168.155","9aaea7b0-fb3b-4838-8991-a5ec3b71efd7","True"
"15/06/2019 6:00:26 AM","15/06/2019 6:00:26 PM","15/06/2019 6:00:26 PM","ROME","16/07/2019 2:29:25 AM","Microsoft-Windows-International%4Operational.evtx","15/06/2019 6:00:26 AM","11","16/07/2019 2:29:25 PM","C:\Windows\System32\Winevt\Logs\Microsoft-Windows-International%4Operational.evtx","   0.07","192.168.168.155","9aaea7b0-fb3b-4838-8991-a5ec3b71efd7","True"
"4/09/2019 8:56:07 AM","4/09/2019 8:56:07 PM","4/09/2019 8:56:07 PM","ROME","4/09/2019 10:06:01 AM","Microsoft-Windows-International-RegionalOptionsControlPanel%4Operational.evtx","4/09/2019 8:56:07 AM","1","4/09/2019 10:06:01 PM","C:\Windows\System32\Winevt\Logs\Microsoft-Windows-International-RegionalOptionsControlPanel%4Operational.evtx","   0.07","192.168.168.155","9aaea7b0-fb3b-4838-8991-a5ec3b71efd7","True"
"14/07/2019 1:01:05 PM","15/07/2019 1:01:05 AM","15/07/2019 1:01:05 AM","ROME","14/07/2019 2:00:56 PM","Microsoft-Windows-IPAM%4Admin.evtx","14/07/2019 1:01:05 PM","1","15/07/2019 2:00:56 AM","C:\Windows\System32\Winevt\Logs\Microsoft-Windows-IPAM%4Admin.evtx","   0.07","192.168.168.155","9aaea7b0-fb3b-4838-8991-a5ec3b71efd7","True"
"14/07/2019 1:01:05 PM","15/07/2019 1:01:05 AM","15/07/2019 1:01:05 AM","ROME","14/07/2019 2:00:56 PM","Microsoft-Windows-IPAM%4ConfigurationChange.evtx","14/07/2019 1:01:05 PM","1","15/07/2019 2:00:56 AM","C:\Windows\System32\Winevt\Logs\Microsoft-Windows-IPAM%4ConfigurationChange.evtx","   0.07","192.168.168.155","9aaea7b0-fb3b-4838-8991-a5ec3b71efd7","True"
"4/09/2019 8:56:07 AM","4/09/2019 8:56:07 PM","4/09/2019 8:56:07 PM","ROME","4/09/2019 10:06:01 AM","Microsoft-Windows-Iphlpsvc%4Operational.evtx","4/09/2019 8:56:07 AM","1","4/09/2019 10:06:01 PM","C:\Windows\System32\Winevt\Logs\Microsoft-Windows-Iphlpsvc%4Operational.evtx","   0.07","192.168.168.155","9aaea7b0-fb3b-4838-8991-a5ec3b71efd7","True"
"4/09/2019 8:56:07 AM","4/09/2019 8:56:07 PM","4/09/2019 8:56:07 PM","ROME","4/09/2019 10:06:01 AM","Microsoft-Windows-KdsSvc%4Operational.evtx","4/09/2019 8:56:07 AM","1","4/09/2019 10:06:01 PM","C:\Windows\System32\Winevt\Logs\Microsoft-Windows-KdsSvc%4Operational.evtx","   0.07","192.168.168.155","9aaea7b0-fb3b-4838-8991-a5ec3b71efd7","True"
"16/07/2019 2:29:26 AM","16/07/2019 2:29:26 PM","16/07/2019 2:29:26 PM","ROME","16/07/2019 3:07:46 AM","Microsoft-Windows-Kernel-ApphelpCache%4Operational.evtx","16/07/2019 2:29:26 AM","1","16/07/2019 3:07:46 PM","C:\Windows\System32\Winevt\Logs\Microsoft-Windows-Kernel-ApphelpCache%4Operational.evtx","   0.07","192.168.168.155","9aaea7b0-fb3b-4838-8991-a5ec3b71efd7","True"
"15/06/2019 5:59:24 AM","15/06/2019 5:59:24 PM","15/06/2019 5:59:24 PM","ROME","15/06/2019 6:01:18 AM","Microsoft-Windows-Kernel-Boot%4Operational.evtx","15/06/2019 5:59:24 AM","1","15/06/2019 6:01:18 PM","C:\Windows\System32\Winevt\Logs\Microsoft-Windows-Kernel-Boot%4Operational.evtx","   0.07","192.168.168.155","9aaea7b0-fb3b-4838-8991-a5ec3b71efd7","True"
"16/06/2019 7:36:32 AM","16/06/2019 7:36:32 PM","16/06/2019 7:36:32 PM","ROME","7/04/2021 9:33:38 AM","Microsoft-Windows-Kernel-EventTracing%4Admin.evtx","16/06/2019 7:36:32 AM","11","7/04/2021 9:33:38 PM","C:\Windows\System32\Winevt\Logs\Microsoft-Windows-Kernel-EventTracing%4Admin.evtx","   1.00","192.168.168.155","9aaea7b0-fb3b-4838-8991-a5ec3b71efd7","True"
